sp|B3EY95|SCACT_ACEAC	1731457	9.84e-132	42.226
tr|A0A2H1JUU9|A0A2H1JUU9_9MICO	1731457	2.46e-127	40.971
tr|A0A2H1HYZ8|A0A2H1HYZ8_9MICO	1731457	1.85e-132	42.524
tr|A0A0F6TBF5|A0A0F6TBF5_9CORY	1731457	4.59e-129	41.517
tr|A0A0U5F138|A0A0U5F138_9PROT	1731457	2.88e-141	44.316
tr|A0A0G3HEM7|A0A0G3HEM7_9CORY	1731457	1.27e-127	41.586
tr|A0A0G3GYG6|A0A0G3GYG6_9CORY	1731457	2.93e-130	42.715
tr|A0A0G3H0D5|A0A0G3H0D5_9CORY	1731457	4.33e-131	41.811
tr|A0A0G3H8D2|A0A0G3H8D2_9CORY	1731457	7.66e-121	39.575
tr|A0A0F6R139|A0A0F6R139_9CORY	1731457	3.92e-132	42.715
tr|A0A0B6EY35|A0A0B6EY35_9CORY	1731457	3.16e-124	39.961
tr|A0A0U5FY27|A0A0U5FY27_9PROT	1731457	3.27e-132	42.389
tr|A0A1Y0Y6A0|A0A1Y0Y6A0_ACEPA	1731457	7.67e-132	42.035
tr|A0A1Y0UZL5|A0A1Y0UZL5_9PROT	1731457	2.81e-132	42.035
tr|A0A1P8V192|A0A1P8V192_9RHOB	1316948	4.53e-133	43.470
tr|A0A1U7D6B7|A0A1U7D6B7_9RHOB	1316948	7.06e-139	43.495
tr|A0A1A0DE50|A0A1A0DE50_ACEPA	1731457	2.19e-131	41.843
tr|A0A1A0CTK5|A0A1A0CTK5_ACEPA	1316948	1.26e-136	41.892
tr|A0A0P0RF26|A0A0P0RF26_9BURK	1731457	7.61e-130	43.714
tr|A0A1A7BX94|A0A1A7BX94_9BURK	1731457	1.02e-139	43.883
tr|A0A0N0VJI6|A0A0N0VJI6_9PSED	1316948	7.46e-145	45.753
tr|A0A1U9MJL5|A0A1U9MJL5_9RHIZ	1731457	1.58e-135	44.660
tr|A0A4V6IMW3|A0A4V6IMW3_METTU	1731457	2.35e-133	40.892
tr|A0A1P8UWK6|A0A1P8UWK6_9RHOB	1316948	3.62e-143	44.402
tr|A0A2N9JA62|A0A2N9JA62_9ACTN	1731457	4.91e-132	42.363
tr|A0A1Y0YA71|A0A1Y0YA71_ACEPA	1316948	1.26e-136	41.892
tr|A0A344UWW7|A0A344UWW7_9ACTN	1731457	9.13e-143	43.931
tr|A0A1R0FA75|A0A1R0FA75_9RHIZ	1731457	4.46e-139	45.631
tr|A0A1U9MCJ7|A0A1U9MCJ7_9RHIZ	1731457	8.66e-136	45.243
tr|A0A0X2NQG1|A0A0X2NQG1_9CORY	1731457	2.28e-130	42.471
tr|A0A0X2NQS5|A0A0X2NQS5_9CORY	1731457	6.78e-129	41.586
tr|A0A2H1JVM9|A0A2H1JVM9_9MICO	1731457	1.36e-144	43.495
tr|A0A2H1INC8|A0A2H1INC8_9MICO	1731457	1.07e-125	40.777
tr|A0A2H1KJ62|A0A2H1KJ62_9MICO	1731457	3.05e-130	42.085
tr|A0A1Y0V824|A0A1Y0V824_9PROT	1731457	1.43e-133	41.313
tr|A0A2Z3YRI0|A0A2Z3YRI0_9CORY	1731457	1.43e-129	41.829
tr|A0A2H1JQ36|A0A2H1JQ36_9MICO	1731457	3.05e-130	42.085
tr|A0A1Y0NCE3|A0A1Y0NCE3_9BURK	1731457	6.18e-131	40.971
tr|A0A2N7QVE1|A0A2N7QVE1_9GAMM	1316948	6.00e-133	42.566
tr|A0A2A3YYU5|A0A2A3YYU5_9MICO	1731457	4.39e-133	42.524
tr|A0A2H1I8W7|A0A2H1I8W7_9MICO	1731457	6.83e-134	42.718
tr|A0A2H1I3S6|A0A2H1I3S6_9MICO	1731457	2.84e-134	42.718
tr|A0A2H1JJP0|A0A2H1JJP0_BRELN	1731457	1.88e-129	41.748
tr|A0A2Z3YUM1|A0A2Z3YUM1_9CORY	1731457	1.26e-127	41.699
tr|A0A2H1IXJ6|A0A2H1IXJ6_BRELN	1731457	4.41e-129	41.553
tr|A0A2H1L3Z9|A0A2H1L3Z9_9MICO	1731457	1.14e-142	42.913
tr|A0A1A0DJA2|A0A1A0DJA2_ACEPA	1316948	1.01e-15	35.385
tr|A0A2H5ZE63|A0A2H5ZE63_9BACT	1731457	5.48e-07	19.829
tr|A0A231HA21|A0A231HA21_9NOCA	1731457	6.53e-10	24.324
tr|A0A0P7VUV3|A0A0P7VUV3_9RHOB	1316948	2.19e-07	24.335
tr|A0A1A0C501|A0A1A0C501_ACEPA	1731457	3.16e-88	47.183
tr|A0A2H5YJ67|A0A2H5YJ67_9BACT	1316948	3.25e-07	32.787
tr|A0A5B8RA53|A0A5B8RA53_9ZZZZ	1316948	6.72e-140	41.233
tr|A0A2H5ZJB1|A0A2H5ZJB1_9BACT	1731457	2.57e-08	23.625
tr|A0A2H5ZAZ7|A0A2H5ZAZ7_9BACT	1316948	1.23e-07	29.661
