sp|C1D0H9|NUOI_DEIDV	1341048	0.001	28.750
sp|Q7VFT0|NUOI_HELHP	1341048	2.85e-04	31.818
sp|B6JNA8|NUOI_HELP2	1341048	0.004	31.667
sp|B5Z8R3|NUOI_HELPG	1341048	0.005	31.667
sp|A9WEE0|NUOA_CHLAA	1065190	0.054	29.310
sp|Q0BSL0|NUOI_GRABC	1341048	0.002	38.710
sp|A1WXV9|NUOI_HALHL	623223	0.002	21.905
sp|Q1LT96|NUOI_BAUCH	623223	0.004	26.374
sp|Q1LPV5|NUOI_CUPMC	1341048	4.87e-04	37.097
sp|Q8EI34|NUOG_SHEON	1341048	1.01e-17	26.087
sp|Q92YN8|NUOI2_RHIME	623223	0.004	25.316
sp|Q73V07|NUOI2_MYCPA	623223	8.75e-08	35.000
sp|A1TLM4|NUOI_ACIAC	1341048	0.003	37.097
sp|A3M2Q5|NUOI_ACIBT	623223	0.004	25.510
sp|Q62IP3|NUOI_BURMA	1341048	0.006	37.097
sp|A1V2M4|NUOI_BURMS	1341048	0.006	37.097
sp|A9AFZ5|NUOI_BURM1	1341048	0.006	37.097
sp|P0AFD1|NUOE_ECOLI	993995	1.12e-28	32.948
sp|Q1GZL7|NUOI_METFK	1341048	0.038	35.484
sp|P57255|NUOE_BUCAI	1083241	1.07e-29	39.490
sp|A0PR46|NUOI_MYCUA	623223	4.14e-06	31.250
sp|Q68X20|NUOE_RICTY	993995	4.49e-57	54.487
sp|Q01ZR8|NUOI1_SOLUE	626241	0.005	31.081
sp|Q8A0F6|NUOCD_BACTN	1032583	0.006	29.630
sp|Q2K3T7|NUOI2_RHIEC	623223	0.003	26.667
sp|A5EK90|NUOI_BRASB	1341048	0.003	35.484
sp|Q7WCU7|NUOI_BORBR	1341048	0.019	35.484
sp|Q89KJ6|NUOI_BRADU	1341048	0.003	35.484
sp|Q47HG8|NUOI_DECAR	1341048	0.011	35.484
sp|Q5P1E2|NUOI_AROAE	1341048	0.020	32.258
sp|P0A1Y8|NUOE_SALTY	993995	1.31e-27	32.948
sp|Q630U8|NUOA_BACCZ	1032370	0.054	32.692
sp|Q2J0E6|NUOI1_RHOP2	626241	0.012	24.390
sp|A6V4E1|NUOI_PSEA7	623223	0.002	27.473
sp|Q6N5N2|NUOI1_RHOPA	1341048	0.004	35.484
sp|B1JVN3|NUOI_BURCC	1341048	0.006	37.097
sp|A9N8W4|NUOI_COXBR	623223	0.009	19.048
sp|B2IHV8|NUOI_BEII9	1341048	0.005	35.484
sp|Q7W5B5|NUOI_BORPA	1341048	0.019	35.484
sp|A5VPZ1|NUOI_BRUO2	1341048	0.006	35.484
sp|Q31HF2|NUOI_HYDCU	1341048	0.037	32.258
sp|A4TDB3|NUOI_MYCGI	623223	2.44e-06	32.500
sp|O07948|NUOF_RHOCA	923302	0.0	64.269
sp|Q2A1F8|NUOI_FRATH	1341048	0.033	32.812
sp|Q17Z60|NUOI_HELAH	1341048	0.005	28.049
sp|Q92QP4|NUOI1_RHIME	1341048	0.023	35.484
sp|Q4FU57|NUOI_PSYA2	623223	0.004	26.531
sp|Q8XXQ9|NUOI_RALSO	1341048	0.005	37.097
sp|Q98KR4|NUOI_RHILO	1341048	0.018	35.484
sp|Q9RU95|NUOI_DEIRA	1341048	0.005	30.556
sp|Q744Z4|NUOI1_MYCPA	623223	1.43e-05	31.250
sp|B7KQ58|NUOI_METC4	1341048	0.004	37.097
sp|Q215H2|NUOI1_RHOPB	1341048	0.003	35.484
sp|O67386|NUOI2_AQUAE	623223	0.015	28.037
sp|Q3J836|NUOI2_NITOC	623223	0.017	25.000
sp|Q1QD90|NUOI_PSYCK	623223	0.004	26.531
sp|Q1MIK6|NUOI_RHIL3	1341048	0.005	35.484
sp|Q92G94|NUOI_RICCN	1341048	0.011	38.095
sp|Q4UK24|NUOI_RICFE	1341048	0.015	37.097
sp|Q163R7|NUOI_ROSDO	1341048	0.001	38.710
sp|B5ZYM2|NUOI_RHILW	1341048	0.005	35.484
sp|Q8XFD5|NUOI_SALTI	623223	0.009	26.374
sp|B1JVN1|NUOK_BURCC	1049888	0.026	29.508
sp|Q2K9S4|NUOI1_RHIEC	1341048	0.005	35.484
sp|Q1IS57|NUOI1_KORVE	623223	3.07e-04	33.750
sp|Q1IS57|NUOI1_KORVE	623223	0.070	39.286
sp|Q6FE64|NUOI_ACIAD	623223	0.001	26.531
sp|A9MAI7|NUOI_BRUC2	1341048	0.006	35.484
sp|Q142G5|NUOI_PARXL	1341048	0.007	37.097
sp|Q6D2S4|NUOI_PECAS	623223	0.042	24.176
sp|C4K3W3|NUON_HAMD5	1320940	0.077	43.902
sp|A8GYE0|NUOF_RICB8	1047445	0.0	64.029
sp|Q3A820|NUOI_PELCD	623223	0.005	27.381
sp|Q9F2V8|NUOI2_STRCO	626241	0.047	26.168
sp|B4E5L4|NUOI_BURCJ	1341048	0.006	37.097
sp|A3MIA9|NUOI_BURM7	1341048	0.006	37.097
sp|Q3JUA1|NUOI_BURP1	1341048	0.006	37.097
sp|A7NL04|NUOA_ROSCS	1065190	0.024	31.148
sp|Q4UKA6|NUOF_RICFE	1047445	0.0	63.033
sp|Q8ZDL2|NUOG_YERPE	1341048	4.02e-20	26.190
sp|A9IUN3|NUOI_BART1	1341048	0.006	35.484
sp|Q492I3|NUOI_BLOPB	626241	0.001	28.261
sp|Q814W6|NUOA_BACCR	1032370	0.055	32.692
sp|Q8K9Y3|NUOF_BUCAP	1047445	3.64e-104	39.953
sp|Q87ZQ2|NUOI_PSESM	623223	0.002	27.473
sp|B1J6M8|NUOH_PSEPW	1341099	0.060	34.848
sp|Q6N1Z5|NUOI2_RHOPA	626241	0.046	24.390
sp|Q72XF3|NUOA_BACC1	1332398	0.023	25.714
sp|Q83BR3|NUOI_COXBU	623223	0.009	19.048
sp|B0SZ50|NUOC_CAUSK	1026079	0.057	24.590
sp|Q9A6X2|NUOC_CAUVC	1684958	0.062	26.374
sp|P56910|NUOE2_RHIME	1083241	9.60e-44	46.809
sp|A0QU28|NUOI_MYCS2	623223	9.00e-06	31.250
sp|A6X1M5|NUOI_OCHA4	1341048	0.005	35.484
sp|Q87ZQ4|NUOG_PSESM	1341048	4.42e-19	28.000
sp|B0VU49|NUOI_ACIBS	623223	0.004	25.510
sp|Q0KCS2|NUOI_CUPNH	1341048	0.003	38.710
sp|A5UXK0|NUOA_ROSS1	1065190	0.048	30.000
sp|P33602|NUOG_ECOLI	1341048	2.81e-22	27.419
sp|Q92G92|NUOG_RICCN	1341048	2.59e-31	31.081
sp|A1BF32|NUOA_CHLPD	1694602	0.026	33.929
sp|Q0BK59|NUOI_FRATO	1341048	0.033	32.812
sp|A4IW00|NUOI_FRATW	1341048	0.033	32.812
sp|Q2KUZ8|NUOI_BORA1	1341048	0.014	35.484
sp|P9WIV6|NUOF_MYCTO	1047445	2.12e-130	47.015
sp|Q9XAR0|NUOG_STRCO	626241	1.90e-24	29.646
sp|P0A1Y4|NUOG_SALTY	1341048	3.84e-22	27.419
sp|Q0APY2|NUOI_MARMM	1341048	4.83e-04	38.710
sp|Q746T4|NUOI2_GEOSL	626241	0.045	30.000
sp|B9JVF4|NUOI_AGRVS	1341048	0.005	35.484
sp|Q7VRV9|NUOI_BLOFL	623223	0.002	28.125
sp|P57256|NUOF_BUCAI	1047445	7.42e-102	40.515
sp|Q74GA0|NUOI1_GEOSL	623223	1.44e-04	28.571
sp|Q67KP1|NUOI2_SYMTH	623223	0.024	27.778
sp|A1KRT1|NUOI_NEIMF	623223	0.039	27.778
sp|A8LC93|NUOI_FRASN	623223	1.86e-04	28.750
sp|Q3J3F0|NUOI1_RHOS4	1341048	8.46e-04	38.710
sp|Q9XAR2|NUOI1_STRCO	623223	1.41e-04	26.882
sp|Q3J1Q2|NUOI2_RHOS4	626241	7.02e-04	28.767
sp|Q11XR8|NUOB1_CYTH3	323012	0.099	21.429
sp|A5IHV5|NUOI_LEGPC	623223	0.003	20.952
sp|Q82TV1|NUOI_NITEU	1341048	0.076	35.484
sp|A1SE35|NUOI_NOCSJ	623223	3.50e-04	29.114
sp|Q4UK22|NUOG_RICFE	1341048	2.47e-32	31.532
sp|Q9ZCF6|NUOG_RICPR	1341048	1.50e-32	31.532
sp|Q5NIM7|NUOI_FRATT	1341048	0.033	32.812
sp|B2UV32|NUOI_HELPS	1341048	0.005	28.205
sp|Q5YWD4|NUOHI_NOCFA	623223	3.33e-05	32.500
sp|A7GV47|NUOH_BACCN	1417506	0.082	50.000
sp|Q4UWB0|NUOI_XANC8	623223	0.021	23.810
sp|Q127Y0|NUOI_POLSJ	1341048	0.002	33.871
sp|A8Z6E7|NUOK_CAMC1	617049	0.015	30.667
sp|Q8P7U0|NUOI_XANCP	623223	0.021	23.810
sp|A8GQT6|NUOF_RICRS	1047445	0.0	62.085
sp|Q1QL93|NUOI_NITHX	1341048	0.004	35.484
sp|Q47LF2|NUOI_THEFY	623223	1.67e-05	32.500
sp|Q8PJ48|NUOI_XANAC	623223	0.020	23.810
sp|A5CXG5|NUOI_VESOH	1341048	0.082	35.484
sp|Q669A7|NUOI_YERPS	623223	0.005	26.374
sp|Q5PN58|NUOI_SALPA	623223	0.009	26.374
sp|Q2RU32|NUOI_RHORT	1341048	0.001	38.710
sp|A8FNN0|NUOH_CAMJ8	1687259	0.039	28.125
sp|A4FPT3|NUOI_SACEN	623223	1.11e-05	28.302
sp|Q32DQ8|NUOI_SHIDS	623223	0.007	26.374
sp|Q3SJP9|NUOI_THIDA	1341048	0.008	37.097
sp|Q4UM09|NUOE_RICFE	993995	5.43e-58	55.769
sp|B2HGE0|NUOI_MYCMM	623223	4.14e-06	31.250
sp|Q5F623|NUOI_NEIG1	623223	0.039	27.778
sp|P56913|NUOF2_RHIME	1047445	6.44e-127	45.926
sp|A0RMD6|NUOI_CAMFF	623223	0.001	29.870
sp|A1W1H0|NUOI_CAMJJ	626241	0.017	29.577
sp|B1ZA38|NUOI_METPB	1341048	0.003	37.097
sp|B4EZC3|NUOI_PROMH	623223	3.33e-04	28.571
sp|Q87ZQ7|NUOCD_PSESM	1426536	0.074	23.415
sp|Q1GTK7|NUOI_SPHAL	1341048	0.001	38.710
sp|Q5GXU0|NUOI_XANOR	623223	0.023	23.810
sp|Q57DU3|NUOI_BRUAB	1341048	0.006	35.484
sp|Q6A6G6|NUOI_CUTAK	623223	0.001	29.333
sp|B1LUM8|NUOI_METRJ	1341048	0.004	37.097
sp|A8F0M0|NUOF_RICM5	1047445	0.0	62.085
sp|P57259|NUOI_BUCAI	623223	0.008	26.374
sp|Q8K9Y0|NUOI_BUCAP	623223	0.014	25.510
sp|Q63VM5|NUOI_BURPS	1341048	0.006	37.097
sp|A9R6L4|NUOI_YERPG	623223	0.005	26.374
sp|Q473T3|NUOK_CUPNJ	1049888	0.094	27.869
sp|A4YVK2|NUOI_BRASO	1341048	0.003	35.484
sp|Q1QST9|NUOI_CHRSD	626241	0.003	28.283
sp|P0AFD7|NUOI_ECOL6	623223	0.009	26.374
sp|Q2JFL2|NUOI_FRACC	623223	9.65e-05	30.000
sp|P0AFD6|NUOI_ECOLI	623223	0.009	26.374
sp|B2VIN2|NUOI_ERWT9	623223	0.009	26.374
sp|A4G636|NUOI_HERAR	1341048	0.027	35.484
sp|A1UD96|NUOI_MYCSK	623223	1.98e-05	31.250
sp|Q63VM3|NUOK_BURPS	1049888	0.043	29.508
sp|A3MIB1|NUOK_BURM7	1049888	0.043	29.508
sp|O67337|NUOI1_AQUAE	623223	0.029	23.571
sp|Q2YA19|NUOI2_NITMU	1341048	0.014	35.484
sp|C3PLS5|NUOI_RICAE	1341048	0.010	38.095
sp|B1YTP7|NUOK_BURA4	1049888	0.043	29.508
sp|Q39EF5|NUOK_BURL3	1049888	0.026	29.508
sp|A1WLN6|NUOI_VEREI	1341048	0.003	37.097
sp|Q3BRN7|NUOI_XANC5	623223	0.020	23.810
sp|Q2SZM5|NUOK_BURTA	1049888	0.043	29.508
sp|A3NTB6|NUOK_BURP0	1049888	0.043	29.508
sp|Q9I0J8|NUOE_PSEAE	1083241	5.70e-34	37.342
sp|Q5PAK7|NUOI_ANAMM	1341048	0.002	35.484
sp|Q7VZP7|NUOI_BORPE	1341048	0.019	35.484
sp|Q39EF3|NUOI_BURL3	1341048	0.007	37.097
sp|Q1RHA0|NUOF_RICBR	1047445	0.0	64.029
sp|A4IVZ4|NUOC_FRATW	1697065	0.019	35.088
sp|Q81K00|NUOA_BACAN	1032370	0.054	32.692
sp|Q0BDD8|NUOI_BURCM	1341048	0.006	37.097
sp|A7MPB5|NUOI_CROS8	626241	0.004	31.313
sp|A8EXI1|NUOF_RICCK	1047445	0.0	62.019
sp|Q68XY3|NUOF_RICTY	1047445	0.0	62.085
sp|B6JH51|NUOI_OLICO	1341048	0.005	35.484
sp|Q89AU1|NUOG_BUCBP	1341048	1.29e-19	23.364
sp|B1ZA44|NUOC_METPB	1650638	0.070	32.500
sp|Q8XCX2|NUOG_ECO57	1341048	3.46e-22	27.419
sp|B0KMY4|NUOH_PSEPG	1341099	0.060	34.848
sp|Q0BDE0|NUOK_BURCM	1049888	0.043	29.508
sp|C4LB38|NUOI_TOLAT	1341048	0.007	33.333
sp|A3N7M7|NUOK_BURP6	1049888	0.043	29.508
sp|A2S451|NUOI_BURM9	1341048	0.006	37.097
sp|Q11JJ8|NUOI_CHESB	1341048	0.005	35.484
sp|Q5HSM0|NUOI_CAMJR	626241	0.001	30.986
sp|A2SFN4|NUOI_METPP	1341048	0.024	34.921
sp|B8IUV4|NUOI_METNO	1341048	4.87e-04	37.097
sp|P0AFD2|NUOE_ECOL6	993995	1.12e-28	32.948
sp|Q7DDS1|NUOI_NEIMB	623223	0.039	27.778
sp|Q68VV4|NUOI_RICTY	1341048	0.011	37.097
sp|A0LEQ3|NUOI1_SYNFM	626241	4.84e-04	28.090
sp|A0KJ60|NUOI_AERHH	623223	0.008	26.374
sp|Q2GJS3|NUOI_ANAPZ	1341048	0.010	38.095
sp|Q92JB2|NUOF_RICCN	1047445	0.0	62.201
sp|Q7VRV7|NUOG_BLOFL	626241	9.90e-21	26.482
sp|P0A1Y5|NUOG_SALTI	1341048	3.84e-22	27.419
sp|Q3JC22|NUOI1_NITOC	623223	0.022	25.532
sp|Q2IWX5|NUOI2_RHOP2	1341048	0.005	35.484
sp|Q8UFW9|NUOI_AGRFC	1341048	0.027	35.484
sp|A3NTB4|NUOI_BURP0	1341048	0.006	37.097
sp|Q0TFG5|NUOI_ECOL5	623223	0.009	26.374
sp|Q3YSA1|NUOI_EHRCJ	1341048	0.036	35.484
sp|A0LDR9|NUOI_MAGMM	623223	0.001	30.000
sp|Q89AU2|NUOF_BUCBP	923302	6.44e-104	40.553
sp|Q9ZCF8|NUOI_RICPR	1341048	0.017	37.097
sp|Q142G3|NUOK_PARXL	1049888	0.025	29.508
sp|Q3JU99|NUOK_BURP1	1049888	0.043	29.508
sp|Q1IZW5|NUOI_DEIGD	623223	0.002	27.848
sp|Q135Y4|NUOI2_RHOPS	1341048	0.004	35.484
sp|A4SLN7|NUOI_AERS4	623223	0.017	25.275
sp|A0LJM3|NUOI2_SYNFM	623223	0.026	19.708
sp|B6ISX3|NUOI_RHOCS	1341048	0.002	37.097
sp|Q1BV23|NUOK_BURCA	1049888	0.026	29.508
sp|Q0T2K6|NUOI_SHIF8	623223	0.009	26.374
sp|A7FGR1|NUOI_YERP3	623223	0.005	26.374
sp|Q8XXR1|NUOK_RALSO	1049888	0.083	27.869
sp|A9VS98|NUOA_BACWK	1032370	0.058	32.692
sp|P0A1Y9|NUOE_SALTI	993995	1.31e-27	32.948
sp|Q2W3J2|NUOI_MAGSA	1341048	0.005	35.484
sp|Q82DX3|NUOI1_STRAW	623223	5.49e-05	28.431
sp|Q67P14|NUOI1_SYMTH	623223	1.91e-04	28.261
sp|B1ZUJ2|NUOD2_OPITP	1000166	0.051	27.143
sp|Q4K9S9|NUOI_PSEF5	623223	0.003	27.473
sp|P57257|NUOG_BUCAI	626241	3.28e-19	27.381
sp|B0BVB0|NUOI_RICRO	1341048	0.010	38.095
sp|Q2NSK6|NUOI_SODGM	623223	0.010	26.374
sp|P0AFE9|NUOM_ECO57	1071764	0.016	33.871
sp|Q9PGI7|NUOI_XYLFA	623223	0.003	24.762
sp|P65574|NUOE_MYCBO	1083241	1.64e-34	37.356
sp|Q7VRV2|NUOA_BLOFL	972821	0.084	23.214
sp|Q473T5|NUOI_CUPNJ	1341048	0.001	35.484
sp|B3QSE2|NUOI_CHLT3	626241	0.001	35.385
sp|Q5FHN1|NUOI_EHRRG	1341048	0.018	35.484
sp|Q1R9D6|NUOI_ECOUT	623223	0.009	26.374
sp|Q5HBF8|NUOI_EHRRW	1341048	0.018	35.484
sp|Q5ZRU6|NUOI_LEGPH	623223	0.003	20.952
sp|Q1RKD2|NUOG_RICBR	1341048	5.62e-33	31.982
sp|Q0S442|NUOI_RHOJR	623223	1.40e-05	30.380
sp|Q1GIM9|NUOI_RUEST	1341048	8.17e-04	38.710
sp|A9AFZ7|NUOK_BURM1	1049888	0.043	29.508
sp|B1JGM0|NUOI_YERPY	623223	0.005	26.374
sp|Q82DT3|NUOI2_STRAW	626241	0.031	26.168
sp|P0AFD3|NUOE_SHIFL	993995	1.12e-28	32.948
sp|C0RIE7|NUOI_BRUMB	1341048	0.006	35.484
sp|Q8YGK8|NUOI_BRUME	1341048	0.006	35.484
sp|Q0P857|NUOI_CAMJE	626241	0.017	29.577
sp|A8FNM9|NUOI_CAMJ8	626241	0.001	30.986
sp|Q1BBQ1|NUOI_MYCSS	623223	1.98e-05	31.250
sp|P9WJG8|NUOI_MYCTO	623223	5.85e-06	33.333
sp|Q7N2J4|NUOI_PHOLL	623223	7.06e-04	27.473
sp|B3CUK1|NUOI_ORITI	1341048	0.006	38.710
sp|P0AFD8|NUOI_ECO57	623223	0.009	26.374
sp|A1ADC9|NUOI_ECOK1	623223	0.009	26.374
sp|Q2NA74|NUOI_ERYLH	1341048	0.002	38.710
sp|Q0RRW0|NUOI_FRAAA	623223	2.26e-04	27.848
sp|A3PIX9|NUOI1_RHOS1	1341048	8.46e-04	38.710
sp|P9WIV4|NUOE_MYCTO	1083241	1.64e-34	37.356
sp|Q2SZM7|NUOI_BURTA	1341048	0.007	37.097
sp|A5CFN6|NUOI_ORITB	1341048	0.006	38.710
sp|P33901|NUOF_SALTY	1047445	1.22e-104	41.495
sp|Q88FH2|NUOG_PSEPK	1341048	1.83e-19	27.419
sp|Q7UC56|NUOG_SHIFL	1341048	2.62e-22	27.419
sp|P59962|NUOG_MYCBO	1341048	4.11e-23	29.148
sp|Q14K30|NUOI_FRAT1	1341048	0.033	32.812
sp|B2SEV7|NUOI_FRATM	1341048	0.033	32.812
sp|B0V894|NUOI_ACIBY	623223	0.004	25.510
sp|A1USX5|NUOI_BARBK	1341048	0.006	35.484
sp|Q89AT9|NUOI_BUCBP	623223	0.037	28.723
sp|A0QJV5|NUOI_MYCA1	623223	8.75e-08	35.000
sp|A3PWR3|NUOI_MYCSJ	623223	1.98e-05	31.250
sp|Q92ID9|NUOE_RICCN	993995	3.78e-59	56.962
sp|Q2G5Z4|NUOI_NOVAD	1341048	0.001	38.710
sp|A8GM77|NUOF_RICAH	1047445	0.0	62.559
sp|A4JGC0|NUOK_BURVG	1049888	0.080	27.397
sp|A1JLI2|NUOI_YERE8	623223	0.004	26.374
sp|A1W4N0|NUOI_ACISJ	1341048	0.005	37.097
sp|A8I407|NUOI_AZOC5	1341048	0.001	37.097
sp|P56912|NUOF1_RHIME	1047445	0.0	63.246
sp|Q9XAQ9|NUOF_STRCO	1047445	3.63e-124	43.781
sp|A7H5S3|NUOI_CAMJD	1341048	0.004	31.343
sp|Q9ZDH5|NUOE_RICPR	993995	2.12e-58	56.410
sp|B7VAQ8|NUOI_PSEA8	623223	0.002	27.473
sp|Q9I0J6|NUOG_PSEAE	1341048	9.06e-19	27.016
sp|Q9KGW3|NUOG_PSEFL	1341048	3.94e-19	27.016
sp|Q1RKD0|NUOI_RICBR	1341048	0.010	38.710
sp|A8GTS0|NUOI_RICRS	1341048	0.010	38.095
sp|A7H5S4|NUOH_CAMJD	1687259	0.040	28.125
sp|Q30PI7|NUOI_SULDN	623223	0.002	26.957
sp|Q2P0W3|NUOI_XANOM	623223	0.023	23.810
sp|Q1C6B6|NUOI_YERPA	623223	0.005	26.374
sp|Q7MA42|NUOI_WOLSU	626241	0.028	23.762
sp|A1V2M6|NUOK_BURMS	1049888	0.043	29.508
sp|A2S449|NUOK_BURM9	1049888	0.043	29.508
sp|B3QP51|NUOK_CHLP8	1652053	0.095	33.333
sp|Q48H47|NUOI_PSE14	623223	0.002	27.473
sp|P31979|NUOF_ECOLI	1047445	3.64e-105	41.495
sp|A1ALP7|NUOI_PELPD	623223	0.016	25.263
sp|Q3KA56|NUOI_PSEPF	623223	0.003	27.473
sp|Q8FFJ9|NUOG_ECOL6	1341048	2.74e-22	27.419
sp|P9WIV8|NUOG_MYCTO	1341048	4.11e-23	29.148
sp|Q68WJ7|NUON_RICTY	1056339	0.093	28.495
sp|Q57M35|NUOI_SALCH	623223	0.009	26.374
sp|B2T2F7|NUOK_PARPJ	1049888	0.025	29.508
sp|A1W1H1|NUOH_CAMJJ	1687259	0.040	28.125
sp|Q62IP5|NUOK_BURMA	1049888	0.043	29.508
sp|Q87EP7|NUOI_XYLFT	623223	0.003	24.762
sp|B3R3X7|NUOK_CUPTR	1049888	0.052	29.508
sp|A8LIV0|NUOI_DINSH	1341048	0.002	38.710
sp|A4TM29|NUOI_YERPP	623223	0.005	26.374
sp|C4K221|NUOI_RICPU	1341048	0.009	38.095
sp|B2K814|NUOI_YERPB	623223	0.005	26.374
sp|A8EZZ7|NUOI_RICCK	623223	0.010	24.786
sp|A8F2T4|NUOI_RICM5	1341048	0.023	38.710
sp|Q5LPS9|NUOI_RUEPO	1341048	0.001	38.710
sp|B2JDL8|NUOK_PARP8	1049888	0.025	29.508
sp|B1KJV5|NUOI_SHEWM	626241	4.76e-04	24.528
sp|Q5GSG5|NUOI_WOLTR	1341048	0.002	38.710
sp|A7IP99|NUOI_XANP2	1341048	0.001	37.097
sp|Q6FZY3|NUOI_BARQU	623223	0.038	23.611
sp|Q6HAY5|NUOA_BACHK	1032370	0.054	32.692
sp|A9KBL3|NUOI_COXBN	623223	0.009	19.048
sp|Q5X1B5|NUOI_LEGPA	623223	0.003	20.952
sp|Q5WT28|NUOI_LEGPL	623223	0.003	20.952
sp|Q7TX57|NUOI_MYCBO	623223	5.85e-06	33.333
sp|Q8K9Y4|NUOE_BUCAP	1083241	2.47e-25	34.000
sp|B8EIM5|NUOI_METSB	1341048	0.001	37.097
sp|C1AGS0|NUOI_MYCBT	623223	5.85e-06	33.333
sp|P65568|NUOF_MYCBO	1047445	2.12e-130	47.015
sp|Q2GCV4|NUOI_NEOSM	1341048	8.40e-04	37.097
sp|Q1I7Z3|NUOI_PSEE4	623223	0.002	27.473
sp|P9WIV7|NUOF_MYCTU	1047445	2.12e-130	47.015
sp|P9WIV9|NUOG_MYCTU	1341048	4.19e-23	29.148
sp|Q89AT8|NUOJ_BUCBP	942609	0.009	34.375
sp|Q7NZH3|NUOI_CHRVO	1341048	0.055	52.174
sp|A9W1M5|NUOI_METEP	1341048	0.004	37.097
sp|B0ULL2|NUOI_METS4	1341048	3.34e-04	37.097
sp|Q89AU3|NUOE_BUCBP	993995	2.07e-26	33.766
sp|Q20Z46|NUOI2_RHOPB	1341048	0.001	24.390
sp|A3PKI7|NUOI2_RHOS1	626241	6.95e-04	28.767
sp|B2S551|NUOI_BRUA1	1341048	0.006	35.484
sp|A4JGC2|NUOI_BURVG	1341048	0.007	37.097
sp|A3N7M5|NUOI_BURP6	1341048	0.006	37.097
sp|A7HY41|NUOI_PARL1	1341048	6.58e-04	37.097
sp|Q9ZE33|NUOF_RICPR	1047445	0.0	62.559
sp|A1ALQ2|NUON_PELPD	964761	0.045	25.203
sp|A8GY32|NUOI_RICB8	1341048	0.010	38.710
sp|Q5HSL9|NUOH_CAMJR	1687259	0.032	28.125
sp|B4E5L2|NUOK_BURCJ	1049888	0.026	29.508
sp|Q72GD6|NUOI_THET2	1341048	0.031	31.343
sp|Q1CHQ8|NUOI_YERPN	623223	0.005	26.374
sp|B1I6I5|NUON_DESAP	1674430	0.065	32.051
sp|Q7CJ89|NUOI_YERPE	623223	0.005	26.374
sp|Q47HG6|NUOK_DECAR	1049888	0.049	30.667
sp|B2HU48|NUOI_ACIBC	623223	0.004	25.510
sp|A1VM68|NUOI_POLNA	1341048	0.023	31.746
sp|A0LRI9|NUOI_ACIC1	623223	1.09e-04	30.000
sp|Q07NL5|NUOI2_RHOP5	1341048	0.003	35.484
sp|Q9A6Y4|NUOI_CAUVC	1341048	0.004	37.097
sp|A5U7G9|NUOI_MYCTA	623223	5.85e-06	33.333
sp|P9WJG9|NUOI_MYCTU	623223	5.85e-06	33.333
sp|Q6MDQ8|NUOI_PARUW	1341048	0.002	30.556
sp|Q9PMA3|NUOH_CAMJE	1687259	0.038	28.125
sp|Q8EI36|NUOI_SHEON	623223	0.023	25.275
sp|P0AFD9|NUOI_SHIFL	623223	0.009	26.374
sp|Q3YZS9|NUOI_SHISS	623223	0.009	26.374
sp|P0AFE8|NUOM_ECOLI	1071764	0.016	33.871
sp|Q21YB9|NUOI_RHOFT	623223	0.022	22.674
sp|P42031|NUOI_RHOCA	1341048	0.001	38.710
sp|A8GPY5|NUOI_RICAH	1341048	0.010	38.095
sp|Q07QW8|NUOI1_RHOP5	1341048	7.66e-04	24.691
sp|A1K5B6|NUOI_AZOSB	1341048	0.014	32.258
sp|B0CLD7|NUOI_BRUSI	1341048	0.006	35.484
sp|B1YTP9|NUOI_BURA4	1341048	0.006	37.097
sp|A7HZV6|NUOI_CAMHC	1341048	0.005	32.787
sp|B3R3X5|NUOI_CUPTR	1341048	0.003	38.710
sp|Q3AC82|NUOI_CARHZ	623223	2.93e-06	31.132
sp|Q28T58|NUOI_JANSC	1341048	0.001	38.710
sp|Q2SZN3|NUOC_BURTA	1654586	0.097	33.735
sp|A1KNE9|NUOI_MYCBP	623223	5.85e-06	33.333
sp|Q6G396|NUOI_BARHE	1341048	0.006	35.484
sp|Q1BV21|NUOI_BURCA	1341048	0.006	37.097
sp|Q2YNF5|NUOI_BRUA2	1341048	0.006	35.484
sp|O66842|NUOE_AQUAE	1083241	1.77e-26	35.714
sp|P56909|NUOE1_RHIME	993995	1.20e-38	40.314
sp|Q608Y4|NUOI_METCA	626241	0.004	24.242
sp|Q1RJJ1|NUOE_RICBR	993995	8.20e-61	57.595
sp|Q4FM83|NUOI_PELUB	1341048	0.027	37.097
sp|Q8RQ74|NUOI_PSEFL	623223	0.003	27.473
sp|Q4ZRI6|NUOI_PSEU2	623223	0.003	27.473
sp|Q8K9Y2|NUOG_BUCAP	626241	5.73e-18	24.900
sp|Q1CRZ3|NUOI_HELPH	1341048	0.006	31.667
sp|Q9ZJV9|NUOI_HELPJ	1341048	0.005	31.667
sp|O25858|NUOI_HELPY	1341048	0.005	28.205
sp|P56914|NUOG2_RHIME	1341048	6.69e-33	35.160
sp|Q88FH0|NUOI_PSEPK	623223	0.002	27.473
sp|Q7N2J6|NUOK_PHOLL	1430626	0.037	29.070
sp|A0K913|NUOK_BURCH	1049888	0.026	29.508
sp|Q73GH4|NUOI_WOLPM	1341048	0.014	37.097
sp|Q0KCS0|NUOK_CUPNH	1049888	0.052	29.508
sp|P9WIV5|NUOE_MYCTU	1083241	1.64e-34	37.356
sp|C5B8H9|NUOI_EDWI9	623223	0.003	26.374
sp|Q2GGD7|NUOI_EHRCR	1341048	0.021	35.484
sp|A1B486|NUOI_PARDP	1341048	7.65e-04	38.710
sp|Q13BG8|NUOI1_RHOPS	626241	0.010	24.390
sp|Q01UN8|NUOI2_SOLUE	623223	0.063	26.250
sp|A0K915|NUOI_BURCH	1341048	0.006	37.097
sp|Q3SRF2|NUOI_NITWN	1341048	0.003	35.484
sp|Q0AHJ2|NUOI_NITEC	1341048	0.030	35.484
sp|C1AZF5|NUOI_RHOOB	623223	5.46e-06	31.250
sp|C0ZYJ2|NUOI_RHOE4	623223	6.10e-06	32.500
sp|Q7CQ51|NUOI_SALTY	623223	0.009	26.374
sp|Q31YI0|NUOI_SHIBS	623223	0.009	26.374
sp|Q5P1E0|NUOK_AROAE	1049888	0.054	31.148
sp|A7GV51|NUOA_BACCN	1032370	0.091	32.692
sp|Q0C1D6|NUOI_HYPNA	1341048	0.004	37.097
sp|A1T698|NUOI_MYCVP	623223	2.00e-06	32.500
sp|C0ZYJ9|NUOB_RHOE4	1637360	0.062	23.077
sp|Q8G1A9|NUOI_BRUSU	1341048	0.006	35.484
sp|B5EFG1|NUOC_GEOBB	1352113	0.096	30.769
sp|Q9I0J4|NUOI_PSEAE	623223	0.002	27.473
sp|Q9I0J7|NUOF_PSEAE	1047445	1.69e-104	39.636
sp|O66841|NUOF_AQUAE	1047445	6.25e-101	42.998
sp|Q2YA98|NUOI1_NITMU	623223	0.062	24.468
sp|A7IPA5|NUOC_XANP2	1650638	0.040	30.137
sp|Q2IL14|NUOI2_ANADE	1038559	0.046	36.207
sp|Q39QB5|NUOI2_GEOMG	623223	0.002	27.473
sp|Q9JQM2|NUOI_NEIMA	623223	0.039	27.778
sp|Q02ND6|NUOI_PSEAB	623223	0.002	27.473
sp|Q68VV2|NUOG_RICTY	1341048	1.97e-31	31.081
