sp|Q39172|AER_ARATH	944964	5.86e-75	41.975
sp|A4FV58|CIAO3_BOVIN	1718044	6.00e-153	44.444
sp|Q7TMW6|CIAO3_MOUSE	1718044	1.27e-161	46.887
sp|P14375|ZRAR_ECOLI	956693	9.46e-11	28.448
sp|Q8U195|SUDHA_PYRFU	1642497	3.73e-57	31.470
sp|P25852|ZRAR_SALTY	956693	6.50e-11	28.058
sp|P22318|HOXU_CUPNH	1341048	6.00e-20	26.667
sp|Q46505|HNDA_DESFR	993995	5.83e-31	37.594
sp|P31899|HOXL_CUPNH	1703467	0.059	32.000
sp|Q58123|HYPF_METJA	1046647	0.028	28.704
sp|P64419|HYPA_SALTY	1055671	0.069	27.869
sp|P31908|HOXA_BRADU	1060366	0.006	24.138
sp|P71229|HYFR_ECOLI	1043694	0.019	27.344
sp|Q2RGG9|HYPA_MOOTA	1634700	0.020	34.783
sp|P64420|HYPA_SALTI	1055671	0.069	27.869
sp|P29267|HOXA_CUPNH	1060366	0.017	25.833
sp|B5DK31|NARF_DROPS	1416121	1.90e-134	43.883
sp|Q50497|FPRA_METTM	1417401	3.74e-04	32.184
sp|P22317|HOXF_CUPNH	1047445	1.33e-68	34.021
sp|P14776|DHSS_SYNP1	1320860	0.001	25.220
sp|Q6LY39|HDRC1_METMP	626241	0.058	50.000
sp|Q60339|FRHD_METJA	1711380	0.048	37.931
sp|P31894|COOF_RHORU	623223	0.001	26.250
sp|P31894|COOF_RHORU	623223	0.005	36.000
sp|Q46508|HNDD_DESFR	1341048	3.69e-151	41.967
sp|Q5BK18|CIAO3_RAT	1718044	2.27e-165	46.990
sp|Q58158|FPRA_METJA	1417401	0.009	27.731
sp|Q46507|HNDC_DESFR	923302	1.65e-87	39.481
sp|P84621|HDLC_ARCPA	623223	0.003	26.087
sp|F1SVK0|FPOL_METMA	1713886	0.031	27.143
sp|Q75E78|NAR1_ASHGO	1718044	2.48e-70	34.322
sp|P28154|HYPA_RHILV	1669786	0.087	37.778
sp|P24918|NDUS1_NEUCR	1341048	1.48e-29	30.620
sp|B4MUM8|NARF_DROWI	1416121	6.53e-132	42.578
sp|B4GXC8|NARF_DROPE	1416121	1.90e-134	43.883
sp|Q8PU60|FPOI_METMA	623223	6.64e-04	28.049
sp|P74263|HYPA1_SYNY3	373758	0.025	30.233
sp|Q03004|HUPD_RHOCA	1028114	0.007	29.412
sp|A3LYR2|NAR1_PICST	1718044	3.27e-91	36.346
sp|A5IEY2|HYPA_LEGPC	988851	0.028	35.897
sp|Q5WTX7|HYPA_LEGPL	988851	0.028	35.897
sp|P13629|PHFL_DESOM	626241	8.31e-83	39.364
sp|Q55638|HYPF_SYNY3	1275853	8.11e-06	35.714
sp|B4LQR5|NARF_DROVI	1416121	7.84e-130	42.188
sp|A6ZRK3|NAR1_YEAS7	1718044	1.42e-71	36.421
sp|P00634|PPB_ECOLI	1737770	3.36e-27	28.060
sp|P73269|HYPA2_SYNY3	966093	0.047	34.043
sp|B4KFU7|NARF_DROMO	1416121	7.97e-133	42.188
sp|Q6CFR3|NAR1_YARLI	1718044	3.88e-105	38.508
sp|Q45256|HYPA2_BRADU	1313997	0.062	34.211
sp|Q4WQ87|NAR1_ASPFU	1718044	1.63e-85	35.547
sp|A2Q9A9|NAR1_ASPNC	1718044	3.20e-86	35.294
sp|P28155|HYPB_RHILV	999682	0.015	39.024
sp|Q9CYQ7|NARF_MOUSE	1718044	4.96e-102	37.553
sp|P77423|HYFH_ECOLI	623223	0.011	23.457
sp|P60232|MVHB_METTM	623223	1.83e-05	26.271
sp|P60232|MVHB_METTM	623223	5.75e-05	27.660
sp|P60232|MVHB_METTM	623223	0.015	30.000
sp|P60232|MVHB_METTM	623223	0.057	28.571
sp|A6VIU0|HYPA_METM7	955779	0.019	25.000
sp|Q50784|MVHB_METTH	623223	1.53e-05	26.496
sp|Q50784|MVHB_METTH	623223	5.33e-04	28.148
sp|Q50784|MVHB_METTH	623223	0.059	30.986
sp|Q07S91|HYPA_RHOP5	1302303	0.052	37.500
sp|P27648|CYBH_RHILV	1704975	0.002	26.263
sp|O07451|HYPF2_CUPNH	1275853	1.64e-04	30.435
sp|Q5ZSP1|HYPA_LEGPH	988851	0.028	35.897
sp|Q54F30|NARF_DICDI	1718044	1.34e-145	44.853
sp|B4IMH3|NARF_DROSE	1718044	1.75e-122	40.588
sp|Q43955|HUPN_AZOCH	950585	0.078	36.842
sp|Q5X252|HYPA_LEGPA	988851	0.028	35.897
sp|P07603|PHFS_DESVH	1341048	5.18e-11	37.931
sp|A5DSI2|NAR1_LODEL	1416121	2.19e-84	33.171
sp|Q97FS6|PYRK_CLOAB	1274802	0.032	25.000
sp|P26410|HYPB_RHOCA	1288090	0.014	28.070
sp|Q5APK7|NAR1_CANAL	1718044	4.67e-85	34.991
sp|Q7SGW5|NAR1_NEUCR	1718044	5.74e-83	32.827
sp|A7TQP0|NAR1_VANPO	1718044	9.91e-52	31.967
sp|Q45252|HUPF_BRADU	1419779	0.067	41.667
sp|Q2YDU6|NARF_RAT	1718044	1.27e-101	36.777
sp|P53998|NAR1_KLULA	1718044	2.60e-68	33.939
sp|B0WU52|NARF_CULQU	1416121	2.14e-130	42.913
sp|Q9N392|NARF_CAEEL	1718044	1.97e-74	35.135
sp|Q6GP25|NARF_XENLA	1718044	6.41e-100	36.897
sp|Q0CR17|NAR1_ASPTN	1416121	7.80e-84	35.409
sp|P25708|NDUV1_BOVIN	923302	0.0	68.085
sp|B3NKH7|NARF_DROER	1416121	2.93e-122	41.797
sp|A8PGQ3|NARF_BRUMA	1718044	2.20e-84	31.641
sp|B0Y4F9|NAR1_ASPFC	1718044	1.63e-85	35.547
sp|B8N122|NAR1_ASPFN	1416121	1.01e-87	32.991
sp|B9W8S4|NAR1_CANDC	1718044	1.31e-89	35.938
sp|Q2UJY8|NAR1_ASPOR	1416121	6.06e-87	33.868
sp|B4ISL0|NARF_DROYA	1416121	2.11e-124	41.992
sp|Q6FP07|NAR1_CANGA	1416121	3.80e-52	30.515
sp|P07598|PHFL_DESVH	1341048	3.47e-81	41.775
sp|P23481|HYFA_ECOLI	1341048	0.009	27.778
sp|A1CWD8|NAR1_NEOFI	1416121	1.05e-88	34.347
sp|P84626|HDLA_ARCPA	623223	8.86e-05	27.835
sp|Q49180|MVHB_METFE	623223	3.18e-06	30.822
sp|Q49180|MVHB_METFE	623223	4.85e-06	25.000
sp|Q49180|MVHB_METFE	623223	6.55e-04	29.293
sp|Q49180|MVHB_METFE	623223	0.005	31.646
sp|Q56223|NQO3_THET8	1341048	1.06e-23	30.645
sp|Q1E736|NAR1_COCIM	1416121	4.15e-83	33.080
sp|Q0UM75|NAR1_PHANO	1416121	6.14e-79	32.646
sp|P28156|HYPF_RHILV	1730746	0.027	30.380
sp|Q8SYS7|NARF_DROME	1718044	3.38e-121	40.705
sp|Q9UHQ1|NARF_HUMAN	1718044	6.33e-99	36.701
sp|Q5B748|NAR1_EMENI	1416121	1.55e-83	34.942
sp|A8XZU0|NARF_CAEBR	1718044	2.03e-68	31.423
sp|Q6BUI4|NAR1_DEBHA	1718044	2.70e-89	35.807
sp|Q7PWB8|NARF_ANOGA	1718044	7.68e-128	42.471
sp|P13628|PHFS_DESOM	596078	1.87e-09	41.509
sp|C6E310|HYPA_GEOSM	1426871	0.054	30.645
sp|Q8SVJ2|NAR1_ENCCU	1718044	5.58e-21	26.042
sp|A2RRV9|NARFL_DANRE	1718044	2.30e-142	49.210
sp|Q16ML2|NARF_AEDAE	1416121	1.67e-130	43.883
sp|A7E7C4|NAR1_SCLS1	1416121	7.94e-86	34.552
sp|P29166|PHF1_CLOPA	626241	1.44e-136	40.067
sp|Q94CL6|NAR1_ARATH	1718044	9.62e-122	41.154
sp|Q2HEF1|NAR1_CHAGB	1718044	1.73e-81	33.000
sp|Q97N11|PYRE_CLOAB	1683916	1.88e-63	45.778
sp|A8ZZG8|HYPA_DESOH	953482	0.084	25.301
sp|P12943|PHNS_DESGI	1698918	0.035	40.000
sp|A7SDA8|NARF_NEMVE	1718044	1.28e-137	48.832
sp|A1CIC2|NAR1_ASPCL	1416121	1.90e-87	33.959
sp|B6QQH9|NAR1_TALMQ	1416121	1.06e-83	33.084
sp|P30131|HYPF_ECOLI	1668494	0.006	29.518
sp|Q9X0Z6|HYDE_THEMA	1715204	6.77e-97	44.543
sp|P24917|NDUV1_NEUCR	1047445	0.0	65.753
sp|B4JBE6|NARF_DROGR	1416121	1.31e-131	42.023
sp|A5DKC0|NAR1_PICGU	1416121	3.11e-78	36.523
sp|Q4PAR1|NAR1_USTMA	1718044	7.92e-92	37.624
sp|Q4PAR1|NAR1_USTMA	1718044	2.33e-05	62.963
sp|P23503|NAR1_YEAST	1718044	5.13e-71	36.518
sp|A8WH18|NARFL_XENTR	1718044	5.18e-161	46.796
sp|Q46CG8|PYRK_METBF	1682263	0.040	22.667
sp|Q7VI02|Y0809_HELHP	922463	0.005	34.694
sp|O25748|SLYD_HELPY	1664770	1.18e-04	41.509
sp|P0CP10|NAR1_CRYNJ	1718044	2.71e-86	35.405
sp|P0CP11|NAR1_CRYNB	1718044	3.41e-86	35.217
sp|Q6DHP6|NARF_DANRE	1718044	2.38e-89	36.073
sp|B4NSS7|NARF_DROSI	1718044	7.69e-123	40.900
sp|A6RR15|NAR1_BOTFB	1416121	1.29e-85	32.526
sp|B6HUC4|NAR1_PENRW	1416121	4.14e-83	33.694
sp|Q9ZK89|SLYD_HELPJ	1664770	0.001	37.736
sp|Q9Y7N7|NAR1_SCHPO	1718044	5.85e-103	35.893
sp|P0A9L2|SLYD_SHIFL	1349465	0.011	44.828
sp|P14377|ZRAS_ECOLI	1060366	5.56e-06	41.176
sp|P14377|ZRAS_ECOLI	1060366	5.45e-04	25.000
sp|B3N018|NARF_DROAN	1416121	1.05e-122	41.942
sp|Q2LVX4|HYPA_SYNAS	1336378	0.072	29.825
sp|B6K2N0|NAR1_SCHJY	1718044	2.57e-113	40.614
sp|P0A9K9|SLYD_ECOLI	1349465	0.011	44.828
sp|P0A9L0|SLYD_ECOL6	1349465	0.011	44.828
sp|P37461|ZRAS_SALTY	1060366	6.49e-06	40.625
sp|P37461|ZRAS_SALTY	1060366	0.001	25.000
sp|P0A9L1|SLYD_ECO57	1349465	0.011	44.828
sp|Q57935|Y515_METJA	1318999	0.044	29.213
sp|Q02998|YH19_RHOCA	1292232	8.50e-07	28.750
sp|Q02998|YH19_RHOCA	1292232	9.21e-06	29.577
sp|Q02998|YH19_RHOCA	1292232	1.29e-04	26.389
sp|Q02998|YH19_RHOCA	1292232	0.001	24.719
sp|Q46189|YHG1_CLOPA	1300394	0.013	29.825
sp|D5IGG4|CARAC_SPHSX	1739515	1.65e-16	32.979
sp|Q5RF36|CIAO3_PONAB	1718044	1.01e-155	45.525
sp|Q9H6Q4|CIAO3_HUMAN	1718044	4.01e-157	45.525
