1278030	sp|Q02998|YH19_RHOCA	7.53e-04	30.986
1325978	sp|Q16ML2|NARF_AEDAE	5.84e-04	29.670
1419921	sp|Q02998|YH19_RHOCA	1.43e-04	25.773
1083241	sp|Q46505|HNDA_DESFR	1.34e-32	37.594
1683916	sp|Q97N11|PYRE_CLOAB	2.88e-65	45.778
1704975	sp|P27648|CYBH_RHILV	1.44e-04	26.263
1671564	sp|Q02998|YH19_RHOCA	3.86e-04	34.328
936137	sp|Q6DHP6|NARF_DANRE	6.71e-04	24.490
1023336	sp|P25852|ZRAR_SALTY	9.38e-12	28.814
1417401	sp|Q50497|FPRA_METTM	6.69e-06	32.184
939939	sp|Q55638|HYPF_SYNY3	4.01e-05	28.571
1072353	sp|Q39172|AER_ARATH	6.92e-07	24.868
966472	sp|Q9X0Z6|HYDE_THEMA	2.15e-08	29.474
1664770	sp|O25748|SLYD_HELPY	7.39e-07	41.509
974180	sp|Q02998|YH19_RHOCA	4.22e-04	27.660
596078	sp|Q46508|HNDD_DESFR	5.80e-53	44.788
1645988	sp|Q39172|AER_ARATH	1.73e-04	25.316
1341048	sp|Q46508|HNDD_DESFR	5.03e-147	41.967
1432307	sp|Q39172|AER_ARATH	1.14e-04	24.684
955779	sp|A6VIU0|HYPA_METM7	2.17e-04	25.000
1758441	sp|D5IGG4|CARAC_SPHSX	3.81e-14	32.979
1712174	sp|P14375|ZRAR_ECOLI	1.10e-04	29.333
1705248	sp|P14776|DHSS_SYNP1	5.36e-04	25.185
919505	sp|Q02998|YH19_RHOCA	4.04e-05	29.851
1395921	sp|P00634|PPB_ECOLI	9.61e-21	25.959
501382	sp|Q02998|YH19_RHOCA	1.54e-05	27.381
1737770	sp|P00634|PPB_ECOLI	1.18e-28	28.060
1047445	sp|P25708|NDUV1_BOVIN	0.0	68.510
950499	sp|Q02998|YH19_RHOCA	1.50e-04	31.000
922463	sp|Q7VI02|Y0809_HELHP	1.14e-04	34.694
626241	sp|Q46508|HNDD_DESFR	1.75e-145	40.722
1268211	sp|Q02998|YH19_RHOCA	2.52e-04	30.769
1268211	sp|Q02998|YH19_RHOCA	0.001	31.429
1300394	sp|Q46189|YHG1_CLOPA	8.70e-04	29.825
1060366	sp|P25852|ZRAR_SALTY	1.49e-09	30.769
1311918	sp|Q02998|YH19_RHOCA	3.39e-06	41.509
1311918	sp|Q02998|YH19_RHOCA	2.32e-04	33.871
1311918	sp|Q02998|YH19_RHOCA	4.69e-04	33.898
1718044	sp|Q5BK18|CIAO3_RAT	3.80e-167	46.990
1642497	sp|Q8U195|SUDHA_PYRFU	1.76e-56	31.056
1279575	sp|Q8U195|SUDHA_PYRFU	5.83e-07	23.714
985684	sp|P84626|HDLA_ARCPA	1.39e-04	42.500
1623564	sp|Q8U195|SUDHA_PYRFU	6.47e-05	38.333
1669783	sp|Q8U195|SUDHA_PYRFU	1.23e-04	40.000
1282567	sp|Q50497|FPRA_METTM	6.20e-06	30.682
956693	sp|P25852|ZRAR_SALTY	3.32e-12	28.058
1417886	sp|Q02998|YH19_RHOCA	1.44e-09	44.262
1417886	sp|Q02998|YH19_RHOCA	1.99e-09	39.130
1417886	sp|Q02998|YH19_RHOCA	4.27e-07	38.333
1417886	sp|Q02998|YH19_RHOCA	1.45e-06	40.984
1417886	sp|Q02998|YH19_RHOCA	2.85e-06	36.923
1320860	sp|P14776|DHSS_SYNP1	2.87e-05	25.220
1024613	sp|Q39172|AER_ARATH	7.18e-06	22.917
1278327	sp|Q50497|FPRA_METTM	4.75e-05	29.213
1671426	sp|Q9X0Z6|HYDE_THEMA	1.29e-09	24.910
1275853	sp|Q55638|HYPF_SYNY3	3.11e-08	35.714
1746478	sp|Q02998|YH19_RHOCA	2.73e-05	26.829
585131	sp|P25852|ZRAR_SALTY	8.43e-04	26.446
1416121	sp|Q5BK18|CIAO3_RAT	9.35e-164	46.498
1739515	sp|D5IGG4|CARAC_SPHSX	3.81e-14	32.979
1700413	sp|P14776|DHSS_SYNP1	3.77e-05	24.090
1028114	sp|Q03004|HUPD_RHOCA	2.72e-04	29.412
998404	sp|Q02998|YH19_RHOCA	7.37e-04	47.917
1628012	sp|Q9X0Z6|HYDE_THEMA	3.16e-68	37.892
1024694	sp|Q02998|YH19_RHOCA	3.69e-05	30.986
944964	sp|Q39172|AER_ARATH	8.72e-77	41.975
1728454	sp|P84626|HDLA_ARCPA	2.56e-05	50.000
1036835	sp|Q46189|YHG1_CLOPA	8.64e-04	29.825
1671593	sp|Q9ZK89|SLYD_HELPJ	5.08e-06	36.000
1043694	sp|P71229|HYFR_ECOLI	3.51e-04	27.344
1750855	sp|D5IGG4|CARAC_SPHSX	1.40e-10	30.263
989618	sp|O07046|SLYD_AERHY	6.81e-04	31.746
1064107	sp|Q02998|YH19_RHOCA	8.24e-04	31.579
932858	sp|O28429|COOS_ARCFU	7.09e-04	23.529
623223	sp|Q49180|MVHB_METFE	5.68e-07	30.822
623223	sp|Q49180|MVHB_METFE	8.67e-07	25.000
623223	sp|Q49180|MVHB_METFE	1.17e-04	29.293
623223	sp|Q49180|MVHB_METFE	6.63e-04	26.230
1742847	sp|Q9CYQ7|NARF_MOUSE	1.11e-04	28.421
993995	sp|Q46505|HNDA_DESFR	1.36e-32	37.594
1024328	sp|Q8U195|SUDHA_PYRFU	9.35e-06	48.649
1042482	sp|P25852|ZRAR_SALTY	7.82e-09	29.060
1292232	sp|Q02998|YH19_RHOCA	3.86e-09	28.750
1292232	sp|Q02998|YH19_RHOCA	4.18e-08	29.577
1292232	sp|Q02998|YH19_RHOCA	1.05e-07	26.190
1292232	sp|Q02998|YH19_RHOCA	6.33e-06	24.719
1292232	sp|Q02998|YH19_RHOCA	3.55e-05	25.000
1735393	sp|Q8U195|SUDHA_PYRFU	8.51e-06	24.090
1715204	sp|Q9X0Z6|HYDE_THEMA	3.89e-93	44.543
1748036	sp|A1CWD8|NAR1_NEOFI	0.001	31.034
923302	sp|P25708|NDUV1_BOVIN	0.0	68.750
