sp|P0A9B2|G3P1_ECOLI	1617931	1.01e-166	69.184
sp|P0A6A8|ACP_ECOLI	1376857	0.002	24.286
sp|P33919|RADD_ECOLI	1024309	0.002	26.415
sp|P0AG67|RS1_ECOLI	1432514	8.61e-19	27.530
sp|P0AG67|RS1_ECOLI	1432514	4.11e-16	26.766
sp|P0AG67|RS1_ECOLI	1432514	7.03e-12	22.520
sp|P0AG67|RS1_ECOLI	1432514	1.02e-08	21.337
sp|P0AG67|RS1_ECOLI	1432514	1.24e-08	26.033
sp|P0AG67|RS1_ECOLI	1432514	8.40e-05	19.220
sp|P0AGE9|SUCD_ECOLI	1276456	4.61e-111	59.727
sp|P0A6Y8|DNAK_ECOLI	1358873	4.62e-140	43.066
sp|P0A6Y8|DNAK_ECOLI	1358873	1.21e-139	42.329
sp|P10378|ENTE_ECOLI	1295213	3.35e-25	22.986
sp|P0AFG8|ODP1_ECOLI	1684150	2.18e-06	24.620
sp|P60472|UPPS_ECOLI	1420524	7.45e-36	32.227
sp|P0A9P0|DLDH_ECOLI	1623564	2.40e-59	30.998
sp|P0A9B6|E4PD_ECOLI	1272524	2.11e-76	37.500
sp|P0C0R7|RLME_ECOLI	1703888	4.25e-29	33.333
sp|P25516|ACNA_ECOLI	961785	4.62e-52	27.159
sp|P0A959|ALAA_ECOLI	987505	1.72e-37	28.251
sp|P32719|ALSE_ECOLI	1701668	1.98e-44	38.813
sp|P0AAF6|ARTP_ECOLI	1030624	4.78e-40	40.670
sp|P0ADP5|BIOP_ECOLI	1672439	5.29e-04	29.897
sp|Q46829|BGLA_ECOLI	1030154	2.52e-41	27.919
sp|P31551|CAID_ECOLI	1075765	3.00e-09	24.615
sp|P31551|CAID_ECOLI	1075765	0.023	25.893
sp|P0ABQ0|COABC_ECOLI	1752140	8.28e-16	26.020
sp|P37623|ACPT_ECOLI	1425784	1.15e-05	27.820
sp|P26646|ACUI_ECOLI	944964	1.85e-04	24.771
sp|P28629|ADIA_ECOLI	1287281	0.039	36.066
sp|P24240|ASCB_ECOLI	997829	1.29e-27	23.459
sp|P31466|ADEP_ECOLI	1741125	3.38e-77	33.193
sp|P0AE24|ARAE_ECOLI	1288838	2.75e-60	31.211
sp|P07639|AROB_ECOLI	1023811	2.96e-57	36.337
sp|P00888|AROF_ECOLI	1730746	1.49e-123	50.291
sp|P12995|BIOA_ECOLI	1337053	1.96e-40	28.141
sp|P37653|BCSA_ECOLI	1748172	0.064	27.273
sp|P61517|CAN_ECOLI	1299861	2.69e-57	40.609
sp|P0AFT5|BTSR_ECOLI	1042482	1.71e-05	27.326
sp|P39451|ADHP_ECOLI	1709720	3.33e-33	28.197
sp|P0ABB0|ATPA_ECOLI	1037070	2.56e-177	52.209
sp|P0A940|BAMA_ECOLI	1665195	3.75e-07	18.852
sp|P38036|CAS3_ECOLI	979871	0.067	22.754
sp|P46854|AAAT_ECOLI	1057901	1.39e-06	35.000
sp|P25718|AMY1_ECOLI	1724954	9.03e-09	34.783
sp|P30844|BASS_ECOLI	1060366	3.74e-05	32.927
sp|P0ABA6|ATPG_ECOLI	1061751	7.63e-07	26.316
sp|P0ABA6|ATPG_ECOLI	1061751	2.00e-05	27.778
sp|P30871|3PASE_ECOLI	75464	0.004	30.252
sp|P12999|BIOC_ECOLI	1626288	6.17e-15	28.148
sp|P27550|ACSA_ECOLI	1695112	2.46e-20	23.936
sp|P08204|ARAB_ECOLI	985494	6.83e-14	21.691
sp|P06610|BTUE_ECOLI	1682062	2.11e-46	43.023
sp|P52697|6PGL_ECOLI	625346	0.001	30.556
sp|P52697|6PGL_ECOLI	625346	0.002	30.208
sp|P0ABB8|ATMA_ECOLI	979163	4.93e-89	30.599
sp|P0DTT0|BIPA_ECOLI	1418843	9.86e-24	38.255
sp|P37650|BCSC_ECOLI	1278739	4.79e-05	28.873
sp|Q47536|YAIP_ECOLI	1746173	8.43e-09	25.000
sp|P33345|YEHF_ECOLI	1388439	0.084	26.136
sp|Q46858|YQHG_ECOLI	1437856	0.011	24.138
sp|P37617|ZNTA_ECOLI	939207	1.29e-25	24.065
sp|P23841|XAPR_ECOLI	933584	0.059	48.571
sp|P75697|YAIX_ECOLI	1619371	0.016	23.308
sp|P24555|PTRB_ECOLI	1713939	1.47e-41	24.742
sp|P0A7E9|PYRH_ECOLI	1685271	0.002	44.000
sp|P39838|RCSD_ECOLI	1274926	0.004	30.769
sp|P37351|RPIB_ECOLI	1652648	1.89e-38	42.953
sp|P75895|RUTD_ECOLI	1663665	6.53e-08	19.608
sp|P33018|SFGH2_ECOLI	1715216	1.59e-04	23.757
sp|P33018|SFGH2_ECOLI	1715216	0.003	23.214
sp|P0AFF6|NUSA_ECOLI	1619770	0.026	53.571
sp|P77467|PAAG_ECOLI	75464	1.09e-09	27.711
sp|P77467|PAAG_ECOLI	75464	2.67e-07	25.490
sp|P76083|PAAH_ECOLI	1061776	2.01e-21	23.511
sp|P16690|PHNN_ECOLI	1697503	9.97e-05	23.649
sp|P07003|POXB_ECOLI	1285326	2.02e-49	24.508
sp|P0A7J0|RIBB_ECOLI	1740742	1.02e-66	52.261
sp|P25888|RHLE_ECOLI	962679	2.56e-93	41.910
sp|P33022|RIHB_ECOLI	1619412	6.63e-33	28.956
sp|P33643|RLUD_ECOLI	1310748	2.99e-20	27.160
sp|P00448|SODM_ECOLI	1061455	4.56e-39	40.191
sp|P0A9K9|SLYD_ECOLI	1349465	0.011	44.828
sp|P0A8L1|SYS_ECOLI	1697077	3.14e-64	30.968
sp|P0AA53|QMCA_ECOLI	1433977	1.22e-15	25.490
sp|P0A7X3|RS9_ECOLI	63565	6.04e-09	28.358
sp|P39362|SGCE_ECOLI	1701668	6.13e-28	29.442
sp|P23003|TRMA_ECOLI	1316397	2.08e-13	30.457
sp|P37051|PURU_ECOLI	1307634	1.45e-57	39.362
sp|P0A7E3|PYRE_ECOLI	1683916	5.15e-87	58.447
sp|P37744|RMLA1_ECOLI	926296	1.21e-15	27.232
sp|P10442|RNH2_ECOLI	1677721	1.04e-11	29.412
sp|P0AFY2|SANA_ECOLI	1334915	0.008	27.586
sp|P07395|SYFB_ECOLI	995572	1.96e-14	21.538
sp|P30235|PSUK_ECOLI	1006814	0.037	21.698
sp|P0A7H0|RECF_ECOLI	977738	0.011	31.579
sp|P0A9J6|RBSK_ECOLI	1421025	7.37e-40	30.640
sp|P0A877|TRPA_ECOLI	956288	1.01e-43	33.463
sp|P05458|PTRA_ECOLI	1743837	2.16e-101	27.352
sp|P27127|RFAB_ECOLI	1748172	4.54e-10	25.446
sp|P32171|RHAB_ECOLI	979609	1.93e-04	22.000
sp|P0A7R9|RS11_ECOLI	1719796	1.17e-17	36.842
sp|P08395|SPPA_ECOLI	1702475	4.11e-34	26.863
sp|P0A786|PYRB_ECOLI	1355053	2.48e-83	44.728
sp|P04993|RECD_ECOLI	945378	0.002	26.531
sp|P39406|RSMC_ECOLI	1315053	0.022	25.210
sp|P33012|SBMC_ECOLI	1340310	0.003	38.182
sp|P11875|SYR_ECOLI	1750929	8.68e-66	31.016
sp|P27302|TKT1_ECOLI	1684150	0.0	46.936
sp|P39288|QUEG_ECOLI	1341048	0.075	25.862
sp|P0A7I7|RIBA_ECOLI	1299445	4.79e-48	56.154
sp|P0AG71|RMUC_ECOLI	1289892	0.008	27.184
sp|P33594|NIKE_ECOLI	1030624	6.89e-25	32.227
sp|P0A9L5|PPIC_ECOLI	1031793	1.67e-10	39.744
sp|P0A6U5|RSMG_ECOLI	463448	0.014	26.415
sp|P52045|SCPB_ECOLI	75464	1.17e-05	23.913
sp|P0AC41|SDHA_ECOLI	1702000	2.54e-138	40.884
sp|P22333|ADD_ECOLI	923376	1.62e-19	23.006
sp|P77390|CITC_ECOLI	1726522	0.005	25.108
sp|P63284|CLPB_ECOLI	1423640	0.0	56.160
sp|P77808|CINAL_ECOLI	1434065	1.39e-13	40.659
sp|P0A6I9|COAE_ECOLI	1713900	1.02e-27	33.498
sp|P68699|ATPL_ECOLI	1626982	0.051	35.714
sp|P0AAF3|ARAG_ECOLI	1421644	5.02e-19	31.188
sp|P0AAF3|ARAG_ECOLI	1421644	1.18e-07	23.786
sp|P0AAF3|ARAG_ECOLI	1421644	5.70e-04	23.618
sp|P77398|ARNA_ECOLI	1753808	2.53e-19	26.012
sp|P36659|CBPA_ECOLI	1659458	2.58e-20	25.360
sp|P45955|CPOB_ECOLI	1615780	0.024	24.752
sp|P60844|AQPZ_ECOLI	1680131	1.64e-26	34.225
sp|P12008|AROC_ECOLI	1663736	1.10e-109	47.895
sp|P06864|BGA2_ECOLI	1436824	3.43e-136	30.923
sp|P0AEC5|BARA_ECOLI	1060366	5.83e-30	35.470
sp|P0AEC5|BARA_ECOLI	1060366	4.36e-15	36.364
sp|P0AEC5|BARA_ECOLI	1060366	1.78e-11	40.206
sp|P12998|BIOF_ECOLI	1072353	6.04e-41	26.801
sp|P0A9J8|CMPDT_ECOLI	1655007	1.06e-48	31.026
sp|P00561|AK1H_ECOLI	1711754	4.02e-61	36.857
sp|P23910|ARAJ_ECOLI	1311008	6.62e-04	22.439
sp|P00968|CARB_ECOLI	1355053	0.0	43.858
sp|P64467|CNU_ECOLI	1009112	0.091	36.000
sp|P24224|ACPS_ECOLI	1057780	0.002	21.094
sp|P0AC28|5FCL_ECOLI	1695323	1.10e-10	27.879
sp|P00509|AAT_ECOLI	1628948	2.56e-96	40.306
sp|P27297|BAX_ECOLI	1049051	0.072	37.500
sp|P31552|CAIC_ECOLI	1295213	2.31e-50	27.651
sp|P76236|CDGI_ECOLI	1674276	0.007	27.481
sp|P05100|3MG1_ECOLI	584433	3.08e-50	42.857
sp|Q06067|ATOS_ECOLI	1042482	1.32e-04	21.918
sp|P0ABD3|BFR_ECOLI	1616182	1.78e-08	25.325
sp|P76518|ACOCT_ECOLI	1316985	1.73e-15	26.961
sp|P11447|ARLY_ECOLI	1686504	9.62e-136	46.389
sp|P0AB91|AROG_ECOLI	1624082	2.71e-159	62.571
sp|P76459|ATOA_ECOLI	1438943	0.023	24.038
sp|Q06065|ATOC_ECOLI	956693	2.58e-11	29.231
sp|P06611|BTUD_ECOLI	1034059	9.74e-14	28.017
sp|P05637|APAH_ECOLI	1277160	6.78e-05	24.699
sp|P52086|COBC_ECOLI	1686979	1.10e-07	28.108
sp|P23878|FEPC_ECOLI	617049	3.66e-21	31.088
sp|P07821|FHUC_ECOLI	1030624	1.57e-21	29.386
sp|P0A6T3|GAL1_ECOLI	1618174	1.05e-56	29.949
sp|P22256|GABT_ECOLI	1337053	1.05e-54	31.605
sp|P0A9S3|GATD_ECOLI	1675079	1.11e-19	24.198
sp|P0C8J6|GATY_ECOLI	923926	1.89e-20	26.235
sp|P06715|GSHR_ECOLI	1623564	9.08e-46	29.957
sp|P0CF49|INC10_ECOLI	1662680	0.049	30.556
sp|P0CF40|INSC1_ECOLI	1662680	0.049	30.556
sp|P69212|MDTJ_ECOLI	1618129	8.45e-11	31.731
sp|P23882|FMT_ECOLI	1307634	0.001	28.037
sp|P0AFS3|FOLM_ECOLI	1681616	2.90e-05	25.153
sp|P45543|FRLD_ECOLI	1421025	1.99e-06	34.211
sp|P0A6F3|GLPK_ECOLI	985494	2.47e-20	25.055
sp|P15038|HELD_ECOLI	1076314	4.15e-05	22.283
sp|P07109|HISP_ECOLI	1030624	4.48e-41	39.565
sp|P05791|ILVD_ECOLI	1616581	2.99e-112	36.438
sp|P00894|ILVH_ECOLI	1285501	2.20e-22	31.915
sp|P0ACD4|ISCU_ECOLI	939029	6.04e-49	64.800
sp|P45395|KDSD_ECOLI	1680134	0.079	27.027
sp|P15005|MCRB_ECOLI	1402510	0.018	30.275
sp|P0AE18|MAP1_ECOLI	1060896	1.67e-77	47.809
sp|P0AE18|MAP1_ECOLI	1060896	0.022	38.776
sp|P0AAE5|ARCD_ECOLI	41060	8.79e-04	21.658
sp|P15034|AMPP_ECOLI	1738591	3.42e-54	36.727
sp|P15034|AMPP_ECOLI	1738591	7.03e-09	28.689
sp|P22106|ASNB_ECOLI	1682263	0.031	34.722
sp|P13039|FES_ECOLI	1268458	5.57e-08	21.405
sp|P13039|FES_ECOLI	1268458	1.27e-06	20.968
sp|P13039|FES_ECOLI	1268458	6.21e-04	20.623
sp|P75942|FLGJ_ECOLI	1049051	5.03e-19	30.851
sp|P04079|GUAA_ECOLI	1672574	0.0	52.841
sp|P23481|HYFA_ECOLI	1341048	0.009	27.778
sp|P0A707|IF3_ECOLI	1383590	0.037	26.966
sp|P0AEZ3|MIND_ECOLI	930966	1.48e-06	22.500
sp|P08660|AK3_ECOLI	1338764	7.81e-48	28.958
sp|P0ADF6|EDD_ECOLI	1616581	1.03e-55	30.261
sp|P62707|GPMA_ECOLI	1010705	8.78e-08	35.417
sp|P0A7A2|GPMB_ECOLI	1686979	1.51e-12	32.105
sp|P0CI31|HCAB_ECOLI	1719679	1.69e-09	27.320
sp|P60546|KGUA_ECOLI	1697503	2.17e-42	41.758
sp|P77739|KT3K_ECOLI	1672466	5.75e-25	27.083
sp|P30958|MFD_ECOLI	1070393	2.85e-06	24.691
sp|P0C0T5|MEPA_ECOLI	924233	0.032	39.394
sp|P54746|MNGB_ECOLI	1702466	8.31e-16	20.141
sp|P76052|ABGB_ECOLI	1665698	5.08e-48	27.468
sp|P10371|HIS4_ECOLI	1626061	1.88e-07	23.629
sp|P52062|HEMW_ECOLI	1623992	7.96e-07	21.765
sp|P0A6Z1|HSCA_ECOLI	1358873	9.60e-95	34.637
sp|P0A6Z1|HSCA_ECOLI	1358873	9.60e-94	34.528
sp|P57998|INSB4_ECOLI	1302962	0.035	28.358
sp|P0AB80|ILVE_ECOLI	542428	2.14e-21	27.545
sp|P0AEW6|INGK_ECOLI	939041	0.024	25.373
sp|P0A6I0|KCY_ECOLI	1635896	1.93e-15	25.751
sp|P69210|MDTI_ECOLI	1618129	3.77e-11	34.259
sp|P0A6W3|MRAY_ECOLI	1669310	2.11e-04	25.664
sp|P77357|ABGA_ECOLI	1616392	1.80e-07	26.351
sp|P0A6N4|EFP_ECOLI	1428588	0.094	29.091
sp|P38135|FADK_ECOLI	1743265	3.52e-42	26.374
sp|P08192|FOLC_ECOLI	1654774	1.07e-37	26.711
sp|P0AA80|GARP_ECOLI	1622659	0.034	22.330
sp|P0AEP9|GLCD_ECOLI	1682640	5.80e-35	26.134
sp|P68066|GRCA_ECOLI	1050993	2.07e-24	73.333
sp|P0AES4|GYRA_ECOLI	954955	4.95e-14	23.810
sp|P0CF50|INC11_ECOLI	1662680	0.049	30.556
sp|P0CF47|INSC8_ECOLI	1662680	0.049	30.556
sp|P0AEX3|KGTP_ECOLI	1288577	8.06e-14	27.511
sp|Q93K97|ADPP_ECOLI	1048970	0.001	29.474
sp|P31442|EMRD_ECOLI	1036808	1.16e-10	31.200
sp|P77712|FADM_ECOLI	1303617	0.007	23.308
sp|P32055|FCL_ECOLI	1006455	3.95e-43	27.134
sp|P32674|GRE1_ECOLI	1304994	1.88e-39	24.006
sp|P09391|GLPG_ECOLI	1061633	3.29e-04	31.000
sp|P0CF45|INSC6_ECOLI	1662680	0.049	30.556
sp|P0C054|IBPA_ECOLI	1693467	3.77e-07	25.000
sp|P39380|KPTA_ECOLI	1681890	2.87e-17	28.571
sp|P77257|LSRA_ECOLI	1033905	1.38e-18	27.193
sp|P77257|LSRA_ECOLI	1033905	4.99e-12	24.324
sp|P77257|LSRA_ECOLI	1033905	2.09e-11	26.316
sp|P77257|LSRA_ECOLI	1033905	9.65e-09	22.330
sp|P63386|MLAF_ECOLI	1030624	1.70e-26	33.663
sp|P0AFV4|MEPS_ECOLI	1731387	2.98e-15	41.667
sp|P24186|FOLD_ECOLI	1046184	2.06e-64	42.808
sp|P0AC19|FOLX_ECOLI	1304486	0.001	23.077
sp|P0AEP1|GALP_ECOLI	1288838	3.53e-63	32.136
sp|P0ACE7|HINT_ECOLI	1292497	1.15e-14	38.095
sp|P51020|HOA_ECOLI	1743162	4.35e-06	23.396
sp|P05793|ILVC_ECOLI	1000805	5.36e-22	27.113
sp|P39346|IDND_ECOLI	1352188	2.60e-26	28.895
sp|P24182|ACCC_ECOLI	1035532	1.66e-74	31.621
sp|P25553|ALDA_ECOLI	1638430	3.44e-36	25.280
sp|P0AB65|ACYP_ECOLI	1275853	1.92e-11	44.262
sp|P77304|DTPA_ECOLI	1639654	1.79e-51	25.224
sp|P0A8N7|EPMA_ECOLI	984386	7.36e-34	27.778
sp|P0AC23|FOCA_ECOLI	108727	3.69e-33	31.985
sp|P0A9C5|GLN1B_ECOLI	246499	2.06e-07	30.282
sp|P60664|HIS6_ECOLI	1626061	1.48e-38	32.704
sp|P0A9M2|HPRT_ECOLI	1295160	9.78e-27	32.571
sp|P08142|ILVB_ECOLI	1285326	9.84e-145	40.909
sp|P10423|IAP_ECOLI	1428210	0.074	30.612
sp|P0A9P9|IDNO_ECOLI	1280456	8.05e-23	31.250
sp|P0A9P9|IDNO_ECOLI	1280456	1.63e-15	29.032
sp|P22939|ISPA_ECOLI	1722827	5.60e-09	29.101
sp|P0AEX5|KPPR_ECOLI	958095	0.007	28.261
sp|P37127|AEGA_ECOLI	1642497	5.23e-64	33.263
sp|P0A6M8|EFG_ECOLI	1418843	2.00e-19	38.562
sp|P0A6M8|EFG_ECOLI	1418843	4.36e-05	25.281
sp|P0A6M8|EFG_ECOLI	1418843	0.001	26.174
sp|P0A9W3|ETTA_ECOLI	948401	3.07e-59	29.456
sp|P0A9W3|ETTA_ECOLI	948401	1.15e-17	29.098
sp|P0A9W3|ETTA_ECOLI	948401	4.87e-04	30.556
sp|P75849|GLO22_ECOLI	1734254	3.79e-49	40.952
sp|P0AES6|GYRB_ECOLI	954955	3.77e-38	27.977
sp|P60757|HIS1_ECOLI	926804	1.44e-40	33.444
sp|P30131|HYPF_ECOLI	1668494	0.006	29.518
sp|P46889|FTSK_ECOLI	1737333	0.003	38.333
sp|P32662|GPH_ECOLI	1723566	2.70e-18	26.697
sp|P63228|GMHBB_ECOLI	1670484	0.022	29.688
sp|P76658|HLDE_ECOLI	1433465	2.90e-10	36.486
sp|P76658|HLDE_ECOLI	1433465	8.44e-07	38.667
sp|Q46893|ISPD_ECOLI	1279346	2.02e-17	27.778
sp|P0AD61|KPYK1_ECOLI	1297137	1.93e-80	36.538
sp|P0AGC5|MLTF_ECOLI	1036128	4.35e-05	23.932
sp|P0A6D3|AROA_ECOLI	1023811	4.19e-87	41.412
sp|P23895|EMRE_ECOLI	1618129	8.30e-17	39.623
sp|Q47146|FADE_ECOLI	1682780	0.005	27.465
sp|P33650|FEOB_ECOLI	1434832	1.48e-115	32.647
sp|P45523|FKBA_ECOLI	1671593	3.13e-19	43.548
sp|P21345|GLTP_ECOLI	1044800	1.76e-22	26.077
sp|P0A717|KPRS_ECOLI	1672510	6.57e-98	49.367
sp|P76329|MPGP_ECOLI	1361982	3.98e-04	23.308
sp|P31060|MODF_ECOLI	1408104	1.62e-15	29.864
sp|P31060|MODF_ECOLI	1408104	6.62e-09	23.013
sp|P31060|MODF_ECOLI	1408104	0.009	22.289
sp|P0A6A6|LEUC_ECOLI	1740755	2.34e-41	28.571
sp|P75958|LOLE_ECOLI	1012410	0.014	24.731
sp|P22731|LIVF_ECOLI	1699406	3.05e-28	33.333
sp|P22731|LIVF_ECOLI	1699406	3.91e-13	25.000
sp|P38051|MENF_ECOLI	1356638	7.50e-17	26.545
sp|P36554|MDTD_ECOLI	1622659	1.24e-26	35.644
sp|P23830|PSS_ECOLI	1037346	1.27e-07	27.950
sp|P0A7E1|PYRD_ECOLI	1699796	2.31e-53	39.628
sp|P0AFB5|NTRB_ECOLI	1060366	7.60e-04	21.212
sp|P0AFB5|NTRB_ECOLI	1060366	0.014	30.851
sp|P45799|NUDE_ECOLI	1048970	1.26e-05	30.702
sp|P36938|PGM_ECOLI	1049917	4.88e-18	26.411
sp|P0A9K1|PHOH_ECOLI	1421095	0.002	28.090
sp|P78061|PUUA_ECOLI	1317846	1.21e-05	32.500
sp|P0AB89|PUR8_ECOLI	38145	1.74e-08	24.510
sp|P0AAH0|PSTB_ECOLI	998696	2.60e-27	30.000
sp|P0AAH0|PSTB_ECOLI	998696	2.63e-12	32.632
sp|P76425|RCNA_ECOLI	945887	0.048	25.676
sp|P77212|RCLA_ECOLI	1669783	3.48e-53	27.079
sp|P15043|RECQ_ECOLI	911960	1.18e-102	36.654
sp|P76027|OPPD_ECOLI	1285209	1.30e-19	25.000
sp|P0C7L2|PAAJ_ECOLI	1082680	1.93e-59	32.668
sp|P05055|PNP_ECOLI	1652910	7.90e-09	27.044
sp|P14175|PROV_ECOLI	1030624	5.54e-35	36.098
sp|P0AG16|PUR1_ECOLI	1088290	0.0	57.283
sp|P05020|PYRC_ECOLI	1743004	6.03e-59	35.294
sp|P37624|RBBA_ECOLI	1011064	5.51e-34	31.203
sp|P37624|RBBA_ECOLI	1011064	3.31e-28	26.014
sp|P37624|RBBA_ECOLI	1011064	1.32e-25	29.032
sp|P37624|RBBA_ECOLI	1011064	3.89e-21	28.870
sp|P0AG30|RHO_ECOLI	1667505	0.003	21.901
sp|P37765|RLUB_ECOLI	1417332	0.070	24.088
sp|P0A8V2|RPOB_ECOLI	1624786	1.41e-25	31.600
sp|P0A8V2|RPOB_ECOLI	1624786	8.83e-08	27.273
sp|P0A8V2|RPOB_ECOLI	1624786	3.11e-04	28.846
sp|P0AEY8|MDFA_ECOLI	1727384	1.27e-08	25.882
sp|P23836|PHOP_ECOLI	1023336	2.92e-09	33.010
sp|P07001|PNTA_ECOLI	1654155	1.15e-07	23.834
sp|P17888|PRIA_ECOLI	1004291	0.012	20.092
sp|P37013|NORR_ECOLI	1288836	8.46e-04	28.481
sp|P16677|PHNC_ECOLI	1030624	2.37e-26	29.339
sp|P0AG18|PURE_ECOLI	1750988	3.65e-37	49.677
sp|P25539|RIBD_ECOLI	1694524	2.07e-07	23.288
sp|P0AF93|RIDA_ECOLI	1711039	5.75e-30	45.528
sp|P22564|RIHC_ECOLI	1619412	1.87e-28	28.904
sp|P69451|LCFA_ECOLI	1743265	1.41e-45	25.735
sp|P25744|MDTG_ECOLI	1622659	9.83e-09	25.862
sp|P12282|MOEB_ECOLI	1416886	2.20e-23	34.000
sp|P37596|NORW_ECOLI	1623564	2.36e-12	27.933
sp|P42588|PAT_ECOLI	1678873	2.93e-73	36.364
sp|P43676|PITB_ECOLI	1365548	1.62e-11	21.364
sp|P0ABF8|PGSA_ECOLI	982082	6.36e-12	27.419
sp|P08400|PHOR_ECOLI	1042482	2.92e-08	33.628
sp|P08400|PHOR_ECOLI	1042482	0.013	24.667
sp|P77495|PRPE_ECOLI	1295213	3.31e-17	26.385
sp|P0AFU8|RISA_ECOLI	1652525	8.69e-35	38.914
sp|P0ABU0|MENB_ECOLI	996927	2.33e-10	23.256
sp|P77044|MHPC_ECOLI	1719736	7.92e-09	32.117
sp|P23367|MUTL_ECOLI	1434610	7.17e-55	35.928
sp|P0AAL3|NAPG_ECOLI	626241	0.076	31.579
sp|P31678|OTSB_ECOLI	1084515	1.30e-09	24.265
sp|P25906|PDXI_ECOLI	1623258	7.19e-21	24.092
sp|P16691|PHNO_ECOLI	1694214	0.008	31.818
sp|P16692|PHNP_ECOLI	1672446	8.25e-06	21.382
sp|P0AFJ7|PITA_ECOLI	1616556	3.36e-08	22.078
sp|P00490|PHSM_ECOLI	1277337	0.0	47.020
sp|P0A754|KEFF_ECOLI	356260	8.20e-29	33.708
sp|P39400|LGOD_ECOLI	1352188	1.56e-21	29.123
sp|P0A9V1|LPTB_ECOLI	1427934	2.05e-33	34.241
sp|P00935|METB_ECOLI	1672474	3.08e-105	40.838
sp|P0AAF1|POTE_ECOLI	41060	3.38e-13	23.544
sp|P18335|ARGD_ECOLI	1678873	3.62e-98	40.420
sp|P0A9Q1|ARCA_ECOLI	956693	1.54e-06	27.273
sp|P17169|GLMS_ECOLI	616852	1.24e-137	37.192
sp|P07762|GLGB_ECOLI	1045621	8.65e-50	27.957
sp|P17109|MEND_ECOLI	1285326	4.27e-06	31.132
sp|P02920|LACY_ECOLI	1312009	0.052	38.636
sp|Q46888|LTND_ECOLI	1615861	9.57e-20	25.877
sp|P77791|MAA_ECOLI	1681003	6.15e-44	37.363
sp|P16384|MIAA_ECOLI	1012201	9.84e-33	24.928
sp|P0A9X4|MREB_ECOLI	1358873	4.25e-08	28.283
sp|P0A9X4|MREB_ECOLI	1358873	4.25e-08	28.283
sp|P0AFA7|NHAB_ECOLI	1748611	0.001	22.561
sp|P0AFB1|NLPI_ECOLI	1287104	5.66e-04	26.316
sp|P32712|NRFG_ECOLI	1422491	6.47e-05	26.667
sp|P0AFI0|OXC_ECOLI	1285326	2.02e-38	24.020
sp|P24207|PHEP_ECOLI	41060	2.85e-12	23.288
sp|P29745|PEPT_ECOLI	1685136	0.003	42.000
sp|P77150|PDXY_ECOLI	238088	0.024	26.136
sp|P0AFM6|PSPA_ECOLI	1421421	6.84e-04	20.976
sp|P60061|ADIC_ECOLI	41060	1.48e-12	22.034
sp|P32705|ACTP_ECOLI	1620467	3.75e-06	23.333
sp|P0AB58|LAPB_ECOLI	1024960	0.002	23.256
sp|P09151|LEU1_ECOLI	1702621	1.49e-120	40.625
sp|P21645|LPXD_ECOLI	1649454	2.72e-04	34.783
sp|P30750|METN_ECOLI	1030624	1.54e-36	32.751
sp|P31806|NNR_ECOLI	1670210	4.97e-17	27.468
sp|P06960|OTC2_ECOLI	1714351	3.42e-60	37.209
sp|P07654|PSTA_ECOLI	1378278	0.058	30.769
sp|P37651|GUN_ECOLI	1051950	2.46e-09	25.926
sp|P0ABZ4|KDSC_ECOLI	1693192	0.003	35.135
sp|P0AB77|KBL_ECOLI	1024613	1.12e-62	34.375
sp|P77432|LSRK_ECOLI	985494	4.22e-25	25.482
sp|P23909|MUTS_ECOLI	986808	1.27e-81	31.780
sp|P33593|NIKD_ECOLI	1030624	5.04e-22	32.727
sp|P0ADA3|NLPD_ECOLI	1696453	0.017	52.941
sp|P08179|PUR3_ECOLI	1623835	5.22e-37	39.130
sp|P0A9Q7|ADHE_ECOLI	1021847	0.0	50.690
sp|P0AB93|ARSB_ECOLI	1748611	6.04e-11	20.936
sp|P30015|LHR_ECOLI	1008568	1.32e-14	24.500
sp|P15006|MCRC_ECOLI	644162	0.008	27.586
sp|P41036|NANT_ECOLI	1352188	4.02e-24	25.472
sp|P0AAE2|PROY_ECOLI	41060	2.12e-09	19.547
sp|P0ACP7|PURR_ECOLI	1328610	0.010	23.364
sp|P0A8K1|PSD_ECOLI	918105	4.31e-29	30.888
sp|P15254|PUR4_ECOLI	964381	0.0	54.201
sp|P06721|METC_ECOLI	1634738	5.20e-57	32.047
sp|P08201|NIRB_ECOLI	1623564	6.99e-04	20.221
sp|P63020|NFUA_ECOLI	1040496	2.28e-07	29.070
sp|P0ACC1|PRMC_ECOLI	1303648	6.63e-17	29.189
sp|P37906|PUUB_ECOLI	1056669	5.79e-09	24.938
sp|P0DMC5|RCSC_ECOLI	1042482	9.84e-16	37.647
sp|P0DMC5|RCSC_ECOLI	1042482	2.32e-15	36.975
sp|P0DMC5|RCSC_ECOLI	1042482	1.45e-09	33.621
sp|P0AEX9|MALE_ECOLI	1057476	1.13e-04	47.727
sp|P37353|MENE_ECOLI	1695112	4.11e-23	26.989
sp|P0A9N8|NRDG_ECOLI	1042227	1.17e-06	22.152
sp|P0A729|NTPPB_ECOLI	1301239	1.05e-07	30.435
sp|P25536|NTPPA_ECOLI	1301239	8.46e-14	34.746
sp|P25536|NTPPA_ECOLI	1301239	8.71e-14	54.386
sp|P00634|PPB_ECOLI	1737770	3.36e-27	28.060
sp|P76440|PRET_ECOLI	1642497	2.85e-28	26.009
sp|P23883|PUUC_ECOLI	1638430	1.70e-31	23.059
sp|P05704|MCP3_ECOLI	1427843	0.100	23.780
sp|P0AF06|MOTB_ECOLI	1289545	0.066	29.730
sp|P16926|MREC_ECOLI	1618130	2.19e-04	29.577
sp|P30745|MOAA_ECOLI	1301860	7.34e-07	21.333
sp|P0A763|NDK_ECOLI	1022630	7.48e-39	46.324
sp|P0AFD1|NUOE_ECOLI	993995	1.12e-28	32.948
sp|P42641|OBG_ECOLI	1064664	2.21e-13	32.812
sp|P39386|MDTM_ECOLI	1036808	1.35e-07	30.769
sp|P24175|MANB_ECOLI	1303957	2.00e-04	25.500
sp|P0AF03|MOG_ECOLI	1296155	0.025	24.490
sp|P08373|MURB_ECOLI	1648049	6.96e-13	23.547
sp|P0AAL0|NAPF_ECOLI	1341048	0.022	28.440
sp|P18843|NADE_ECOLI	1644846	8.42e-05	31.356
sp|P0AFJ5|PHOB_ECOLI	1042482	2.75e-07	32.584
sp|P0AAG5|MDLB_ECOLI	1315833	6.41e-57	30.333
sp|P0AAG5|MDLB_ECOLI	1315833	3.54e-37	25.273
sp|P76558|MAO2_ECOLI	1742806	3.29e-14	24.302
sp|P0AEZ7|MLTD_ECOLI	1673410	0.035	25.472
sp|P0A742|MSCL_ECOLI	1675196	4.89e-21	35.659
sp|P30011|NADC_ECOLI	1270497	3.61e-35	32.237
sp|Q46877|NORV_ECOLI	1278327	0.038	28.966
sp|P23898|NLPC_ECOLI	1731387	5.49e-14	35.644
sp|P31828|PQQL_ECOLI	1293240	4.30e-13	27.907
sp|P0A7B5|PROB_ECOLI	1724789	8.57e-72	38.133
sp|P36683|ACNB_ECOLI	1074553	1.89e-21	27.649
sp|P77671|ALLB_ECOLI	1353021	6.56e-04	19.087
sp|P0ACA7|GSTB_ECOLI	1699581	7.26e-05	21.302
sp|P43329|HRPA_ECOLI	1306151	6.28e-129	35.921
sp|P77319|HSCC_ECOLI	1358873	1.11e-69	32.411
sp|P77319|HSCC_ECOLI	1358873	8.07e-67	31.746
sp|P37024|HRPB_ECOLI	1306151	1.63e-67	34.194
sp|P0CF41|INSC2_ECOLI	1662680	0.049	30.556
sp|P76008|LDCA_ECOLI	924506	0.010	32.143
sp|P02942|MCP1_ECOLI	1647010	0.031	25.000
sp|P61889|MDH_ECOLI	999789	4.21e-114	58.176
sp|P76264|MNTP_ECOLI	923662	2.79e-26	31.053
sp|P23872|AES_ECOLI	1297514	4.12e-12	22.768
sp|P0AF08|APBC_ECOLI	1749484	9.48e-77	45.098
sp|P69503|APT_ECOLI	1042753	1.99e-35	39.444
sp|P0A6V1|GLGC_ECOLI	945236	4.78e-11	24.586
sp|P23871|HEMH_ECOLI	1679206	6.30e-19	25.758
sp|P76340|HPRR_ECOLI	956693	8.60e-10	28.226
sp|P26281|HPPK_ECOLI	1304486	3.30e-25	40.876
sp|P37340|MDTK_ECOLI	924875	1.99e-33	24.736
sp|P25665|METE_ECOLI	1664476	0.0	47.754
sp|P17117|NFSA_ECOLI	1745210	1.17e-50	35.060
sp|P77256|AKRMG_ECOLI	1305233	7.39e-44	31.447
sp|P77650|HCAD_ECOLI	1728454	0.003	24.793
sp|P0A9D2|GSTA_ECOLI	1740743	1.10e-06	28.276
sp|P21866|KDPE_ECOLI	956693	2.91e-09	29.134
sp|P0AEZ1|METF_ECOLI	999939	5.60e-48	32.384
sp|P09833|MODC_ECOLI	1030624	9.30e-26	33.158
sp|P0A962|ASPG1_ECOLI	1310604	5.87e-92	41.388
sp|P23908|ARGE_ECOLI	1729791	1.23e-05	31.858
sp|P09831|GLTB_ECOLI	1642497	0.0	43.190
sp|P76641|GUAD_ECOLI	990893	0.093	27.966
sp|P36553|HEM6_ECOLI	121710	2.19e-22	23.841
sp|P0AB74|KBAY_ECOLI	1312117	1.79e-17	23.373
sp|P25522|MNME_ECOLI	1712169	1.64e-05	25.610
sp|P31802|NARP_ECOLI	1023336	0.003	25.641
sp|P68739|NFI_ECOLI	1036713	6.71e-29	32.353
sp|P00805|ASPG2_ECOLI	1310604	2.58e-08	24.201
sp|P0ABB4|ATPB_ECOLI	1706307	0.0	63.966
sp|P76041|GGAP_ECOLI	1724954	1.69e-04	21.687
sp|P23873|HIPB_ECOLI	1741591	0.073	44.444
sp|P0A756|KEFG_ECOLI	463649	2.96e-28	34.459
sp|P17802|MUTY_ECOLI	1294203	3.53e-54	33.654
sp|P31600|NFRA_ECOLI	945981	0.075	32.203
sp|P00363|FRDA_ECOLI	1702000	1.42e-87	30.928
sp|P46846|GNTX_ECOLI	1280324	0.015	34.328
sp|P0AER0|GLPF_ECOLI	1680131	1.84e-08	26.570
sp|P00547|KHSE_ECOLI	999651	2.90e-24	29.139
sp|P37685|ALDB_ECOLI	1638430	1.48e-24	23.673
sp|P77581|ASTC_ECOLI	1678873	5.55e-106	40.657
sp|P0CE48|EFTU2_ECOLI	1418850	4.70e-42	30.493
sp|P77399|FADJ_ECOLI	1061776	1.63e-17	27.228
sp|P61949|FLAV_ECOLI	623223	0.002	28.205
sp|P61949|FLAV_ECOLI	623223	0.042	24.277
sp|P0A825|GLYA_ECOLI	1722220	4.26e-119	48.969
sp|P77161|GLXR_ECOLI	1615861	5.00e-32	30.315
sp|P60560|GUAC_ECOLI	1728051	1.54e-172	65.607
sp|P23894|HTPX_ECOLI	1307072	8.29e-08	37.879
sp|P0CF44|INSC5_ECOLI	1662680	0.049	30.556
sp|P03960|KDPB_ECOLI	1320245	6.07e-24	23.191
sp|P0A720|KTHY_ECOLI	1699921	1.17e-07	27.228
sp|P52643|LDHD_ECOLI	602687	8.36e-120	52.744
sp|P76112|MNAT_ECOLI	1051521	2.08e-14	26.257
sp|P0AEI1|MIAB_ECOLI	1051712	5.21e-43	29.526
sp|P37355|MENH_ECOLI	992353	1.48e-04	26.923
sp|P09551|ARGT_ECOLI	1036128	3.04e-16	25.207
sp|P09551|ARGT_ECOLI	1036128	1.56e-10	22.222
sp|P09551|ARGT_ECOLI	1036128	1.26e-06	23.237
sp|P09551|ARGT_ECOLI	1036128	1.41e-05	23.707
sp|P09551|ARGT_ECOLI	1036128	6.58e-05	23.009
sp|P09551|ARGT_ECOLI	1036128	0.012	19.915
sp|P0AEU0|HISJ_ECOLI	1036128	8.67e-21	29.915
sp|P0AEU0|HISJ_ECOLI	1036128	6.51e-13	25.105
sp|P0AEU0|HISJ_ECOLI	1036128	3.19e-11	25.941
sp|P0AEU0|HISJ_ECOLI	1036128	5.46e-09	26.609
sp|P0AEU0|HISJ_ECOLI	1036128	1.25e-07	23.013
sp|P0AEU0|HISJ_ECOLI	1036128	6.79e-06	24.051
sp|P30125|LEU3_ECOLI	1074553	1.93e-86	45.288
sp|P37330|MASZ_ECOLI	1406278	0.052	39.474
sp|Q47690|MMUM_ECOLI	1694214	3.44e-89	43.791
sp|P76190|MEPH_ECOLI	1731387	1.08e-06	29.167
sp|P76085|PAAK_ECOLI	1650770	0.054	24.348
sp|P0A951|ATDA_ECOLI	1623067	3.97e-05	41.818
sp|P77423|HYFH_ECOLI	623223	0.011	23.457
sp|P0CF42|INSC3_ECOLI	1662680	0.049	30.556
sp|P75957|LOLD_ECOLI	1030624	1.06e-53	40.088
sp|P33232|LLDD_ECOLI	1727912	1.64e-68	37.228
sp|P0C0S1|MSCS_ECOLI	1087167	0.005	22.857
sp|P39285|MSCM_ECOLI	1087167	6.25e-04	28.302
sp|P0AF24|NAGD_ECOLI	1670484	2.86e-19	25.725
sp|P10902|NADB_ECOLI	929275	0.0	53.282
sp|P77258|NEMA_ECOLI	1282082	1.73e-42	32.869
sp|P32664|NUDC_ECOLI	280880	1.15e-17	29.747
sp|P0A784|ORN_ECOLI	951699	6.57e-40	42.405
sp|P77455|PAAZ_ECOLI	1638430	7.32e-07	23.684
sp|P0CF43|INSC4_ECOLI	1662680	0.049	30.556
sp|P0A6B7|ISCS_ECOLI	1061736	0.0	60.100
sp|P37647|KDGK_ECOLI	939041	3.81e-08	32.500
sp|P77265|MDLA_ECOLI	1435959	8.88e-72	29.637
sp|P77265|MDLA_ECOLI	1435959	4.92e-49	28.416
sp|P75831|MACB_ECOLI	1030624	6.06e-51	42.601
sp|P0AFF4|NUPG_ECOLI	1717158	7.86e-127	44.836
sp|P0AA16|OMPR_ECOLI	1023336	1.22e-10	25.175
sp|P20083|PARE_ECOLI	954955	1.08e-34	25.437
sp|P0CF48|INSC9_ECOLI	1662680	0.049	30.556
sp|P02921|MELB_ECOLI	1353136	3.04e-12	27.513
sp|P32675|PFLC_ECOLI	1042474	1.40e-08	24.314
sp|P0A9S7|LIVG_ECOLI	1002242	4.21e-24	31.925
sp|P0A722|LPXA_ECOLI	1681003	0.005	35.938
sp|P0AEY5|MDAB_ECOLI	463649	1.60e-11	32.593
sp|P68187|MALK_ECOLI	1281161	2.41e-27	31.000
sp|P0AEI6|NUDJ_ECOLI	1746973	1.34e-04	24.490
sp|P00903|PABA_ECOLI	953307	6.31e-75	58.152
sp|P0AC86|PHSG_ECOLI	1277337	0.0	49.551
sp|P27250|AHR_ECOLI	1709720	8.59e-77	39.118
sp|P0AB71|ALF_ECOLI	96401	3.58e-167	61.064
sp|P25737|LYSP_ECOLI	41060	1.90e-12	23.293
sp|P31462|MDTL_ECOLI	1706846	4.65e-13	28.571
sp|P77589|MHPT_ECOLI	1352188	6.41e-09	22.865
sp|Q47689|MMUP_ECOLI	41060	1.17e-13	25.000
sp|P0A6D7|AROK_ECOLI	1023811	3.81e-10	29.167
sp|P0A6E1|AROL_ECOLI	1023811	3.78e-15	29.530
sp|P0A7B8|HSLV_ECOLI	1329818	0.078	23.529
sp|P0A705|IF2_ECOLI	1272777	2.62e-32	27.715
sp|P30126|LEUD_ECOLI	987466	1.70e-13	29.936
sp|P39371|NANM_ECOLI	1735310	2.78e-05	32.500
sp|P11349|NARH_ECOLI	1025649	0.083	33.333
sp|P40191|PDXK_ECOLI	1747508	1.36e-07	24.904
sp|P0DP89|ILVGP_ECOLI	1285326	1.32e-89	44.000
sp|P37595|IAAA_ECOLI	927231	3.20e-10	32.308
sp|P04968|ILVA_ECOLI	1291492	2.55e-176	50.000
sp|P21599|KPYK2_ECOLI	1297137	8.99e-75	34.798
sp|P03817|MIOC_ECOLI	623223	5.58e-12	30.263
sp|P03817|MIOC_ECOLI	623223	5.74e-11	26.056
sp|P03817|MIOC_ECOLI	623223	5.45e-10	30.833
sp|P03817|MIOC_ECOLI	623223	3.98e-09	30.508
sp|P03817|MIOC_ECOLI	623223	9.00e-08	25.166
sp|P03817|MIOC_ECOLI	623223	1.11e-07	25.166
sp|P03817|MIOC_ECOLI	623223	1.11e-07	25.166
sp|P03817|MIOC_ECOLI	623223	1.11e-07	25.166
sp|P03817|MIOC_ECOLI	623223	1.18e-07	29.915
sp|P03817|MIOC_ECOLI	623223	1.36e-07	28.814
sp|P03817|MIOC_ECOLI	623223	1.88e-07	24.658
sp|P03817|MIOC_ECOLI	623223	1.49e-06	27.049
sp|P03817|MIOC_ECOLI	623223	3.31e-06	25.503
sp|P03817|MIOC_ECOLI	623223	6.86e-05	27.778
sp|P03817|MIOC_ECOLI	623223	9.30e-05	23.026
sp|P03817|MIOC_ECOLI	623223	0.001	24.306
sp|P03817|MIOC_ECOLI	623223	0.002	26.446
sp|P13009|METH_ECOLI	1694214	2.01e-16	22.126
sp|P52006|NUDI_ECOLI	1654201	1.66e-07	30.769
sp|P0A7A9|IPYR_ECOLI	1307720	0.037	29.008
sp|P75987|IRAM_ECOLI	950827	0.061	33.333
sp|P23256|MALY_ECOLI	1717722	2.56e-06	23.649
sp|P76270|MSRC_ECOLI	1659166	3.53e-48	49.296
sp|P76242|NIMT_ECOLI	1008956	0.001	25.000
sp|P31057|PANB_ECOLI	943360	2.52e-58	38.868
sp|P0A9J4|PANE_ECOLI	1297789	7.79e-14	28.070
sp|P31119|AAS_ECOLI	1743265	7.46e-22	23.137
sp|P0AEC3|ARCB_ECOLI	1042482	5.86e-20	39.007
sp|P0AEC3|ARCB_ECOLI	1042482	1.54e-13	36.585
sp|P0AEC3|ARCB_ECOLI	1042482	6.72e-08	41.667
sp|P30860|ARTJ_ECOLI	1306729	3.86e-15	24.444
sp|P30860|ARTJ_ECOLI	1306729	1.27e-12	27.895
sp|P30860|ARTJ_ECOLI	1306729	1.85e-12	22.689
sp|P30860|ARTJ_ECOLI	1306729	8.74e-11	23.556
sp|P30860|ARTJ_ECOLI	1306729	1.01e-07	23.661
sp|P30860|ARTJ_ECOLI	1306729	6.58e-07	24.845
sp|P60785|LEPA_ECOLI	1418843	2.26e-24	39.189
sp|P0ADC3|LOLC_ECOLI	1012410	8.48e-04	27.885
sp|P21517|MALZ_ECOLI	1724954	1.45e-14	22.041
sp|P0A7B3|NADK_ECOLI	1722272	3.64e-27	26.710
sp|P0AFI2|PARC_ECOLI	954955	1.21e-18	25.193
sp|P00887|AROH_ECOLI	1730746	1.10e-137	53.977
sp|P09372|GRPE_ECOLI	1724486	3.62e-21	30.488
sp|P0ACB2|HEM2_ECOLI	1041176	0.012	25.962
sp|P31474|HSRA_ECOLI	1685261	2.23e-30	23.312
sp|P52061|IXTPA_ECOLI	1434764	6.80e-11	27.835
sp|P45522|KEFB_ECOLI	1340301	8.99e-11	23.238
sp|P0AD89|LPTN_ECOLI	1303175	0.032	45.000
sp|P0A817|METK_ECOLI	1375445	1.65e-143	57.527
sp|P60752|MSBA_ECOLI	1435959	7.82e-88	35.968
sp|P60752|MSBA_ECOLI	1435959	4.12e-62	30.297
sp|P28903|NRDD_ECOLI	1026290	3.56e-08	22.470
sp|P0ABC7|HFLK_ECOLI	57516	4.49e-12	23.529
sp|P0ACB4|HEMG_ECOLI	1625125	2.83e-10	24.862
sp|P32131|HEMN_ECOLI	1623992	8.29e-20	22.167
sp|P0AD57|ISPB_ECOLI	1730314	1.63e-17	23.596
sp|P00946|MANA_ECOLI	974950	4.77e-54	31.797
sp|P37677|LYXK_ECOLI	979609	1.04e-23	25.740
sp|P0A752|NADD_ECOLI	919173	0.069	20.940
sp|P75949|NAGZ_ECOLI	1728696	1.58e-34	30.175
sp|P0ADA7|OSMB_ECOLI	1381427	0.050	31.250
sp|P77788|NUDG_ECOLI	1654201	2.63e-05	25.664
sp|P31979|NUOF_ECOLI	1047445	3.64e-105	41.495
sp|P69874|POTA_ECOLI	1030624	9.86e-29	33.190
sp|P0ADZ0|RL23_ECOLI	1352543	5.56e-06	35.385
sp|P42596|RLMG_ECOLI	1686473	0.001	28.829
sp|P52647|NIFJ_ECOLI	623223	0.0	45.101
sp|P0AC65|NRDH_ECOLI	1006814	0.004	34.615
sp|P27298|OPDA_ECOLI	1013019	6.80e-113	31.060
sp|P0A796|PFKA_ECOLI	979988	1.49e-54	38.571
sp|P0A796|PFKA_ECOLI	979988	5.44e-37	30.519
sp|P75905|PGAC_ECOLI	1654705	3.19e-16	38.144
sp|P06999|PFKB_ECOLI	1689250	3.19e-11	24.042
sp|P33221|PURT_ECOLI	1750988	5.58e-22	25.729
sp|P0AEI4|RIMO_ECOLI	1051712	5.84e-29	24.096
sp|P05041|PABB_ECOLI	1356638	4.05e-57	29.476
sp|P0A8V0|RBN_ECOLI	1296380	1.04e-21	33.803
sp|P0A8V0|RBN_ECOLI	1296380	5.61e-12	32.184
sp|P24554|RADA_ECOLI	976400	2.11e-04	27.811
sp|P75782|RLMF_ECOLI	1058900	2.04e-30	27.632
sp|P0AA39|RLUC_ECOLI	1310748	1.44e-26	33.333
sp|P13458|SBCC_ECOLI	934797	3.62e-04	23.711
sp|P33602|NUOG_ECOLI	1341048	2.81e-22	27.419
sp|P26647|PLSC_ECOLI	965113	2.51e-26	32.432
sp|P28304|QOR1_ECOLI	1720379	4.02e-08	27.935
sp|P0A7I4|RF3_ECOLI	935238	5.71e-09	25.170
sp|P30176|RIBX_ECOLI	1392908	4.95e-16	35.570
sp|P37146|RIR4_ECOLI	1670383	0.071	27.083
sp|P0A8J8|RHLB_ECOLI	962679	5.13e-66	36.494
sp|P37095|PEPB_ECOLI	1656821	5.04e-36	32.609
sp|P21369|PNCA_ECOLI	1684526	0.044	35.714
sp|P50457|PUUE_ECOLI	1678873	1.23e-58	31.873
sp|P04983|RBSA_ECOLI	1011064	6.96e-19	27.363
sp|P04983|RBSA_ECOLI	1011064	1.74e-14	27.670
sp|P04983|RBSA_ECOLI	1011064	1.11e-09	26.178
sp|P04983|RBSA_ECOLI	1011064	3.13e-09	24.880
sp|P24230|RECG_ECOLI	1024309	7.45e-09	24.138
sp|P0AAZ4|RARA_ECOLI	1430838	2.77e-95	38.479
sp|P61714|RISB_ECOLI	995013	6.66e-28	41.844
sp|P36979|RLMN_ECOLI	1026581	2.64e-61	33.894
sp|P21499|RNR_ECOLI	1074270	3.39e-50	28.868
sp|P0AAG8|MGLA_ECOLI	1370583	2.74e-17	29.817
sp|P0AAG8|MGLA_ECOLI	1370583	7.16e-13	27.700
sp|P0AAG8|MGLA_ECOLI	1370583	1.44e-12	25.764
sp|P0AAG8|MGLA_ECOLI	1370583	3.89e-10	24.895
sp|P76535|MURQ_ECOLI	616852	0.021	33.750
sp|P08337|MUTT_ECOLI	1627423	5.39e-07	32.941
sp|P0A9L8|P5CR_ECOLI	1688179	5.59e-42	33.696
sp|P76084|PAAI_ECOLI	1317076	0.008	24.490
sp|P39398|LGOT_ECOLI	1727384	0.001	23.478
sp|P0AE72|MAZE_ECOLI	1286554	0.080	37.879
sp|P11458|NADA_ECOLI	492630	7.05e-16	23.810
sp|P75960|NPD_ECOLI	953714	1.52e-15	25.641
sp|P09029|PURK_ECOLI	1750988	4.24e-32	27.979
sp|P37759|RMLB1_ECOLI	1677315	1.13e-22	26.549
sp|P09373|PFLB_ECOLI	108949	0.0	58.635
sp|P23869|PPIB_ECOLI	1724762	3.54e-23	36.747
sp|P07012|RF2_ECOLI	1433651	0.048	28.155
sp|P0A948|RIMJ_ECOLI	923406	0.003	25.714
sp|P13857|RIML_ECOLI	1738705	7.51e-09	29.032
sp|P0AG63|RS17_ECOLI	1308895	6.28e-08	38.667
sp|P76350|SHIA_ECOLI	1352188	2.36e-12	23.423
sp|P00926|SDHD_ECOLI	1689695	0.054	20.295
sp|P75867|LONH_ECOLI	1035753	0.034	33.333
sp|P26616|MAO1_ECOLI	1068283	1.10e-144	40.647
sp|P0AF28|NARL_ECOLI	1042482	5.07e-07	30.833
sp|P0AFB8|NTRC_ECOLI	956693	6.45e-13	31.897
sp|P04391|OTC1_ECOLI	1714351	6.05e-59	36.628
sp|P31663|PANC_ECOLI	1744632	4.60e-69	42.105
sp|P61175|RL22_ECOLI	1625289	3.74e-05	33.824
sp|P75876|RLMI_ECOLI	1312123	0.002	28.037
sp|P0AFQ5|RUTC_ECOLI	1711039	9.60e-19	34.513
sp|P0A9T0|SERA_ECOLI	1624346	2.88e-123	46.420
sp|P19926|AGP_ECOLI	1670665	0.093	22.105
sp|P0AEK2|FABG_ECOLI	1326109	3.87e-33	33.858
sp|P0AEK2|FABG_ECOLI	1326109	4.52e-24	33.158
sp|P30855|EVGS_ECOLI	1042482	4.50e-14	37.908
sp|P30855|EVGS_ECOLI	1042482	2.02e-12	36.441
sp|P30855|EVGS_ECOLI	1042482	3.60e-07	42.254
sp|P0AEK4|FABI_ECOLI	1665879	0.002	20.611
sp|P0ABQ2|GARR_ECOLI	1615861	1.02e-36	28.470
sp|P0AEP7|GCL_ECOLI	1285326	3.23e-83	30.688
sp|P25519|HFLX_ECOLI	1713020	0.002	29.630
sp|P0ADG7|IMDH_ECOLI	398072	1.30e-97	38.248
sp|P24218|INTD_ECOLI	1062028	0.097	29.703
sp|P0A9M0|LON_ECOLI	1035753	3.71e-171	43.417
sp|P0AE82|CPXA_ECOLI	1060366	1.02e-06	38.095
sp|P25437|FRMA_ECOLI	1675079	4.88e-17	23.514
sp|P0A6S7|GPDA_ECOLI	969026	9.10e-31	26.364
sp|P0AC84|GLO2_ECOLI	1417401	1.93e-15	29.744
sp|P10346|GLNQ_ECOLI	1030624	5.75e-42	38.049
sp|P77293|GTRB_ECOLI	1746154	6.62e-07	31.915
sp|P23893|GSA_ECOLI	1678873	1.70e-36	30.398
sp|P06988|HISX_ECOLI	1083471	1.18e-112	45.349
sp|P06988|HISX_ECOLI	1083471	1.51e-112	44.931
sp|P08200|IDH_ECOLI	1622940	4.06e-31	28.283
sp|P03819|KEFC_ECOLI	1296538	3.40e-09	21.859
sp|P0A9L3|FKBB_ECOLI	974839	1.70e-22	48.624
sp|P0AC00|FRLB_ECOLI	593444	3.06e-12	23.052
sp|P75823|LTAE_ECOLI	33769	1.27e-73	40.683
sp|P30859|ARTI_ECOLI	307745	1.16e-15	25.229
sp|P30859|ARTI_ECOLI	307745	1.61e-15	24.651
sp|P30859|ARTI_ECOLI	307745	2.77e-09	22.727
sp|P30859|ARTI_ECOLI	307745	8.04e-07	21.341
sp|P30859|ARTI_ECOLI	307745	2.32e-05	21.397
sp|P0AEM0|FKBX_ECOLI	974839	4.13e-04	25.806
sp|P0AAB6|GALF_ECOLI	1649454	5.64e-11	25.322
sp|P29131|FTSN_ECOLI	1316491	0.009	28.369
sp|P29131|FTSN_ECOLI	1316491	0.016	33.708
sp|P0A6V5|GLPE_ECOLI	1353008	0.020	40.625
sp|P0AAG3|GLTL_ECOLI	1030624	3.71e-36	35.268
sp|P0AET8|HDHA_ECOLI	1280456	1.50e-25	33.796
sp|P0AET8|HDHA_ECOLI	1280456	3.41e-20	30.942
sp|P71229|HYFR_ECOLI	1043694	0.019	27.344
sp|P37769|KDUD_ECOLI	1665879	1.11e-21	27.165
sp|P31069|KCH_ECOLI	927649	0.015	34.783
sp|P0CE47|EFTU1_ECOLI	1418850	4.74e-42	30.493
sp|P0AEH5|ELAB_ECOLI	1681791	0.004	36.585
sp|P52067|FSR_ECOLI	126769	0.017	24.153
sp|P60595|HIS5_ECOLI	1626061	1.41e-36	37.037
sp|P0A6L9|HSCB_ECOLI	1022825	1.21e-23	31.034
sp|P0A6Z3|HTPG_ECOLI	1650120	9.04e-149	39.312
sp|P77625|HXPA_ECOLI	1711317	3.55e-13	29.187
sp|P0DP90|ILVG_ECOLI	1285326	1.04e-151	42.535
sp|P26612|AMY2_ECOLI	1724954	0.025	23.684
sp|Q47013|ELAD_ECOLI	1718568	0.020	32.812
sp|P0AEJ2|ENTC_ECOLI	1356638	3.00e-17	30.137
sp|P0A9R4|FER_ECOLI	1739515	1.58e-19	47.872
sp|P52101|GLRK_ECOLI	1042482	0.001	25.316
sp|P52101|GLRK_ECOLI	1042482	0.045	33.333
sp|P06986|HIS8_ECOLI	1645854	1.89e-69	35.038
sp|P00893|ILVI_ECOLI	1285326	3.43e-153	43.101
sp|Q46822|IDI_ECOLI	1012074	9.62e-15	29.688
sp|P69441|KAD_ECOLI	1648900	8.13e-72	49.309
sp|P0AAC8|ISCA_ECOLI	1649339	2.56e-20	41.121
sp|P0AEJ0|EMRB_ECOLI	1622659	2.96e-38	28.078
sp|P21151|FADA_ECOLI	1082680	2.29e-52	35.149
sp|P67910|HLDD_ECOLI	1080247	2.46e-11	31.183
sp|P0C058|IBPB_ECOLI	1662113	7.65e-05	28.205
sp|P0AEW9|K1PF_ECOLI	1421025	0.001	17.726
sp|P0A9Y6|CSPC_ECOLI	1304116	2.21e-12	47.887
sp|P0A986|CSPI_ECOLI	1304116	3.21e-13	47.297
sp|P69910|DCEB_ECOLI	1040063	1.43e-105	38.876
sp|P0ABC3|HFLC_ECOLI	1056574	8.27e-05	33.333
sp|P35340|AHPF_ECOLI	1735393	2.45e-45	33.945
sp|P77690|ARNB_ECOLI	1418251	8.52e-04	30.693
sp|P33931|CCMA_ECOLI	949067	5.44e-16	32.558
sp|P33931|CCMA_ECOLI	949067	0.082	30.159
sp|P76175|CLCB_ECOLI	1720171	1.32e-06	23.308
sp|P36995|CSPB_ECOLI	1304116	1.30e-12	46.575
sp|P46891|COF_ECOLI	1693184	3.86e-17	28.627
sp|P0A6J1|CYSC_ECOLI	1433651	0.017	40.678
sp|P0AC62|GLRX3_ECOLI	1305407	3.48e-13	36.905
sp|P15723|DGTP_ECOLI	1027023	0.010	26.852
sp|P75742|DTPD_ECOLI	1688583	3.59e-49	25.494
sp|P0AC69|GLRX4_ECOLI	1663103	8.24e-25	40.000
sp|P21865|KDPD_ECOLI	1042482	0.071	21.791
sp|P0AFH0|OGT_ECOLI	1290773	3.23e-25	37.795
sp|P0ABF1|PCNB_ECOLI	1034211	8.83e-16	31.683
sp|P23538|PPSA_ECOLI	1289015	5.14e-33	30.117
sp|P23538|PPSA_ECOLI	1289015	1.24e-12	26.108
sp|P08244|PYRF_ECOLI	926932	0.016	25.882
sp|P0CG19|RNPH_ECOLI	1652910	1.15e-14	29.648
sp|P31677|OTSA_ECOLI	1361982	3.60e-88	34.172
sp|P77737|OPPF_ECOLI	1002810	1.26e-20	29.960
sp|P77737|OPPF_ECOLI	1002810	1.41e-16	29.717
sp|P76082|PAAF_ECOLI	75464	8.42e-13	25.143
sp|P76082|PAAF_ECOLI	75464	5.26e-06	23.077
sp|P0A799|PGK_ECOLI	1026922	3.47e-86	40.431
sp|P16678|PHNK_ECOLI	1408104	5.44e-24	30.144
sp|P16678|PHNK_ECOLI	1408104	2.91e-14	25.490
sp|P0A7D4|PURA_ECOLI	1307288	1.57e-112	43.224
sp|P0A7D1|PTH_ECOLI	1318039	2.12e-13	31.455
sp|P0A7Y4|RNH_ECOLI	1292317	0.016	28.467
sp|P15288|PEPD_ECOLI	1685111	9.03e-85	34.034
sp|P55798|PRP1_ECOLI	1277160	8.74e-04	36.066
sp|P0A7M6|RL29_ECOLI	1680988	0.018	34.426
sp|P0AFE8|NUOM_ECOLI	1071764	0.016	33.871
sp|P21165|PEPQ_ECOLI	1738591	8.13e-18	26.645
sp|P27129|RFAJ_ECOLI	1425588	1.25e-06	25.185
sp|P27830|RMLB2_ECOLI	1677315	1.03e-25	26.786
sp|P36999|RLMA_ECOLI	975083	7.64e-08	25.434
sp|P0A7S9|RS13_ECOLI	1057258	7.30e-06	26.923
sp|P05459|PDXB_ECOLI	1730486	2.64e-23	31.159
sp|Q46806|PHYDA_ECOLI	1353021	4.28e-08	23.153
sp|P09546|PUTA_ECOLI	1638430	9.28e-18	19.718
sp|P55135|RLMD_ECOLI	1316397	1.42e-14	30.102
sp|P33667|SELU_ECOLI	1622185	8.18e-04	45.238
sp|P0A836|SUCC_ECOLI	1647584	2.86e-119	46.530
sp|P0A944|RIMI_ECOLI	1624090	9.04e-08	32.468
sp|P0AA10|RL13_ECOLI	1642160	1.55e-05	27.679
sp|P75817|RLMC_ECOLI	1316397	3.00e-15	23.229
sp|P0AG07|RPE_ECOLI	1701668	2.52e-53	40.625
sp|P46849|RTCA_ECOLI	1639782	5.90e-15	26.667
sp|P77444|SUFS_ECOLI	1061736	5.14e-23	24.823
sp|P0A7E5|PYRG_ECOLI	1361712	7.98e-161	44.464
sp|P52043|SCPC_ECOLI	1731457	2.05e-119	40.239
sp|P0AC26|NIRC_ECOLI	108727	4.22e-23	29.317
sp|P0AFD6|NUOI_ECOLI	623223	0.009	26.374
sp|P0AFC0|NUDB_ECOLI	1627423	4.38e-05	36.508
sp|P77181|PAAY_ECOLI	1686034	3.91e-07	29.752
sp|P0AG55|RL6_ECOLI	1734865	0.001	26.000
sp|P0A8T7|RPOC_ECOLI	1669246	3.64e-48	23.587
sp|P0A8T7|RPOC_ECOLI	1669246	6.46e-14	23.890
sp|P0ADL1|NEPI_ECOLI	1294705	1.77e-05	28.906
sp|P67080|PLPHP_ECOLI	926932	1.58e-47	41.935
sp|P08178|PUR5_ECOLI	1705995	1.96e-110	52.584
sp|P39315|QOR2_ECOLI	1623377	9.73e-40	30.822
sp|P60240|RAPA_ECOLI	1279033	1.07e-08	27.907
sp|P0AG40|RIBF_ECOLI	1677547	4.06e-06	27.536
sp|P41409|RIHA_ECOLI	1619412	7.20e-39	30.841
sp|P0A7Y0|RNC_ECOLI	1299614	8.35e-08	33.750
sp|P0A7Y0|RNC_ECOLI	1299614	2.55e-07	27.711
sp|P0AGD3|SODF_ECOLI	1061455	2.17e-67	57.576
sp|P0A9N4|PFLA_ECOLI	1695123	3.29e-44	38.397
sp|P15640|PUR2_ECOLI	1705995	1.20e-121	46.387
sp|P0A7G6|RECA_ECOLI	976400	4.11e-09	28.516
sp|P75864|RLMKL_ECOLI	1675062	0.009	36.170
sp|P0A7U3|RS19_ECOLI	995801	2.02e-09	36.364
sp|P32138|SQASE_ECOLI	1052907	6.75e-28	26.471
sp|P11446|ARGC_ECOLI	1619513	2.34e-32	30.448
sp|P37019|CLCA_ECOLI	201113	1.59e-19	24.810
sp|P0AE74|CITT_ECOLI	1680628	7.81e-42	26.556
sp|P37313|DPPF_ECOLI	1030624	6.47e-25	31.280
sp|P25527|GABP_ECOLI	41060	0.001	20.981
sp|P25526|GABD_ECOLI	1638430	2.46e-31	24.146
sp|Q46817|GHXQ_ECOLI	1741125	2.21e-40	30.260
sp|P77247|HXPB_ECOLI	1711317	4.03e-11	24.359
sp|P31572|CAIB_ECOLI	1316985	1.16e-09	21.719
sp|P0A6F9|CH10_ECOLI	1692614	2.22e-11	35.484
sp|P36566|CMOM_ECOLI	1733303	1.65e-04	23.529
sp|P0A9X9|CSPA_ECOLI	391038	7.74e-13	43.836
sp|P0A982|CSPH_ECOLI	391038	2.50e-04	34.722
sp|P06968|DUT_ECOLI	1651148	2.44e-26	37.415
sp|P0AC47|FRDB_ECOLI	1637323	9.90e-33	30.579
sp|P05042|FUMC_ECOLI	1672442	0.0	57.391
sp|P0AFP6|GCH1L_ECOLI	1703267	2.39e-05	25.346
sp|P0AEQ3|GLNH_ECOLI	1306729	2.45e-19	28.182
sp|P0AEQ3|GLNH_ECOLI	1306729	8.32e-09	23.445
sp|P0AEQ3|GLNH_ECOLI	1306729	1.24e-06	21.858
sp|P0AEQ3|GLNH_ECOLI	1306729	6.67e-06	25.641
sp|P0AEQ3|GLNH_ECOLI	1306729	1.58e-05	24.255
sp|P0AEQ3|GLNH_ECOLI	1306729	1.05e-04	23.656
sp|P32056|GMM_ECOLI	1654201	5.35e-08	30.645
sp|P37902|GLTI_ECOLI	1306729	1.26e-07	24.675
sp|P37902|GLTI_ECOLI	1306729	0.042	34.211
sp|P06989|HIS2_ECOLI	1083471	1.38e-11	30.286
sp|P0ADF8|ILVN_ECOLI	1285501	3.79e-04	31.429
sp|P11988|BGLB_ECOLI	987534	1.41e-36	27.027
sp|P39396|BTST_ECOLI	1349066	7.75e-48	36.550
sp|P39396|BTST_ECOLI	1349066	0.006	27.966
sp|P39333|BDCA_ECOLI	1372078	1.50e-10	27.670
sp|P16703|CYSM_ECOLI	1745643	5.30e-78	44.262
sp|P0AEP3|GALU_ECOLI	926296	2.09e-07	25.368
sp|P15067|GLGX_ECOLI	934298	9.47e-33	24.910
sp|P09832|GLTD_ECOLI	1642497	4.21e-75	34.091
sp|P37686|ADH2_ECOLI	1021847	2.42e-58	34.091
sp|P32721|ALSA_ECOLI	1033470	6.88e-20	29.384
sp|P32721|ALSA_ECOLI	1033470	3.75e-12	24.537
sp|P32721|ALSA_ECOLI	1033470	1.13e-10	23.853
sp|P32721|ALSA_ECOLI	1033470	9.86e-10	22.523
sp|P0ABP8|DEOD_ECOLI	1631008	2.22e-08	25.532
sp|P0A9P6|DEAD_ECOLI	1293502	2.32e-81	37.401
sp|P37666|GHRB_ECOLI	1627017	3.67e-48	33.696
sp|P27305|GLUQ_ECOLI	1305916	1.40e-05	29.245
sp|P06961|CCA_ECOLI	1707359	1.01e-10	27.778
sp|P0ABH9|CLPA_ECOLI	1627427	4.59e-87	45.171
sp|P0ABH9|CLPA_ECOLI	1627427	1.78e-80	52.918
sp|P24171|DCP_ECOLI	1013019	1.04e-55	25.121
sp|P56262|DLHH_ECOLI	1304608	0.041	20.000
sp|P0ABQ4|DYR_ECOLI	1655624	7.30e-12	26.596
sp|P37009|FBPC_ECOLI	1052109	2.51e-28	34.454
sp|P0A9R7|FTSE_ECOLI	1030624	1.05e-37	36.036
sp|P69937|GDX_ECOLI	1618129	1.28e-25	46.078
sp|P28631|HOLB_ECOLI	146300	0.016	26.761
sp|P04395|3MG2_ECOLI	1302822	6.95e-28	25.763
sp|P0ABG1|CDSA_ECOLI	318900	1.08e-06	23.661
sp|P0DM85|CRFC_ECOLI	1270914	0.004	36.207
sp|P76113|CURA_ECOLI	944964	9.66e-61	36.533
sp|P77485|CUSS_ECOLI	1060366	2.40e-05	36.620
sp|P77485|CUSS_ECOLI	1060366	3.06e-04	23.022
sp|P32669|FSAB_ECOLI	1008796	0.099	24.031
sp|P0A9S1|FUCO_ECOLI	1744330	3.07e-62	33.741
sp|P31120|GLMM_ECOLI	968804	9.35e-10	26.667
sp|P75796|GSIA_ECOLI	1061316	3.83e-21	32.472
sp|P75796|GSIA_ECOLI	1061316	9.85e-16	29.741
sp|P75796|GSIA_ECOLI	1061316	3.12e-15	33.468
sp|P75796|GSIA_ECOLI	1061316	1.69e-11	29.091
sp|P0A6H5|HSLU_ECOLI	1031800	6.33e-23	34.821
sp|P0A6H5|HSLU_ECOLI	1031800	4.21e-14	30.612
sp|P15042|DNLJ_ECOLI	1669918	5.69e-09	45.205
sp|P36837|DTPB_ECOLI	1688583	2.51e-50	24.468
sp|P0AA78|EXUT_ECOLI	1622659	9.80e-09	25.600
sp|P45541|FRLC_ECOLI	1428977	0.069	23.596
sp|P0ACC7|GLMU_ECOLI	926296	4.24e-12	26.184
sp|P0AC88|GM4D_ECOLI	973540	3.98e-163	59.239
sp|Q46916|GUDP_ECOLI	1622659	7.38e-04	23.810
sp|P69681|AMTB_ECOLI	1305003	1.72e-85	40.334
sp|P08331|CPDB_ECOLI	1699408	5.62e-46	23.866
sp|P0A976|CSPF_ECOLI	391038	0.015	30.556
sp|P0ABK5|CYSK_ECOLI	1745643	8.15e-101	54.487
sp|P21189|DPO2_ECOLI	1056420	5.94e-39	24.074
sp|P06616|ERA_ECOLI	1712169	0.001	30.719
sp|P77445|EUTE_ECOLI	1021847	7.85e-40	28.698
sp|P76553|EUTG_ECOLI	1021847	8.47e-54	34.031
sp|P0AFU4|GLRR_ECOLI	1060366	4.29e-07	28.873
sp|P06987|HIS7_ECOLI	1687927	1.21e-47	43.005
sp|P0A972|CSPE_ECOLI	1304116	1.57e-12	45.833
sp|P38038|CYSJ_ECOLI	1734347	7.49e-40	27.594
sp|P38038|CYSJ_ECOLI	1734347	0.008	21.384
sp|P15031|FECE_ECOLI	1427934	2.75e-23	27.706
sp|P0A9C3|GALM_ECOLI	1664605	1.06e-52	32.267
sp|P0A6C8|ARGB_ECOLI	1619513	8.07e-16	29.817
sp|P00861|DCDA_ECOLI	1744591	2.05e-17	23.460
sp|P0A6L0|DEOC_ECOLI	1750825	1.11e-53	39.922
sp|P77381|DJLB_ECOLI	1286848	0.043	38.710
sp|P52612|FLII_ECOLI	1706307	5.56e-33	30.671
sp|P13036|FECA_ECOLI	1393910	0.092	29.524
sp|P77733|FOCB_ECOLI	108727	1.33e-23	30.576
sp|P0AC16|FOLB_ECOLI	1304486	9.09e-08	30.172
sp|P05523|FPG_ECOLI	1663744	8.19e-11	22.745
sp|P0A6T5|GCH1_ECOLI	1652726	6.21e-34	35.751
sp|P75793|GRE2_ECOLI	108949	3.00e-48	27.116
sp|P31440|ADEQ_ECOLI	1741125	4.31e-74	31.976
sp|P13001|BIOH_ECOLI	992353	6.37e-07	21.739
sp|P77395|CNOX_ECOLI	1042238	4.26e-09	30.476
sp|P77395|CNOX_ECOLI	1042238	0.004	25.253
sp|P09549|DEDD_ECOLI	1312742	0.021	55.882
sp|P09549|DEDD_ECOLI	1312742	0.063	52.778
sp|P21177|FADB_ECOLI	1061776	5.63e-22	24.920
sp|P31697|FIMC_ECOLI	1419170	0.003	34.426
sp|P52073|GLCE_ECOLI	1682640	7.16e-12	28.365
sp|P68688|GLRX1_ECOLI	1006814	4.07e-08	32.051
sp|P16676|CYSA_ECOLI	1030624	3.53e-32	36.098
sp|P06710|DPO3X_ECOLI	146300	2.51e-13	21.505
sp|P09030|EX3_ECOLI	1738863	8.13e-17	25.818
sp|P0AAI9|FABD_ECOLI	1760491	1.95e-22	30.247
sp|P0AAI5|FABF_ECOLI	934751	1.85e-32	25.298
sp|Q47208|FDRA_ECOLI	1683708	0.040	25.478
sp|P0A6T1|G6PI_ECOLI	1037552	0.0	64.738
sp|P11553|FUCK_ECOLI	985494	8.89e-22	25.828
sp|P75913|GHRA_ECOLI	1627017	2.58e-17	32.857
sp|Q46851|GPR_ECOLI	1688087	9.76e-39	28.902
sp|P37689|GPMI_ECOLI	1012135	6.83e-151	43.418
sp|P0AC38|ASPA_ECOLI	1634700	1.17e-117	40.211
sp|P17854|CYSH_ECOLI	1654586	2.59e-06	25.455
sp|P37195|DCTR_ECOLI	1706307	0.088	32.075
sp|P0A830|DCTA_ECOLI	1044800	8.65e-18	25.000
sp|P0AEH3|ELAA_ECOLI	1299186	3.56e-20	35.252
sp|P37690|ENVC_ECOLI	1430837	0.080	22.973
sp|P77277|EUTJ_ECOLI	1358873	0.007	26.168
sp|P77277|EUTJ_ECOLI	1358873	0.018	32.836
sp|P0A9S5|GLDA_ECOLI	1021847	0.038	23.276
sp|P37747|GLF_ECOLI	1425624	1.06e-137	54.571
sp|P00963|ASNA_ECOLI	959238	5.19e-114	51.456
sp|P30863|DKGB_ECOLI	1737379	1.75e-48	36.000
sp|Q46857|DKGA_ECOLI	1742957	1.76e-69	40.467
sp|P0A6P7|ENGB_ECOLI	1626568	2.11e-04	35.938
sp|P11454|ENTF_ECOLI	1394274	2.34e-90	23.151
sp|P11454|ENTF_ECOLI	1394274	9.83e-85	22.251
sp|P11454|ENTF_ECOLI	1394274	1.32e-40	22.692
sp|P77279|FETA_ECOLI	1671221	2.36e-27	34.184
sp|P77279|FETA_ECOLI	1671221	4.88e-17	28.218
sp|P0AAI3|FTSH_ECOLI	1021204	2.78e-150	46.457
sp|P06134|ADA_ECOLI	1290773	2.24e-20	50.685
sp|P25550|ASLB_ECOLI	1301860	0.054	28.358
sp|P0AAE0|CYCA_ECOLI	41060	2.02e-06	22.660
sp|P15078|CSTA_ECOLI	1426276	2.10e-58	31.052
sp|P77268|DDPD_ECOLI	1430897	8.12e-20	27.600
sp|P77268|DDPD_ECOLI	1430897	6.49e-09	25.316
sp|P06149|DLD_ECOLI	1682640	0.067	27.642
sp|P0AAG0|DPPD_ECOLI	1030624	1.15e-21	32.174
sp|P0AF52|GHXP_ECOLI	1741125	1.56e-44	29.485
sp|P39206|CAIE_ECOLI	1649454	0.004	28.723
sp|P0AED7|DAPE_ECOLI	1070695	7.19e-05	27.273
sp|P39276|DTPC_ECOLI	1688583	5.07e-51	27.829
sp|P66899|DPAL_ECOLI	1689695	1.79e-08	23.881
sp|P45539|FRLA_ECOLI	41060	2.53e-26	24.945
sp|P28303|DINF_ECOLI	1730755	3.40e-07	21.166
sp|P69380|FIEF_ECOLI	1702178	1.77e-07	21.277
sp|P09147|GALE_ECOLI	1080247	3.01e-115	49.714
sp|P77674|ABDH_ECOLI	1638430	1.19e-28	24.292
sp|P0A6E4|ASSY_ECOLI	1647563	2.27e-42	29.048
sp|P0A978|CSPG_ECOLI	1304116	4.57e-13	47.945
sp|P0A9D4|CYSE_ECOLI	1623326	1.52e-33	42.857
sp|P32695|DUSA_ECOLI	1635920	1.83e-16	27.530
sp|P0A6M4|DTD_ECOLI	1743319	7.35e-28	35.664
sp|P0A8Y8|ENTH_ECOLI	1378773	0.013	27.273
sp|P42593|FADH_ECOLI	1728454	2.19e-45	25.529
sp|P76503|FADI_ECOLI	1082680	8.59e-48	28.372
sp|P10121|FTSY_ECOLI	1301621	1.25e-35	32.746
sp|P39099|DEGQ_ECOLI	1318809	0.017	23.977
sp|P0AA76|DGOT_ECOLI	1057704	4.43e-04	22.564
sp|P0A6P9|ENO_ECOLI	1657321	5.44e-150	54.186
sp|P0A953|FABB_ECOLI	999380	1.35e-25	25.439
sp|P69902|FCTA_ECOLI	1316985	9.95e-18	29.949
sp|P75820|AMID_ECOLI	1748777	0.082	28.261
sp|P0A9H7|CFA_ECOLI	1631688	3.52e-05	25.191
sp|P0AE88|CPXR_ECOLI	956693	4.17e-15	37.963
sp|P0AEC8|DCUS_ECOLI	1060366	0.016	31.405
sp|P36673|TRER_ECOLI	1680731	0.080	30.769
sp|P12295|UNG_ECOLI	1620911	9.64e-81	52.778
sp|P75859|YCBU_ECOLI	1287847	0.068	34.722
sp|P77806|YBDL_ECOLI	1671420	5.68e-13	20.228
sp|P33368|YOHF_ECOLI	1326109	4.82e-19	31.179
sp|P33368|YOHF_ECOLI	1326109	1.35e-13	29.630
sp|P55140|YGCG_ECOLI	1700215	0.087	28.889
sp|P32129|YIHG_ECOLI	1695108	2.07e-11	25.957
sp|P76257|YOAA_ECOLI	1656823	0.004	31.818
sp|P39277|YJEH_ECOLI	41060	9.41e-09	24.927
sp|P52048|YGGP_ECOLI	1352188	7.47e-04	29.670
sp|P76419|YEGV_ECOLI	1421025	1.80e-06	21.359
sp|P21503|YCAD_ECOLI	1285919	0.015	25.225
sp|P30143|YAAJ_ECOLI	1710794	8.78e-73	34.752
sp|P0DPN0|YAHV_ECOLI	1305536	0.080	42.105
sp|P75763|YBHI_ECOLI	1680628	1.30e-48	28.398
sp|P77297|YAHE_ECOLI	1338583	0.071	29.070
sp|P39298|YJFP_ECOLI	65062	0.063	43.243
sp|P37643|YHJE_ECOLI	1352188	1.78e-08	22.194
sp|P0AD53|YGAC_ECOLI	1410585	0.087	36.364
sp|P31448|YIDK_ECOLI	1289474	0.006	21.505
sp|P0AGJ5|YFIF_ECOLI	1015554	2.18e-07	27.143
sp|P76418|YEGU_ECOLI	1298500	1.43e-17	25.157
sp|P15639|PUR9_ECOLI	1664066	2.96e-79	35.163
sp|P15639|PUR9_ECOLI	1664066	4.17e-08	43.860
sp|P25740|RFAG_ECOLI	1748172	0.003	20.606
sp|P25742|RFAQ_ECOLI	999080	0.029	39.623
sp|P0A7S3|RS12_ECOLI	1682242	7.09e-07	33.673
sp|P76197|YDIM_ECOLI	1439037	0.041	32.632
sp|P76100|YDCK_ECOLI	1396431	0.026	22.917
sp|P77481|YCJV_ECOLI	1292162	2.49e-21	27.426
sp|P77400|YBAT_ECOLI	1399204	3.99e-09	23.292
sp|P0AFP9|YBHR_ECOLI	31109	0.061	25.185
sp|P39367|YJHP_ECOLI	935659	0.055	36.923
sp|P39358|YJHG_ECOLI	1307269	7.22e-62	32.321
sp|P0A8Y1|YJJG_ECOLI	1711317	7.96e-05	28.358
sp|Q46904|YGCN_ECOLI	929275	0.043	34.043
sp|P0AFR0|RSSA_ECOLI	1677914	4.99e-15	33.333
sp|P39414|TTDT_ECOLI	1680628	5.80e-54	33.416
sp|P43674|YCAL_ECOLI	1728806	3.78e-06	26.875
sp|P0AD19|YOHK_ECOLI	1059606	7.25e-11	29.762
sp|P62723|YEIH_ECOLI	1051558	1.90e-16	27.094
sp|P62723|YEIH_ECOLI	1051558	0.024	37.209
sp|P75962|YMFA_ECOLI	1748990	0.083	34.146
sp|P76269|YEBQ_ECOLI	1685261	1.91e-34	26.357
sp|P0DPP7|YQID_ECOLI	1417562	0.013	37.143
sp|P56256|YSAA_ECOLI	623223	0.026	27.473
sp|P60906|SYH_ECOLI	961519	3.36e-27	26.180
sp|P00909|TRPC_ECOLI	953307	2.13e-47	30.512
sp|P64476|YDIH_ECOLI	1626294	0.070	31.579
sp|P77704|YDJI_ECOLI	96401	3.50e-12	26.408
sp|P76042|YCJN_ECOLI	1282062	0.001	25.180
sp|P0DP64|YBEM_ECOLI	953234	2.01e-08	23.780
sp|P0ACA1|YIBF_ECOLI	1740743	0.009	23.125
sp|P33916|YEJF_ECOLI	1030624	4.45e-23	30.698
sp|P33916|YEJF_ECOLI	1030624	6.57e-22	33.178
sp|P0AF36|ZAPB_ECOLI	922463	0.028	34.000
sp|P31131|YDEJ_ECOLI	1088509	0.014	35.897
sp|P77368|YBCL_ECOLI	1717991	6.99e-18	34.524
sp|P76119|YNCI_ECOLI	1427490	0.090	24.409
sp|P0DPM9|YKGV_ECOLI	1356528	0.057	50.000
sp|P76499|YFCP_ECOLI	1360937	0.022	27.523
sp|P33348|YEHL_ECOLI	1402510	1.00e-04	24.000
sp|P0AA37|RLUA_ECOLI	1635883	2.11e-21	32.547
sp|P62399|RL5_ECOLI	1054771	4.49e-12	29.787
sp|P18392|RSTB_ECOLI	1060366	2.29e-07	39.706
sp|P21888|SYC_ECOLI	1694832	6.00e-55	32.458
sp|P21888|SYC_ECOLI	1694832	8.74e-20	42.157
sp|P30140|THIH_ECOLI	966472	9.72e-41	30.864
sp|P18472|TRAW_ECOLI	1059280	0.001	23.313
sp|P76387|WZC_ECOLI	930966	0.060	24.352
sp|P77726|YAJR_ECOLI	1628713	1.12e-07	30.769
sp|P37774|TCYN_ECOLI	1030624	4.12e-41	37.118
sp|P00954|SYW_ECOLI	1649430	5.54e-05	27.389
sp|P13482|TREA_ECOLI	1072397	6.01e-17	54.930
sp|P13482|TREA_ECOLI	1072397	1.35e-08	24.138
sp|P37440|UCPA_ECOLI	1280456	5.80e-25	32.653
sp|P37440|UCPA_ECOLI	1280456	9.32e-21	34.314
sp|P0ACC9|WCAB_ECOLI	1669695	7.11e-14	37.415
sp|P77748|YDIJ_ECOLI	1682640	7.47e-15	20.866
sp|P0A9W9|YRDA_ECOLI	1619371	5.60e-04	24.779
sp|P45394|YRBG_ECOLI	1289421	1.48e-07	27.049
sp|P45394|YRBG_ECOLI	1289421	7.99e-05	34.921
sp|P45394|YRBG_ECOLI	1289421	3.76e-04	23.022
sp|P45394|YRBG_ECOLI	1289421	0.006	21.649
sp|P0A776|RPPH_ECOLI	1627423	2.30e-04	27.869
sp|P76192|YDHV_ECOLI	958663	0.035	28.235
sp|P75931|YCEM_ECOLI	1733214	5.07e-06	22.564
sp|P0A8X0|YJGA_ECOLI	1743582	0.030	28.696
sp|P27840|YIGE_ECOLI	1275941	0.064	32.857
sp|P46853|YHHX_ECOLI	1733214	1.17e-45	31.928
sp|P39834|YGIL_ECOLI	1596	0.031	29.688
sp|P0AA70|YEDA_ECOLI	1359809	0.055	22.711
sp|P45549|YHFW_ECOLI	1012135	1.42e-04	27.333
sp|P65807|YGEY_ECOLI	1729791	1.07e-06	21.189
sp|P0AFU2|YFBS_ECOLI	1748611	3.31e-06	20.330
sp|P0AFU2|YFBS_ECOLI	1748611	3.60e-05	27.174
sp|P36929|RSMB_ECOLI	1695134	2.28e-36	34.074
sp|P0AGL2|TDCF_ECOLI	1711039	1.09e-29	43.902
sp|P0A9P4|TRXB_ECOLI	1279575	3.35e-93	47.352
sp|P37052|YCHJ_ECOLI	1653088	1.07e-04	68.182
sp|P76134|YDEM_ECOLI	1724072	2.75e-04	22.616
sp|P52096|YAER_ECOLI	1664258	8.67e-41	48.780
sp|P75788|YBIR_ECOLI	987005	3.26e-35	31.609
sp|P31471|YIEL_ECOLI	1622435	4.10e-27	30.137
sp|P31471|YIEL_ECOLI	1622435	1.90e-18	31.313
sp|P77162|YKFB_ECOLI	1054594	0.074	26.437
sp|P39173|YEAD_ECOLI	1402293	5.01e-21	27.799
sp|P05707|SRLD_ECOLI	1326109	2.06e-14	30.508
sp|P05707|SRLD_ECOLI	1326109	3.81e-04	35.354
sp|P21889|SYD_ECOLI	1060663	5.12e-15	26.000
sp|P21889|SYD_ECOLI	1060663	3.93e-06	55.556
sp|P00962|SYQ_ECOLI	1660195	1.12e-149	46.014
sp|P0AGF6|TDCB_ECOLI	1689695	1.14e-68	40.391
sp|P0AGJ2|TRMH_ECOLI	1015554	3.95e-11	27.451
sp|P31825|TRMN6_ECOLI	1058900	0.013	23.158
sp|P0ADP0|YIGB_ECOLI	1041571	0.002	27.586
sp|P0AF48|YJBQ_ECOLI	1637994	2.38e-48	50.725
sp|P0ADW6|YHCC_ECOLI	1694216	2.78e-13	24.706
sp|P58037|YRHD_ECOLI	1007620	0.095	37.500
sp|Q46939|YQEF_ECOLI	1082680	6.94e-103	42.239
sp|Q47538|TAUB_ECOLI	1030624	7.92e-30	32.599
sp|P28904|TREC_ECOLI	1724954	5.14e-61	29.220
sp|P04693|TYRB_ECOLI	1687975	1.75e-98	38.442
sp|P76219|YDJX_ECOLI	1285319	0.011	36.364
sp|P76417|YEGT_ECOLI	1717158	6.96e-47	28.774
sp|P16659|SYP_ECOLI	1727422	1.23e-10	25.668
sp|P16659|SYP_ECOLI	1727422	9.46e-09	24.561
sp|P0AEM9|TCYJ_ECOLI	307745	8.73e-29	29.694
sp|P0AEM9|TCYJ_ECOLI	307745	1.78e-23	25.110
sp|P0AEM9|TCYJ_ECOLI	307745	3.33e-23	25.210
sp|P0AEM9|TCYJ_ECOLI	307745	4.68e-23	25.551
sp|P0AEM9|TCYJ_ECOLI	307745	1.30e-21	26.957
sp|P0AEM9|TCYJ_ECOLI	307745	1.67e-18	23.913
sp|P0A879|TRPB_ECOLI	956288	1.60e-141	53.766
sp|P39300|ULAG_ECOLI	1063559	0.002	24.627
sp|P0A8F8|UVRB_ECOLI	962679	1.26e-06	28.037
sp|P77414|WCAA_ECOLI	1395048	8.03e-15	41.667
sp|P75874|YCCU_ECOLI	1637765	0.003	37.209
sp|P76160|YDFR_ECOLI	1267878	0.064	28.125
sp|P77228|YDFJ_ECOLI	1352188	5.54e-09	25.091
sp|P30866|YAFE_ECOLI	1686473	1.76e-12	36.782
sp|P37662|YHJX_ECOLI	1008956	1.06e-10	24.100
sp|P76149|SAD_ECOLI	1638430	8.11e-23	23.864
sp|P04805|SYE_ECOLI	1305916	4.40e-14	24.324
sp|P07118|SYV_ECOLI	1703202	0.0	42.857
sp|P0AGJ9|SYY_ECOLI	1649430	0.004	31.148
sp|P0A850|TIG_ECOLI	989618	8.72e-04	30.000
sp|P76422|THID_ECOLI	1058664	9.47e-47	40.221
sp|P07023|TYRA_ECOLI	1062436	5.13e-05	20.357
sp|P76230|YDJK_ECOLI	1669857	5.46e-16	22.406
sp|P76187|YDHF_ECOLI	471525	5.45e-16	25.559
sp|P39353|YJHC_ECOLI	1653628	1.15e-10	28.502
sp|P75678|YKFA_ECOLI	1670404	8.22e-04	23.485
sp|P63389|YHES_ECOLI	948401	9.96e-111	37.859
sp|P63389|YHES_ECOLI	948401	7.41e-22	28.028
sp|P63389|YHES_ECOLI	948401	2.32e-13	23.182
sp|P52126|YFJK_ECOLI	994066	5.03e-09	21.081
sp|P46837|YHGF_ECOLI	1033110	3.24e-15	26.517
sp|P76090|YNBA_ECOLI	1304957	0.015	36.923
sp|P36928|YEGD_ECOLI	1358873	1.27e-06	20.779
sp|P36928|YEGD_ECOLI	1358873	7.23e-06	27.891
sp|P33360|YEHX_ECOLI	1061316	2.71e-27	34.071
sp|P33360|YEHX_ECOLI	1061316	3.89e-19	29.952
sp|P00956|SYI_ECOLI	1305908	1.96e-84	26.683
sp|P0A8Y3|YIHX_ECOLI	1654283	0.005	25.806
sp|P76234|YEAE_ECOLI	1674312	2.92e-92	47.797
sp|P76539|YPEA_ECOLI	1697789	0.003	26.829
sp|P76585|YPHG_ECOLI	1432286	0.015	28.169
sp|P76585|YPHG_ECOLI	1432286	0.097	23.846
sp|P45563|XAPA_ECOLI	1625111	3.28e-59	39.326
sp|P77280|YDJJ_ECOLI	1352188	4.25e-31	30.218
sp|P76004|YCGM_ECOLI	1616539	2.22e-31	36.111
sp|P77552|YDHQ_ECOLI	1284633	0.003	22.360
sp|P21829|YBHA_ECOLI	1662450	8.21e-25	26.103
sp|P77713|YAGH_ECOLI	1699420	9.22e-26	24.610
sp|P0AF80|YJFL_ECOLI	623223	0.046	25.000
sp|P39408|YJJV_ECOLI	1028114	3.01e-20	28.261
sp|P37664|YIAC_ECOLI	1704035	8.70e-26	28.369
sp|P76406|YEGR_ECOLI	307745	0.084	37.313
sp|P32136|YIHO_ECOLI	1353136	1.50e-07	25.143
sp|P32136|YIHO_ECOLI	1353136	2.44e-07	25.153
sp|P76421|YEGX_ECOLI	1732128	3.73e-10	26.761
sp|P0A855|TOLB_ECOLI	1291493	0.084	26.374
sp|P76198|YDIN_ECOLI	1352188	1.87e-04	22.432
sp|P34209|YDCF_ECOLI	1057329	1.71e-39	33.641
sp|P77316|YBDR_ECOLI	1675079	4.93e-45	28.680
sp|P31443|YIDF_ECOLI	1674777	0.004	32.323
sp|P0AEB7|YOAB_ECOLI	1689258	1.30e-08	25.984
sp|P77396|YPDC_ECOLI	1698964	0.089	32.000
sp|P69425|TATB_ECOLI	911960	0.002	31.481
sp|P08957|T1MK_ECOLI	962131	0.099	26.515
sp|P0AA25|THIO_ECOLI	1021261	2.64e-23	41.121
sp|Q46948|YAJL_ECOLI	1690859	1.84e-39	40.957
sp|P76065|YDAU_ECOLI	1644853	0.019	37.778
sp|P0AFP4|YBBO_ECOLI	1719679	4.67e-23	28.877
sp|P76186|YDHK_ECOLI	923398	0.003	36.905
sp|P32137|YIHP_ECOLI	1353136	3.20e-07	30.827
sp|P32137|YIHP_ECOLI	1353136	1.05e-05	24.157
sp|P09099|XYLB_ECOLI	985494	1.61e-68	34.048
sp|P37750|WBBJ_ECOLI	1686034	1.17e-12	35.593
sp|Q6BEX0|YTFR_ECOLI	1320473	9.95e-21	29.756
sp|Q6BEX0|YTFR_ECOLI	1320473	1.13e-07	22.927
sp|Q6BEX0|YTFR_ECOLI	1320473	2.31e-04	23.500
sp|Q6BEX0|YTFR_ECOLI	1320473	0.002	22.018
sp|P76344|ZINT_ECOLI	1349465	2.64e-35	39.535
sp|P76344|ZINT_ECOLI	1349465	2.64e-35	39.535
sp|P76344|ZINT_ECOLI	1349465	6.91e-18	30.247
sp|P76344|ZINT_ECOLI	1349465	3.13e-09	27.473
sp|P76344|ZINT_ECOLI	1349465	6.78e-09	28.191
sp|P27859|TATD_ECOLI	1028114	1.20e-30	29.470
sp|P0A8M3|SYT_ECOLI	1007377	2.35e-166	39.722
sp|P30138|THIF_ECOLI	1416886	2.59e-20	30.000
sp|P0A8Z0|YCIA_ECOLI	1060216	3.24e-08	28.070
sp|P0A8Z0|YCIA_ECOLI	1060216	1.49e-05	24.074
sp|P31826|YDDA_ECOLI	1630530	2.90e-20	34.375
sp|P76154|YDFK_ECOLI	1026581	0.049	36.842
sp|P46130|YBHC_ECOLI	1418892	1.04e-04	28.169
sp|P36682|YACH_ECOLI	1316491	0.076	21.705
sp|P36682|YACH_ECOLI	1316491	0.092	20.438
sp|P33941|YOJI_ECOLI	1671221	1.76e-23	29.304
sp|P33941|YOJI_ECOLI	1671221	8.90e-16	24.727
sp|P37675|YIAN_ECOLI	1641424	0.095	32.990
sp|P0A7D7|PUR7_ECOLI	1706312	2.46e-10	32.639
sp|P77756|QUEC_ECOLI	1647563	0.001	34.426
sp|P36767|RDGC_ECOLI	1425499	0.061	28.676
sp|P31473|RAVA_ECOLI	1297766	0.051	26.282
sp|P08312|SYFA_ECOLI	956590	3.90e-28	29.630
sp|P42632|TDCE_ECOLI	1322663	0.0	56.950
sp|P76055|TTCA_ECOLI	1302018	3.07e-41	32.432
sp|P0A7L0|RL1_ECOLI	1424151	4.12e-04	23.474
sp|P0ADY3|RL14_ECOLI	1744909	3.96e-14	41.026
sp|P60422|RL2_ECOLI	1306823	1.10e-26	32.719
sp|P0ADR6|RLMM_ECOLI	998772	0.050	32.692
sp|P61887|RMLA2_ECOLI	945236	4.61e-14	26.459
sp|P09155|RND_ECOLI	972339	1.37e-10	23.929
sp|P31548|THIQ_ECOLI	1030624	1.04e-27	34.146
sp|P75794|PFLE_ECOLI	1042474	1.63e-11	23.711
sp|P07004|PROA_ECOLI	1683440	2.46e-104	40.189
sp|P31660|PRPC_ECOLI	1298351	3.92e-49	30.163
sp|P0C0L7|PROP_ECOLI	1352188	2.73e-15	25.575
sp|P76502|SIXA_ECOLI	1626486	1.92e-04	33.333
sp|P60778|TSGA_ECOLI	959639	0.007	24.113
sp|P31134|POTG_ECOLI	1427934	2.32e-28	35.043
sp|P63177|RLMB_ECOLI	1015554	8.47e-07	26.174
sp|P0A7R5|RS10_ECOLI	1650722	1.90e-11	29.703
sp|P0A7V0|RS2_ECOLI	950789	4.93e-08	28.111
sp|Q47319|TAPT_ECOLI	1723639	9.02e-10	26.712
sp|P0A853|TNAA_ECOLI	974617	7.94e-81	33.190
sp|P07649|TRUA_ECOLI	1034197	9.56e-09	30.882
sp|P77366|PGMB_ECOLI	1711317	4.15e-11	24.737
sp|P0AFL3|PPIA_ECOLI	1724762	6.85e-20	34.591
sp|P39199|PRMB_ECOLI	1303648	1.19e-21	28.205
sp|P25889|PREA_ECOLI	1341048	0.003	33.333
sp|P23721|SERC_ECOLI	1700413	5.15e-117	47.581
sp|P51025|SFGH1_ECOLI	1268458	9.53e-09	28.814
sp|P51025|SFGH1_ECOLI	1268458	1.94e-07	27.811
sp|P51025|SFGH1_ECOLI	1268458	3.25e-07	27.811
sp|P52076|QSEB_ECOLI	956693	6.61e-08	27.737
sp|P05824|RECN_ECOLI	1339121	9.31e-05	22.154
sp|P0A7W7|RS8_ECOLI	532812	5.27e-07	27.273
sp|P17993|UBIG_ECOLI	1631688	5.28e-09	27.586
sp|P0A8T1|PRMA_ECOLI	1050003	4.08e-10	37.963
sp|P55799|PRP2_ECOLI	959147	3.64e-04	29.787
sp|P30850|RNB_ECOLI	1682017	2.31e-36	28.289
sp|P76273|RSMF_ECOLI	1695134	5.78e-49	34.568
sp|P76145|TAM_ECOLI	1733303	3.09e-62	35.039
sp|P0AA41|TRUC_ECOLI	1635883	5.46e-16	28.125
sp|P52108|RSTA_ECOLI	956693	6.61e-06	29.545
sp|P38105|RSPB_ECOLI	1675079	4.30e-27	27.353
sp|P07014|SDHB_ECOLI	1637323	1.03e-69	45.148
sp|P0AGI8|TRKA_ECOLI	948598	0.011	30.851
sp|P00895|TRPE_ECOLI	1356638	2.20e-77	39.314
sp|P37903|USPF_ECOLI	1306334	0.014	29.630
sp|P16679|PHNL_ECOLI	1030624	3.57e-20	31.579
sp|P07000|PLDB_ECOLI	1639741	0.006	22.346
sp|P37760|RMLD_ECOLI	277428	0.001	25.874
sp|P0ABZ6|SURA_ECOLI	1281498	2.13e-04	37.500
sp|Q46802|UACR_ECOLI	1712174	0.022	36.207
sp|P71243|WCAL_ECOLI	1677771	9.27e-13	28.729
sp|P04825|AMPN_ECOLI	1728655	1.91e-30	25.379
sp|P0ACZ8|CUSR_ECOLI	956693	3.40e-07	27.007
sp|P21693|DBPA_ECOLI	1293502	8.48e-68	35.015
sp|P76251|DMLA_ECOLI	1622940	1.30e-48	32.718
sp|P0AGB0|SERB_ECOLI	1279515	9.36e-46	44.131
sp|P32143|SQUV_ECOLI	1421025	3.24e-22	25.503
sp|P0AG14|SOHB_ECOLI	1702475	1.17e-16	30.978
sp|P0AGE4|SSTT_ECOLI	1742890	1.86e-138	52.593
sp|P27242|WAAU_ECOLI	1438034	0.060	26.437
sp|P0ABT8|YIJE_ECOLI	1389312	4.04e-04	21.176
sp|P0A7W1|RS5_ECOLI	997800	5.55e-12	30.128
sp|P10906|UGPE_ECOLI	1727651	0.063	21.226
sp|P77795|YDCT_ECOLI	1030624	2.10e-26	32.883
sp|P0AAL6|YDHY_ECOLI	1341048	0.033	29.703
sp|P37597|YDHC_ECOLI	1727384	9.48e-07	27.027
sp|P77596|YAGF_ECOLI	1307269	5.85e-61	33.008
sp|P31467|YIEH_ECOLI	1711317	2.43e-07	26.244
sp|P11290|YIBD_ECOLI	1748172	1.87e-31	32.432
sp|P09163|YJAB_ECOLI	1704035	3.75e-13	29.545
sp|P76510|YFDN_ECOLI	951907	0.040	28.571
sp|Q2EET0|YPDJ_ECOLI	1072424	0.091	34.091
sp|P77611|RSXC_ECOLI	1047445	0.003	29.545
sp|P0AEV1|RSSB_ECOLI	1023336	1.07e-09	30.693
sp|P0AAH8|SAPF_ECOLI	1002810	1.23e-23	30.350
sp|P0AAH8|SAPF_ECOLI	1002810	1.52e-16	30.374
sp|P09158|SPEE_ECOLI	1713402	8.35e-65	38.462
sp|P07913|TDH_ECOLI	1675079	9.07e-24	26.316
sp|P76562|TMCA_ECOLI	1619526	3.39e-21	22.857
sp|P04152|UMUC_ECOLI	1421468	8.58e-13	26.238
sp|P43672|UUP_ECOLI	1293134	5.99e-66	31.870
sp|P43672|UUP_ECOLI	1293134	5.81e-16	28.636
sp|P43672|UUP_ECOLI	1293134	1.23e-14	26.531
sp|P77337|YDIS_ECOLI	1425624	0.025	30.189
sp|P0A8E1|YCFP_ECOLI	1632887	0.016	32.203
sp|P75683|YAGG_ECOLI	1353136	1.31e-22	35.227
sp|P75683|YAGG_ECOLI	1353136	1.46e-06	31.429
sp|P75683|YAGG_ECOLI	1353136	0.003	30.508
sp|P77736|YAHD_ECOLI	1353009	3.46e-25	32.000
sp|P77736|YAHD_ECOLI	1353009	6.76e-23	33.000
sp|P77736|YAHD_ECOLI	1353009	1.78e-20	32.203
sp|P77736|YAHD_ECOLI	1353009	4.92e-20	30.366
sp|P77736|YAHD_ECOLI	1353009	3.32e-18	30.682
sp|P77736|YAHD_ECOLI	1353009	1.20e-17	29.630
sp|P77736|YAHD_ECOLI	1353009	7.01e-17	30.357
sp|P77736|YAHD_ECOLI	1353009	7.21e-17	28.649
sp|P77736|YAHD_ECOLI	1353009	9.70e-17	29.319
sp|P77736|YAHD_ECOLI	1353009	1.49e-16	25.121
sp|P77736|YAHD_ECOLI	1353009	6.14e-13	25.893
sp|P77736|YAHD_ECOLI	1353009	1.46e-12	27.749
sp|P77736|YAHD_ECOLI	1353009	2.62e-12	28.402
sp|P77736|YAHD_ECOLI	1353009	1.48e-11	27.027
sp|P75691|YAHK_ECOLI	1700429	4.37e-80	44.109
sp|P75806|YBJG_ECOLI	1684859	0.027	24.113
sp|P39389|YJIR_ECOLI	17656	3.92e-31	27.954
sp|P45545|YHFS_ECOLI	1418251	0.005	30.137
sp|P32703|YJCE_ECOLI	923373	0.007	23.288
sp|P37621|YHHS_ECOLI	1685261	0.030	23.364
sp|P0AF56|YJCO_ECOLI	1637772	2.48e-07	26.875
sp|P0AF56|YJCO_ECOLI	1637772	4.20e-05	27.094
sp|P64526|YEEW_ECOLI	69157	0.069	38.462
sp|Q46803|YGEW_ECOLI	1714351	1.63e-13	23.562
sp|P45508|YFAL_ECOLI	1271178	7.86e-06	30.542
sp|Q46843|YGHS_ECOLI	966029	0.037	44.681
sp|P77529|TCYP_ECOLI	1044800	1.05e-22	26.714
sp|P0A8F4|URK_ECOLI	1432077	9.34e-48	39.706
sp|P38055|YDJE_ECOLI	1315999	2.55e-15	24.312
sp|P31808|YCIK_ECOLI	1665879	1.47e-19	25.769
sp|P76123|YDDK_ECOLI	1705985	2.13e-06	30.846
sp|P76123|YDDK_ECOLI	1705985	0.001	24.022
sp|P76049|YCJY_ECOLI	1421940	3.21e-35	33.446
sp|Q47679|YAFV_ECOLI	1309297	2.21e-06	51.163
sp|P76116|YNCE_ECOLI	1313920	0.003	23.729
sp|P55138|YGCE_ECOLI	985494	6.72e-17	23.110
sp|P31435|YICJ_ECOLI	1353136	1.98e-22	30.846
sp|P31435|YICJ_ECOLI	1353136	3.48e-07	31.481
sp|P45769|YHDZ_ECOLI	1030624	4.25e-35	32.444
sp|P0AD05|YECA_ECOLI	1653088	0.002	70.000
sp|P52060|YGGU_ECOLI	1310705	5.22e-10	34.211
sp|P00959|SYM_ECOLI	1687259	1.45e-67	28.233
sp|P0A858|TPIS_ECOLI	1722515	3.36e-64	46.122
sp|P21367|YCAC_ECOLI	1684526	1.40e-05	24.390
sp|P77539|YDJL_ECOLI	963470	2.94e-14	24.457
sp|P69348|YOEB_ECOLI	1431544	3.48e-14	38.571
sp|P45766|YHDW_ECOLI	1661293	8.52e-04	24.000
sp|P0DPO2|YMJE_ECOLI	1425288	0.048	36.170
sp|P76091|YNBB_ECOLI	318900	0.001	30.769
sp|P76633|YGCW_ECOLI	1280456	1.04e-21	33.168
sp|P76633|YGCW_ECOLI	1280456	2.21e-20	32.432
sp|P76093|YNBD_ECOLI	1316063	1.22e-05	30.952
sp|Q46811|YGFK_ECOLI	1642497	4.18e-26	25.747
sp|P45469|YRAR_ECOLI	1665090	9.11e-19	26.891
sp|P0A9X1|ZNUC_ECOLI	1010384	9.85e-23	30.244
sp|P0A9X1|ZNUC_ECOLI	1010384	1.60e-14	29.717
sp|P06992|RSMA_ECOLI	936174	5.92e-22	30.317
sp|P00904|TRPGD_ECOLI	1269735	8.72e-45	35.587
sp|P10907|UGPC_ECOLI	1030624	1.96e-23	31.651
sp|P31434|XYLS_ECOLI	1052907	7.97e-44	29.019
sp|P27829|WECC_ECOLI	1404211	1.15e-19	23.798
sp|P0AAH4|SAPD_ECOLI	1320473	8.10e-12	25.957
sp|P0AAH4|SAPD_ECOLI	1320473	2.02e-08	21.778
sp|P0AFQ7|YCFH_ECOLI	1041313	2.67e-43	33.813
sp|P75822|YBJT_ECOLI	1623377	2.12e-06	21.097
sp|P77389|YDHP_ECOLI	1304305	1.22e-07	21.854
sp|P75736|YBFF_ECOLI	1316350	7.47e-08	24.576
sp|Q47158|YAFP_ECOLI	536730	2.57e-06	23.232
sp|P12994|YBHB_ECOLI	1618069	2.71e-19	39.048
sp|P0AB31|YCEK_ECOLI	1663000	0.038	32.558
sp|P0A9U3|YBIT_ECOLI	948401	8.05e-83	30.725
sp|P0A9U3|YBIT_ECOLI	948401	7.75e-17	26.446
sp|P0A9U3|YBIT_ECOLI	948401	4.47e-16	24.797
sp|P39369|YJHR_ECOLI	942752	3.76e-05	31.183
sp|P0AF45|YJBE_ECOLI	1306965	0.031	36.170
sp|P76318|YEDK_ECOLI	1620868	3.02e-18	27.234
sp|P76393|YEGI_ECOLI	976980	0.020	24.074
sp|P42619|YQJF_ECOLI	1350841	1.55e-04	36.111
sp|C1P620|YSHB_ECOLI	336381	0.059	60.000
sp|P14377|ZRAS_ECOLI	1060366	5.56e-06	41.176
sp|P14377|ZRAS_ECOLI	1060366	5.45e-04	25.000
sp|P0A9V8|SQUU_ECOLI	1615861	1.31e-13	24.555
sp|P0AGD7|SRP54_ECOLI	1301621	7.66e-55	30.180
sp|P31122|SOTB_ECOLI	1639516	4.67e-05	21.875
sp|P0A8I5|TRMB_ECOLI	985368	1.84e-06	24.342
sp|P0AED5|UVRY_ECOLI	1060366	5.63e-05	22.400
sp|P37388|XYLG_ECOLI	1320473	8.60e-16	30.556
sp|P37388|XYLG_ECOLI	1320473	2.31e-10	23.113
sp|P37388|XYLG_ECOLI	1320473	3.00e-05	24.413
sp|P37388|XYLG_ECOLI	1320473	8.81e-05	21.076
sp|P0A7V3|RS3_ECOLI	1689543	4.23e-08	29.651
sp|P0A812|RUVB_ECOLI	1430838	6.77e-14	30.978
sp|P76373|UDG_ECOLI	1435715	3.15e-19	29.694
sp|P0CE44|UIDB_ECOLI	1353136	1.11e-21	35.000
sp|P0CE44|UIDB_ECOLI	1353136	3.52e-09	27.059
sp|P0CE44|UIDB_ECOLI	1353136	0.027	27.273
sp|P0ACD2|WCAF_ECOLI	1686034	3.24e-21	31.707
sp|P37669|WECH_ECOLI	1650657	2.22e-08	28.931
sp|P75672|YAFS_ECOLI	1631688	0.006	35.849
sp|Q47151|YAFL_ECOLI	1731387	8.43e-06	26.733
sp|P39352|YJHB_ECOLI	1352188	4.92e-13	23.467
sp|P76319|YEDL_ECOLI	1728229	2.29e-05	26.606
sp|Q46911|YGCU_ECOLI	1682640	1.86e-17	30.942
sp|P11664|YGGC_ECOLI	1335279	8.23e-58	37.500
sp|P77775|YFCH_ECOLI	426591	2.91e-04	22.905
sp|P27306|STHA_ECOLI	1623564	4.58e-42	26.667
sp|P0A867|TALA_ECOLI	1720177	2.09e-119	58.567
sp|P62601|TREF_ECOLI	1072397	9.77e-18	52.564
sp|P62601|TREF_ECOLI	1072397	2.04e-11	24.155
sp|P39453|TORS_ECOLI	1042482	1.30e-18	37.778
sp|P39453|TORS_ECOLI	1042482	6.62e-06	40.984
sp|P39453|TORS_ECOLI	1042482	4.12e-04	26.154
sp|P0AAC0|USPE_ECOLI	1038996	3.57e-04	33.333
sp|P0A9U1|YBHF_ECOLI	1036252	4.68e-35	37.379
sp|P0A9U1|YBHF_ECOLI	1036252	8.11e-28	34.101
sp|P77393|YAHL_ECOLI	1057780	0.020	36.986
sp|P39409|YJJW_ECOLI	1695123	5.49e-08	26.549
sp|P22787|YIFB_ECOLI	1288836	2.10e-04	25.000
sp|P27848|YIGL_ECOLI	1693192	1.52e-18	26.056
sp|P33030|YEIR_ECOLI	1709149	8.98e-08	26.752
sp|P77667|SUFA_ECOLI	1029941	2.04e-20	37.500
sp|P0A884|TYSY_ECOLI	599745	3.57e-80	43.590
sp|P0AGF4|XYLE_ECOLI	1288838	3.36e-157	48.795
sp|P77503|YCJS_ECOLI	1653628	2.54e-11	29.299
sp|P0AAR5|YBAN_ECOLI	1747955	1.50e-15	36.538
sp|P0A800|RPOZ_ECOLI	1324438	0.047	39.394
sp|P00957|SYA_ECOLI	1684753	0.0	42.432
sp|P30137|THIE_ECOLI	1040435	2.57e-15	28.643
sp|P76423|THIM_ECOLI	1040435	3.96e-44	34.646
sp|P60340|TRUB_ECOLI	1700949	2.12e-29	38.690
sp|P60340|TRUB_ECOLI	1700949	6.58e-05	32.203
sp|P37757|YDDE_ECOLI	1632235	1.42e-16	27.444
sp|P77730|YDCR_ECOLI	17656	6.58e-22	23.989
sp|P31679|YAAU_ECOLI	1288577	2.80e-24	23.274
sp|P0A9T8|YBBA_ECOLI	1030624	1.06e-54	42.478
sp|P0AAT9|YBEL_ECOLI	1723393	0.002	30.909
sp|P0ADM0|YIDH_ECOLI	1080554	0.003	26.613
sp|P0ADK6|YIBA_ECOLI	1619832	7.13e-04	26.380
sp|P39391|YJIT_ECOLI	606965	0.025	23.077
sp|P0A8Y5|YIDA_ECOLI	1693187	2.54e-25	28.070
sp|P65367|YQCA_ECOLI	1420135	4.06e-12	29.167
sp|Q46927|TCDA_ECOLI	1001364	1.70e-27	34.975
sp|P11868|TDCD_ECOLI	1268988	0.091	40.909
sp|P39177|USPG_ECOLI	1038996	4.45e-04	30.000
sp|P00944|XYLA_ECOLI	949234	4.35e-150	46.882
sp|P27832|WECD_ECOLI	1620924	0.095	41.176
sp|P77735|YAJO_ECOLI	1713550	2.17e-116	50.155
sp|P0AFR4|YCIO_ECOLI	1668494	2.71e-09	25.263
sp|P75810|YBJJ_ECOLI	1320940	5.12e-07	23.839
sp|P77309|YNEJ_ECOLI	999080	0.014	27.551
sp|P32106|YIBG_ECOLI	1637772	5.03e-04	28.037
sp|P32106|YIBG_ECOLI	1637772	0.009	26.667
sp|P32106|YIBG_ECOLI	1637772	0.036	22.464
sp|P46144|YEDJ_ECOLI	988743	3.97e-17	24.242
sp|P0AFX9|RSEB_ECOLI	1040602	0.036	25.743
sp|P0ADG4|SUHB_ECOLI	1689692	8.99e-36	31.799
sp|P0A8N3|SYK1_ECOLI	1060663	1.70e-127	41.176
sp|P0A9T4|TAS_ECOLI	1713550	2.78e-34	27.841
sp|P33570|TKT2_ECOLI	1017000	0.0	45.414
sp|P36662|TORD_ECOLI	1673607	0.047	28.846
sp|P14294|TOP3_ECOLI	1355802	6.42e-29	24.367
sp|Q46820|UACF_ECOLI	1642497	8.93e-51	30.238
sp|P39160|UXUB_ECOLI	926253	0.074	26.562
sp|P0A930|WZA_ECOLI	1081133	0.043	34.545
sp|P76204|YDIV_ECOLI	1006801	0.092	45.161
sp|P39831|YDFG_ECOLI	1719679	9.65e-16	30.682
sp|P77296|YBET_ECOLI	1702424	4.17e-20	40.000
sp|P77296|YBET_ECOLI	1702424	3.39e-15	33.628
sp|P77296|YBET_ECOLI	1702424	5.57e-15	43.333
sp|P77296|YBET_ECOLI	1702424	1.05e-12	33.607
sp|P77296|YBET_ECOLI	1702424	1.15e-11	28.455
sp|P77296|YBET_ECOLI	1702424	7.74e-10	29.530
sp|P77296|YBET_ECOLI	1702424	1.70e-08	31.111
sp|P77296|YBET_ECOLI	1702424	7.84e-06	27.778
sp|P77296|YBET_ECOLI	1702424	1.02e-05	28.571
sp|P0A8U2|YAFD_ECOLI	973766	0.006	24.138
sp|P0ADD5|YJJP_ECOLI	1661546	5.20e-11	25.101
sp|P76628|YGAY_ECOLI	1389588	2.98e-07	28.402
sp|P0AG84|YGHA_ECOLI	1372078	3.59e-16	27.888
sp|P77526|YFCG_ECOLI	1699581	1.43e-05	25.789
sp|P0ADE8|YGFZ_ECOLI	1677612	5.09e-04	41.026
sp|P39336|YJGL_ECOLI	996476	1.83e-08	67.391
sp|P39336|YJGL_ECOLI	996476	5.12e-07	55.769
sp|P77223|RSXB_ECOLI	623223	5.26e-06	25.743
sp|P10408|SECA_ECOLI	1400906	2.82e-42	29.377
sp|P31436|SETC_ECOLI	1438856	0.015	25.434
sp|P14081|SELB_ECOLI	1281314	1.34e-20	24.752
sp|P76194|SUFE_ECOLI	1437010	0.072	30.909
sp|P07024|USHA_ECOLI	1725823	4.70e-30	24.742
sp|P45562|XAPB_ECOLI	1717158	3.21e-122	44.159
sp|P0ADI7|YECD_ECOLI	1637571	5.15e-08	36.207
sp|P77360|YPHC_ECOLI	1675079	1.46e-19	26.087
sp|P77499|SUFC_ECOLI	1002810	9.59e-14	28.111
sp|P77499|SUFC_ECOLI	1002810	5.86e-04	28.916
sp|Q57261|TRUD_ECOLI	999469	2.78e-06	29.231
sp|P0A887|UBIE_ECOLI	1631688	4.57e-12	30.556
sp|P0ACW6|YDCH_ECOLI	1647414	0.036	26.984
sp|P76043|YCJQ_ECOLI	963470	2.40e-07	25.822
sp|P36879|YADG_ECOLI	1427934	1.12e-37	30.816
sp|Q46909|YGCS_ECOLI	1058374	1.99e-15	24.460
sp|P45470|YHBO_ECOLI	409086	1.97e-14	28.235
sp|P76524|YPDF_ECOLI	1671084	2.05e-20	39.181
sp|P0A8N5|SYK2_ECOLI	984386	2.41e-133	41.879
sp|P25397|TEHB_ECOLI	935659	0.006	36.842
sp|P0AGG4|THIO2_ECOLI	1021261	3.51e-16	40.476
sp|P0A698|UVRA_ECOLI	1618134	1.73e-115	32.778
sp|P0A698|UVRA_ECOLI	1618134	1.19e-27	48.387
sp|P0A698|UVRA_ECOLI	1618134	7.79e-08	26.519
sp|P0A698|UVRA_ECOLI	1618134	1.09e-07	33.621
sp|P71239|WCAE_ECOLI	1041756	3.74e-04	27.083
sp|P52636|YCCM_ECOLI	623223	0.066	27.143
sp|P0A870|TALB_ECOLI	1008796	1.21e-122	59.434
sp|P00934|THRC_ECOLI	1727954	4.72e-61	31.501
sp|P02929|TONB_ECOLI	1312742	4.84e-04	29.358
sp|P02929|TONB_ECOLI	1312742	0.027	39.286
sp|P0AAB2|WZB_ECOLI	1639746	1.18e-19	38.400
sp|P31125|EAMA_ECOLI	1674219	0.010	21.701
sp|P0AEJ4|ENVZ_ECOLI	1042482	6.16e-04	40.625
sp|P0AEL3|FEOA_ECOLI	1434832	0.061	29.508
sp|P27254|ARGK_ECOLI	1709149	1.47e-04	29.204
sp|P09053|AVTA_ECOLI	17656	3.97e-07	21.907
sp|P37002|CRCB_ECOLI	1657598	1.60e-07	35.484
sp|Q59385|COPA_ECOLI	943521	2.18e-40	23.783
sp|Q59385|COPA_ECOLI	943521	6.64e-04	22.642
sp|P27838|CYAY_ECOLI	1736527	7.81e-11	32.632
sp|P0ABT5|DUSB_ECOLI	1278478	2.36e-31	30.802
sp|P0AC73|EBGC_ECOLI	1737257	0.049	35.556
sp|P05194|AROD_ECOLI	1023811	0.010	23.207
sp|P76290|CMOA_ECOLI	1618982	0.002	23.864
sp|P0AEE3|DEGS_ECOLI	1637963	0.008	24.378
sp|Q47155|DPO4_ECOLI	1421468	1.61e-58	41.264
sp|P0AEF4|DPIA_ECOLI	1042482	0.030	25.000
sp|P0ACZ2|ETP_ECOLI	1717699	3.07e-18	31.544
sp|P0AEL8|FIMZ_ECOLI	1042482	0.063	22.378
sp|P80668|FEAB_ECOLI	1638430	4.04e-26	22.603
sp|P68767|AMPA_ECOLI	1656821	8.47e-47	34.835
sp|P27296|DING_ECOLI	1656823	5.37e-05	21.721
sp|P77488|DXS_ECOLI	973683	6.44e-05	22.097
sp|P36655|DSBD_ECOLI	1631806	5.02e-05	31.461
sp|P0ACC3|ERPA_ECOLI	1649339	1.41e-23	41.284
sp|P68644|FIXC_ECOLI	1425614	0.005	33.962
sp|P06709|BIRA_ECOLI	1437413	2.03e-13	27.572
sp|P08368|CREB_ECOLI	1060366	2.57e-05	29.412
sp|P29018|CYDD_ECOLI	939809	1.32e-56	27.403
sp|P29018|CYDD_ECOLI	939809	7.20e-25	32.203
sp|P29018|CYDD_ECOLI	939809	4.88e-06	23.684
sp|P52600|EMRY_ECOLI	1622659	4.40e-38	26.233
sp|P0ADI4|ENTB_ECOLI	1687616	3.71e-04	29.730
sp|P0ACZ4|EVGA_ECOLI	1023336	0.010	26.667
sp|P77757|ARNC_ECOLI	1082613	1.75e-10	26.389
sp|P00722|BGAL_ECOLI	1687992	1.01e-121	30.569
sp|P31801|CHAA_ECOLI	1278433	0.082	18.315
sp|P33363|BGLX_ECOLI	1686287	3.57e-60	27.720
sp|P08622|DNAJ_ECOLI	1042505	9.08e-66	34.232
sp|P0AB83|END3_ECOLI	1631899	6.96e-19	29.412
sp|P15047|ENTA_ECOLI	1719679	8.39e-21	31.731
sp|P77610|ANSP_ECOLI	41060	3.07e-11	21.973
sp|P15993|AROP_ECOLI	41060	9.91e-08	22.599
sp|P0A9I1|CITE_ECOLI	1043263	3.45e-39	29.310
sp|P0A6I3|COAA_ECOLI	1335279	9.41e-11	25.882
sp|P0AC13|DHPS_ECOLI	1304486	2.62e-60	43.077
sp|P31680|DJLA_ECOLI	1301235	3.74e-06	34.783
sp|P33371|DUSC_ECOLI	1635920	2.87e-24	32.319
sp|P0AB24|EFEO_ECOLI	1291152	0.078	27.044
sp|P15770|AROE_ECOLI	1023811	1.95e-16	29.795
sp|P23325|ARPA_ECOLI	1283241	8.31e-06	33.333
sp|P23325|ARPA_ECOLI	1283241	0.022	29.000
sp|P69228|BAER_ECOLI	1060366	9.48e-09	31.852
sp|P0ABH7|CISY_ECOLI	1298351	3.07e-124	46.310
sp|P0A6G7|CLPP_ECOLI	1727776	3.60e-84	59.162
sp|P0AA84|CLSB_ECOLI	1634760	0.034	25.000
sp|P77622|DDPF_ECOLI	1030624	4.88e-27	33.019
sp|P50465|END8_ECOLI	1663744	1.40e-06	25.281
sp|P0AG24|SPOT_ECOLI	1272721	4.93e-13	30.539
sp|P0A8K5|YAEP_ECOLI	1620907	0.087	32.143
sp|P75764|YBHJ_ECOLI	1022928	7.59e-36	24.299
sp|P76146|YNEE_ECOLI	1075880	7.16e-20	28.390
sp|P0AG27|YIBN_ECOLI	1417335	0.018	20.000
sp|P31470|YIEK_ECOLI	1682263	0.053	27.941
sp|P77173|ZIPA_ECOLI	1618130	1.45e-04	30.233
sp|P77173|ZIPA_ECOLI	1618130	0.003	28.972
sp|P07464|THGA_ECOLI	1681003	2.41e-51	44.041
sp|P75821|YBJS_ECOLI	1718615	1.97e-11	24.927
sp|P77376|YDGJ_ECOLI	1733214	2.60e-67	38.919
sp|P77147|YDHT_ECOLI	1281216	0.056	30.120
sp|P75809|YBJI_ECOLI	1432503	3.22e-13	24.453
sp|P24203|YJIA_ECOLI	1709149	3.39e-11	29.508
sp|P27837|YIFK_ECOLI	41060	2.14e-11	23.188
sp|P37631|YHIN_ECOLI	1425182	0.063	22.018
sp|P37327|YFDC_ECOLI	1322670	1.27e-07	26.457
sp|P52037|YGFF_ECOLI	1665879	8.71e-23	27.490
sp|P64588|YQJI_ECOLI	1335484	0.088	36.585
sp|P76481|YFBK_ECOLI	1055040	1.64e-14	26.667
sp|P75757|ZITB_ECOLI	1651153	2.98e-42	30.518
sp|P75792|SUPH_ECOLI	1432503	2.56e-16	27.338
sp|P0ADE4|TAMA_ECOLI	1665195	0.010	24.409
sp|P68398|TADA_ECOLI	1677682	3.07e-26	36.196
sp|P0A6D5|YDIB_ECOLI	1023811	4.20e-13	28.866
sp|P0ABU2|YCHF_ECOLI	1713020	3.13e-92	40.157
sp|P76909|YNJD_ECOLI	1427934	4.27e-17	34.839
sp|P07813|SYL_ECOLI	1703202	3.16e-24	21.935
sp|P0A8F0|UPP_ECOLI	1062698	1.29e-13	34.545
sp|P0A8H3|ZUPT_ECOLI	1087821	1.91e-43	34.405
sp|P0AE42|YQAE_ECOLI	1002133	5.94e-13	50.000
sp|P0DPO3|YNAL_ECOLI	3638	0.002	51.724
sp|P0DPO3|YNAL_ECOLI	3638	0.006	45.714
sp|P0DPO3|YNAL_ECOLI	3638	0.095	40.625
sp|P42589|YGJH_ECOLI	1734950	6.10e-22	43.689
sp|P43340|YCAK_ECOLI	356260	1.25e-06	25.478
sp|Q46856|YQHD_ECOLI	1742098	7.94e-68	32.481
sp|P77475|YQAB_ECOLI	1711317	2.87e-23	32.447
sp|P71311|YAIS_ECOLI	1276625	2.40e-04	25.397
sp|P77538|YFHR_ECOLI	1644132	3.16e-25	26.459
sp|P0ACM9|YIHL_ECOLI	1653840	0.045	45.455
sp|P46142|YGGM_ECOLI	1744846	0.077	24.510
sp|P39337|YJGM_ECOLI	1653944	0.003	25.175
sp|P0A8M0|SYN_ECOLI	1088754	8.39e-56	30.067
sp|P31142|THTM_ECOLI	1622185	0.003	26.364
sp|P38684|TORR_ECOLI	1060366	5.40e-08	29.310
sp|P77509|YPHE_ECOLI	1011064	1.35e-15	25.123
sp|P77509|YPHE_ECOLI	1011064	4.06e-14	24.775
sp|P77509|YPHE_ECOLI	1011064	1.43e-09	24.510
sp|P77509|YPHE_ECOLI	1011064	2.51e-07	23.364
sp|P0AAI1|SSUB_ECOLI	1030624	4.03e-30	36.000
sp|P08390|USG_ECOLI	1647350	5.25e-05	23.322
sp|P38506|XNI_ECOLI	1660797	0.093	37.500
sp|P75915|YCDY_ECOLI	1328697	0.066	26.087
sp|P52131|YFJP_ECOLI	1051713	0.001	29.592
sp|P05852|TSAD_ECOLI	1706090	7.17e-41	30.341
sp|P10908|UGPQ_ECOLI	1041910	0.002	29.730
sp|P77493|YDJH_ECOLI	1421025	2.64e-11	25.175
sp|P0A8D6|YMDB_ECOLI	1682468	1.15e-38	48.667
sp|P77234|YBEQ_ECOLI	1281232	1.05e-48	37.586
sp|P77234|YBEQ_ECOLI	1281232	1.84e-47	38.225
sp|P77234|YBEQ_ECOLI	1281232	5.19e-43	36.066
sp|P77234|YBEQ_ECOLI	1281232	4.61e-33	32.042
sp|P77234|YBEQ_ECOLI	1281232	1.55e-22	35.106
sp|P76616|YGAQ_ECOLI	1685944	3.93e-10	22.677
sp|P43531|YNFM_ECOLI	1727384	4.31e-05	25.381
sp|P0ADT8|YGIM_ECOLI	1630990	0.021	25.472
sp|P42599|YGJR_ECOLI	1733214	3.52e-14	29.944
sp|P37197|YHJA_ECOLI	1304057	0.019	33.846
sp|P76352|YEEO_ECOLI	1725891	3.72e-42	25.843
sp|Q46795|YGEO_ECOLI	1040880	0.029	30.000
sp|P76407|YEGS_ECOLI	1294635	0.004	32.727
sp|P76561|YPFH_ECOLI	1730190	0.014	25.000
sp|P0ABF6|CDD_ECOLI	1677651	1.89e-13	36.842
sp|P0ABF6|CDD_ECOLI	1677651	0.017	38.776
sp|P0AFR2|DAUA_ECOLI	1660795	2.79e-23	22.594
sp|P00370|DHE4_ECOLI	987195	1.89e-140	50.318
sp|P0A6P5|DER_ECOLI	1712169	2.97e-07	30.833
sp|P0A6P5|DER_ECOLI	1712169	6.22e-06	29.688
sp|P0A6H1|CLPX_ECOLI	1031800	4.57e-105	45.387
sp|P0A6J5|DADA_ECOLI	1425377	1.45e-04	20.000
sp|P0CK95|ACFD_ECOLI	1271321	6.81e-06	28.655
sp|P17445|BETB_ECOLI	1638430	4.97e-20	21.397
sp|P0AD14|BTSS_ECOLI	1725671	0.036	28.302
sp|P30847|BAES_ECOLI	1060366	2.49e-07	36.986
sp|P30847|BAES_ECOLI	1060366	1.34e-04	22.930
sp|P77434|ALAC_ECOLI	1671420	3.87e-84	36.939
sp|P0A6C5|ARGA_ECOLI	1619513	6.03e-10	22.897
sp|P0ACJ8|CRP_ECOLI	1726406	2.41e-10	34.737
sp|P0AED9|DCM_ECOLI	1295461	3.78e-08	22.660
sp|P51981|AEEP_ECOLI	1294977	0.037	27.632
sp|P0AFP2|ATL_ECOLI	1290773	6.75e-09	36.508
sp|P0AAE8|CADB_ECOLI	41060	1.77e-05	22.059
sp|P0AE67|CHEY_ECOLI	1060366	5.40e-11	29.412
sp|Q46925|CSDA_ECOLI	1061736	3.43e-23	30.380
sp|P0AE16|AMPG_ECOLI	1694847	2.31e-09	26.667
sp|P76461|ATOB_ECOLI	1727594	1.28e-99	44.529
sp|P05804|BGLR_ECOLI	1045103	3.37e-13	22.717
sp|P28246|BCR_ECOLI	1622659	1.99e-19	30.337
sp|P0A6F1|CARA_ECOLI	1355053	4.18e-77	39.702
sp|P22255|CYSQ_ECOLI	1743295	2.49e-16	23.611
sp|P0ABJ9|CYDA_ECOLI	1273837	0.075	24.167
sp|P0A6J8|DDLA_ECOLI	1355053	0.004	27.333
sp|P69908|DCEA_ECOLI	1040063	7.65e-105	39.013
sp|P23845|CYSN_ECOLI	1418850	1.12e-41	29.605
sp|P0A6F5|CH60_ECOLI	1080330	0.0	51.859
sp|P76291|CMOB_ECOLI	933698	7.69e-04	30.476
sp|P76217|ASTD_ECOLI	1638430	6.76e-18	23.622
sp|P12996|BIOB_ECOLI	1671426	4.37e-49	31.023
sp|P0A968|CSPD_ECOLI	391038	5.55e-11	44.286
sp|P23886|CYDC_ECOLI	1061060	2.73e-48	26.531
sp|P23886|CYDC_ECOLI	1061060	3.27e-30	30.672
sp|P00562|AK2H_ECOLI	1711754	7.66e-50	38.745
sp|P30843|BASR_ECOLI	1042482	1.81e-07	27.273
sp|P07330|CHEB_ECOLI	1060366	6.00e-05	27.523
sp|P13656|CHIA_ECOLI	979556	1.13e-21	25.449
sp|P0ABE9|CYNT_ECOLI	1299861	6.44e-27	30.769
sp|P39270|YJDF_ECOLI	1746483	4.58e-48	43.407
sp|P0AE39|YPDB_ECOLI	1042482	1.58e-06	30.769
sp|P14375|ZRAR_ECOLI	956693	9.46e-11	28.448
sp|P0AD47|YPHA_ECOLI	1350841	7.24e-04	25.000
sp|P21507|SRMB_ECOLI	1655807	1.31e-71	36.757
sp|P06612|TOP1_ECOLI	1355802	2.06e-31	26.145
sp|P45748|TSAC_ECOLI	1668494	2.86e-18	28.931
sp|P12758|UDP_ECOLI	1631008	0.004	23.529
sp|P77549|YFCJ_ECOLI	1281784	7.79e-04	28.276
sp|P39325|YTFQ_ECOLI	1002242	0.015	23.944
