1070415	sp|P20601|ATPF_BACMQ	6.71e-04	29.885
1286666	sp|O67526|ATPF_AQUAE	4.59e-06	32.990
1677652	sp|A8MJW3|ATPF_ALKOO	8.23e-04	32.432
1050746	sp|Q8G7A9|ATPF_BIFLO	1.40e-04	24.823
1022677	sp|A5G9D4|ATPF_GEOUR	2.59e-04	28.378
998205	sp|Q16AM5|ATPF1_ROSDO	3.32e-04	34.737
445808	sp|Q5KUI9|ATPF_GEOKA	5.92e-04	20.000
1713674	sp|A9BCE1|ATPF_PROM4	6.78e-04	31.944
1348337	sp|Q5KUI9|ATPF_GEOKA	1.42e-04	25.954
1027226	sp|B5YBQ1|ATPF_DICT6	6.55e-04	25.434
1001492	sp|A7GV60|ATPF_BACCN	4.25e-05	22.549
846683	sp|Q318T9|ATPF_PROM9	6.18e-04	31.373
1287008	sp|Q85FR1|ATPX_CYAM1	2.45e-04	32.051
1026137	sp|A6L8N7|ATPF_PARD8	3.41e-07	32.759
1034610	sp|Q603U6|ATPF2_METCA	2.00e-04	32.584
1014176	sp|Q2JIF8|ATPF_SYNJB	2.88e-05	31.944
131558	sp|Q986D1|ATPF2_RHILO	1.52e-04	32.836
1435057	sp|Q5KUI9|ATPF_GEOKA	8.70e-04	24.806
1386850	sp|A9IQI8|ATPF2_BART1	3.76e-04	26.496
1706214	sp|P21904|ATPF_PROMO	4.04e-04	25.203
1296218	sp|A4QK04|ATPF_ARAHI	0.001	35.714
1281784	sp|B2A3G6|ATPF_NATTJ	3.61e-05	23.200
1297262	sp|Q8WI29|ATPF_PSINU	5.42e-04	30.841
1737052	sp|A6QB63|ATPF_SULNB	0.001	26.446
1693933	sp|Q2W025|ATPF_MAGSA	4.29e-04	27.273
983356	sp|Q477Z5|ATPF_DECAR	1.45e-04	29.333
1734326	sp|A6YG65|ATPF_PLETE	3.28e-04	30.769
1697511	sp|P35012|ATPX_GALSU	7.35e-04	22.148
1023921	sp|Q603U6|ATPF2_METCA	7.86e-05	27.885
1060853	sp|A0ALL7|ATPF_LISW6	0.001	26.531
1318294	sp|B0TWS3|ATPF_FRAP2	3.46e-05	25.926
1292489	sp|Q7MA22|ATPF_WOLSU	7.99e-04	35.294
1338274	sp|P41014|ATPF_BACCA	4.73e-06	28.916
1673434	sp|A6WW79|ATPF1_OCHA4	6.39e-04	33.684
1342336	sp|B7HY69|ATPF_BACC7	1.23e-05	27.273
1293188	sp|Q603U6|ATPF2_METCA	3.17e-04	30.769
929324	sp|A2C4J8|ATPX_PROM1	5.84e-04	25.833
1621916	sp|B0TI54|ATPF_HELMI	8.95e-05	25.954
1311431	sp|P20601|ATPF_BACMQ	4.62e-04	25.000
1640010	sp|A9WGS8|ATPF_CHLAA	9.25e-05	23.232
1048176	sp|B3EU96|ATPF_AMOA5	1.27e-04	29.333
959442	sp|Q2JIF8|ATPF_SYNJB	7.51e-05	26.549
1062930	sp|A5ILW8|ATPF_THEP1	4.42e-04	26.531
562631	sp|A7ZC33|ATPF_CAMC1	4.62e-04	29.032
996927	sp|Q2IHP6|ATPF_ANADE	1.58e-04	30.120
1293764	sp|Q5KUI9|ATPF_GEOKA	3.70e-05	34.579
1293764	sp|Q5KUI9|ATPF_GEOKA	9.12e-05	23.729
1293764	sp|Q5KUI9|ATPF_GEOKA	6.87e-04	23.256
999380	sp|A6Q4C4|ATPF_NITSB	3.79e-04	31.395
1277044	sp|Q3K437|ATPF_PSEPF	8.20e-05	29.032
972775	sp|Q32RS7|ATPF_STAPU	7.27e-06	30.137
1436295	sp|B0TWS3|ATPF_FRAP2	4.83e-05	28.571
1071161	sp|B2V6N8|ATPF_SULSY	3.57e-04	30.556
1434191	sp|B7IQW2|ATPF_BACC2	2.96e-07	26.316
959790	sp|A6Q4C4|ATPF_NITSB	6.34e-05	35.366
989786	sp|A4Z2B7|ATPF1_BRASO	7.84e-04	36.986
995616	sp|Q5QZI2|ATPF_IDILO	4.24e-05	29.348
1048959	sp|A6L8N7|ATPF_PARD8	0.001	24.627
1434331	sp|A5ILW8|ATPF_THEP1	2.25e-04	26.119
944007	sp|A6Q4C4|ATPF_NITSB	1.43e-04	23.656
1079319	sp|Q64UA6|ATPF_BACFR	2.94e-05	24.786
1036132	sp|A9IQI8|ATPF2_BART1	4.55e-04	26.496
1435862	sp|Q2JIF8|ATPF_SYNJB	3.40e-04	37.838
1040048	sp|A6Q4C4|ATPF_NITSB	1.65e-06	33.010
1040048	sp|A6Q4C4|ATPF_NITSB	6.08e-05	29.000
1040048	sp|A6Q4C4|ATPF_NITSB	2.65e-04	29.268
1629826	sp|B1HM52|ATPF_LYSSC	6.97e-04	27.068
1424466	sp|Q2JSV9|ATPF_SYNJA	5.02e-04	28.462
1622472	sp|B0BRX6|ATPF_ACTPJ	6.80e-04	35.484
930446	sp|B1XHZ0|ATPF1_SYNP2	0.001	24.370
962588	sp|A4ITJ3|ATPF_GEOTN	1.19e-04	23.729
1737219	sp|A7HQY5|ATPF2_PARL1	0.001	25.000
1624091	sp|Q6G5K9|ATPF2_BARHE	4.03e-04	28.431
1004291	sp|P51245|ATPX_PORPU	4.41e-05	36.232
1267842	sp|A9WGS8|ATPF_CHLAA	1.99e-04	24.468
1359219	sp|Q6MGM3|ATPF_BDEBA	6.48e-04	28.000
1269018	sp|Q2JIF8|ATPF_SYNJB	2.91e-07	32.381
1269018	sp|Q2JIF8|ATPF_SYNJB	1.79e-05	33.654
1269018	sp|Q2JIF8|ATPF_SYNJB	1.83e-04	23.958
228324	sp|Q05365|ATPF_SYNP1	2.19e-04	29.885
108966	sp|Q2IHP6|ATPF_ANADE	1.43e-04	37.037
944691	sp|A2C4J8|ATPX_PROM1	3.87e-04	25.620
1347680	sp|B0U5A2|ATPF_XYLFM	6.58e-04	28.571
1360076	sp|B1XRK5|ATPF2_SYNP2	0.001	28.477
1436298	sp|B0TWS3|ATPF_FRAP2	3.09e-04	27.273
1670382	sp|B1MW89|ATPF_LEUCK	8.23e-04	34.328
1026628	sp|A7GV60|ATPF_BACCN	3.77e-05	21.698
1640001	sp|B5YI20|ATPF_THEYD	4.29e-06	26.154
1077818	sp|Q2LQZ9|ATPF1_SYNAS	5.62e-04	24.242
1000982	sp|A7HJW1|ATPF_FERNB	0.001	30.702
1422847	sp|B1XRK5|ATPF2_SYNP2	5.67e-08	25.698
1422847	sp|B1XRK5|ATPF2_SYNP2	5.67e-08	25.517
998404	sp|B2V6N8|ATPF_SULSY	1.87e-04	28.571
1674692	sp|Q3AZM4|ATPX_SYNS9	2.86e-04	32.727
1026682	sp|Q2JSV9|ATPF_SYNJA	3.23e-08	31.933
1416118	sp|B2J056|ATPF_NOSP7	3.92e-05	29.907
960620	sp|Q3J6M7|ATPF_NITOC	1.31e-04	24.771
1408035	sp|B1XRK5|ATPF2_SYNP2	7.39e-05	26.613
341384	sp|Q2JIF8|ATPF_SYNJB	5.38e-06	31.707
341384	sp|Q2JIF8|ATPF_SYNJB	6.98e-06	32.407
341384	sp|Q2JIF8|ATPF_SYNJB	5.31e-04	28.455
341384	sp|Q2JIF8|ATPF_SYNJB	5.51e-04	26.496
341384	sp|Q2JIF8|ATPF_SYNJB	0.001	24.590
1678822	sp|A4SGZ0|ATPF_CHLPM	3.62e-06	27.559
947881	sp|B0TWS3|ATPF_FRAP2	4.21e-04	28.846
1745130	sp|B0TWS3|ATPF_FRAP2	1.09e-05	27.273
931534	sp|B0BZK9|ATPX_ACAM1	2.79e-04	25.000
961825	sp|Q5KUI9|ATPF_GEOKA	0.001	30.682
1275790	sp|Q79VG9|ATPF_CORGL	1.52e-04	31.579
280850	sp|A7GV60|ATPF_BACCN	1.41e-04	28.750
1745128	sp|B0TWS3|ATPF_FRAP2	1.09e-05	27.273
1088895	sp|B0TWS3|ATPF_FRAP2	2.13e-05	26.389
1722991	sp|B5RFV9|ATPF_SALG2	6.29e-04	30.769
543818	sp|B4UJU5|ATPF_ANASK	7.56e-04	29.730
1308897	sp|Q0A4M4|ATPF_ALKEH	1.78e-04	22.581
959425	sp|Q8Y4B8|ATPF_LISMO	7.64e-04	25.253
488233	sp|Q2JIF8|ATPF_SYNJB	0.001	28.125
1316339	sp|Q2JSV9|ATPF_SYNJA	2.69e-05	30.769
1316339	sp|Q2JSV9|ATPF_SYNJA	5.11e-04	23.529
1316339	sp|Q2JSV9|ATPF_SYNJA	6.68e-04	25.556
1419568	sp|Q2JIF8|ATPF_SYNJB	6.23e-04	25.000
1656976	sp|Q7MA22|ATPF_WOLSU	8.00e-04	32.222
74770	sp|Q477Z5|ATPF_DECAR	2.19e-04	32.353
954894	sp|B7HY69|ATPF_BACC7	1.63e-07	27.869
