sp|Q1IIG6|ATPA_KORVE	1037070	0.0	58.025
sp|B5XZM2|ATPA_KLEP3	1037070	5.45e-176	51.807
sp|Q5FKY2|ATPA_LACAC	1037070	0.0	55.236
sp|A2SC68|ATPA_METPP	1037070	0.0	54.455
sp|A5N3H9|ATPA_CLOK5	1037070	0.0	57.732
sp|A0A320|ATPA_COFAR	1037070	0.0	55.144
sp|C0MH19|ATPA_STRS7	1037070	0.0	54.927
sp|A0K2Y1|ATPA_BURCH	1037070	0.0	56.768
sp|B4EEY7|ATPA_BURCJ	1037070	0.0	56.768
sp|P26854|ATPAM_MARPO	1037070	0.0	65.510
sp|P05495|ATPAM_NICPL	1037070	0.0	62.834
sp|A4JA33|ATPA_BURVG	1037070	0.0	56.566
sp|A6MM21|ATPA_BUXMI	1037070	0.0	55.144
sp|Q2K3G8|ATPA_RHIEC	1037070	0.0	62.451
sp|Q98EV6|ATPA_RHILO	1037070	0.0	63.599
sp|Q8RC17|ATPA_CALS4	1037070	0.0	60.285
sp|Q8FQ22|ATPA_COREF	1037070	0.0	52.505
sp|Q5M106|ATPA_STRT1	1037070	0.0	55.419
sp|Q79VG7|ATPA_CORGL	1037070	0.0	52.305
sp|B6J961|ATPA_COXB1	1037070	5.05e-180	53.579
sp|B6J2D8|ATPA_COXB2	1037070	5.05e-180	53.579
sp|Q07UZ3|ATPA_RHOP5	1037070	0.0	62.327
sp|Q83AF7|ATPA_COXBU	1037070	5.05e-180	53.579
sp|A7MMX1|ATPA_CROS8	1037070	5.47e-175	51.406
sp|Q0K5M5|ATPA_CUPNH	1037070	0.0	55.842
sp|P05493|ATPAM_PEA	1037070	0.0	65.136
sp|P24459|ATPAM_PHAVU	1037070	0.0	63.900
sp|C1CLK8|ATPA_STRZP	1037070	0.0	53.293
sp|A1VXI8|ATPA_CAMJJ	1037070	0.0	57.143
sp|B9KES1|ATPA_CAMLR	1037070	0.0	58.058
sp|A8W3A9|ATPA_CUSEX	1037070	0.0	54.845
sp|Q6NDD0|ATPA_RHOPA	1037070	0.0	61.144
sp|Q13DP4|ATPA_RHOPS	1037070	0.0	61.933
sp|Q3A944|ATPA_CARHZ	1037070	0.0	60.941
sp|Q30QP9|ATPA_SULDN	1037070	0.0	56.967
sp|B8HPK1|ATPA_CYAP4	1037070	0.0	55.918
sp|Q85FQ8|ATPA_CYAM1	1037070	0.0	54.600
sp|A6H5F1|ATPA_CYCTA	1037070	0.0	54.767
sp|A8Z5R1|ATPA_SULMW	1037070	1.83e-179	51.961
sp|Q0G9X7|ATPA_DAUCA	1037070	0.0	54.767
sp|Q313V8|ATPA_DESAG	1037070	0.0	57.700
sp|B2V6N6|ATPA_SULSY	1037070	0.0	58.084
sp|B8FGT6|ATPA_DESAL	1037070	0.0	59.063
sp|Q24MN9|ATPA_DESHY	1037070	0.0	57.526
sp|C4XI08|ATPA_DESMR	1037070	0.0	57.819
sp|A0LLG0|ATPA_SYNFM	1037070	0.0	62.195
sp|Q6AQ12|ATPA_DESPS	1037070	0.0	58.727
sp|Q2JIG0|ATPA_SYNJB	1037070	0.0	55.285
sp|B8DRD0|ATPA_DESVM	1037070	0.0	57.172
sp|A1VFJ3|ATPA_DESVV	1037070	0.0	56.612
sp|P0ABB2|ATPA_ECO57	1037070	2.56e-177	52.209
sp|B3QWX7|ATPA_CHLT3	1037070	0.0	55.212
sp|Q8RGE0|ATPA_FUSNN	1037070	0.0	59.548
sp|A4QJI4|ATPA_AETGR	1037070	0.0	55.943
sp|A9MXA8|ATPA_SALPB	1037070	6.39e-177	52.209
sp|A9KX08|ATPA_SHEB9	1037070	1.52e-174	51.324
sp|Q6EW63|ATPA_NYMAL	1037070	0.0	54.361
sp|Q3YVN8|ATPA_SHISS	1037070	2.56e-177	52.209
sp|A5IFJ9|ATPA1_LEGPC	1037070	1.82e-137	43.522
sp|C3LFI1|ATPA_BACAC	1037070	0.0	57.755
sp|Q87E88|ATPA_XYLFT	1037070	7.76e-179	54.130
sp|B7HY67|ATPA_BACC7	1037070	0.0	57.755
sp|Q6MGM5|ATPA_BDEBA	1037070	0.0	58.266
sp|Q8G7B1|ATPA_BIFLO	1037070	4.60e-180	50.794
sp|B7GTZ1|ATPA_BIFLS	1037070	1.10e-179	50.794
sp|Q3A076|ATPA2_PELCD	1037070	2.94e-150	45.291
sp|Q47M80|ATPA_THEFY	1037070	0.0	52.577
sp|Q1B551|ATPA_MYCSS	1037070	0.0	51.509
sp|Q9TL16|ATPA_NEPOL	1037070	0.0	55.882
sp|P56294|ATPA_CHLVU	1037070	0.0	57.526
sp|Q09MJ3|ATPA_CITSI	1037070	0.0	55.372
sp|B9DX63|ATPA_CLOK1	1037070	0.0	57.938
sp|Q0SQZ3|ATPA_CLOPS	1037070	0.0	59.465
sp|C3PFR3|ATPA_CORA7	1037070	0.0	51.904
sp|Q0BJL7|ATPA_BURCM	1037070	0.0	56.364
sp|A9AJG2|ATPA_BURM1	1037070	0.0	56.566
sp|A2S6K0|ATPA_BURM9	1037070	0.0	56.566
sp|P0C520|ATPAM_ORYSA	1037070	0.0	64.256
sp|P0C521|ATPAM_ORYSI	1037070	0.0	64.256
sp|P0C522|ATPAM_ORYSJ	1037070	0.0	64.256
sp|A0RR28|ATPA_CAMFF	1037070	0.0	59.155
sp|C1A1Y0|ATPA_RHOE4	1037070	0.0	52.894
sp|A8FJR0|ATPA_CAMJ8	1037070	0.0	57.143
sp|Q2QDA3|ATPA_CUCSA	1037070	0.0	54.938
sp|Q9PJ21|ATPA_CAMJE	1037070	0.0	57.143
sp|Q01915|ATPAM_SOYBN	1037070	0.0	64.108
sp|C1CF95|ATPA_STRZJ	1037070	0.0	53.293
sp|A4QKH7|ATPA_CAPBU	1037070	0.0	55.943
sp|Q46VX8|ATPA_CUPNJ	1037070	0.0	56.768
sp|A7M8Y9|ATPA_CUSGR	1037070	0.0	55.144
sp|Q9TM26|ATPA_CYACA	1037070	0.0	56.458
sp|Q31RF1|ATPA_SYNE7	1037070	0.0	57.083
sp|A9NGW4|ATPA_ACHLI	1037070	9.21e-173	52.577
sp|A9WGS6|ATPA_CHLAA	1037070	0.0	55.714
sp|A8A6J7|ATPA_ECOHS	1037070	2.56e-177	52.209
sp|Q8KAW8|ATPA_CHLTE	1037070	0.0	55.819
sp|B2KEX0|ATPA_ELUMP	1037070	0.0	56.175
sp|Q9MTL7|ATPA_OENEH	1037070	0.0	54.527
sp|Q8DDH0|ATPA_VIBVU	1037070	1.09e-178	51.594
sp|Q0ZJ35|ATPA_VITVI	1037070	0.0	55.350
sp|A6U3J0|ATPA_STAA2	1037070	0.0	58.568
sp|Q7MA20|ATPA_WOLSU	1037070	0.0	57.377
sp|B9IRT9|ATPA_BACCQ	1037070	0.0	57.755
sp|B7HFK4|ATPA_BACC4	1037070	0.0	57.755
sp|B4RD45|ATPA_PHEZH	1037070	0.0	62.450
sp|Q5LD82|ATPA_BACFN	1037070	9.95e-175	53.996
sp|Q5HE95|ATPA_STAAC	1037070	0.0	58.351
sp|Q8A9U7|ATPA_BACTN	1037070	2.89e-174	52.869
sp|Q6G7K5|ATPA_STAAS	1037070	0.0	58.568
sp|Q85X67|ATPA_PINKO	1037070	7.76e-179	55.789
sp|Q1JMJ1|ATPA_STRPC	1037070	0.0	55.462
sp|B5FN35|ATPA_SALDC	1037070	6.39e-177	52.209
sp|B5QUS6|ATPA_SALEP	1037070	6.39e-177	52.209
sp|B3WDL6|ATPA_LACCB	1037070	0.0	55.785
sp|Q332Y4|ATPA_LACSA	1037070	0.0	54.472
sp|P33252|ATPA_MYCGA	1037070	1.29e-173	51.220
sp|Q1CWT2|ATPA_MYXXD	1037070	0.0	59.267
sp|Q2GER5|ATPA_NEOSM	1037070	0.0	62.472
sp|P22201|ATPAM_BRANA	1037070	0.0	60.359
sp|P18260|ATPAM_HELAN	1037070	0.0	62.168
sp|Q8XID2|ATPA_CLOPE	1037070	0.0	59.465
sp|A3DIM7|ATPA_CLOTH	1037070	0.0	57.201
sp|P15999|ATPA_RAT	1037070	0.0	66.119
sp|Q1MAZ0|ATPA_RHIL3	1037070	0.0	62.846
sp|Q92LK6|ATPA_RHIME	1037070	0.0	63.043
sp|Q6NHT1|ATPA_CORDI	1037070	0.0	51.904
sp|P05439|ATPA_RHOBL	1037070	0.0	64.876
sp|Q4JUJ8|ATPA_CORJK	1037070	8.40e-177	50.501
sp|B1VFY5|ATPA_CORU7	1037070	1.63e-180	51.004
sp|A7ZC35|ATPA_CAMC1	1037070	0.0	60.041
sp|A7H019|ATPA_CAMC5	1037070	0.0	59.426
sp|Q0SGP7|ATPA_RHOJR	1037070	0.0	51.896
sp|Q2J3I2|ATPA_RHOP2	1037070	0.0	61.933
sp|A9KBF9|ATPA_COXBN	1037070	5.05e-180	53.579
sp|A7I175|ATPA_CAMHC	1037070	0.0	57.906
sp|A9NBC8|ATPA_COXBR	1037070	5.05e-180	53.579
sp|A4QKR6|ATPA_CRUWA	1037070	0.0	55.354
sp|B9DRT4|ATPA_STRU0	1037070	0.0	53.988
sp|Q21CY5|ATPA_RHOPB	1037070	0.0	62.327
sp|Q6A8C5|ATPA_CUTAK	1037070	0.0	52.254
sp|B7KKR4|ATPA_CYAP7	1037070	0.0	55.040
sp|P48080|ATPA_CYAPA	1037070	0.0	56.379
sp|B8H5I2|ATPA_CAUVN	1037070	0.0	63.039
sp|A4WUM9|ATPA_RHOS5	1037070	0.0	61.811
sp|Q72E02|ATPA_DESVH	1037070	0.0	56.612
sp|Q9XPJ9|ATPA_DICDI	1037070	5.99e-179	57.366
sp|B1IX04|ATPA_ECOLC	1037070	2.56e-177	52.209
sp|Q5FF66|ATPA_EHRRG	1037070	0.0	62.313
sp|Q2L8Z1|ATPA_GOSHI	1037070	0.0	55.532
sp|Q85FN4|ATPA_ADICA	1037070	0.0	55.691
sp|Q0HPF9|ATPA_SHESR	1037070	6.69e-173	51.120
sp|Q60CR6|ATPA1_METCA	1037070	0.0	56.009
sp|Q6C326|ATPA_YARLI	1037070	0.0	66.258
sp|Q13SQ0|ATPA2_PARXL	1037070	0.0	56.478
sp|Q3K439|ATPA_PSEPF	1037070	0.0	52.953
sp|Q9K4D5|ATPA_STRCO	1037070	4.55e-180	52.254
sp|Q2T873|ATPA2_BURTA	1037070	9.04e-136	45.291
sp|B5E673|ATPA_STRP4	1037070	0.0	53.293
sp|A9WWS4|ATPA_BRUSI	1037070	0.0	64.213
sp|Q2LY34|ATPA2_SYNAS	1037070	2.00e-153	47.845
sp|Q4UK16|ATPA_RICFE	1037070	0.0	61.055
sp|Q92G86|ATPA_RICCN	1037070	0.0	60.852
sp|O50288|ATPA_RICPR	1037070	0.0	61.475
sp|B0THN4|ATPA_HELMI	1037070	0.0	62.140
sp|Q28TJ8|ATPA_JANSC	1037070	0.0	63.093
sp|Q07405|ATPA_MYXXA	1037070	0.0	59.267
sp|Q9JW72|ATPA_NEIMA	1037070	0.0	53.374
sp|Q8XU74|ATPA_RALSO	1037070	0.0	55.758
sp|P05494|ATPAM_MAIZE	1037070	0.0	63.843
sp|B1JSV5|ATPA_BURCC	1037070	0.0	56.768
sp|A4W1V9|ATPA_STRS2	1037070	0.0	54.016
sp|Q48AW2|ATPA_COLP3	1037070	1.50e-175	51.935
sp|A9WNC6|ATPA_RENSM	1037070	0.0	53.719
sp|Q39KX8|ATPA_BURL3	1037070	0.0	56.768
sp|A4VVK1|ATPA_STRSY	1037070	0.0	54.016
sp|A6MVW4|ATPA_RHDSA	1037070	0.0	55.297
sp|B3PQ70|ATPA_RHIE6	1037070	0.0	62.451
sp|B5ZSN9|ATPA_RHILW	1037070	0.0	62.451
sp|Q9XXK1|ATPA_CAEEL	1037070	0.0	65.708
sp|Q7YJY4|ATPA_CALFG	1037070	0.0	55.144
sp|P05492|ATPAM_OENBI	1037070	0.0	64.182
sp|A4QDH1|ATPA_CORGB	1037070	0.0	52.305
sp|Q5M5J3|ATPA_STRT2	1037070	0.0	55.419
sp|P72245|ATPA_RHOCA	1037070	0.0	63.975
sp|C1AW01|ATPA_RHOOB	1037070	0.0	51.697
sp|A7H1H9|ATPA_CAMJD	1037070	0.0	57.350
sp|Q1LHK8|ATPA_CUPMC	1037070	0.0	56.970
sp|Q03LX5|ATPA_STRTD	1037070	0.0	55.419
sp|P68541|ATPAM_RAPSA	1037070	0.0	60.359
sp|C1CSD0|ATPA_STRZT	1037070	0.0	53.493
sp|Q5HX61|ATPA_CAMJR	1037070	0.0	57.143
sp|A7M951|ATPA_CUSRE	1037070	0.0	55.144
sp|A8W3H5|ATPA_CUSOB	1037070	0.0	54.733
sp|Q2RV20|ATPA_RHORT	1037070	0.0	64.056
sp|B1A920|ATPA_CARPA	1037070	0.0	55.579
sp|Q11YP1|ATPA_CYTH3	1037070	0.0	54.528
sp|Q05FY3|ATPA_CARRP	1037070	6.86e-151	52.415
sp|B0T338|ATPA_CAUSK	1037070	0.0	63.039
sp|A6QB61|ATPA_SULNB	1037070	0.0	56.879
sp|Q37380|ATPA_ACACA	1037070	0.0	59.502
sp|Q3Z8Z4|ATPA_DEHM1	1037070	0.0	57.741
sp|A5FRQ3|ATPA_DEHMB	1037070	0.0	58.125
sp|A8SE59|ATPA_CERDE	1037070	0.0	55.761
sp|Q2LCQ7|ATPA_DICCI	1037070	1.26e-179	53.704
sp|B8G6G8|ATPA_CHLAD	1037070	0.0	55.306
sp|B5YBQ0|ATPA_DICT6	1037070	1.68e-162	50.000
sp|P35381|ATPA_DROME	1037070	0.0	65.102
sp|B6I3X1|ATPA_ECOSE	1037070	2.56e-177	52.209
sp|Q831A3|ATPA_ENTFA	1037070	0.0	56.122
sp|Q5NIK5|ATPA_FRATT	1037070	0.0	54.472
sp|A0ZZ20|ATPA_GOSBA	1037070	0.0	55.324
sp|A0M6G4|ATPA_GRAFK	1037070	9.68e-179	51.556
sp|Q6B8Q8|ATPA_GRATL	1037070	0.0	56.315
sp|A1SBU2|ATPA_SHEAM	1037070	3.11e-177	52.342
sp|B3EU98|ATPA_AMOA5	1037070	0.0	57.725
sp|B2TUP1|ATPA_SHIB3	1037070	1.89e-177	52.209
sp|A6L8N5|ATPA_PARD8	1037070	4.76e-179	52.807
sp|Q98QU3|ATPA1_MYCPU	1037070	3.42e-173	53.623
sp|Q6LLG6|ATPA1_PHOPR	1037070	1.35e-171	52.381
sp|Q5FNY6|ATPA2_GLUOX	1037070	5.27e-145	44.513
sp|Q15MU2|ATPA2_PSEA6	1037070	5.15e-179	51.935
sp|A2C4J5|ATPA_PROM1	1037070	0.0	56.000
sp|B1AIC1|ATPA_UREP2	1037070	4.81e-164	57.857
sp|A4GAH1|ATPA_HERAR	1037070	0.0	54.910
sp|Q4QN62|ATPA_HAEI8	1037070	4.14e-179	52.953
sp|Q88UU1|ATPA_LACPL	1037070	0.0	55.804
sp|B2J058|ATPA_NOSP7	1037070	0.0	56.108
sp|A1SHI9|ATPA_NOCSJ	1037070	0.0	52.459
sp|A6LQH4|ATPA_CLOB8	1037070	0.0	57.700
sp|P0DA03|ATPA_STRPQ	1037070	0.0	55.462
sp|A5HY50|ATPA_CLOBH	1037070	0.0	59.000
sp|P68542|ATPAM_BRACM	1037070	0.0	60.359
sp|A1XGM3|ATPA_RANMC	1037070	0.0	54.361
sp|Q0TNC2|ATPA_CLOP1	1037070	0.0	59.465
sp|B5XKP9|ATPA_STRPZ	1037070	0.0	55.462
sp|Q7CRB1|ATPA_STRR6	1037070	0.0	53.493
sp|P12862|ATPAM_WHEAT	1037070	0.0	63.223
sp|Q477Z3|ATPA_DECAR	1037070	0.0	54.800
sp|Q9A2V7|ATPA_CAUVC	1037070	0.0	63.039
sp|Q06H12|ATPA_DRIGR	1037070	0.0	55.144
sp|B5YXD8|ATPA_ECO5E	1037070	2.56e-177	52.209
sp|Q2A1I0|ATPA_FRATH	1037070	0.0	54.472
sp|B9LZ86|ATPA_GEODF	1037070	0.0	59.959
sp|A4XAW4|ATPA_SALTO	1037070	1.66e-173	53.898
sp|P12112|ATPA_WHEAT	1037070	0.0	54.938
sp|Q329S3|ATPA_SHIDS	1037070	2.56e-177	52.209
sp|Q7VA63|ATPA_PROMA	1037070	0.0	56.871
sp|Q0AEI9|ATPA2_NITEC	1037070	2.24e-141	44.858
sp|A6W7G7|ATPA_KINRD	1037070	0.0	51.852
sp|Q9MUT2|ATPA_MESVI	1037070	0.0	54.675
sp|Q97PT4|ATPA_STRPN	1037070	0.0	53.493
sp|Q9JXQ0|ATPA_NEIMB	1037070	0.0	53.374
sp|Q5Z0Y3|ATPA_NOCFA	1037070	0.0	51.697
sp|Q9Z689|ATPA_CLOAB	1037070	0.0	58.025
sp|Q1QSC8|ATPA_CHRSD	1037070	0.0	52.953
sp|B9KPI6|ATPA_RHOSK	1037070	0.0	63.415
sp|B8J437|ATPA_DESDA	1037070	0.0	57.143
sp|A8ZU99|ATPA_DESOH	1037070	0.0	59.267
sp|Q2JSW1|ATPA_SYNJA	1037070	0.0	55.691
sp|A6MMJ2|ATPA_DIOEL	1037070	0.0	55.876
sp|Q19VA5|ATPA_CHLAT	1037070	0.0	57.261
sp|Q0TAX5|ATPA_ECOL5	1037070	2.56e-177	52.209
sp|P0ABB0|ATPA_ECOLI	1037070	2.56e-177	52.209
sp|B3CSS9|ATPA_ORITI	1037070	0.0	58.932
sp|Q9KNH3|ATPA_VIBCH	1037070	1.22e-178	51.195
sp|P12985|ATPA_VIBAL	1037070	1.20e-176	51.935
sp|B3CN53|ATPA_WOLPP	1037070	0.0	57.350
sp|A1RQB2|ATPA_SHESW	1037070	2.74e-176	52.138
sp|C3M9S3|ATPA_SINFN	1037070	0.0	62.846
sp|B6YR06|ATPA_AZOPC	1037070	2.69e-178	53.252
sp|A8YY72|ATPA_STAAT	1037070	0.0	58.568
sp|Q7NA92|ATPA_PHOLL	1037070	2.36e-176	51.406
sp|Q6HAX7|ATPA_BACHK	1037070	0.0	57.755
sp|Q5X0P1|ATPA2_LEGPA	1037070	4.39e-179	52.546
sp|Q3K1J7|ATPA_STRA1	1037070	0.0	54.601
sp|A4QK90|ATPA_BARVE	1037070	0.0	55.556
sp|A5WBA5|ATPA_PSEP1	1037070	0.0	52.400
sp|C1C8A1|ATPA_STRP7	1037070	0.0	53.293
sp|A7N6Q6|ATPA2_VIBCB	1037070	1.11e-173	50.100
sp|Q1JHN7|ATPA_STRPD	1037070	0.0	54.601
sp|Q1BRA8|ATPA_BURCA	1037070	0.0	56.768
sp|Q8MA05|ATPA_CHAGL	1037070	0.0	55.785
sp|B7I1W2|ATPA_ACIB5	1037070	0.0	52.191
sp|A4QL91|ATPA_LEPVR	1037070	0.0	55.943
sp|B8D6S5|ATPA_BUCAT	1037070	6.22e-164	49.491
sp|B8ZR40|ATPA_MYCLB	1037070	0.0	53.608
sp|C1FQP3|ATPA_CLOBJ	1037070	0.0	59.000
sp|B2IQX2|ATPA_STRPS	1037070	0.0	53.293
sp|Q06735|ATPAM_BETVU	1037070	0.0	63.693
sp|B1KSS6|ATPA_CLOBM	1037070	0.0	59.000
sp|A0Q2Z6|ATPA_CLONN	1037070	0.0	58.436
sp|Q3ZZT9|ATPA_DEHMC	1037070	0.0	58.125
sp|B3PIS9|ATPA_CELJU	1037070	0.0	53.722
sp|A9BPU5|ATPA_DELAS	1037070	0.0	55.050
sp|B1I6J9|ATPA_DESAP	1037070	0.0	55.691
sp|A8GPZ6|ATPA_RICAH	1037070	0.0	61.303
sp|B8FZ36|ATPA_DESHD	1037070	0.0	57.938
sp|Q1ACM8|ATPA_CHAVU	1037070	0.0	56.082
sp|Q11DD7|ATPA_CHESB	1037070	0.0	62.648
sp|Q67TB9|ATPA_SYMTH	1037070	0.0	62.284
sp|A4J9A1|ATPA_DESRM	1037070	0.0	59.305
sp|A5EXJ7|ATPA_DICNV	1037070	0.0	54.582
sp|A7ZTU6|ATPA_ECO24	1037070	2.56e-177	52.209
sp|A4QL04|ATPA_DRANE	1037070	0.0	55.668
sp|Q3AUA7|ATPA_CHLCH	1037070	0.0	55.534
sp|A5G9D6|ATPA_GEOUR	1037070	0.0	60.041
sp|B4SYD3|ATPA_SALNS	1037070	6.39e-177	52.209
sp|Q5E1N5|ATPA_ALIF1	1037070	4.41e-174	51.324
sp|Q04G22|ATPA_OENOB	1037070	0.0	56.173
sp|Q06FX6|ATPA_PELHO	1037070	0.0	55.375
sp|A1ALL5|ATPA_PELPD	1037070	0.0	58.316
sp|Q5X2Q3|ATPA1_LEGPA	1037070	1.84e-138	44.632
sp|Q7UH05|ATPA1_RHOBA	1037070	2.27e-147	47.210
sp|Q14FH2|ATPA_POPAL	1037070	0.0	54.158
sp|Q8Y4C0|ATPA2_LISMO	1037070	0.0	55.828
sp|P95787|ATPA_STRMU	1037070	0.0	54.601
sp|B0UWG7|ATPA_HISS2	1037070	0.0	53.535
sp|Q06RE6|ATPA_JASNU	1037070	0.0	54.564
sp|B0SLC6|ATPA_LEPBP	1037070	0.0	54.845
sp|P06283|ATPA_MARPO	1037070	0.0	56.612
sp|Q2VZN0|ATPA_MAGSA	1037070	0.0	65.031
sp|A0PUK2|ATPA_MYCUA	1037070	0.0	53.893
sp|Q7P097|ATPA_CHRVO	1037070	0.0	52.965
sp|A5CQ58|ATPA_CLAM3	1037070	2.72e-179	54.644
sp|B2UGV1|ATPA_RALPJ	1037070	0.0	55.960
sp|Q1R4K0|ATPA_ECOUT	1037070	2.56e-177	52.209
sp|Q0BK82|ATPA_FRATO	1037070	0.0	54.472
sp|Q7CPE1|ATPA_SALTY	1037070	6.39e-177	52.209
sp|A1V8T3|ATPA1_BURMS	1037070	0.0	56.566
sp|Q5P9M4|ATPA_ANAMM	1037070	0.0	59.502
sp|Q3B3Z9|ATPA1_CHLL7	1037070	9.69e-148	45.791
sp|Q6YXK3|ATPA_PHYPA	1037070	0.0	57.025
sp|Q5WB76|ATPA_BACSK	1037070	0.0	56.939
sp|B0BRX4|ATPA_ACTPJ	1037070	1.75e-177	52.525
sp|Q21DK6|ATPA_SACD2	1037070	0.0	54.000
sp|Q3ZJ00|ATPA_TUPAK	1037070	0.0	57.684
sp|Q6AG60|ATPA_LEIXX	1037070	0.0	54.184
sp|Q601Z7|ATPA_MYCH2	1037070	3.62e-172	56.376
sp|Q3SVJ4|ATPA_NITWN	1037070	0.0	62.327
sp|Q1QQS5|ATPA_NITHX	1037070	0.0	60.630
sp|B7UMJ9|ATPA_ECO27	1037070	2.56e-177	52.209
sp|A9H9A4|ATPA_GLUDA	1037070	0.0	62.295
sp|A3DAR6|ATPA_SHEB5	1037070	1.52e-174	51.324
sp|A1EA05|ATPA_AGRST	1037070	0.0	54.938
sp|A0RL97|ATPA_BACAH	1037070	0.0	57.755
sp|A7FPE2|ATPA_YERP3	1037070	2.77e-179	53.213
sp|Q8CNJ5|ATPA_STAES	1037070	0.0	55.901
sp|Q1CCH3|ATPA_YERPN	1037070	2.77e-179	53.213
sp|Q5HMB7|ATPA_STAEQ	1037070	0.0	55.901
sp|P37808|ATPA_BACSU	1037070	0.0	57.460
sp|A6YG64|ATPA_PLETE	1037070	0.0	54.639
sp|A9IYX0|ATPA_BART1	1037070	0.0	63.599
sp|Q7V037|ATPA_PROMP	1037070	0.0	55.193
sp|C4K229|ATPA_RICPU	1037070	0.0	60.852
sp|P08449|ATPA_SYNP6	1037070	0.0	57.083
sp|A3M142|ATPA_ACIBT	1037070	0.0	52.191
sp|Q9X1U7|ATPA_THEMA	1037070	0.0	60.736
sp|Q6KI79|ATPA_MYCMO	1037070	1.80e-171	53.239
sp|A6LJR3|ATPA_THEM4	1037070	0.0	60.204
sp|P26679|ATPA_ENTHA	1037070	0.0	55.847
sp|P42005|ATPA_GEOSE	1037070	0.0	56.707
sp|Q7NCS3|ATPA_GLOVI	1037070	0.0	54.930
sp|Q8XG95|ATPA_SALTI	1037070	6.39e-177	52.209
sp|Q5PKX0|ATPA_SALPA	1037070	6.39e-177	52.209
sp|B0Z550|ATPA_OENGL	1037070	0.0	54.527
sp|Q85AU2|ATPA_ANTAG	1037070	0.0	57.645
sp|Q3JXV6|ATPA1_BURP1	1037070	0.0	56.768
sp|B0RWC4|ATPA_XANCB	1037070	0.0	54.605
sp|Q2LQZ7|ATPA1_SYNAS	1037070	0.0	57.992
sp|A6L4M4|ATPA_BACV8	1037070	3.26e-173	52.083
sp|Q49Z52|ATPA_STAS1	1037070	0.0	54.004
sp|B1XSD2|ATPA_POLNS	1037070	0.0	56.442
sp|Q06J68|ATPA_BIGNA	1037070	0.0	55.601
sp|Q82J82|ATPA_STRAW	1037070	0.0	52.893
sp|B8HAZ1|ATPA_PSECP	1037070	0.0	53.512
sp|Q8E5V0|ATPA_STRA3	1037070	0.0	54.601
sp|B4F0E5|ATPA_PROMH	1037070	1.24e-178	52.610
sp|A3N2U6|ATPA_ACTP2	1037070	1.85e-177	52.525
sp|B9K7T9|ATPA_THENN	1037070	0.0	60.941
sp|B1LBC1|ATPA_THESQ	1037070	0.0	60.736
sp|A9AVV2|ATPA_HERA2	1037070	0.0	54.491
sp|Q7VJ23|ATPA_HELHP	1037070	0.0	58.264
sp|A1E9I8|ATPA_HORVU	1037070	0.0	54.733
sp|P05022|ATPA_MAIZE	1037070	0.0	54.733
sp|Q65Q05|ATPA_MANSM	1037070	0.0	54.582
sp|Q4AAV9|ATPA_MYCHJ	1037070	1.05e-172	56.600
sp|A0R202|ATPA_MYCS2	1037070	0.0	52.400
sp|A5FL34|ATPA_FLAJ1	1037070	5.02e-176	51.485
sp|B4TN33|ATPA_SALSV	1037070	6.39e-177	52.209
sp|B6EHT9|ATPA_ALISL	1037070	6.13e-179	51.793
sp|Q81JZ3|ATPA_BACAN	1037070	0.0	57.755
sp|Q2YUJ9|ATPA_STAAB	1037070	0.0	58.568
sp|Q2YCA5|ATPA1_NITMU	1037070	0.0	53.614
sp|P17674|ATPA_BACMQ	1037070	0.0	57.260
sp|Q13XV9|ATPA1_PARXL	1037070	1.55e-142	47.380
sp|Q04HT7|ATPA_STRP2	1037070	0.0	53.293
sp|Q5LNN9|ATPA_RUEPO	1037070	0.0	61.886
sp|Q0G9N4|ATPA_LIRTU	1037070	0.0	54.938
sp|Q8F2J2|ATPA_LEPIN	1037070	0.0	57.669
sp|B3PLV6|ATPA_MYCA5	1037070	0.0	52.930
sp|Q663Q6|ATPA_YERPS	1037070	2.77e-179	53.213
sp|Q5NQZ1|ATPA_ZYMMO	1037070	0.0	65.503
sp|Q1LTV2|ATPA_BAUCH	1037070	2.98e-170	51.120
sp|Q9HT18|ATPA_PSEAE	1037070	0.0	53.360
sp|Q71WP7|ATPA2_LISMF	1037070	0.0	55.645
sp|A6W3T0|ATPA2_MARMS	1037070	0.0	52.600
sp|A5E948|ATPA_BRASB	1037070	0.0	61.858
sp|Q7UFB7|ATPA2_RHOBA	1037070	0.0	53.144
sp|B7JB86|ATPA_ACIF2	1037070	0.0	54.217
sp|Q3V549|ATPA_ACOCL	1037070	0.0	55.350
sp|A1WF56|ATPA_VEREI	1037070	0.0	54.470
sp|A5VIQ9|ATPA_LACRD	1037070	0.0	54.545
sp|Q042L3|ATPA_LACGA	1037070	0.0	55.533
sp|A8M2J5|ATPA_SALAI	1037070	4.27e-175	54.120
sp|Q1WUC8|ATPA_LACS1	1037070	0.0	54.472
sp|Q03V27|ATPA_LEUMM	1037070	0.0	54.694
sp|B2FHZ0|ATPA_STRMK	1037070	6.52e-179	54.386
sp|Q4ZL22|ATPA_PSEU2	1037070	0.0	52.342
sp|P57122|ATPA_BUCAI	1037070	1.80e-164	49.491
sp|Q1J7G1|ATPA_STRPF	1037070	0.0	55.462
sp|A5WBV9|ATPA_PSYWF	1037070	0.0	52.894
sp|A8GY42|ATPA_RICB8	1037070	0.0	60.852
sp|B5EYZ8|ATPA_SALA4	1037070	6.39e-177	52.209
sp|Q0C0Z8|ATPA_HYPNA	1037070	0.0	64.898
sp|B6JMX4|ATPA_HELP2	1037070	0.0	57.971
sp|A8YUJ9|ATPA_LACH4	1037070	0.0	54.786
sp|Q9BBS3|ATPA_LOTJA	1037070	0.0	55.172
sp|Q6F204|ATPA_MESFL	1037070	2.07e-175	58.865
sp|A8F3K0|ATPA_PSELT	1037070	0.0	58.487
sp|B5Z8D2|ATPA_HELPG	1037070	0.0	57.764
sp|B2G689|ATPA_LACRJ	1037070	0.0	54.545
sp|A9M121|ATPA_NEIM0	1037070	0.0	53.374
sp|Q4A602|ATPA_MYCS5	1037070	1.17e-180	54.141
sp|A6BM08|ATPA_GNEPA	1037070	0.0	55.579
sp|Q39Q54|ATPA_GEOMG	1037070	0.0	59.754
sp|B5FCZ3|ATPA_ALIFM	1037070	4.41e-174	51.324
sp|Q0A4M6|ATPA_ALKEH	1037070	0.0	53.862
sp|A8G1W7|ATPA_SHESH	1037070	2.53e-174	51.521
sp|B9KH09|ATPA_ANAMF	1037070	0.0	59.502
sp|Q2WGJ0|ATPA_SELUN	1037070	1.77e-154	48.033
sp|A4QK03|ATPA_ARAHI	1037070	0.0	55.556
sp|Q5P4E4|ATPA_AROAE	1037070	0.0	54.175
sp|Q27S65|ATPA_SOLTU	1037070	0.0	55.285
sp|Q5GSX1|ATPA_WOLTR	1037070	0.0	57.557
sp|A8HS15|ATPA_AZOC5	1037070	0.0	63.878
sp|A6UDM3|ATPA_SINMW	1037070	0.0	62.846
sp|Q0SYU2|ATPA_SHIF8	1037070	2.56e-177	52.209
sp|P63676|ATPA_STAAW	1037070	0.0	58.568
sp|A9VSA5|ATPA_BACWK	1037070	0.0	57.755
sp|Q6FYM1|ATPA_BARQU	1037070	0.0	63.190
sp|A1UR47|ATPA_BARBK	1037070	0.0	62.722
sp|A1WZT3|ATPA_HALHL	1037070	2.13e-179	51.644
sp|B2UUP2|ATPA_HELPS	1037070	0.0	57.971
sp|Q9ZK79|ATPA_HELPJ	1037070	0.0	57.557
sp|A6T472|ATPA_JANMA	1037070	0.0	54.618
sp|A6TG38|ATPA_KLEP7	1037070	7.23e-176	51.606
sp|Q04BA5|ATPA_LACDB	1037070	0.0	53.564
sp|A4Y189|ATPA_PSEMY	1037070	0.0	54.268
sp|A1VPQ8|ATPA2_POLNA	1037070	1.71e-140	46.606
sp|P29706|ATPA_PROMO	1037070	0.0	59.138
sp|C1F3N8|ATPA_ACIC5	1037070	0.0	57.143
sp|Q162S7|ATPA_ROSDO	1037070	0.0	61.886
sp|A4FN29|ATPA_SACEN	1037070	0.0	51.807
sp|C4LDW2|ATPA_TOLAT	1037070	8.82e-178	54.077
sp|A6MMS9|ATPA_ILLOL	1037070	5.60e-180	54.321
sp|P43714|ATPA_HAEIN	1037070	1.49e-179	52.953
sp|Q0I5X1|ATPA_HAES1	1037070	0.0	53.535
sp|Q2RFX7|ATPA_MOOTA	1037070	0.0	58.811
sp|P47641|ATPA_MYCGE	1037070	3.41e-175	51.129
sp|Q62EB0|ATPA2_BURMA	1037070	2.13e-135	45.190
sp|C5C1U6|ATPA_BEUC1	1037070	0.0	52.894
sp|Q2KU34|ATPA_BORA1	1037070	0.0	55.354
sp|A4VS64|ATPA_PSEU5	1037070	0.0	53.707
sp|Q8YJ37|ATPA_BRUME	1037070	0.0	64.008
sp|A7NIR1|ATPA_ROSCS	1037070	0.0	53.346
sp|Q68VU6|ATPA_RICTY	1037070	0.0	61.303
sp|P26526|ATPA_CHLRE	1037070	0.0	55.193
sp|C5BKJ7|ATPA_TERTT	1037070	0.0	55.532
sp|Q83G89|ATPA_TROWT	1037070	2.53e-175	49.705
sp|B0SDA3|ATPA_LEPBA	1037070	0.0	54.845
sp|B0UE41|ATPA_METS4	1037070	0.0	64.213
sp|P51242|ATPA_PORPU	1037070	0.0	55.031
sp|A1T0Z1|ATPA2_PSYIN	1037070	2.25e-177	52.546
sp|P05036|ATPA_RHORU	1037070	0.0	64.056
sp|P27179|ATPA_SYNY3	1037070	0.0	55.602
sp|B3EHU6|ATPA_CHLL2	1037070	0.0	56.574
sp|P41167|ATPA_ACIFR	1037070	0.0	54.016
sp|Q5R546|ATPA_PONAB	1037070	0.0	66.324
sp|A2C6X5|ATPA_PROM3	1037070	0.0	56.780
sp|A5ILX0|ATPA_THEP1	1037070	0.0	60.736
sp|P19483|ATPA_BOVIN	1037070	0.0	66.530
sp|B8D8H1|ATPA_BUCA5	1037070	1.80e-164	49.491
sp|A0T0P4|ATPA_THAPS	1037070	0.0	56.133
sp|Q6ENW6|ATPA_SACOF	1037070	0.0	54.938
sp|Q1KXW5|ATPA_HELAN	1037070	0.0	54.472
sp|P25705|ATPA_HUMAN	1037070	0.0	66.324
sp|P00823|ATPA_TOBAC	1037070	0.0	55.578
sp|B4TAX4|ATPA_SALHS	1037070	6.39e-177	52.209
sp|A5UGZ1|ATPA_HAEIG	1037070	3.23e-179	52.953
sp|P49375|ATPA_KLULA	1037070	0.0	66.053
sp|B1MW87|ATPA_LEUCK	1037070	0.0	54.601
sp|Q0AKV8|ATPA_MARMM	1037070	0.0	64.198
sp|Q09X32|ATPA_MORIN	1037070	0.0	56.173
sp|Q589B3|ATPA_SILLA	1037070	0.0	54.639
sp|Q2PMS8|ATPA_SOYBN	1037070	0.0	55.578
sp|Q8PCZ7|ATPA_XANCP	1037070	0.0	54.605
sp|Q03EL2|ATPA_PEDPA	1037070	0.0	54.845
sp|Q814W0|ATPA_BACCR	1037070	0.0	57.755
sp|Q5ZWN7|ATPA1_LEGPH	1037070	1.84e-138	44.632
sp|Q4FP36|ATPA_PELUB	1037070	0.0	64.271
sp|P99111|ATPA_STAAN	1037070	0.0	58.568
sp|B2K845|ATPA_YERPB	1037070	2.77e-179	53.213
sp|Q927W2|ATPA2_LISIN	1037070	0.0	55.444
sp|B7V793|ATPA_PSEA8	1037070	0.0	53.360
sp|Q57B86|ATPA_BRUAB	1037070	0.0	64.082
sp|Q5XCY2|ATPA_STRP6	1037070	0.0	55.462
sp|Q07VU2|ATPA2_SHEFN	1037070	2.02e-174	50.304
sp|Q87TT2|ATPA_PSESM	1037070	0.0	52.342
sp|Q6LKZ8|ATPA2_PHOPR	1037070	2.08e-170	49.209
sp|A8F006|ATPA_RICCK	1037070	0.0	60.202
sp|A8F2U2|ATPA_RICM5	1037070	0.0	60.852
sp|B3EL39|ATPA_CHLPB	1037070	0.0	54.012
sp|A1U7H6|ATPA_MARHV	1037070	3.98e-179	51.400
sp|B8IN03|ATPA_METNO	1037070	0.0	64.417
sp|Q6GEX0|ATPA_STAAR	1037070	0.0	58.568
sp|Q494C5|ATPA_BLOPB	1037070	8.52e-167	49.798
sp|Q32RS8|ATPA_STAPU	1037070	0.0	56.818
sp|A5UA09|ATPA_HAEIE	1037070	2.54e-179	53.157
sp|Q03QY6|ATPA_LACBA	1037070	1.86e-178	55.361
sp|A8Y9G7|ATPA_LOLPR	1037070	0.0	54.938
sp|B1MLW0|ATPA_MYCA9	1037070	0.0	52.535
sp|A5U207|ATPA_MYCTA	1037070	0.0	52.314
sp|A3MQJ7|ATPA1_BURM7	1037070	0.0	56.566
sp|A1B8N8|ATPA_PARDP	1037070	0.0	60.630
sp|Q31UN4|ATPA_SHIBS	1037070	2.56e-177	52.209
sp|Q02BU3|ATPA_SOLUE	1037070	0.0	58.197
sp|P06450|ATPA_SPIOL	1037070	0.0	55.350
sp|Q603U2|ATPA2_METCA	1037070	6.90e-137	44.035
sp|Q7W3A8|ATPA_BORPA	1037070	0.0	53.770
sp|Q89X72|ATPA_BRADU	1037070	0.0	61.660
sp|Q8P1K6|ATPA_STRP8	1037070	0.0	55.462
sp|C0QW65|ATPA_BRAHW	1037070	0.0	55.144
sp|A5VSE3|ATPA_BRUO2	1037070	0.0	64.008
sp|B8GRC0|ATPA_THISH	1037070	0.0	52.965
sp|B5RFW1|ATPA_SALG2	1037070	6.39e-177	52.209
sp|B2GLY8|ATPA_KOCRD	1037070	0.0	57.240
sp|B0JWV1|ATPA_MICAN	1037070	0.0	54.326
sp|A1UJY6|ATPA_MYCSK	1037070	0.0	51.509
sp|A5V3X3|ATPA_SPHWW	1037070	0.0	63.895
sp|Q92FH0|ATPA1_LISIN	1037070	1.56e-124	41.372
sp|Q630U1|ATPA_BACCZ	1037070	0.0	57.755
sp|Q9K6H3|ATPA_BACHD	1037070	0.0	57.661
sp|Q8Z9S4|ATPA_YERPE	1037070	2.77e-179	53.213
sp|Q6G1W7|ATPA_BARHE	1037070	0.0	62.781
sp|B4U2D9|ATPA_STREM	1037070	0.0	54.927
sp|B1JFU3|ATPA_PSEPW	1037070	0.0	52.200
sp|Q2YLI5|ATPA_BRUA2	1037070	0.0	64.082
sp|Q31DL8|ATPA_HYDCU	1037070	0.0	54.418
sp|A2RMI4|ATPA_LACLM	1037070	0.0	55.487
sp|Q1GAW7|ATPA_LACDA	1037070	0.0	53.564
sp|Q48BG3|ATPA_PSE14	1037070	0.0	52.342
sp|Q6MS92|ATPA_MYCMS	1037070	1.63e-170	57.245
sp|A1KW13|ATPA_NEIMF	1037070	0.0	53.170
sp|Q2N8Z5|ATPA_ERYLH	1037070	0.0	63.783
sp|B3EA03|ATPA_GEOLS	1037070	0.0	58.669
sp|Q2G5N7|ATPA_NOVAD	1037070	0.0	64.300
sp|A7HIX9|ATPA_ANADF	1037070	0.0	58.704
sp|A0L2T0|ATPA_SHESA	1037070	9.45e-174	51.324
sp|A5A6H5|ATPA_PANTR	1037070	0.0	66.324
sp|A3P0Z2|ATPA1_BURP0	1037070	0.0	56.768
sp|C0R2Y2|ATPA_WOLWR	1037070	0.0	58.799
sp|Q2S6N9|ATPA2_HAHCH	1037070	0.0	52.352
sp|Q4K3A7|ATPA_PSEF5	1037070	0.0	53.157
sp|A9MJR7|ATPA_SALAR	1037070	6.67e-177	52.209
sp|B4U989|ATPA_HYDS0	1037070	0.0	61.446
sp|P0ABB1|ATPA_ECOL6	1037070	2.56e-177	52.209
sp|Q3YT21|ATPA_EHRCJ	1037070	0.0	58.468
sp|P30392|ATPA_EUGGR	1037070	0.0	57.143
sp|B8EDV2|ATPA_SHEB2	1037070	1.52e-174	51.324
sp|A1XFU0|ATPA_NUPAD	1037070	0.0	54.158
sp|B4RS83|ATPA_ALTMD	1037070	7.46e-179	51.098
sp|Q40611|ATPA_OCHNE	1037070	3.52e-177	58.891
sp|A5F457|ATPA_VIBC3	1037070	1.22e-178	51.195
sp|Q8E8B8|ATPA_SHEON	1037070	9.87e-174	51.324
sp|B1KQ36|ATPA_SHEWM	1037070	6.32e-174	50.507
sp|B2Y1W2|ATPA_WELMI	1037070	0.0	54.970
sp|Q7MGH8|ATPA_VIBVY	1037070	2.05e-178	51.594
sp|Q2STE7|ATPA1_BURTA	1037070	0.0	56.566
sp|A7HT50|ATPA_PARL1	1037070	0.0	66.390
sp|Q2SNG7|ATPA1_HAHCH	1037070	9.34e-135	45.033
sp|A4GGB2|ATPA_PHAVU	1037070	0.0	54.564
sp|Q65DX2|ATPA_BACLD	1037070	0.0	57.347
sp|A3PIB7|ATPA1_RHOS1	1037070	0.0	63.415
sp|P41602|ATPA_PINTH	1037070	7.97e-178	56.092
sp|Q3HKH9|ATPA2_RHOS4	1037070	6.43e-135	43.612
sp|Q98QB7|ATPA2_MYCPU	1037070	4.62e-74	34.879
sp|Q1XDP5|ATPA_PYRYE	1037070	0.0	56.695
sp|Q3J433|ATPA_RHOS4	1037070	0.0	63.415
sp|Q3AZM1|ATPA_SYNS9	1037070	0.0	55.464
sp|A5GV72|ATPA_SYNR3	1037070	0.0	56.092
sp|B5ER44|ATPA_ACIF5	1037070	0.0	54.217
sp|Q1KVU0|ATPA_TETOB	1037070	0.0	56.008
sp|A1AXU4|ATPA_RUTMC	1037070	2.65e-174	51.205
sp|B8CZ12|ATPA_HALOH	1037070	0.0	58.178
sp|Q1CSD3|ATPA_HELPH	1037070	0.0	57.764
sp|Q17Y80|ATPA_HELAH	1037070	0.0	58.385
sp|Q1GXM8|ATPA_METFK	1037070	0.0	53.479
sp|B4SJS1|ATPA_STRM5	1037070	2.11e-178	54.386
sp|Q8DLP3|ATPA_THEEB	1037070	0.0	56.996
sp|Q3SF64|ATPA_THIDA	1037070	0.0	54.234
sp|Q112Z6|ATPA_TRIEI	1037070	0.0	56.557
sp|B1Y3S9|ATPA_LEPCP	1037070	0.0	54.800
sp|P92549|ATPAM_ARATH	1037070	0.0	60.757
sp|A9W2R3|ATPA_METEP	1037070	0.0	63.804
sp|A1TD57|ATPA_MYCVP	1037070	0.0	51.600
sp|Q09FX6|ATPA_NANDO	1037070	0.0	55.556
sp|A6Q4C2|ATPA_NITSB	1037070	0.0	58.316
sp|A2T317|ATPA_ANGEV	1037070	0.0	56.405
sp|P08215|ATPA_PEA	1037070	0.0	54.379
sp|Q2P7Q6|ATPA_XANOM	1037070	0.0	54.605
sp|P80021|ATPA_PIG	1037070	0.0	66.735
sp|A8ZNS4|ATPA2_ACAM1	1037070	5.05e-157	47.853
sp|Q3JJP7|ATPA2_BURP1	1037070	2.94e-135	45.190
sp|A2RFC4|ATPA_STRPG	1037070	0.0	54.601
sp|A1TJ39|ATPA_ACIAC	1037070	0.0	54.653
sp|A5FZ52|ATPA_ACICJ	1037070	0.0	63.158
sp|B8F772|ATPA_HAEPS	1037070	1.98e-173	52.209
sp|B9E8E8|ATPA_MACCJ	1037070	0.0	56.818
sp|A5IYE3|ATPA_MYCAP	1037070	3.37e-174	53.138
sp|A1KI96|ATPA_MYCBP	1037070	0.0	52.314
sp|A2BT25|ATPA_PROMS	1037070	0.0	56.632
sp|Q7VQV8|ATPA_BLOFL	1037070	6.35e-167	51.120
sp|Q5QZI4|ATPA_IDILO	1037070	1.00e-178	52.749
sp|Q74K17|ATPA_LACJO	1037070	0.0	55.533
sp|Q03A20|ATPA_LACP3	1037070	0.0	55.785
sp|A1W2T5|ATPA_ACISJ	1037070	0.0	54.059
sp|Q02XA3|ATPA_LACLS	1037070	0.0	55.694
sp|Q3IK48|ATPA_PSEHT	1037070	2.50e-175	51.324
sp|Q8FYR3|ATPA_BRUSU	1037070	0.0	64.008
sp|B0BVB8|ATPA_RICRO	1037070	0.0	61.055
sp|A5GNC8|ATPA_SYNPW	1037070	0.0	55.670
sp|Q6L3A1|ATPA_SACHY	1037070	0.0	55.144
sp|A6VL59|ATPA_ACTSZ	1037070	8.76e-177	52.953
sp|A4GYP3|ATPA_POPTR	1037070	0.0	54.158
sp|B5YI22|ATPA_THEYD	1037070	0.0	60.251
sp|A6MMA7|ATPA_CHLSC	1037070	0.0	54.733
sp|B3H2P5|ATPA_ACTP7	1037070	1.59e-177	52.525
sp|Q00820|ATPA_TRICV	1037070	0.0	55.950
sp|C1AMV2|ATPA_MYCBT	1037070	0.0	52.314
sp|A4T8K0|ATPA_MYCGI	1037070	0.0	51.400
sp|Q7VU46|ATPA_BORPE	1037070	0.0	53.571
sp|C0RF52|ATPA_BRUMB	1037070	0.0	64.008
sp|A8GTS8|ATPA_RICRS	1037070	0.0	61.055
sp|B2GAU3|ATPA_LACF3	1037070	0.0	53.320
sp|B8ZLB1|ATPA_STRPJ	1037070	0.0	53.293
sp|Q5HC95|ATPA_EHRRW	1037070	0.0	62.313
sp|Q2J6N1|ATPA_FRACC	1037070	0.0	52.941
sp|Q14K08|ATPA_FRAT1	1037070	0.0	54.472
sp|A8MJW1|ATPA_ALKOO	1037070	0.0	59.754
sp|B8CVU7|ATPA_SHEPW	1037070	1.68e-176	51.724
sp|Q72XE6|ATPA_BACC1	1037070	0.0	57.755
sp|Q0P3K5|ATPA_OSTTA	1037070	0.0	55.694
sp|Q4UQF2|ATPA_XANC8	1037070	0.0	54.605
sp|Q3BP13|ATPA_XANC5	1037070	0.0	54.825
sp|Q1GQS7|ATPA_SPHAL	1037070	0.0	64.938
sp|A1SS62|ATPA1_PSYIN	1037070	2.53e-141	46.497
sp|P22477|ATPA_BACPE	1037070	0.0	57.669
sp|A8FIB4|ATPA_BACP2	1037070	0.0	57.755
sp|Q07YM0|ATPA1_SHEFN	1037070	2.57e-145	45.051
sp|A8G6V1|ATPA_PROM2	1037070	0.0	56.421
sp|Q12GQ2|ATPA_POLSJ	1037070	0.0	54.167
sp|Q1I2I5|ATPA_PSEE4	1037070	0.0	52.200
sp|A4YKD8|ATPA_BRASO	1037070	0.0	61.660
sp|Q1Q897|ATPA_PSYCK	1037070	0.0	53.157
sp|Q2Y8G9|ATPA2_NITMU	1037070	5.09e-142	46.104
sp|Q9PR12|ATPA_UREPA	1037070	4.81e-164	57.857
sp|C1D5G4|ATPA_LARHH	1037070	0.0	53.768
sp|Q8EWZ0|ATPA_MYCPE	1037070	2.54e-170	54.158
sp|C0Q2N4|ATPA_SALPC	1037070	8.11e-177	52.209
sp|Q0VKX2|ATPA_ALCBS	1037070	0.0	54.065
sp|Q3M9W0|ATPA_ANAVT	1037070	0.0	55.694
sp|A8EV72|ATPA_ARCB4	1037070	0.0	57.992
sp|B6JD06|ATPA_OLICO	1037070	0.0	62.130
sp|Q6CYJ3|ATPA_PECAS	1037070	2.26e-176	52.209
sp|Q8S8Y3|ATPA_ATRBE	1037070	0.0	55.781
sp|A9GHR6|ATPA_SORC5	1037070	6.76e-123	61.824
sp|Q2FWE8|ATPA_STAA8	1037070	0.0	58.568
sp|A0AFQ9|ATPA1_LISW6	1037070	1.71e-124	41.752
sp|A1A3C7|ATPA_BIFAA	1037070	0.0	52.664
sp|Q7WEM7|ATPA_BORBR	1037070	0.0	53.770
sp|A6VF34|ATPA_PSEA7	1037070	0.0	53.360
sp|A9M839|ATPA_BRUC2	1037070	0.0	64.213
sp|Q57HX7|ATPA_SALCH	1037070	8.11e-177	52.209
sp|A5UQN5|ATPA_ROSS1	1037070	0.0	54.118
sp|A9KK94|ATPA_LACP7	1037070	0.0	57.637
sp|A4QLH9|ATPA_LOBMA	1037070	0.0	56.148
sp|A8G7M6|ATPA_SERP5	1037070	3.04e-180	52.811
sp|P24487|ATPA_SCHPO	1037070	0.0	65.644
sp|A4YCI0|ATPA_SHEPC	1037070	2.74e-176	52.138
sp|Q180W8|ATPA_PEPD6	1037070	0.0	59.091
sp|A1VIV0|ATPA1_POLNA	1037070	0.0	54.743
sp|Q223D4|ATPA1_RHOFT	1037070	0.0	53.770
sp|Q318U1|ATPA_PROM9	1037070	0.0	55.556
sp|A3PS65|ATPA2_RHOS1	1037070	1.43e-134	43.612
sp|B2HQK4|ATPA_MYCMM	1037070	0.0	53.893
sp|C3KYJ1|ATPA_CLOB6	1037070	0.0	59.000
sp|B0RED6|ATPA_CLAMS	1037070	3.50e-179	54.644
sp|B8DYT2|ATPA_DICTD	1037070	2.81e-165	51.033
sp|B7NR36|ATPA_ECO7I	1037070	2.56e-177	52.209
sp|B7L884|ATPA_ECO55	1037070	2.56e-177	52.209
sp|A4IW22|ATPA_FRATW	1037070	0.0	54.268
sp|Q74GY2|ATPA_GEOSL	1037070	0.0	61.407
sp|A6TK63|ATPA_ALKMQ	1037070	0.0	59.548
sp|B7GMF5|ATPA_ANOFW	1037070	0.0	57.114
sp|P0C2Z4|ATPA_ORYSA	1037070	0.0	54.938
sp|A3PET9|ATPA_PROM0	1037070	0.0	56.632
sp|C0M718|ATPA_STRE4	1037070	0.0	54.717
sp|B2S7M5|ATPA_BRUA1	1037070	0.0	64.082
sp|Q88BX2|ATPA_PSEPK	1037070	0.0	52.600
sp|B1HM54|ATPA_LYSSC	1037070	0.0	55.297
sp|A4QLR8|ATPA_NASOF	1037070	0.0	56.148
sp|A4WGF3|ATPA_ENT38	1037070	9.38e-176	51.515
sp|B7LK79|ATPA_ESCF3	1037070	2.56e-177	52.209
sp|A0Q8E1|ATPA_FRATN	1037070	0.0	54.472
sp|Q0HD77|ATPA_SHESM	1037070	6.69e-173	51.120
sp|Q8PGG5|ATPA_XANAC	1037070	0.0	54.825
sp|Q2MIB5|ATPA_SOLLC	1037070	0.0	55.285
sp|A3MAS4|ATPA2_BURM7	1037070	2.13e-135	45.190
sp|C5CNB3|ATPA_VARPS	1037070	0.0	53.529
sp|Q03265|ATPA_MOUSE	1037070	0.0	66.119
sp|A3Q3B3|ATPA_MYCSJ	1037070	0.0	51.509
sp|Q2GHX3|ATPA_EHRCR	1037070	0.0	61.842
sp|Q0RDB2|ATPA_FRAAA	1037070	0.0	52.860
sp|Q2S432|ATPA_SALRD	1037070	0.0	51.772
sp|A8HAG5|ATPA_SHEPA	1037070	6.87e-175	51.116
sp|P0C2Z5|ATPA_ORYSI	1037070	0.0	54.938
sp|C1F0N0|ATPA_BACC3	1037070	0.0	57.755
sp|P0ABB3|ATPA_SHIFL	1037070	2.56e-177	52.209
sp|B2I862|ATPA_XYLF2	1037070	7.76e-179	54.130
sp|Q6MAK5|ATPA_PARUW	1037070	0.0	54.115
sp|B2SQB2|ATPA_XANOP	1037070	0.0	54.605
sp|C0HK51|ATPA_PICAN	1037070	0.0	64.588
sp|Q7V5S7|ATPA_PROMM	1037070	0.0	56.780
sp|Q63IX0|ATPA2_BURPS	1037070	2.68e-135	45.190
sp|A8AYG3|ATPA_STRGC	1037070	0.0	54.767
sp|Q06SI2|ATPA_STIHE	1037070	0.0	56.108
sp|Q05372|ATPA_SYNP1	1037070	0.0	56.879
sp|B9L1H1|ATPA_THERP	1037070	0.0	58.159
sp|A9LYH0|ATPA_ACOAM	1037070	0.0	55.350
sp|Q83HY2|ATPA_TROW8	1037070	2.53e-175	49.705
sp|Q4A8W1|ATPA_MYCH7	1037070	8.43e-173	56.600
sp|P9WPU6|ATPA_MYCTO	1037070	0.0	52.314
sp|Q5F4Z2|ATPA_NEIG1	1037070	0.0	53.036
sp|Q49L13|ATPA_EUCGG	1037070	0.0	55.375
sp|A6H2D7|ATPA_FLAPJ	1037070	1.03e-177	53.252
sp|B5EFI9|ATPA_GEOBB	1037070	0.0	59.420
sp|P35009|ATPA_GALSU	1037070	0.0	56.468
sp|B9JTR4|ATPA_AGRVS	1037070	0.0	63.241
sp|Q70XV0|ATPA_AMBTC	1037070	0.0	54.527
sp|A5CVI8|ATPA_VESOH	1037070	3.08e-174	51.004
sp|Q6ENH7|ATPA_ORYNI	1037070	0.0	54.938
sp|A3NF42|ATPA1_BURP6	1037070	0.0	56.768
sp|C3P1F6|ATPA_BACAA	1037070	0.0	57.755
sp|Q63PH8|ATPA1_BURPS	1037070	0.0	56.768
sp|A6VWQ6|ATPA1_MARMS	1037070	9.56e-148	46.170
sp|A7X4U5|ATPA_STAA1	1037070	0.0	58.568
sp|Q0AJB2|ATPA1_NITEC	1037070	0.0	52.183
sp|Q3BAQ7|ATPA_PHAAO	1037070	0.0	54.767
sp|P63675|ATPA_STAAM	1037070	0.0	58.568
sp|Q8E074|ATPA_STRA5	1037070	0.0	54.601
sp|Q02DF2|ATPA_PSEAB	1037070	0.0	53.360
sp|B1W0A5|ATPA_STRGG	1037070	1.23e-180	52.049
sp|P55987|ATPA_HELPY	1037070	0.0	57.971
sp|Q1MRB9|ATPA_LAWIP	1037070	0.0	58.599
sp|B3DTV2|ATPA_BIFLD	1037070	4.60e-180	50.794
sp|C0Z778|ATPA_BREBN	1037070	0.0	57.315
sp|A9BCD9|ATPA_PROM4	1037070	0.0	57.082
sp|Q4FQ35|ATPA_PSYA2	1037070	0.0	52.953
sp|B1YQL2|ATPA_BURA4	1037070	0.0	56.364
sp|P50000|ATPA_ACEWD	1037070	0.0	56.237
sp|Q0I7R2|ATPA_SYNS3	1037070	0.0	57.053
sp|Q3AHK5|ATPA_SYNSC	1037070	0.0	55.464
sp|A1BJF5|ATPA_CHLPD	1037070	0.0	55.030
sp|B2I100|ATPA_ACIBC	1037070	0.0	52.191
sp|Q6FFK2|ATPA_ACIAD	1037070	0.0	52.096
sp|Q0AUD1|ATPA_SYNWW	1037070	0.0	54.918
sp|B7IG42|ATPA_THEAB	1037070	0.0	61.020
sp|Q5SCX6|ATPA_HUPLU	1037070	0.0	55.785
sp|C5CIV6|ATPA_KOSOT	1037070	0.0	57.916
sp|Q72SY1|ATPA_LEPIC	1037070	0.0	57.669
sp|B1ZEE9|ATPA_METPB	1037070	0.0	64.008
sp|Q2ST36|ATPA_MYCCT	1037070	3.05e-172	57.044
sp|Q3C1H4|ATPA_NICSY	1037070	0.0	55.578
sp|B1IE32|ATPA_CLOBK	1037070	0.0	59.200
sp|A8ACN8|ATPA_CITK8	1037070	2.32e-177	52.008
sp|B7MGF4|ATPA_ECO45	1037070	2.56e-177	52.209
sp|C4ZZ12|ATPA_ECOBW	1037070	2.56e-177	52.209
sp|B1LL61|ATPA_ECOSM	1037070	2.56e-177	52.209
sp|B0TWS5|ATPA_FRAP2	1037070	0.0	53.862
sp|Q62FR7|ATPA1_BURMA	1037070	0.0	56.566
sp|B7JGN2|ATPA_BACC0	1037070	0.0	57.755
sp|Q32RL1|ATPA_ZYGCR	1037070	0.0	56.108
sp|A5III5|ATPA2_LEGPC	1037070	1.81e-178	52.138
sp|C3K1E8|ATPA_PSEFS	1037070	0.0	51.731
sp|Q1AVH7|ATPA_RUBXD	1037070	0.0	56.327
sp|Q1GEU6|ATPA_RUEST	1037070	0.0	61.569
sp|Q9CER8|ATPA_LACLA	1037070	0.0	55.280
sp|B1LVH1|ATPA_METRJ	1037070	0.0	63.273
sp|P37211|ATPA_NEUCR	1037070	0.0	64.562
sp|P12405|ATPA_NOSS1	1037070	0.0	55.901
sp|B1X9W2|ATPA_ECODH	1037070	2.56e-177	52.209
sp|B2VCA6|ATPA_ERWT9	1037070	7.28e-177	52.209
sp|B1YMR6|ATPA_EXIS2	1037070	0.0	56.173
sp|A0KQY0|ATPA_AERHH	1037070	7.60e-174	51.619
sp|A4STP5|ATPA_AERS4	1037070	2.00e-173	51.215
sp|A6WUJ2|ATPA_SHEB8	1037070	1.52e-174	51.324
sp|B0Z4W6|ATPA_OENBI	1037070	0.0	54.527
sp|B0BZL2|ATPA1_ACAM1	1037070	0.0	56.592
sp|Q87KA6|ATPA_VIBPA	1037070	2.40e-177	51.731
sp|Q02848|ATPA_ANTSP	1037070	0.0	55.579
sp|Q5H4Y6|ATPA_XANOR	1037070	0.0	54.605
sp|Q2MIK2|ATPA_SOLBU	1037070	0.0	55.285
sp|Q9PE83|ATPA_XYLFA	1037070	1.01e-178	54.130
sp|A0T0F1|ATPA_PHATC	1037070	0.0	56.549
sp|Q1JCL5|ATPA_STRPB	1037070	0.0	55.462
sp|Q8WI30|ATPA_PSINU	1037070	0.0	55.992
sp|B7K5I8|ATPA_RIPO1	1037070	0.0	55.602
sp|B7H296|ATPA_ACIB3	1037070	0.0	52.191
sp|A4SGM9|ATPA_CHLPM	1037070	0.0	55.179
sp|Q5WSG6|ATPA_LEGPL	1037070	6.49e-179	52.342
sp|B1NWD5|ATPA_MANES	1037070	0.0	55.375
sp|B7NF50|ATPA_ECOLU	1037070	2.56e-177	52.209
sp|A7HJV9|ATPA_FERNB	1037070	0.0	59.100
sp|B5BIN8|ATPA_SALPK	1037070	6.39e-177	52.209
sp|B0TQF6|ATPA_SHEHH	1037070	2.21e-173	50.304
sp|Q15SF1|ATPA1_PSEA6	1037070	9.32e-149	47.738
sp|B0U5A0|ATPA_XYLFM	1037070	3.02e-178	54.348
sp|O99015|ATPA_PROWI	1037070	0.0	56.263
sp|P0DA02|ATPA_STRP3	1037070	0.0	55.462
sp|Q13IW9|ATPA3_PARXL	1037070	4.37e-142	46.889
sp|A7NEH6|ATPA_FRATF	1037070	0.0	54.472
sp|B2SEX9|ATPA_FRATM	1037070	0.0	54.472
sp|A6WXW9|ATPA_OCHA4	1037070	0.0	64.213
sp|A1K1S0|ATPA_AZOSB	1037070	0.0	55.193
sp|A1E9S1|ATPA_SORBI	1037070	0.0	54.938
sp|A4TSJ1|ATPA_YERPP	1037070	2.77e-179	53.213
sp|A7Z9Q2|ATPA_BACVZ	1037070	0.0	57.959
sp|A1UY41|ATPA2_BURMS	1037070	2.13e-135	45.190
sp|A9L981|ATPA_LEMMI	1037070	0.0	55.852
sp|A0LDA2|ATPA_MAGMM	1037070	0.0	63.598
sp|B2A3G4|ATPA_NATTJ	1037070	0.0	57.143
sp|Q3J6M9|ATPA_NITOC	1037070	0.0	54.286
sp|B2UZJ8|ATPA_CLOBA	1037070	0.0	58.111
sp|A7FQH7|ATPA_CLOB1	1037070	0.0	59.000
sp|A7G9Q7|ATPA_CLOBL	1037070	0.0	59.200
sp|Q0BQE6|ATPA_GRABC	1037070	0.0	62.249
sp|Q8UC74|ATPA_AGRFC	1037070	0.0	64.229
sp|A4QJA0|ATPA_AETCO	1037070	0.0	55.738
sp|B0Z5D4|ATPA_OENPA	1037070	0.0	54.527
sp|Q20EV9|ATPA_OLTVI	1037070	0.0	57.263
sp|P56757|ATPA_ARATH	1037070	0.0	55.556
sp|A8LN46|ATPA1_DINSH	1037070	5.21e-133	41.042
sp|Q9CKW2|ATPA_PASMU	1037070	2.19e-178	53.360
sp|Q8YAM8|ATPA1_LISMO	1037070	1.82e-125	41.942
sp|A6QIU9|ATPA_STAAE	1037070	0.0	58.351
sp|Q64UA4|ATPA_BACFR	1037070	9.95e-175	53.996
sp|Q39ZT9|ATPA1_PELCD	1037070	0.0	59.138
sp|A3NN58|ATPA2_BURP6	1037070	8.33e-136	41.870
sp|Q3B1F4|ATPA2_CHLL7	1037070	0.0	55.929
sp|B8DWS4|ATPA_BIFA0	1037070	0.0	51.639
sp|Q5ZR99|ATPA2_LEGPH	1037070	4.39e-179	52.546
sp|A0QCX6|ATPA_MYCA1	1037070	0.0	53.196
sp|Q4G397|ATPA_EMIHU	1037070	0.0	55.828
sp|C4KYS5|ATPA_EXISA	1037070	0.0	56.212
sp|A8L3W3|ATPA_FRASN	1037070	0.0	51.562
sp|Q5KUJ1|ATPA_GEOKA	1037070	0.0	57.520
sp|C6E9F3|ATPA_GEOSM	1037070	0.0	59.420
sp|Q8EM81|ATPA_OCEIH	1037070	0.0	55.600
sp|B0YPM5|ATPA_ANEMR	1037070	0.0	55.258
sp|A0JY66|ATPA_ARTS2	1037070	0.0	53.196
sp|Q73HB2|ATPA_WOLPM	1037070	0.0	60.823
sp|C6DJH0|ATPA_PECCP	1037070	5.54e-177	52.410
sp|A7N0Y3|ATPA1_VIBCB	1037070	8.95e-177	51.935
sp|Q4L7Y6|ATPA_STAHJ	1037070	0.0	56.729
sp|A2BYH6|ATPA_PROM5	1037070	0.0	55.556
sp|Q46J57|ATPA_PROMT	1037070	0.0	55.789
sp|P50001|ATPA_STRLI	1037070	2.71e-179	52.049
sp|Q9GS23|ATPA_TRYBB	1037070	8.69e-139	47.589
sp|Q04S16|ATPA_LEPBJ	1037070	0.0	57.464
sp|B7KUA4|ATPA_METC4	1037070	0.0	63.804
sp|C5D992|ATPA_GEOSW	1037070	0.0	57.464
sp|Q12HP9|ATPA_SHEDO	1037070	2.61e-175	51.120
sp|Q2GIG2|ATPA_ANAPZ	1037070	0.0	58.557
sp|B0Z4N2|ATPA_OENAR	1037070	0.0	54.527
sp|Q68S21|ATPA_PANGI	1037070	0.0	55.172
sp|B7IQW0|ATPA_BACC2	1037070	0.0	57.755
sp|B4SGC7|ATPA_PELPB	1037070	0.0	55.578
sp|A5IUQ0|ATPA_STAA9	1037070	0.0	58.568
sp|Q2FF22|ATPA_STAA3	1037070	0.0	58.568
sp|P07251|ATPA_YEAST	1037070	0.0	65.031
sp|P09219|ATPA_BACP3	1037070	0.0	56.504
sp|Q09G61|ATPA_PLAOC	1037070	0.0	55.350
sp|Q06GS5|ATPA_PIPCE	1037070	0.0	54.564
sp|B1JRN0|ATPA_YERPY	1037070	2.77e-179	53.213
sp|Q21Z99|ATPA2_RHOFT	1037070	8.45e-144	46.042
sp|B0VBP5|ATPA_ACIBY	1037070	0.0	52.191
sp|Q38WK3|ATPA_LACSS	1037070	0.0	55.172
sp|P63674|ATPA_MYCBO	1037070	0.0	52.314
sp|Q48UD5|ATPA_STRPM	1037070	0.0	55.462
sp|Q50329|ATPA_MYCPN	1037070	4.04e-176	51.037
sp|P9WPU7|ATPA_MYCTU	1037070	0.0	52.314
sp|A4ITJ1|ATPA_GEOTN	1037070	0.0	57.317
sp|O78475|ATPA_GUITH	1037070	0.0	55.789
sp|B8JCV2|ATPA_ANAD2	1037070	0.0	59.109
sp|Q2IHQ9|ATPA_ANADE	1037070	0.0	58.502
sp|O66907|ATPA_AQUAE	1037070	0.0	59.553
sp|B4UKF2|ATPA_ANASK	1037070	0.0	59.514
sp|A1R7V5|ATPA_PAEAT	1037070	0.0	53.608
sp|Q5FRC7|ATPA1_GLUOX	1037070	0.0	62.218
sp|A9BFX5|ATPA_PETMO	1037070	0.0	55.397
sp|A7GV58|ATPA_BACCN	1037070	0.0	57.347
sp|A5CYE4|ATPA_PELTS	1037070	0.0	58.691
sp|Q1C093|ATPA_YERPA	1037070	2.77e-179	53.213
sp|A9R5U1|ATPA_YERPG	1037070	2.77e-179	53.213
sp|A4SUT2|ATPA_POLAQ	1037070	0.0	56.646
sp|A3P8L5|ATPA2_BURP0	1037070	2.74e-135	45.190
sp|A8LJR6|ATPA2_DINSH	1037070	0.0	63.415
sp|B0KRB0|ATPA_PSEPG	1037070	0.0	53.000
sp|Q9A0I9|ATPA_STRP1	1037070	0.0	55.462
sp|A9HY40|ATPA_BORPD	1037070	0.0	55.263
sp|A7Y3A4|ATPA_IPOPU	1037070	0.0	55.578
sp|Q04ZU3|ATPA_LEPBL	1037070	0.0	57.464
sp|B8EQP9|ATPA_METSB	1037070	0.0	63.380
sp|Q73X57|ATPA_MYCPA	1037070	0.0	53.196
sp|P45825|ATPA_MYCLE	1037070	0.0	53.608
sp|Q82XQ0|ATPA_NITEU	1037070	0.0	53.535
sp|Q33C53|ATPA_NICTO	1037070	0.0	56.379
sp|B2TJZ8|ATPA_CLOBB	1037070	0.0	58.111
sp|B7N2H3|ATPA_ECO81	1037070	2.56e-177	52.209
sp|B7M590|ATPA_ECO8A	1037070	2.56e-177	52.209
sp|C5BF38|ATPA_EDWI9	1037070	5.97e-180	52.727
sp|Q7VPP2|ATPA_HAEDU	1037070	2.67e-177	52.610
sp|A4QJR8|ATPA_OLIPU	1037070	0.0	56.148
sp|A3QJR2|ATPA_SHELP	1037070	3.99e-175	50.913
sp|P0C2Z6|ATPA_ORYSJ	1037070	0.0	54.938
sp|A5CD07|ATPA_ORITB	1037070	0.0	58.436
sp|Q8D3J5|ATPA_WIGBR	1037070	1.12e-172	50.996
sp|Q2NQ88|ATPA_SODGM	1037070	1.53e-176	52.610
sp|A7IH29|ATPA_XANP2	1037070	0.0	64.417
sp|P08428|ATPA_XENLA	1037070	0.0	65.092
sp|Q724W6|ATPA1_LISMF	1037070	6.42e-125	41.237
sp|A1JTC8|ATPA_YERE8	1037070	3.80e-179	53.012
sp|A0ALL5|ATPA2_LISW6	1037070	0.0	55.828
sp|O51874|ATPA_BUCAP	1037070	1.73e-167	49.798
sp|Q89B41|ATPA_BUCBP	1037070	3.71e-171	48.687
sp|B1ICT1|ATPA_STRPI	1037070	0.0	53.293
sp|Q7U8W5|ATPA_SYNPX	1037070	0.0	55.670
sp|A0LSL4|ATPA_ACIC1	1037070	0.0	54.433
sp|B9MBA1|ATPA_ACIET	1037070	0.0	54.059
