sp|Q3BP15|ATPB_XANC5	1706307	0.0	60.000
sp|Q95FL8|ATPB_POPTM	1706307	0.0	63.113
sp|Q2GGP9|ATPB_EHRCR	1706307	0.0	67.017
sp|B0RWC2|ATPB_XANCB	1706307	0.0	59.789
sp|Q5HB71|ATPB_EHRRW	1706307	0.0	67.230
sp|Q9BA69|ATPB_ELAOL	1706307	0.0	62.687
sp|Q4G3C8|ATPB_EMIHU	1706307	0.0	62.393
sp|Q4L7Y4|ATPB_STAHJ	1706307	0.0	59.958
sp|A8YUK1|ATPB_LACH4	1706307	0.0	61.603
sp|Q74K15|ATPB_LACJO	1706307	0.0	63.113
sp|Q49Z50|ATPB_STAS1	1706307	0.0	60.797
sp|Q2P7Q4|ATPB_XANOM	1706307	0.0	60.000
sp|B2I877|ATPB_XYLF2	1706307	0.0	60.934
sp|P51259|ATPB_PORPU	1706307	0.0	63.169
sp|P50003|ATPB_PRODI	1706307	0.0	61.474
sp|Q9PE85|ATPB_XYLFA	1706307	0.0	60.722
sp|B0U598|ATPB_XYLFM	1706307	0.0	60.722
sp|Q02XA5|ATPB_LACLS	1706307	0.0	62.076
sp|Q82J84|ATPB_STRAW	1706307	0.0	58.017
sp|Q63IW3|ATPB2_BURPS	1706307	2.33e-157	48.491
sp|A5VIR1|ATPB_LACRD	1706307	0.0	61.538
sp|B7LK77|ATPB_ESCF3	1706307	0.0	63.966
sp|A9BCC6|ATPB_PROM4	1706307	0.0	61.359
sp|Q89B39|ATPB_BUCBP	1706307	0.0	61.783
sp|P95789|ATPB_STRMU	1706307	0.0	63.924
sp|Q8KAC9|ATPB2_CHLTE	1706307	0.0	66.595
sp|P31476|ATPB_EUGGR	1706307	0.0	61.392
sp|B2K847|ATPB_YERPB	1706307	0.0	63.113
sp|C1C899|ATPB_STRP7	1706307	0.0	64.331
sp|A5FLS1|ATPB_FLAJ1	1706307	0.0	60.404
sp|A0ALL3|ATPB2_LISW6	1706307	0.0	61.895
sp|A6W3S8|ATPB2_MARMS	1706307	0.0	62.661
sp|Q2Y8G2|ATPB2_NITMU	1706307	9.44e-152	45.053
sp|A6GVV9|ATPB_FLAPJ	1706307	0.0	59.798
sp|A4TSJ3|ATPB_YERPP	1706307	0.0	63.113
sp|Q3A083|ATPB2_PELCD	1706307	2.77e-156	47.323
sp|Q21ZA6|ATPB2_RHOFT	1706307	1.06e-153	47.872
sp|A9AJG4|ATPB_BURM1	1706307	0.0	63.090
sp|A2S6J8|ATPB_BURM9	1706307	0.0	63.090
sp|Q1JMI9|ATPB_STRPC	1706307	0.0	63.907
sp|A4XKX0|ATPB_CALS8	1706307	0.0	66.596
sp|Q0PC30|ATPB_CAMJE	1706307	0.0	64.544
sp|B0RED4|ATPB_CLAMS	1706307	0.0	58.071
sp|C4K227|ATPB_RICPU	1706307	0.0	70.299
sp|Q50331|ATPB_MYCPN	1706307	0.0	62.105
sp|Q2GKK8|ATPB_ANAPZ	1706307	0.0	65.458
sp|B5EYZ6|ATPB_SALA4	1706307	0.0	63.966
sp|Q9JW70|ATPB_NEIMA	1706307	0.0	62.208
sp|A9MXA6|ATPB_SALPB	1706307	0.0	63.966
sp|B4TN31|ATPB_SALSV	1706307	0.0	63.966
sp|Q2GD08|ATPB_NEOSM	1706307	0.0	67.949
sp|Q3J6N1|ATPB_NITOC	1706307	0.0	62.900
sp|A8HS10|ATPB_AZOC5	1706307	0.0	67.573
sp|Q1QQS8|ATPB_NITHX	1706307	0.0	68.710
sp|P41009|ATPB_BACCA	1706307	0.0	63.655
sp|Q9BA84|ATPB_HYOLA	1706307	0.0	62.687
sp|A8A6J5|ATPB_ECOHS	1706307	0.0	63.966
sp|A7ZTU4|ATPB_ECO24	1706307	0.0	63.966
sp|P56480|ATPB_MOUSE	1706307	0.0	72.068
sp|Q8FYR5|ATPB_BRUSU	1706307	0.0	69.492
sp|B1XSD4|ATPB_POLNS	1706307	0.0	62.712
sp|Q14FF0|ATPB_POPAL	1706307	0.0	62.712
sp|B8D8H3|ATPB_BUCA5	1706307	0.0	61.603
sp|Q3YS09|ATPB_EHRCJ	1706307	0.0	67.653
sp|A3P8M2|ATPB2_BURP0	1706307	4.18e-157	48.276
sp|Q8PCZ5|ATPB_XANCP	1706307	0.0	59.789
sp|A4WGF5|ATPB_ENT38	1706307	0.0	63.753
sp|Q32RY8|ATPB_STAPU	1706307	0.0	60.797
sp|Q9CES0|ATPB_LACLA	1706307	0.0	62.076
sp|B2SQB0|ATPB_XANOP	1706307	0.0	60.000
sp|Q3JJN9|ATPB2_BURP1	1706307	4.18e-157	48.276
sp|Q5H4Y4|ATPB_XANOR	1706307	0.0	60.000
sp|A2C4I4|ATPB_PROM1	1706307	0.0	61.053
sp|A9KK92|ATPB_LACP7	1706307	0.0	63.519
sp|Q85V35|ATPB_LACPU	1706307	0.0	62.687
sp|Q2N8Z2|ATPB_ERYLH	1706307	0.0	68.487
sp|B4U2E1|ATPB_STREM	1706307	0.0	64.119
sp|B4SJR9|ATPB_STRM5	1706307	0.0	61.053
sp|Q3B406|ATPB2_CHLL7	1706307	4.10e-155	46.868
sp|B2FHY8|ATPB_STRMK	1706307	0.0	61.474
sp|B2G691|ATPB_LACRJ	1706307	0.0	61.538
sp|Q85V45|ATPB_EUCMO	1706307	0.0	62.473
sp|A8LJR4|ATPB2_DINSH	1706307	0.0	70.488
sp|B1YQL4|ATPB_BURA4	1706307	0.0	62.527
sp|Q7VA76|ATPB_PROMA	1706307	0.0	60.632
sp|B4F0E7|ATPB_PROMH	1706307	0.0	63.753
sp|B1JSV7|ATPB_BURCC	1706307	0.0	62.876
sp|Q5FNZ3|ATPB2_GLUOX	1706307	4.29e-152	47.890
sp|P42468|ATPB_BURCE	1706307	0.0	62.527
sp|B5E670|ATPB_STRP4	1706307	0.0	64.119
sp|Q38WK5|ATPB_LACSS	1706307	0.0	61.134
sp|Q13SQ2|ATPB2_PARXL	1706307	0.0	63.090
sp|Q3HKH4|ATPB2_RHOS4	1706307	1.32e-153	47.957
sp|Q32RI0|ATPB_ZYGCR	1706307	0.0	61.099
sp|Q5NQY9|ATPB_ZYMMO	1706307	0.0	67.925
sp|Q9MRQ5|ATPB_CALFL	1706307	0.0	61.426
sp|A8F3K2|ATPB_PSELT	1706307	0.0	64.271
sp|Q3AP13|ATPB_CHLCH	1706307	0.0	65.739
sp|P06541|ATPB_CHLRE	1706307	0.0	61.441
sp|Q5E1N7|ATPB_ALIF1	1706307	0.0	59.062
sp|B0BVB6|ATPB_RICRO	1706307	0.0	70.513
sp|Q6NHS9|ATPB_CORDI	1706307	0.0	58.475
sp|Q9TMU1|ATPB_CONMJ	1706307	0.0	62.368
sp|Q6L392|ATPB_SACHY	1706307	0.0	62.185
sp|Q85V29|ATPB_SCISI	1706307	0.0	62.900
sp|Q82XP8|ATPB_NITEU	1706307	0.0	60.515
sp|A4ITI9|ATPB_GEOTN	1706307	0.0	63.866
sp|A8G1W5|ATPB_SHESH	1706307	0.0	63.734
sp|A1R7V3|ATPB_PAEAT	1706307	0.0	58.526
sp|A3P0Z0|ATPB1_BURP0	1706307	0.0	63.090
sp|A1V8T1|ATPB1_BURMS	1706307	0.0	63.090
sp|P30158|ATPB_DICDH	1706307	0.0	62.420
sp|A0T0D2|ATPB_PHATC	1706307	0.0	60.888
sp|Q0ZJ13|ATPB_VITVI	1706307	0.0	61.975
sp|A9BFX3|ATPB_PETMO	1706307	0.0	60.897
sp|P80658|ATPB_PHYPA	1706307	0.0	61.229
sp|P20858|ATPB_WHEAT	1706307	0.0	62.821
sp|Q3J431|ATPB1_RHOS4	1706307	0.0	70.913
sp|P42470|ATPB_WOLSU	1706307	0.0	63.291
sp|Q1R4K2|ATPB_ECOUT	1706307	0.0	63.966
sp|Q8YJ35|ATPB_BRUME	1706307	0.0	69.492
sp|Q1MRB8|ATPB_LAWIP	1706307	0.0	67.234
sp|B1JRN2|ATPB_YERPY	1706307	0.0	63.113
sp|Q9MU80|ATPB_CHASI	1706307	0.0	62.687
sp|A6TG36|ATPB_KLEP7	1706307	0.0	63.966
sp|Q6G7K7|ATPB_STAAS	1706307	0.0	60.421
sp|Q62EB7|ATPB2_BURMA	1706307	1.41e-156	48.276
sp|Q5FGY3|ATPB_EHRRG	1706307	0.0	67.230
sp|Q831A5|ATPB_ENTFA	1706307	0.0	63.404
sp|P57124|ATPB_BUCAI	1706307	0.0	61.603
sp|A7IH31|ATPB_XANP2	1706307	0.0	67.364
sp|Q87E90|ATPB_XYLFT	1706307	0.0	60.934
sp|A3PES6|ATPB_PROM0	1706307	0.0	61.571
sp|Q07232|ATPB_BUCAP	1706307	0.0	63.113
sp|Q3K1J5|ATPB_STRA1	1706307	0.0	64.468
sp|O03069|ATPB_EQUAR	1706307	0.0	62.115
sp|Q8E072|ATPB_STRA5	1706307	0.0	64.468
sp|Q88UU3|ATPB_LACPL	1706307	0.0	63.502
sp|C0M720|ATPB_STRE4	1706307	0.0	64.119
sp|B8D6S7|ATPB_BUCAT	1706307	0.0	61.603
sp|A8G6T8|ATPB_PROM2	1706307	0.0	61.571
sp|A2BYG3|ATPB_PROM5	1706307	0.0	60.934
sp|Q85V44|ATPB_EUCBI	1706307	0.0	62.473
sp|Q7V5U2|ATPB_PROMM	1706307	0.0	60.211
sp|Q927W4|ATPB2_LISIN	1706307	0.0	61.684
sp|O50341|ATPB_FERIS	1706307	0.0	64.482
sp|Q1C095|ATPB_YERPA	1706307	0.0	63.113
sp|P0DA04|ATPB_STRP3	1706307	0.0	63.907
sp|A7HJV7|ATPB_FERNB	1706307	0.0	64.544
sp|B4EEY9|ATPB_BURCJ	1706307	0.0	62.876
sp|Q0RDB4|ATPB_FRAAA	1706307	0.0	61.571
sp|Q0BJL5|ATPB_BURCM	1706307	0.0	62.527
sp|Q48BG5|ATPB_PSE14	1706307	0.0	62.876
sp|Q39KX6|ATPB_BURL3	1706307	0.0	62.741
sp|A5III3|ATPB_LEGPC	1706307	0.0	63.326
sp|Q5ZRA1|ATPB_LEGPH	1706307	0.0	63.326
sp|P46561|ATPB_CAEEL	1706307	0.0	71.642
sp|Q8RC15|ATPB_CALS4	1706307	0.0	65.032
sp|Q8MBM4|ATPB_CALSE	1706307	0.0	63.383
sp|C1A1X8|ATPB_RHOE4	1706307	0.0	59.448
sp|Q6ENV6|ATPB_SACOF	1706307	0.0	62.185
sp|Q14K06|ATPB_FRAT1	1706307	0.0	62.473
sp|Q0BK84|ATPB_FRATO	1706307	0.0	62.473
sp|A9MJR9|ATPB_SALAR	1706307	0.0	63.966
sp|A7HIX7|ATPB_ANADF	1706307	0.0	68.067
sp|P69369|ATPB_NICBI	1706307	0.0	61.975
sp|Q9MRI8|ATPB_GALBE	1706307	0.0	62.473
sp|P06540|ATPB_NOSS1	1706307	0.0	62.791
sp|C5D990|ATPB_GEOSW	1706307	0.0	63.655
sp|B0Z4U4|ATPB_OENBI	1706307	0.0	62.055
sp|B7JGN0|ATPB_BACC0	1706307	0.0	62.924
sp|B0Z528|ATPB_OENGL	1706307	0.0	62.055
sp|Q6AQ10|ATPB_DESPS	1706307	0.0	65.885
sp|Q1LTV4|ATPB_BAUCH	1706307	0.0	61.720
sp|Q8MBQ3|ATPB_IPOQU	1706307	0.0	63.812
sp|Q6LLG8|ATPB1_PHOPR	1706307	0.0	60.000
sp|Q9MU43|ATPB_LIRTU	1706307	0.0	62.473
sp|B0SLC8|ATPB_LEPBP	1706307	0.0	64.331
sp|Q85V50|ATPB_PSECV	1706307	0.0	62.047
sp|B0SDA5|ATPB_LEPBA	1706307	0.0	64.331
sp|Q1GXN0|ATPB_METFK	1706307	0.0	62.128
sp|Q6FFK0|ATPB_ACIAD	1706307	0.0	61.146
sp|P63678|ATPB_MYCBO	1706307	0.0	57.234
sp|B3WDL8|ATPB_LACCB	1706307	0.0	62.633
sp|Q5HMB9|ATPB_STAEQ	1706307	0.0	60.000
sp|A4SUT4|ATPB_POLAQ	1706307	0.0	62.712
sp|Q12GQ0|ATPB_POLSJ	1706307	0.0	62.232
sp|A1UY34|ATPB2_BURMS	1706307	1.41e-156	48.276
sp|Q8CNJ7|ATPB_STAES	1706307	0.0	60.000
sp|P42469|ATPB_STIAU	1706307	0.0	65.539
sp|A4GYR7|ATPB_POPTR	1706307	0.0	62.712
sp|Q6CFT7|ATPB_YARLI	1706307	0.0	71.762
sp|A3NN65|ATPB2_BURP6	1706307	1.65e-157	48.491
sp|P43451|ATPB_ENTHA	1706307	0.0	62.420
sp|A2RMI2|ATPB_LACLM	1706307	0.0	62.288
sp|Q06SG7|ATPB_STIHE	1706307	0.0	62.105
sp|Q03A18|ATPB_LACP3	1706307	0.0	62.633
sp|Q8E5U8|ATPB_STRA3	1706307	0.0	64.468
sp|B2VCA4|ATPB_ERWT9	1706307	0.0	63.113
sp|Q2T880|ATPB2_BURTA	1706307	3.92e-159	48.305
sp|P0A300|ATPB_STRCO	1706307	0.0	59.072
sp|P21933|ATPB_STRDO	1706307	6.57e-35	73.418
sp|A2C6Z4|ATPB_PROM3	1706307	0.0	60.842
sp|A8AYG1|ATPB_STRGC	1706307	0.0	65.605
sp|B1W0A3|ATPB_STRGG	1706307	0.0	58.650
sp|P0A301|ATPB_STRLI	1706307	0.0	59.072
sp|P00830|ATPB_YEAST	1706307	0.0	69.002
sp|Q9A0I7|ATPB_STRP1	1706307	0.0	64.119
sp|Q04HT9|ATPB_STRP2	1706307	0.0	64.119
sp|A1JTC6|ATPB_YERE8	1706307	0.0	63.539
sp|Q1WUC6|ATPB_LACS1	1706307	0.0	62.368
sp|Q49KZ1|ATPB_EUCGG	1706307	0.0	62.395
sp|A7FPE0|ATPB_YERP3	1706307	0.0	63.113
sp|Q318V4|ATPB_PROM9	1706307	0.0	61.571
sp|Q1BRB0|ATPB_BURCA	1706307	0.0	62.876
sp|Q1CCH5|ATPB_YERPN	1706307	0.0	63.113
sp|Q71WP9|ATPB2_LISMF	1706307	0.0	61.684
sp|A0K2Y3|ATPB_BURCH	1706307	0.0	62.876
sp|Q8Y4C1|ATPB2_LISMO	1706307	0.0	61.684
sp|Q98QB6|ATPB2_MYCPU	1706307	3.18e-101	36.842
sp|Q8P1K5|ATPB_STRP8	1706307	0.0	63.907
sp|A3PS59|ATPB2_RHOS1	1706307	7.02e-154	47.957
sp|Q9MU82|ATPB_CALUS	1706307	0.0	62.687
sp|Q7UFB5|ATPB_RHOBA	1706307	0.0	56.383
sp|Q68VU8|ATPB_RICTY	1706307	0.0	69.957
sp|A0R200|ATPB_MYCS2	1706307	0.0	57.996
sp|C0MH17|ATPB_STRS7	1706307	0.0	64.119
sp|Q7HHW4|ATPB_COCNU	1706307	0.0	62.687
sp|Q2A1I2|ATPB_FRATH	1706307	0.0	62.473
sp|B2IQX0|ATPB_STRPS	1706307	0.0	64.331
sp|P28250|ATPB_ANGLY	1706307	0.0	62.179
sp|Q2LR05|ATPB_SYNAS	1706307	0.0	65.539
sp|P26530|ATPB_NICRU	1706307	0.0	61.975
sp|C3LFH9|ATPB_BACAC	1706307	0.0	62.712
sp|B7IQV8|ATPB_BACC2	1706307	0.0	62.845
sp|Q8MBG4|ATPB_CUSSA	1706307	0.0	62.208
sp|A0L2S8|ATPB_SHESA	1706307	0.0	63.675
sp|Q6B8S4|ATPB_GRATL	1706307	0.0	62.527
sp|B6JD09|ATPB_OLICO	1706307	0.0	69.133
sp|Q9MTP7|ATPB_OENEH	1706307	0.0	62.055
sp|P0C2Z7|ATPB_ORYSA	1706307	0.0	63.034
sp|B7IG44|ATPB_THEAB	1706307	0.0	63.559
sp|P0ABB7|ATPB_SHIFL	1706307	0.0	63.966
sp|Q3SF66|ATPB_THIDA	1706307	0.0	63.948
sp|Q31DM0|ATPB_HYDCU	1706307	0.0	60.430
sp|A5UGY9|ATPB_HAEIG	1706307	0.0	61.834
sp|Q7VQV6|ATPB_BLOFL	1706307	0.0	61.571
sp|Q6F202|ATPB_MESFL	1706307	0.0	62.366
sp|Q3V527|ATPB_ACOCL	1706307	0.0	61.945
sp|Q1GAW5|ATPB_LACDA	1706307	0.0	61.290
sp|A8YY70|ATPB_STAAT	1706307	0.0	60.421
sp|P63680|ATPB_STAAW	1706307	0.0	60.421
sp|Q4UQF4|ATPB_XANC8	1706307	0.0	59.789
sp|A9WWS2|ATPB_BRUSI	1706307	0.0	69.492
sp|Q332X1|ATPB_LACSA	1706307	0.0	61.954
sp|Q5XCY0|ATPB_STRP6	1706307	0.0	63.907
sp|Q7CFM8|ATPB_YERPE	1706307	0.0	63.113
sp|A9R5T9|ATPB_YERPG	1706307	0.0	63.113
sp|Q0AEJ6|ATPB2_NITEC	1706307	3.00e-153	50.000
sp|C1D5G2|ATPB_LARHH	1706307	0.0	62.232
sp|Q46J68|ATPB_PROMT	1706307	0.0	61.263
sp|Q5WSG8|ATPB_LEGPL	1706307	0.0	63.326
sp|Q8XU76|ATPB_RALSO	1706307	0.0	61.895
sp|B3PQ68|ATPB_RHIE6	1706307	0.0	69.444
sp|A3DIM9|ATPB_CLOTH	1706307	0.0	64.668
sp|C1CLK6|ATPB_STRZP	1706307	0.0	64.331
sp|Q48AW0|ATPB_COLP3	1706307	0.0	61.277
sp|Q1GEU8|ATPB_RUEST	1706307	0.0	70.701
sp|O67828|ATPB_AQUAE	1706307	0.0	60.504
sp|Q31794|ATPB_ANTAG	1706307	0.0	61.134
sp|Q0K5M7|ATPB_CUPNH	1706307	0.0	61.053
sp|Q7WEM9|ATPB_BORBR	1706307	0.0	62.420
sp|Q8D3J3|ATPB_WIGBR	1706307	0.0	61.505
sp|B7M588|ATPB_ECO8A	1706307	0.0	63.966
sp|A8ZNR6|ATPB_ACAM1	1706307	6.78e-158	49.123
sp|Q8MBF7|ATPB_MONCA	1706307	0.0	61.635
sp|P13357|ATPB_CELLY	1706307	0.0	59.635
sp|Q04BA3|ATPB_LACDB	1706307	0.0	61.505
sp|Q042L5|ATPB_LACGA	1706307	0.0	63.539
sp|C5BF40|ATPB_EDWI9	1706307	0.0	63.326
sp|Q2J6N3|ATPB_FRACC	1706307	0.0	62.420
sp|A6MM43|ATPB_BUXMI	1706307	0.0	62.473
sp|Q98EV8|ATPB_RHILO	1706307	0.0	68.008
sp|B2HQK2|ATPB_MYCMM	1706307	0.0	57.660
sp|B0YPN7|ATPB_ANEMR	1706307	0.0	60.341
sp|B5EFI7|ATPB_GEOBB	1706307	0.0	68.432
sp|A1SHJ1|ATPB_NOCSJ	1706307	0.0	58.613
sp|Q7U8U7|ATPB_SYNPX	1706307	0.0	60.842
sp|Q1KXV2|ATPB_HELAN	1706307	0.0	61.331
sp|Q9ZK81|ATPB_HELPJ	1706307	0.0	62.236
sp|A7Y3E6|ATPB_IPOPU	1706307	0.0	63.812
sp|B7UMJ7|ATPB_ECO27	1706307	0.0	63.966
sp|B7N2H1|ATPB_ECO81	1706307	0.0	63.966
sp|Q06GQ3|ATPB_PIPCE	1706307	0.0	62.105
sp|A1VIV2|ATPB1_POLNA	1706307	0.0	61.588
sp|Q8PGG7|ATPB_XANAC	1706307	0.0	60.000
sp|A1AP52|ATPB2_PELPD	1706307	0.0	68.644
sp|A1VPR5|ATPB2_POLNA	1706307	2.84e-153	47.589
sp|Q07YM7|ATPB2_SHEFN	1706307	1.50e-149	46.320
sp|O03073|ATPB_LONHI	1706307	7.28e-95	65.865
sp|A8FJR2|ATPB_CAMJ8	1706307	0.0	64.544
sp|B9E8E6|ATPB_MACCJ	1706307	0.0	60.254
sp|Q07VU4|ATPB1_SHEFN	1706307	0.0	62.821
sp|A6YGB6|ATPB_PLETE	1706307	0.0	60.797
sp|B9DME3|ATPB_STACT	1706307	0.0	61.345
sp|Q9TJR9|ATPB_PROWI	1706307	0.0	60.897
sp|A4JA35|ATPB_BURVG	1706307	0.0	62.876
sp|B9MS68|ATPB_CALBD	1706307	0.0	66.098
sp|Q7YJW5|ATPB_CALFG	1706307	0.0	62.260
sp|B1NWF7|ATPB_MANES	1706307	0.0	63.136
sp|Q1QSD0|ATPB_CHRSD	1706307	0.0	63.283
sp|B2TK00|ATPB_CLOBB	1706307	0.0	66.311
sp|Q6NDD2|ATPB_RHOPA	1706307	0.0	69.345
sp|Q92G88|ATPB_RICCN	1706307	0.0	70.299
sp|A4QDH3|ATPB_CORGB	1706307	0.0	59.110
sp|A7NEH4|ATPB_FRATF	1706307	0.0	62.473
sp|Q95AF8|ATPB_ASPEL	1706307	0.0	61.538
sp|A8G7M8|ATPB_SERP5	1706307	0.0	63.113
sp|Q8MBG5|ATPB_CUSPE	1706307	0.0	62.633
sp|Q8E8C0|ATPB_SHEON	1706307	0.0	63.462
sp|Q0SYU4|ATPB_SHIF8	1706307	0.0	63.966
sp|Q1CSD5|ATPB_HELPH	1706307	0.0	62.025
sp|P05037|ATPB_PEA	1706307	0.0	61.555
sp|O03062|ATPB_ADICA	1706307	0.0	61.441
sp|A1BCJ2|ATPB_CHLPD	1706307	0.0	65.310
sp|Q9Z687|ATPB_CLOAB	1706307	0.0	64.756
sp|B1KSS8|ATPB_CLOBM	1706307	0.0	64.454
sp|A8F2U0|ATPB_RICM5	1706307	0.0	71.154
sp|Q97PT6|ATPB_STRPN	1706307	0.0	64.119
sp|A6QB59|ATPB_SULNB	1706307	0.0	63.617
sp|C3PFR5|ATPB_CORA7	1706307	0.0	59.322
sp|Q3SVJ1|ATPB_NITWN	1706307	0.0	69.345
sp|Q20EW8|ATPB_OLTVI	1706307	0.0	60.677
sp|P07677|ATPB_BACP3	1706307	0.0	63.235
sp|Q4QN64|ATPB_HAEI8	1706307	0.0	61.834
sp|Q8DLG8|ATPB_THEEB	1706307	0.0	62.712
sp|Q5WB78|ATPB_BACSK	1706307	0.0	61.297
sp|Q85V26|ATPB_HYANO	1706307	0.0	63.326
sp|B7MGF2|ATPB_ECO45	1706307	0.0	63.966
sp|Q2FF24|ATPB_STAA3	1706307	0.0	60.421
sp|A0KQX8|ATPB_AERHH	1706307	0.0	62.607
sp|Q4ZL24|ATPB_PSEU2	1706307	0.0	62.876
sp|A4SC45|ATPB_CHLPM	1706307	0.0	65.739
sp|C3KYJ3|ATPB_CLOB6	1706307	0.0	64.454
sp|A1EA15|ATPB_AGRST	1706307	0.0	62.368
sp|P47639|ATPB_MYCGE	1706307	0.0	61.996
sp|Q21DK8|ATPB_SACD2	1706307	0.0	60.510
sp|Q0SQZ5|ATPB_CLOPS	1706307	0.0	66.170
sp|Q48UD3|ATPB_STRPM	1706307	0.0	63.907
sp|A8L3W5|ATPB_FRASN	1706307	0.0	61.359
sp|B4RJG0|ATPB_NEIG2	1706307	0.0	62.208
sp|A9M123|ATPB_NEIM0	1706307	0.0	62.208
sp|A9KX06|ATPB_SHEB9	1706307	0.0	63.248
sp|Q4VZI5|ATPB_CUCSA	1706307	0.0	62.264
sp|A3DAR4|ATPB_SHEB5	1706307	0.0	63.248
sp|Q12HQ1|ATPB_SHEDO	1706307	0.0	63.462
sp|C1F0M8|ATPB_BACC3	1706307	0.0	62.712
sp|C5BKJ5|ATPB_TERTT	1706307	0.0	62.845
sp|A6H5I4|ATPB_CYCTA	1706307	0.0	61.752
sp|A5UA11|ATPB_HAEIE	1706307	0.0	62.047
sp|Q329S1|ATPB_SHIDS	1706307	0.0	63.753
sp|A9AVV4|ATPB_HERA2	1706307	0.0	58.710
sp|B8GRB8|ATPB_THISH	1706307	0.0	62.260
sp|B8FGT4|ATPB_DESAL	1706307	0.0	64.286
sp|P83505|ATPB_BRACM	1706307	1.79e-04	66.667
sp|Q8MBQ4|ATPB_IPOCC	1706307	0.0	63.169
sp|Q57B88|ATPB_BRUAB	1706307	0.0	69.280
sp|B1LL59|ATPB_ECOSM	1706307	0.0	63.966
sp|Q03QY8|ATPB_LACBA	1706307	0.0	61.359
sp|P83483|ATPBM_ARATH	1706307	0.0	68.710
sp|P37399|ATPBM_DAUCA	1706307	0.0	66.102
sp|Q2RFX9|ATPB_MOOTA	1706307	0.0	66.953
sp|P00827|ATPB_MAIZE	1706307	0.0	62.395
sp|P26532|ATPB_PYLLI	1706307	0.0	63.578
sp|Q9MRR1|ATPB_CINCA	1706307	0.0	62.260
sp|B2UZK0|ATPB_CLOBA	1706307	0.0	66.311
sp|A7FQH9|ATPB_CLOB1	1706307	0.0	64.454
sp|Q7P095|ATPB_CHRVO	1706307	0.0	61.783
sp|B5ZSN7|ATPB_RHILW	1706307	0.0	68.803
sp|A8GTS6|ATPB_RICRS	1706307	0.0	70.513
sp|Q2PQH4|ATPB_FUCVE	1706307	0.0	63.675
sp|Q5NIK3|ATPB_FRATT	1706307	0.0	62.473
sp|B5FN33|ATPB_SALDC	1706307	0.0	63.966
sp|P42464|ATPB_CORGL	1706307	0.0	58.898
sp|A1SBU0|ATPB_SHEAM	1706307	0.0	63.462
sp|A8W3D7|ATPB_CUSEX	1706307	0.0	63.326
sp|Q46VY0|ATPB_CUPNJ	1706307	0.0	60.421
sp|Q81JZ5|ATPB_BACAN	1706307	0.0	62.712
sp|Q05373|ATPB_SYNP1	1706307	0.0	61.864
sp|B2TUP3|ATPB_SHIB3	1706307	0.0	63.966
sp|Q85FT2|ATPB_CYAM1	1706307	0.0	62.661
sp|B3CRK6|ATPB_ORITI	1706307	0.0	64.957
sp|A7Z9Q0|ATPB_BACVZ	1706307	0.0	61.715
sp|P22478|ATPB_BACPE	1706307	0.0	62.552
sp|Q9GPE9|ATPB_TRYBB	1706307	0.0	59.244
sp|Q7VJ21|ATPB_HELHP	1706307	0.0	62.869
sp|Q1Q899|ATPB_PSYCK	1706307	0.0	61.845
sp|B5Y831|ATPB_COPPD	1706307	9.40e-163	51.416
sp|Q83AF5|ATPB_COXBU	1706307	0.0	63.675
sp|Q1LHL0|ATPB_CUPMC	1706307	0.0	61.263
sp|A1RQB0|ATPB_SHESW	1706307	0.0	63.248
sp|Q24MP1|ATPB_DESHY	1706307	0.0	64.968
sp|B5YI24|ATPB_THEYD	1706307	0.0	61.088
sp|B5YBP8|ATPB_DICT6	1706307	0.0	58.030
sp|A9NGW2|ATPB_ACHLI	1706307	0.0	61.884
sp|Q7CPE2|ATPB_SALTY	1706307	0.0	63.966
sp|Q7NHG7|ATPB_GLOVI	1706307	0.0	62.288
sp|A6WUJ0|ATPB_SHEB8	1706307	0.0	63.248
sp|A7GV56|ATPB_BACCN	1706307	0.0	64.240
sp|Q0G9V5|ATPB_DAUCA	1706307	0.0	61.845
sp|A9BPU7|ATPB_DELAS	1706307	0.0	62.099
sp|Q68RZ9|ATPB_PANGI	1706307	0.0	61.426
sp|Q03EL4|ATPB_PEDPA	1706307	0.0	62.076
sp|Q8DDG8|ATPB_VIBVU	1706307	0.0	59.275
sp|A4GG90|ATPB_PHAVU	1706307	0.0	62.264
sp|A1W2T7|ATPB_ACISJ	1706307	0.0	62.955
sp|Q9A2V9|ATPB_CAUVC	1706307	0.0	67.925
sp|A3N2U4|ATPB_ACTP2	1706307	0.0	61.620
sp|B3PIS7|ATPB_CELJU	1706307	0.0	62.419
sp|Q5SCV8|ATPB_HUPLU	1706307	0.0	60.554
sp|Q6CYJ5|ATPB_PECAS	1706307	0.0	63.966
sp|O03081|ATPB_PSINU	1706307	0.0	62.260
sp|Q8SLY2|ATPB_CHAGL	1706307	0.0	61.297
sp|Q3JXV8|ATPB1_BURP1	1706307	0.0	63.090
sp|A1A3C5|ATPB_BIFAA	1706307	0.0	56.042
sp|Q5FRC5|ATPB1_GLUOX	1706307	0.0	67.296
sp|B1X9W0|ATPB_ECODH	1706307	0.0	63.966
sp|Q83G91|ATPB_TROWT	1706307	0.0	58.017
sp|Q7H8L9|ATPB_IPOOB	1706307	0.0	63.597
sp|B8G6G6|ATPB_CHLAD	1706307	0.0	58.155
sp|Q5ZLC5|ATPB_CHICK	1706307	0.0	71.975
sp|A6MMC9|ATPB_CHLSC	1706307	0.0	62.473
sp|Q2K3H0|ATPB_RHIEC	1706307	0.0	69.444
sp|Q73X59|ATPB_MYCPA	1706307	0.0	57.234
sp|A2RFC2|ATPB_STRPG	1706307	0.0	64.119
sp|A0Q8D9|ATPB_FRATN	1706307	0.0	62.687
sp|Q2IHQ2|ATPB_ANADE	1706307	0.0	66.387
sp|Q57HX9|ATPB_SALCH	1706307	0.0	63.966
sp|Q9MU26|ATPB_NYMOD	1706307	0.0	62.821
sp|P12698|ATPB_BACMQ	1706307	0.0	61.474
sp|P37809|ATPB_BACSU	1706307	0.0	61.587
sp|A5CDA5|ATPB_ORITB	1706307	0.0	64.957
sp|C3M9S1|ATPB_SINFN	1706307	0.0	69.068
sp|A5FRQ5|ATPB_DEHMB	1706307	0.0	58.030
sp|O03077|ATPB_OSMCI	1706307	1.90e-100	65.909
sp|Q06GZ0|ATPB_DRIGR	1706307	0.0	62.260
sp|Q7HHY5|ATPB_HYPCO	1706307	0.0	62.687
sp|Q28TJ6|ATPB_JANSC	1706307	0.0	71.398
sp|Q87KA8|ATPB_VIBPA	1706307	0.0	58.635
sp|Q7HDI4|ATPB_ACRAL	1706307	0.0	62.687
sp|Q1IIG8|ATPB_KORVE	1706307	0.0	63.103
sp|B0THN2|ATPB_HELMI	1706307	0.0	65.344
sp|Q2S6P1|ATPB_HAHCH	1706307	0.0	62.796
sp|Q9BBU0|ATPB_LOTJA	1706307	0.0	62.947
sp|A7I177|ATPB_CAMHC	1706307	0.0	64.255
sp|A4VS62|ATPB_PSEU5	1706307	0.0	63.305
sp|P62614|ATPB_AEGCR	1706307	0.0	62.821
sp|P83484|ATPBN_ARATH	1706307	0.0	68.710
sp|P49376|ATPB_KLULA	1706307	0.0	70.276
sp|B8DYT0|ATPB_DICTD	1706307	0.0	56.959
sp|P00826|ATPB_TOBAC	1706307	0.0	62.185
sp|Q0C100|ATPB_HYPNA	1706307	0.0	69.214
sp|A5CYE2|ATPB_PELTS	1706307	0.0	63.025
sp|O03064|ATPB_ADIRA	1706307	0.0	64.706
sp|B7I1W4|ATPB_ACIB5	1706307	0.0	61.571
sp|Q7W3B0|ATPB_BORPA	1706307	0.0	62.420
sp|Q9XQX2|ATPB_TROAR	1706307	0.0	62.473
sp|Q9BA92|ATPB_TRAFO	1706307	0.0	62.955
sp|Q95AD7|ATPB_PHOTN	1706307	0.0	61.925
sp|Q2FWF0|ATPB_STAA8	1706307	0.0	60.421
sp|C0HK52|ATPB_PICAN	1706307	0.0	70.551
sp|O47037|ATPB_PICAB	1706307	0.0	60.981
sp|Q5FKY0|ATPB_LACAC	1706307	0.0	61.392
sp|P29707|ATPB_PROMO	1706307	0.0	65.817
sp|Q09G39|ATPB_PLAOC	1706307	0.0	62.687
sp|A1T0Y9|ATPB2_PSYIN	1706307	0.0	59.488
sp|B7V791|ATPB_PSEA8	1706307	0.0	62.876
sp|Q06J29|ATPB_BIGNA	1706307	0.0	58.898
sp|A9F3R4|ATPB_SORC5	1706307	0.0	67.230
sp|Q7NA94|ATPB_PHOLL	1706307	0.0	63.539
sp|B3H2P3|ATPB_ACTP7	1706307	0.0	61.620
sp|B0BRX2|ATPB_ACTPJ	1706307	0.0	61.620
sp|B0T335|ATPB_CAUSK	1706307	0.0	68.710
sp|A5CVI6|ATPB_VESOH	1706307	0.0	62.553
sp|A6MMV1|ATPB_ILLOL	1706307	0.0	61.194
sp|A1E9T1|ATPB_SORBI	1706307	0.0	62.185
sp|A9HY42|ATPB_BORPD	1706307	0.0	62.633
sp|A5F459|ATPB_VIBC3	1706307	0.0	58.849
sp|B2I102|ATPB_ACIBC	1706307	0.0	61.571
sp|Q8UC76|ATPB_AGRFC	1706307	0.0	70.064
sp|P41168|ATPB_ACIFR	1706307	0.0	61.702
sp|Q5HX59|ATPB_CAMJR	1706307	0.0	64.544
sp|Q95DR6|ATPB_AGAAF	1706307	0.0	61.635
sp|A9H9A8|ATPB_GLUDA	1706307	0.0	66.385
sp|Q0I7U1|ATPB_SYNS3	1706307	0.0	61.895
sp|B8DWS2|ATPB_BIFA0	1706307	5.52e-178	55.809
sp|A9IYW6|ATPB_BART1	1706307	0.0	68.553
sp|A8ZUA1|ATPB_DESOH	1706307	0.0	65.319
sp|Q85V27|ATPB_BRIAM	1706307	0.0	62.900
sp|Q3B6W8|ATPB1_CHLL7	1706307	0.0	65.953
sp|C3LSI9|ATPB_VIBCM	1706307	0.0	58.849
sp|B8HAY9|ATPB_PSECP	1706307	0.0	58.947
sp|B1HM56|ATPB_LYSSC	1706307	0.0	62.791
sp|Q9C5A9|ATPBO_ARATH	1706307	0.0	68.710
sp|O03080|ATPB_PTEES	1706307	0.0	58.462
sp|P50002|ATPB_ACEWD	1706307	0.0	65.458
sp|Q3A946|ATPB_CARHZ	1706307	0.0	64.990
sp|A8EV70|ATPB_ARCB4	1706307	0.0	62.766
sp|Q313W0|ATPB_DESAG	1706307	0.0	65.525
sp|Q63PI0|ATPB1_BURPS	1706307	0.0	63.090
sp|B6JMX2|ATPB_HELP2	1706307	0.0	62.447
sp|O03066|ATPB_BLEOC	1706307	0.0	64.359
sp|A6L8P2|ATPB_PARD8	1706307	0.0	59.200
sp|P29685|ATPBM_HEVBR	1706307	0.0	68.710
sp|O03074|ATPB_MICPL	1706307	0.0	65.375
sp|Q9BA96|ATPB_CHAHU	1706307	0.0	62.900
sp|P42465|ATPB_CHLP8	1706307	0.0	66.167
sp|A4WUM7|ATPB_RHOS5	1706307	0.0	71.125
sp|Q21CY7|ATPB_RHOPB	1706307	0.0	69.767
sp|A5U209|ATPB_MYCTA	1706307	0.0	57.234
sp|B7K2R8|ATPB_RIPO1	1706307	0.0	62.869
sp|O50292|ATPB_AQUPY	1706307	0.0	61.345
sp|A0JY64|ATPB_ARTS2	1706307	0.0	59.368
sp|A5E950|ATPB1_BRASB	1706307	0.0	68.973
sp|Q17Y78|ATPB_HELAH	1706307	0.0	61.814
sp|Q62FR5|ATPB1_BURMA	1706307	0.0	63.090
sp|Q72E04|ATPB_DESVH	1706307	0.0	66.167
sp|Q2JX57|ATPB_SYNJA	1706307	0.0	61.653
sp|P22068|ATPB_SCHPO	1706307	0.0	73.561
sp|B3R7L5|ATPB_CUPTR	1706307	0.0	61.053
sp|Q0HD79|ATPB_SHESM	1706307	0.0	63.462
sp|Q3AZK5|ATPB_SYNS9	1706307	0.0	60.842
sp|Q11Y90|ATPB_CYTH3	1706307	0.0	61.089
sp|A4QJU0|ATPB_OLIPU	1706307	0.0	62.605
sp|A1UR49|ATPB_BARBK	1706307	0.0	67.296
sp|Q1KVT0|ATPB_TETOB	1706307	0.0	62.076
sp|Q6G1W9|ATPB_BARHE	1706307	0.0	69.068
sp|A3MQJ9|ATPB1_BURM7	1706307	0.0	63.090
sp|B8FZ34|ATPB_DESHD	1706307	0.0	65.180
sp|Q6MAK7|ATPB_PARUW	1706307	0.0	61.783
sp|P49647|ATPB_TRICV	1706307	0.0	61.146
sp|Q4FP38|ATPB_PELUB	1706307	0.0	70.701
sp|Q9BA86|ATPB_PHODC	1706307	0.0	62.473
sp|Q180W5|ATPB_PEPD6	1706307	0.0	66.882
sp|Q8MBQ2|ATPB_IPOWR	1706307	0.0	63.812
sp|A5WBW1|ATPB_PSYWF	1706307	0.0	61.359
sp|Q494C3|ATPB_BLOPB	1706307	0.0	63.147
sp|P06576|ATPB_HUMAN	1706307	0.0	72.187
sp|Q4FQ37|ATPB_PSYA2	1706307	0.0	61.635
sp|B3EJK9|ATPB_CHLPB	1706307	0.0	66.381
sp|B6EHG4|ATPB_ALISL	1706307	0.0	58.422
sp|A6TK65|ATPB_ALKMQ	1706307	0.0	66.164
sp|Q8EWY8|ATPB_MYCPE	1706307	0.0	61.017
sp|Q9MU30|ATPB_MYRFG	1706307	0.0	62.473
sp|A5EXL4|ATPB_DICNV	1706307	0.0	61.194
sp|O03067|ATPB_DICAN	1706307	0.0	59.701
sp|Q7H8M1|ATPB_IPOSE	1706307	0.0	63.812
sp|B7L882|ATPB_ECO55	1706307	0.0	63.966
sp|P00829|ATPB_BOVIN	1706307	0.0	72.187
sp|Q9MUT5|ATPB_MESVI	1706307	0.0	61.277
sp|P38482|ATPBM_CHLRE	1706307	0.0	68.936
sp|A1TJ41|ATPB_ACIAC	1706307	0.0	62.527
sp|A1U7H4|ATPB_MARHV	1706307	0.0	60.300
sp|Q601Z5|ATPB_MYCH2	1706307	0.0	61.111
sp|O50290|ATPB_RICPR	1706307	0.0	70.386
sp|B1IE34|ATPB_CLOBK	1706307	0.0	64.454
sp|Q8MBM3|ATPB_CONAR	1706307	0.0	63.383
sp|Q5LNP1|ATPB_RUEPO	1706307	0.0	69.851
sp|A2T340|ATPB_ANGEV	1706307	0.0	61.966
sp|Q9MTY2|ATPB_SARHE	1706307	0.0	62.473
sp|Q5KUJ3|ATPB_GEOKA	1706307	0.0	64.076
sp|Q9MRV8|ATPB_ARIMA	1706307	0.0	62.393
sp|Q9TL34|ATPB_NEPOL	1706307	0.0	61.996
sp|B8EDV0|ATPB_SHEB2	1706307	0.0	63.248
sp|Q5P4E2|ATPB_AROAE	1706307	0.0	61.571
sp|B8CVU5|ATPB_SHEPW	1706307	0.0	64.163
sp|A5GNB1|ATPB_SYNPW	1706307	0.0	60.632
sp|C3P1F4|ATPB_BACAA	1706307	0.0	62.712
sp|Q9K6H5|ATPB_BACHD	1706307	0.0	62.893
sp|Q2PMV0|ATPB_SOYBN	1706307	0.0	62.055
sp|A4YKE0|ATPB_BRASO	1706307	0.0	68.553
sp|Q9MS49|ATPB_BRANA	1706307	0.0	62.815
sp|Q3A605|ATPB1_PELCD	1706307	0.0	66.314
sp|Q2YLE6|ATPB_BRUA2	1706307	0.0	69.280
sp|Q0AJB0|ATPB1_NITEC	1706307	0.0	60.129
sp|Q5GRU7|ATPB_WOLTR	1706307	0.0	66.949
sp|A7N0Y1|ATPB1_VIBCB	1706307	0.0	58.849
sp|Q15SF7|ATPB1_PSEA6	1706307	1.96e-161	48.729
sp|B6I3W9|ATPB_ECOSE	1706307	0.0	63.966
sp|A2BT12|ATPB_PROMS	1706307	0.0	61.571
sp|Q03V29|ATPB_LEUMM	1706307	0.0	61.945
sp|A0RR26|ATPB_CAMFF	1706307	0.0	63.830
sp|P17614|ATPBM_NICPL	1706307	0.0	69.345
sp|A5WBA3|ATPB_PSEP1	1706307	0.0	63.519
sp|Q8KDL4|ATPB1_CHLTE	1706307	2.32e-152	46.983
sp|Q0P3P2|ATPB_OSTTA	1706307	0.0	61.053
sp|A1WF58|ATPB_VEREI	1706307	0.0	62.099
sp|Q0I5X3|ATPB_HAES1	1706307	0.0	61.194
sp|A7X4U3|ATPB_STAA1	1706307	0.0	60.421
sp|Q03234|ATPB_LACCA	1706307	0.0	62.900
sp|P05440|ATPB_RHOBL	1706307	0.0	70.488
sp|P23704|ATPB_NEUCR	1706307	0.0	72.747
sp|Q9BA85|ATPB_NYPFR	1706307	0.0	62.687
sp|P07890|ATPB_SYNP6	1706307	0.0	62.815
sp|P48081|ATPB_CYAPA	1706307	0.0	59.958
sp|Q6HAY0|ATPB_BACHK	1706307	0.0	62.712
sp|B8J439|ATPB_DESDA	1706307	0.0	65.319
sp|P0C2Z8|ATPB_ORYSI	1706307	0.0	63.034
sp|Q9KNH5|ATPB_VIBCH	1706307	0.0	58.849
sp|Q06FV3|ATPB_PELHO	1706307	0.0	61.715
sp|Q73IG3|ATPB_WOLPM	1706307	0.0	67.797
sp|A6T470|ATPB_JANMA	1706307	0.0	61.373
sp|Q4K3A9|ATPB_PSEF5	1706307	0.0	62.661
sp|A9L9A3|ATPB_LEMMI	1706307	0.0	63.113
sp|Q724W4|ATPB1_LISMF	1706307	1.12e-160	52.643
sp|Q98QU5|ATPB1_MYCPU	1706307	0.0	66.237
sp|Q3K441|ATPB_PSEPF	1706307	0.0	62.232
sp|Q05FY1|ATPB_CARRP	1706307	0.0	60.832
sp|B1A942|ATPB_CARPA	1706307	0.0	62.185
sp|Q0C9L8|CTVE_ASPTN	1706307	0.0	72.396
sp|A4QL26|ATPB_DRANE	1706307	0.0	63.025
sp|Q03235|ATPB_PECFR	1706307	0.0	64.211
sp|Q95AD6|ATPB_WHIBI	1706307	0.0	61.845
sp|A0AFR1|ATPB1_LISW6	1706307	3.23e-164	52.863
sp|C4ZZ10|ATPB_ECOBW	1706307	0.0	63.966
sp|Q04S18|ATPB_LEPBJ	1706307	0.0	64.103
sp|Q8F2J5|ATPB_LEPIN	1706307	0.0	64.103
sp|Q9MU81|ATPB_CARMI	1706307	0.0	62.260
sp|A5FZ54|ATPB_ACICJ	1706307	0.0	69.872
sp|A0LSL6|ATPB_ACIC1	1706307	0.0	60.248
sp|P00828|ATPB_HORVU	1706307	0.0	62.821
sp|Q2MI93|ATPB_SOLLC	1706307	0.0	62.185
sp|Q2STE9|ATPB1_BURTA	1706307	0.0	63.090
sp|B1LBB9|ATPB_THESQ	1706307	0.0	64.316
sp|A6MML4|ATPB_DIOEL	1706307	0.0	62.955
sp|B4SAN6|ATPB_PELPB	1706307	0.0	65.739
sp|P0ABB6|ATPB_ECO57	1706307	0.0	63.966
sp|P12986|ATPB_VIBAL	1706307	0.0	58.635
sp|B5YXD6|ATPB_ECO5E	1706307	0.0	63.966
sp|Q89X74|ATPB_BRADU	1706307	0.0	69.053
sp|B7NF48|ATPB_ECOLU	1706307	0.0	63.966
sp|A7ZC37|ATPB_CAMC1	1706307	0.0	63.617
sp|A4QLK1|ATPB_LOBMA	1706307	0.0	62.605
sp|A4QLB3|ATPB_LEPVR	1706307	0.0	62.292
sp|B1I6J7|ATPB_DESAP	1706307	0.0	62.500
sp|Q25117|ATPB_HEMPU	1706307	0.0	70.064
sp|Q1GQS5|ATPB_SPHAL	1706307	0.0	68.421
sp|P42467|ATPB_PEPNI	1706307	0.0	63.657
sp|Q9MRF3|ATPB_IDIAU	1706307	0.0	61.216
sp|Q2YUK1|ATPB_STAAB	1706307	0.0	60.421
sp|B9KES3|ATPB_CAMLR	1706307	0.0	64.135
sp|A6MVY0|ATPB_RHDSA	1706307	0.0	61.373
sp|Q1ACK1|ATPB_CHAVU	1706307	0.0	61.684
sp|A9WNC8|ATPB_RENSM	1706307	0.0	58.105
sp|A8GY40|ATPB_RICB8	1706307	0.0	70.726
sp|A0Q2Z4|ATPB_CLONN	1706307	0.0	65.598
sp|B2SEY1|ATPB_FRATM	1706307	0.0	62.473
sp|Q1AVH9|ATPB_RUBXD	1706307	0.0	60.254
sp|Q67TB7|ATPB_SYMTH	1706307	0.0	63.158
sp|Q1CX36|ATPB_MYXXD	1706307	0.0	64.557
sp|C1CF93|ATPB_STRZJ	1706307	0.0	64.331
sp|Q9LA80|ATPB_GEOTH	1706307	0.0	63.655
sp|A4XAW2|ATPB_SALTO	1706307	0.0	59.534
sp|A1K1S2|ATPB_AZOSB	1706307	0.0	60.722
sp|A8HAG3|ATPB_SHEPA	1706307	0.0	64.378
sp|A0ZZ42|ATPB_GOSBA	1706307	0.0	61.555
sp|Q7HHX1|ATPB_BALSE	1706307	0.0	62.687
sp|A1VFJ5|ATPB_DESVV	1706307	0.0	66.167
sp|Q2YCA3|ATPB1_NITMU	1706307	0.0	62.232
sp|Q85V28|ATPB_HYAOR	1706307	0.0	62.900
sp|O03085|ATPB_VANDA	1706307	0.0	62.047
sp|Q3BAN5|ATPB_PHAAO	1706307	0.0	61.895
sp|Q6QBP2|ATPB_CASSA	1706307	0.0	62.185
sp|B1JFU1|ATPB_PSEPW	1706307	0.0	62.446
sp|C1AMV4|ATPB_MYCBT	1706307	0.0	57.234
sp|A1KI98|ATPB_MYCBP	1706307	0.0	57.234
sp|A3M144|ATPB_ACIBT	1706307	0.0	61.571
sp|P00825|ATPB_SPIOL	1706307	0.0	62.185
sp|B1AIB8|ATPB_UREP2	1706307	0.0	61.441
sp|P19023|ATPBM_MAIZE	1706307	0.0	69.133
sp|C1F3N6|ATPB_ACIC5	1706307	0.0	63.425
sp|B0JFM7|ATPB_MICAN	1706307	0.0	61.895
sp|A4QKJ9|ATPB_CAPBU	1706307	0.0	62.605
sp|P45823|ATPB_MYCLE	1706307	0.0	57.325
sp|C3PLT1|ATPB_RICAE	1706307	0.0	70.299
sp|Q4A604|ATPB_MYCS5	1706307	0.0	62.203
sp|Q8MBK3|ATPB_CRETR	1706307	0.0	63.169
sp|Q2RZV3|ATPB_SALRD	1706307	0.0	57.114
sp|B4TAX2|ATPB_SALHS	1706307	0.0	63.966
sp|C0Q2N2|ATPB_SALPC	1706307	0.0	63.966
sp|Q33C27|ATPB_NICTO	1706307	0.0	62.134
sp|Q72XE8|ATPB_BACC1	1706307	0.0	63.270
sp|B7HFK1|ATPB_BACC4	1706307	0.0	62.845
sp|Q8MBG3|ATPB_CUSGR	1706307	0.0	62.821
sp|Q7MGI0|ATPB_VIBVY	1706307	0.0	59.275
sp|P07137|ATPB_IPOBA	1706307	0.0	63.597
sp|B7H294|ATPB_ACIB3	1706307	0.0	61.571
sp|A8SEB0|ATPB_CERDE	1706307	0.0	62.791
sp|P35110|ATPB_CHLLI	1706307	0.0	65.525
sp|Q1RKD7|ATPB_RICBR	1706307	0.0	70.940
sp|A4VVJ9|ATPB_STRSY	1706307	0.0	64.119
sp|Q8DP44|ATPB_STRR6	1706307	0.0	64.119
sp|A9KBF7|ATPB_COXBN	1706307	0.0	63.675
sp|Q74GY0|ATPB_GEOSL	1706307	0.0	67.797
sp|Q9TM41|ATPB_CYACA	1706307	0.0	61.915
sp|B7HY64|ATPB_BACC7	1706307	0.0	63.270
sp|Q9PTY0|ATPB_CYPCA	1706307	0.0	73.036
sp|Q0BQE8|ATPB_GRABC	1706307	0.0	69.296
sp|O78491|ATPB_GUITH	1706307	0.0	61.884
sp|A6L4L7|ATPB_BACV8	1706307	0.0	60.119
sp|A8FIB2|ATPB_BACP2	1706307	0.0	61.795
sp|A9VSA3|ATPB_BACWK	1706307	0.0	62.500
sp|Q3Z8Z2|ATPB_DEHM1	1706307	0.0	58.244
sp|A5ILX2|ATPB_THEP1	1706307	0.0	64.316
sp|Q85V24|ATPB_BARJA	1706307	0.0	62.687
sp|C6DJH2|ATPB_PECCP	1706307	0.0	63.539
sp|A1WZT1|ATPB_HALHL	1706307	0.0	63.113
sp|Q6AG58|ATPB_LEIXX	1706307	0.0	58.159
sp|Q9MU41|ATPB_MAGTR	1706307	0.0	62.473
sp|Q2RV18|ATPB_RHORT	1706307	0.0	68.432
sp|Q0A4M8|ATPB_ALKEH	1706307	0.0	63.090
sp|A4T8K2|ATPB_MYCGI	1706307	0.0	57.021
sp|B5XKQ1|ATPB_STRPZ	1706307	0.0	63.907
sp|A8Z6C7|ATPB_SULMW	1706307	0.0	57.787
sp|Q8FQ20|ATPB_COREF	1706307	0.0	59.275
sp|A4QLU0|ATPB_NASOF	1706307	0.0	62.815
sp|Q8RGE2|ATPB_FUSNN	1706307	0.0	67.521
sp|Q9JXQ2|ATPB_NEIMB	1706307	0.0	61.996
sp|B8DRD2|ATPB_DESVM	1706307	0.0	66.167
sp|A8LN39|ATPB1_DINSH	1706307	6.17e-153	49.028
sp|A5V3X5|ATPB_SPHWW	1706307	0.0	68.134
sp|P85446|ATPB_PENGL	1706307	8.60e-10	27.184
sp|P85446|ATPB_PENGL	1706307	7.38e-07	44.118
sp|Q0QEP2|ATPB_MESAU	1706307	0.0	72.452
sp|Q19V65|ATPB_CHLAT	1706307	0.0	62.500
sp|B9LBM0|ATPB_CHLSY	1706307	0.0	58.798
sp|A8GPZ4|ATPB_RICAH	1706307	0.0	70.815
sp|Q8XID4|ATPB_CLOPE	1706307	0.0	65.957
sp|Q09FV4|ATPB_NANDO	1706307	0.0	62.821
sp|A4W1V7|ATPB_STRS2	1706307	0.0	64.119
sp|B9DRT6|ATPB_STRU0	1706307	0.0	63.270
sp|Q5M5J1|ATPB_STRT2	1706307	0.0	64.681
sp|B7GMF3|ATPB_ANOFW	1706307	0.0	63.158
sp|A7MMW9|ATPB_CROS8	1706307	0.0	63.966
sp|P19366|ATPB_ARATH	1706307	0.0	62.395
sp|Q08807|ATPB_GALSU	1706307	0.0	64.668
sp|A8W3J1|ATPB_CUSOB	1706307	0.0	62.420
sp|Q6A8C7|ATPB_CUTAK	1706307	0.0	57.505
sp|Q10Z38|ATPB_TRIEI	1706307	0.0	63.347
sp|Q5HE97|ATPB_STAAC	1706307	0.0	60.421
sp|Q2VZN2|ATPB_MAGSA	1706307	0.0	69.895
sp|Q01859|ATPBM_ORYSJ	1706307	0.0	69.133
sp|Q07233|ATPB_SCHGA	1706307	1.16e-87	79.874
sp|A6BM09|ATPB_GNEPA	1706307	0.0	61.935
sp|A0M791|ATPB_GRAFK	1706307	0.0	59.514
sp|Q2MII0|ATPB_SOLBU	1706307	0.0	61.975
sp|P42466|ATPB_HERAU	1706307	0.0	58.495
sp|Q55CS9|ATPB_DICDI	1706307	0.0	63.327
sp|B7GTZ3|ATPB_BIFLS	1706307	0.0	56.341
sp|A9M837|ATPB_BRUC2	1706307	0.0	69.492
sp|Q72SX9|ATPB_LEPIC	1706307	0.0	64.103
sp|A6VF32|ATPB_PSEA7	1706307	0.0	62.876
sp|A8Y9H7|ATPB_LOLPR	1706307	0.0	63.034
sp|Q4UK18|ATPB_RICFE	1706307	0.0	71.459
sp|B8ZLA9|ATPB_STRPJ	1706307	0.0	64.119
sp|B5RFW3|ATPB_SALG2	1706307	0.0	63.966
sp|P69370|ATPB_NICPL	1706307	0.0	61.975
sp|Q5Z0Y1|ATPB_NOCFA	1706307	0.0	59.574
sp|Q5LD89|ATPB_BACFN	1706307	0.0	59.800
sp|O03068|ATPB_DENPU	1706307	0.0	59.110
sp|B0UWG5|ATPB_HISS2	1706307	0.0	61.194
sp|Q2VEH0|ATPB_SOLTU	1706307	0.0	61.975
sp|Q8YAM6|ATPB1_LISMO	1706307	8.99e-161	52.643
sp|Q0AKW0|ATPB_MARMM	1706307	0.0	67.017
sp|A0QCX8|ATPB_MYCA1	1706307	0.0	57.447
sp|A1VXJ0|ATPB_CAMJJ	1706307	0.0	64.544
sp|P06284|ATPB_MARPO	1706307	0.0	62.047
sp|Q8G7B3|ATPB_BIFLO	1706307	0.0	56.133
sp|A6QIU7|ATPB_STAAE	1706307	0.0	60.421
sp|Q0TAX7|ATPB_ECOL5	1706307	0.0	63.966
sp|Q7VU44|ATPB_BORPE	1706307	0.0	62.420
sp|Q223D6|ATPB1_RHOFT	1706307	0.0	62.661
sp|P41622|ATPB_PINTH	1706307	0.0	61.620
sp|A6W7G9|ATPB_KINRD	1706307	0.0	57.233
sp|B3CN17|ATPB_WOLPP	1706307	0.0	67.797
sp|Q6GEX2|ATPB_STAAR	1706307	0.0	60.421
sp|Q6LKZ6|ATPB2_PHOPR	1706307	0.0	60.256
sp|Q663Q8|ATPB_YERPS	1706307	0.0	63.113
sp|A3MAR7|ATPB2_BURM7	1706307	1.41e-156	48.276
sp|Q5X0P3|ATPB_LEGPA	1706307	0.0	63.326
sp|B0TWS7|ATPB_FRAP2	1706307	0.0	62.260
sp|Q02DF4|ATPB_PSEAB	1706307	0.0	62.876
sp|P43395|ATPBM_ACTDE	1706307	5.08e-82	67.442
sp|A7N6Q5|ATPB2_VIBCB	1706307	0.0	60.426
sp|Q1I2I7|ATPB_PSEE4	1706307	0.0	62.876
sp|Q04ZU5|ATPB_LEPBL	1706307	0.0	64.103
sp|B0VNK4|ATPB_ACIBS	1706307	0.0	61.571
sp|Q9TKI7|ATPB_MEDSA	1706307	0.0	63.347
sp|Q3IK50|ATPB_PSEHT	1706307	0.0	60.638
sp|Q5PAN2|ATPB_ANAMM	1706307	0.0	64.255
sp|A0PUK0|ATPB_MYCUA	1706307	0.0	57.660
sp|Q5PKX2|ATPB_SALPA	1706307	0.0	63.966
sp|Q30QQ1|ATPB_SULDN	1706307	0.0	63.482
sp|Q8XGX4|ATPB_SALTI	1706307	0.0	63.966
sp|Q31KS4|ATPB_SYNE7	1706307	0.0	62.815
sp|A4QK25|ATPB_ARAHI	1706307	0.0	62.815
sp|A1B8P0|ATPB_PARDP	1706307	0.0	70.276
sp|Q6FYM3|ATPB_BARQU	1706307	0.0	68.644
sp|Q9TMV0|ATPB_BEARE	1706307	0.0	62.368
sp|Q9MRM0|ATPB_CANWI	1706307	0.0	62.687
sp|A4QJK6|ATPB_AETGR	1706307	0.0	62.815
sp|A4Y187|ATPB_PSEMY	1706307	0.0	61.803
sp|Q11DD5|ATPB_CHESB	1706307	0.0	69.556
sp|P10719|ATPB_RAT	1706307	0.0	72.281
sp|B3QUP6|ATPB_CHLT3	1706307	0.0	65.598
sp|Q09MH1|ATPB_CITSI	1706307	0.0	61.411
sp|C1AVZ9|ATPB_RHOOB	1706307	0.0	59.158
sp|Q92LK8|ATPB_RHIME	1706307	0.0	69.492
sp|P0DA05|ATPB_STRPQ	1706307	0.0	63.907
sp|A4IW24|ATPB_FRATW	1706307	0.0	62.473
sp|P9WPU5|ATPB_MYCTU	1706307	0.0	57.234
sp|B5QUS4|ATPB_SALEP	1706307	0.0	63.966
sp|B1VFY7|ATPB_CORU7	1706307	0.0	58.974
sp|Q03LX3|ATPB_STRTD	1706307	0.0	64.544
sp|A9NBD0|ATPB_COXBR	1706307	0.0	63.889
sp|Q7HHY4|ATPB_SALZA	1706307	0.0	62.687
sp|B2IUL2|ATPB_NOSP7	1706307	0.0	63.559
sp|P12085|ATPB_ORYSJ	1706307	0.0	63.034
sp|Q4PLI6|ATPB_BETVU	1706307	0.0	61.555
sp|B5Z8D0|ATPB_HELPG	1706307	0.0	62.236
sp|Q8MBQ1|ATPB_IPOAQ	1706307	0.0	63.812
sp|P99112|ATPB_STAAN	1706307	0.0	60.421
sp|Q5QZI6|ATPB_IDILO	1706307	0.0	61.670
sp|A1ALL7|ATPB1_PELPD	1706307	0.0	68.432
sp|Q39ZU1|ATPB3_PELCD	1706307	0.0	66.102
sp|Q09X10|ATPB_MORIN	1706307	0.0	63.113
sp|Q88BX4|ATPB_PSEPK	1706307	0.0	63.519
sp|B4RS81|ATPB_ALTMD	1706307	0.0	61.588
sp|P05038|ATPB_RHORU	1706307	0.0	68.432
sp|A8MJV9|ATPB_ALKOO	1706307	0.0	67.527
sp|A3Q3B1|ATPB_MYCSJ	1706307	0.0	56.900
sp|A6WXX1|ATPB_OCHA4	1706307	0.0	68.644
sp|A4YCH8|ATPB_SHEPC	1706307	0.0	63.248
sp|Q3ZZT7|ATPB_DEHMC	1706307	0.0	58.030
sp|B3DTV0|ATPB_BIFLD	1706307	0.0	56.133
sp|Q83HY0|ATPB_TROW8	1706307	0.0	58.017
sp|P0ABB4|ATPB_ECOLI	1706307	0.0	63.966
sp|Q06RC2|ATPB_JASNU	1706307	0.0	61.845
sp|A6U3I8|ATPB_STAA2	1706307	0.0	60.421
sp|C0Z776|ATPB_BREBN	1706307	0.0	64.346
sp|A5IUP8|ATPB_STAA9	1706307	0.0	60.421
sp|B1IX06|ATPB_ECOLC	1706307	0.0	63.966
sp|A3PIB9|ATPB1_RHOS1	1706307	0.0	70.913
sp|A5VSE1|ATPB_BRUO2	1706307	0.0	69.492
sp|Q7V049|ATPB_PROMP	1706307	0.0	61.571
sp|Q1JCL3|ATPB_STRPB	1706307	0.0	63.907
sp|O03079|ATPB_PTEAQ	1706307	0.0	59.488
sp|A0LDA0|ATPB_MAGMM	1706307	0.0	67.161
sp|A2SC70|ATPB_METPP	1706307	0.0	61.456
sp|Q0SGP9|ATPB_RHOJR	1706307	0.0	59.574
sp|Q2J3I4|ATPB_RHOP2	1706307	0.0	69.556
sp|P33253|ATPB_MYCGA	1706307	0.0	63.830
sp|Q4A8V9|ATPB_MYCH7	1706307	0.0	61.111
sp|A8M2J3|ATPB_SALAI	1706307	0.0	59.746
sp|A3CM14|ATPB_STRSV	1706307	0.0	65.180
sp|O03063|ATPB_ASPND	1706307	1.37e-137	67.845
sp|B0TQF4|ATPB_SHEHH	1706307	0.0	64.163
sp|B6YQC5|ATPB_AZOPC	1706307	0.0	57.114
sp|O98766|ATPB_ASACA	1706307	0.0	62.260
sp|Q2G5N5|ATPB_NOVAD	1706307	0.0	67.789
sp|Q814W2|ATPB_BACCR	1706307	0.0	62.845
sp|Q630U3|ATPB_BACCZ	1706307	0.0	62.712
sp|A5GV55|ATPB_SYNR3	1706307	0.0	61.359
sp|Q04G20|ATPB_OENOB	1706307	0.0	62.607
sp|Q6ENG7|ATPB_ORYNI	1706307	0.0	63.034
sp|A6LJR1|ATPB_THEM4	1706307	0.0	62.979
sp|A4QKB2|ATPB_BARVE	1706307	0.0	62.605
sp|Q92FG8|ATPB1_LISIN	1706307	1.37e-164	52.967
sp|Q05825|ATPB_DROME	1706307	0.0	71.550
sp|P63679|ATPB_STAAM	1706307	0.0	60.421
sp|A7H1I1|ATPB_CAMJD	1706307	0.0	64.756
sp|B9MBA3|ATPB_ACIET	1706307	0.0	62.741
sp|Q2ST34|ATPB_MYCCT	1706307	0.0	64.147
sp|P62626|ATPB_AEGCO	1706307	0.0	62.821
sp|A4QJC2|ATPB_AETCO	1706307	0.0	62.815
sp|C1FQP5|ATPB_CLOBJ	1706307	0.0	64.454
sp|Q13DP2|ATPB_RHOPS	1706307	0.0	69.767
sp|Q9TMQ4|ATPB_ALBBR	1706307	0.0	62.687
sp|B1ICS9|ATPB_STRPI	1706307	0.0	64.119
sp|Q1J7F9|ATPB_STRPF	1706307	0.0	63.907
sp|A5UQN3|ATPB_ROSS1	1706307	0.0	58.065
sp|Q1B553|ATPB_MYCSS	1706307	0.0	56.900
sp|Q6EW72|ATPB_NYMAL	1706307	0.0	62.821
sp|B7KGV4|ATPB_CYAP7	1706307	0.0	62.869
sp|Q3AHM2|ATPB_SYNSC	1706307	0.0	61.053
sp|A0RL95|ATPB_BACAH	1706307	0.0	62.712
sp|Q2L917|ATPB_GOSHI	1706307	0.0	61.765
sp|P26527|ATPB_SYNY3	1706307	0.0	63.136
sp|B8HP55|ATPB_CYAP4	1706307	0.0	59.874
sp|P25075|ATPB_BACFI	1706307	0.0	61.146
sp|Q477Z1|ATPB_DECAR	1706307	0.0	60.169
sp|O50550|ATPB_THEMA	1706307	0.0	64.316
sp|P43715|ATPB_HAEIN	1706307	0.0	61.834
sp|P55988|ATPB_HELPY	1706307	0.0	62.236
sp|Q6MGM7|ATPB_BDEBA	1706307	0.0	63.502
sp|O03075|ATPB_MICSZ	1706307	0.0	59.560
sp|B3EDQ7|ATPB_CHLL2	1706307	0.0	65.880
sp|A8ACN6|ATPB_CITK8	1706307	0.0	63.966
sp|A6LQH6|ATPB_CLOB8	1706307	0.0	65.245
sp|Q0VKX4|ATPB_ALCBS	1706307	0.0	60.470
sp|A7G9Q9|ATPB_CLOBL	1706307	0.0	64.454
sp|Q4AAV7|ATPB_MYCHJ	1706307	0.0	61.111
sp|Q70XZ6|ATPB_AMBTC	1706307	0.0	62.473
sp|B8I579|ATPB_CLOCE	1706307	0.0	62.741
sp|A7NIQ9|ATPB_ROSCS	1706307	0.0	58.280
sp|A1UJY4|ATPB_MYCSK	1706307	0.0	56.900
sp|A1TD55|ATPB_MYCVP	1706307	0.0	57.569
sp|A0A342|ATPB_COFAR	1706307	0.0	62.687
sp|Q3MAS0|ATPB_ANAVT	1706307	0.0	62.500
sp|B3EA01|ATPB_GEOLS	1706307	0.0	68.710
sp|Q4JUK0|ATPB_CORJK	1706307	0.0	58.898
sp|B4SYD1|ATPB_SALNS	1706307	0.0	63.966
sp|A6Q4C0|ATPB_NITSB	1706307	0.0	64.831
sp|Q9MTX9|ATPB_SCHSP	1706307	0.0	61.834
sp|B0Z4L0|ATPB_OENAR	1706307	0.0	62.055
sp|Q31UN2|ATPB_SHIBS	1706307	0.0	63.966
sp|Q8A9V4|ATPB_BACTN	1706307	0.0	60.321
sp|Q7VPP0|ATPB_HAEDU	1706307	0.0	61.620
sp|B9K7U1|ATPB_THENN	1706307	0.0	64.103
sp|A6UDM1|ATPB_SINMW	1706307	0.0	69.280
sp|A3NF40|ATPB1_BURP6	1706307	0.0	63.090
sp|C4LDW0|ATPB_TOLAT	1706307	0.0	62.607
sp|O03070|ATPB_HYPHO	1706307	3.88e-93	65.854
sp|B5ZAW1|ATPB_UREU1	1706307	0.0	61.505
sp|A6VWP9|ATPB1_MARMS	1706307	1.99e-156	47.357
sp|B0VBP3|ATPB_ACIBY	1706307	0.0	61.571
sp|A9WGS4|ATPB_CHLAA	1706307	0.0	58.798
sp|P32978|ATPB_CHLVU	1706307	0.0	62.288
sp|Q162S9|ATPB_ROSDO	1706307	0.0	70.339
sp|B9L7Y7|ATPB_NAUPA	1706307	0.0	65.474
sp|C1CSC8|ATPB_STRZT	1706307	0.0	64.119
sp|Q5M104|ATPB_STRT1	1706307	0.0	64.544
sp|A1KW11|ATPB_NEIMF	1706307	0.0	62.208
sp|B9LZ84|ATPB_GEODF	1706307	0.0	68.499
sp|Q85V31|ATPB_SCIME	1706307	0.0	62.687
sp|A0LLF8|ATPB_SYNFM	1706307	0.0	63.158
sp|P42006|ATPB_GEOSE	1706307	0.0	63.368
sp|P26531|ATPB_NICSP	1706307	0.0	61.925
sp|B1KQ34|ATPB_SHEWM	1706307	0.0	63.734
sp|Q40612|ATPB_OCHNE	1706307	0.0	61.325
sp|Q0HPG1|ATPB_SHESR	1706307	0.0	63.462
sp|Q65DX4|ATPB_BACLD	1706307	0.0	62.213
sp|Q3YVN6|ATPB_SHISS	1706307	0.0	63.966
sp|Q2NQ86|ATPB_SODGM	1706307	0.0	62.900
sp|Q47M82|ATPB_THEFY	1706307	0.0	59.660
sp|A4J999|ATPB_DESRM	1706307	0.0	63.235
sp|Q3ZJ68|ATPB_TUPAK	1706307	0.0	62.500
sp|Q9CKW1|ATPB_PASMU	1706307	0.0	60.768
sp|A7HT52|ATPB_PARL1	1706307	0.0	68.344
sp|Q85V57|ATPB_BOWVO	1706307	0.0	62.900
sp|A1AHR4|ATPB_ECOK1	1706307	0.0	63.966
sp|Q13XV3|ATPB1_PARXL	1706307	9.98e-156	49.367
sp|P0ABB5|ATPB_ECOL6	1706307	0.0	63.966
sp|Q13IW3|ATPB3_PARXL	1706307	1.20e-159	48.414
sp|A7H017|ATPB_CAMC5	1706307	0.0	63.617
sp|B0KRA8|ATPB_PSEPG	1706307	0.0	63.519
sp|P85088|ATPBM_VITSX	1706307	3.57e-16	57.576
sp|A4STP3|ATPB_AERS4	1706307	0.0	61.538
sp|Q1XDM8|ATPB_PYRYE	1706307	0.0	63.597
sp|A5CQ60|ATPB_CLAM3	1706307	0.0	58.071
sp|Q07UZ5|ATPB_RHOP5	1706307	0.0	70.276
sp|B5FCZ1|ATPB_ALIFM	1706307	0.0	59.275
sp|P72247|ATPB_RHOCA	1706307	0.0	71.092
sp|Q1JHN5|ATPB_STRPD	1706307	0.0	63.907
sp|Q6KI82|ATPB_MYCMO	1706307	0.0	62.338
sp|B3EST8|ATPB_AMOA5	1706307	0.0	62.097
sp|A8F004|ATPB_RICCK	1706307	0.0	69.872
sp|Q0TNC4|ATPB_CLOP1	1706307	0.0	65.957
sp|P9WPU4|ATPB_MYCTO	1706307	0.0	57.234
sp|A1AXU2|ATPB_RUTMC	1706307	0.0	63.341
sp|Q5F4Z0|ATPB_NEIG1	1706307	0.0	62.208
sp|Q39Q56|ATPB_GEOMG	1706307	0.0	67.585
sp|A4QKT8|ATPB_CRUWA	1706307	0.0	62.605
sp|C6E9F1|ATPB_GEOSM	1706307	0.0	68.432
sp|Q8EM83|ATPB_OCEIH	1706307	0.0	62.876
sp|B9IRT7|ATPB_BACCQ	1706307	0.0	63.270
sp|B0Z5B2|ATPB_OENPA	1706307	0.0	62.055
sp|Q0AUD3|ATPB_SYNWW	1706307	0.0	60.000
sp|A0T0R6|ATPB_THAPS	1706307	0.0	61.028
sp|B8F774|ATPB_HAEPS	1706307	0.0	60.341
sp|A4GAG9|ATPB_HERAR	1706307	0.0	61.588
sp|Q9MRR9|ATPB_BRASC	1706307	0.0	62.393
sp|Q9PR15|ATPB_UREPA	1706307	0.0	61.441
sp|Q24751|ATPB_DROVI	1706307	2.80e-90	72.021
sp|B7NR34|ATPB_ECO7I	1706307	0.0	63.966
sp|A6VL57|ATPB_ACTSZ	1706307	0.0	61.834
sp|Q65Q07|ATPB_MANSM	1706307	0.0	62.047
sp|Q87TT4|ATPB_PSESM	1706307	0.0	62.661
sp|C0R5I6|ATPB_WOLWR	1706307	0.0	67.797
sp|Q9MTG8|ATPB_RAPSA	1706307	0.0	62.395
sp|Q1MAZ2|ATPB_RHIL3	1706307	0.0	68.803
sp|A5HY52|ATPB_CLOBH	1706307	0.0	64.454
sp|A5N3H7|ATPB_CLOK5	1706307	0.0	65.106
sp|Q7HHX4|ATPB_ROYRE	1706307	0.0	62.687
sp|Q6MS94|ATPB_MYCMS	1706307	0.0	63.734
sp|C4LJL4|ATPB_CORK4	1706307	0.0	60.173
sp|Q3C1J5|ATPB_NICSY	1706307	0.0	62.185
sp|A5G9D8|ATPB_GEOUR	1706307	0.0	67.019
sp|B5BIN6|ATPB_SALPK	1706307	0.0	63.966
sp|Q8S8W8|ATPB_ATRBE	1706307	0.0	61.635
sp|Q8MBG0|ATPB_CUSJA	1706307	0.0	63.305
sp|Q2JIV9|ATPB_SYNJB	1706307	0.0	61.864
sp|P30399|ATPB_CUSRE	1706307	0.0	63.090
sp|A3QJR0|ATPB_SHELP	1706307	0.0	63.734
sp|P13356|ATPB_BACFR	1706307	0.0	59.800
sp|Q02BU1|ATPB_SOLUE	1706307	0.0	62.762
sp|Q2KU36|ATPB_BORA1	1706307	0.0	62.633
sp|Q85X24|ATPB_PINKO	1706307	0.0	60.970
sp|A5EBX1|ATPB2_BRASB	1706307	3.60e-154	48.333
sp|A1SS55|ATPB1_PSYIN	1706307	1.03e-148	47.174
sp|B5XZM4|ATPB_KLEP3	1706307	0.0	63.966
sp|Q15MU4|ATPB2_PSEA6	1706307	0.0	62.099
sp|Q9HT20|ATPB_PSEAE	1706307	0.0	62.876
sp|Q7HHY7|ATPB_LICGR	1706307	0.0	62.687
sp|C3K1E6|ATPB_PSEFS	1706307	0.0	63.090
sp|B1MW85|ATPB_LEUCK	1706307	0.0	61.945
sp|Q60CR4|ATPB_METCA	1706307	0.0	63.383
