sp|A6MMT1|ATPH_ILLOL	1626982	3.64e-06	44.444
sp|P62481|ATPH_MARPO	1626982	5.90e-06	42.857
sp|A2C4J9|ATPL_PROM1	1626982	2.79e-05	39.683
sp|A6YG66|ATPH_PLETE	1626982	3.03e-05	41.270
sp|Q85FN2|ATPH_ADICA	1626982	3.64e-06	44.444
sp|A9QC36|ATPH_TRACE	1626982	5.90e-06	42.857
sp|A0ZZ22|ATPH_GOSBA	1626982	2.19e-06	44.444
sp|P12409|ATPL_NOSS1	1626982	2.05e-05	40.625
sp|B2XTP2|ATPH_HETA4	1626982	2.34e-06	44.444
sp|A1E9I6|ATPH_HORVU	1626982	4.07e-06	44.444
sp|A4QL93|ATPH_LEPVR	1626982	3.64e-06	44.444
sp|B1NWD7|ATPH_MANES	1626982	3.64e-06	44.444
sp|B0Z4W4|ATPH_OENBI	1626982	5.90e-06	42.857
sp|A8G6V5|ATPL_PROM2	1626982	4.41e-05	39.683
sp|Q6ENH9|ATPH_ORYNI	1626982	4.07e-06	44.444
sp|Q7V033|ATPL_PROMP	1626982	4.41e-05	39.683
sp|Q06SG3|ATPH_STIHE	1626982	1.59e-05	42.857
sp|Q3A941|ATPL_CARHZ	1626982	4.20e-04	31.169
sp|B2J054|ATPL_NOSP7	1626982	6.37e-05	37.500
sp|Q5SCX4|ATPH_HUPLU	1626982	2.81e-06	44.444
sp|Q0G9N2|ATPH_LIRTU	1626982	3.64e-06	44.444
sp|Q20EV7|ATPH_OLTVI	1626982	1.43e-05	42.857
sp|A2C6X1|ATPL_PROM3	1626982	3.57e-05	39.683
sp|A6MMA9|ATPH_CHLSC	1626982	3.64e-06	44.444
sp|Q9TM30|ATPH_CYACA	1626982	2.20e-05	42.857
sp|A2BT29|ATPL_PROMS	1626982	4.41e-05	39.683
sp|Q14FH0|ATPH_POPAL	1626982	3.64e-06	44.444
sp|Q3V547|ATPH_ACOCL	1626982	3.64e-06	44.444
sp|A7M953|ATPH_CUSRE	1626982	3.64e-06	44.444
sp|Q0G9X5|ATPH_DAUCA	1626982	3.64e-06	44.444
sp|Q05366|ATPL_SYNP1	1626982	1.07e-05	39.062
sp|Q09FX4|ATPH_NANDO	1626982	3.64e-06	44.444
sp|A4QLS0|ATPH_NASOF	1626982	3.64e-06	44.444
sp|Q3C1H2|ATPH_NICSY	1626982	3.64e-06	44.444
sp|Q6EW61|ATPH_NYMAL	1626982	3.64e-06	44.444
sp|P62480|ATPH_OENEH	1626982	5.90e-06	42.857
sp|Q68S19|ATPH_PANGI	1626982	3.64e-06	44.444
sp|Q318T7|ATPL_PROM9	1626982	4.41e-05	39.683
sp|Q4FGE9|ATPH_RANMC	1626982	3.64e-06	44.444
sp|Q70Y12|ATPH_AMBTC	1626982	3.64e-06	44.444
sp|Q09MJ1|ATPH_CITSI	1626982	3.64e-06	44.444
sp|A7Y3A9|ATPH_IPOPU	1626982	4.20e-06	44.444
sp|Q06RE4|ATPH_JASNU	1626982	3.64e-06	44.444
sp|P69194|ATPH_LOTJA	1626982	3.42e-06	44.444
sp|Q09X30|ATPH_MORIN	1626982	3.64e-06	44.444
sp|B0Z548|ATPH_OENGL	1626982	5.90e-06	42.857
sp|B0Z4N0|ATPH_OENAR	1626982	5.90e-06	42.857
sp|A0T0E7|ATPH_PHATC	1626982	1.67e-05	41.935
sp|A4QJA2|ATPH_AETCO	1626982	3.64e-06	44.444
sp|Q49L11|ATPH_EUCGG	1626982	3.64e-06	44.444
sp|B2XT86|ATPH_HETA2	1626982	2.34e-06	44.444
sp|Q56P08|ATPH_LACSA	1626982	3.64e-06	44.444
sp|A9L983|ATPH_LEMMI	1626982	3.64e-06	44.444
sp|A8Y9G5|ATPH_LOLPR	1626982	4.07e-06	44.444
sp|A4QLI1|ATPH_LOBMA	1626982	3.64e-06	44.444
sp|P69449|ATPH_MAIZE	1626982	4.07e-06	44.444
sp|Q9MUT0|ATPH_MESVI	1626982	3.53e-05	40.625
sp|Q9TL14|ATPH_NEPOL	1626982	2.52e-05	42.857
sp|P0C300|ATPH_ORYSI	1626982	4.07e-06	44.444
sp|Q06FX4|ATPH_PELHO	1626982	5.90e-06	42.857
sp|Q7GUD2|ATPH_PINKO	1626982	1.11e-06	46.032
sp|Q06GS3|ATPH_PIPCE	1626982	5.90e-06	42.857
sp|A6MVW8|ATPH_RHDSA	1626982	3.12e-06	42.857
sp|Q2MIK0|ATPH_SOLBU	1626982	4.07e-06	44.444
sp|P56760|ATPH_ARATH	1626982	3.56e-06	44.444
sp|A4QKR8|ATPH_CRUWA	1626982	3.56e-06	44.444
sp|B1XHZ2|ATPL_SYNP2	1626982	4.60e-05	39.683
sp|Q33C51|ATPH_NICTO	1626982	3.64e-06	44.444
sp|B0Z5D2|ATPH_OENPA	1626982	5.90e-06	42.857
sp|P0C301|ATPH_ORYSJ	1626982	4.07e-06	44.444
sp|Q46J53|ATPL_PROMT	1626982	2.79e-05	39.683
sp|A9NGW7|ATPL_ACHLI	1626982	7.88e-04	32.500
sp|Q6L3A2|ATPH_SACHY	1626982	4.07e-06	44.444
sp|A0T0P0|ATPH_THAPS	1626982	1.17e-05	41.270
sp|P69447|ATPH_SPIOL	1626982	4.07e-06	44.444
sp|P61172|ATPH_ANTAG	1626982	3.64e-06	44.444
sp|Q112Z2|ATPL_TRIEI	1626982	2.60e-04	38.095
sp|Q7VA59|ATPL_PROMA	1626982	2.79e-05	39.683
sp|Q00824|ATPH_TRICV	1626982	1.95e-05	41.270
sp|Q0ZJ33|ATPH_VITVI	1626982	3.64e-06	44.444
sp|A4QKH9|ATPH_CAPBU	1626982	3.56e-06	44.444
sp|A0A322|ATPH_COFAR	1626982	3.64e-06	44.444
sp|Q8RU61|ATPH_ATRBE	1626982	3.91e-06	44.444
sp|Q2JIF6|ATPL_SYNJB	1626982	1.30e-04	35.211
sp|P27182|ATPL_SYNY3	1626982	1.84e-04	38.095
sp|Q32RK9|ATPH_ZYGCR	1626982	3.68e-06	44.444
sp|Q06H10|ATPH_DRIGR	1626982	3.64e-06	44.444
sp|Q2JSV7|ATPL_SYNJA	1626982	1.30e-04	35.211
sp|Q0I7Q8|ATPL_SYNS3	1626982	1.39e-06	42.857
sp|Q9UXU5|VATC_PYRAB	1080372	1.45e-04	20.468
sp|C5A334|VATC_THEGJ	1276260	3.13e-04	22.701
sp|P08445|ATPL_SYNP6	1626982	8.46e-06	39.437
sp|Q3AHK1|ATPL_SYNSC	1626982	2.25e-06	42.857
sp|Q1KVY0|ATPH_TETOB	1626982	9.90e-05	39.683
sp|Q2VEI9|ATPH_SOLTU	1626982	5.90e-06	42.857
sp|P28530|ATPH_DIALT	1626982	6.85e-06	42.857
sp|Q3Z8Z7|ATPL_DEHM1	1626982	2.23e-04	28.125
sp|Q7NCR9|ATPL_GLOVI	1626982	3.42e-04	36.508
sp|Q6AQ28|ATPL_DESPS	1626982	4.79e-09	48.529
sp|B8HPJ7|ATPL_CYAP4	1626982	3.87e-05	37.500
sp|Q31RF5|ATPL_SYNE7	1626982	8.46e-06	39.437
sp|Q85FR2|ATPH_CYAM1	1626982	2.01e-05	42.857
sp|P10603|ATPH_EUGGR	1626982	4.45e-04	36.667
sp|B7KKR8|ATPL_CYAP7	1626982	8.06e-05	38.095
sp|A2T319|ATPH_ANGEV	1626982	2.00e-06	43.750
sp|A1EA03|ATPH_AGRST	1626982	4.07e-06	44.444
sp|Q2L8Z2|ATPH_GOSHI	1626982	3.64e-06	44.444
sp|P51246|ATPH_PORPU	1626982	2.85e-05	42.857
sp|A7M8Z1|ATPH_CUSGR	1626982	1.70e-05	41.270
sp|B5LMM9|ATPH_CICAR	1626982	4.52e-06	42.857
sp|A6BM12|ATPH_GNEPA	1626982	9.88e-06	42.857
sp|P35013|ATPH_GALSU	1626982	6.12e-06	42.857
sp|A5GND2|ATPL_SYNPW	1626982	5.74e-06	39.437
sp|A5GV76|ATPL_SYNR3	1626982	2.25e-06	42.857
sp|Q8DLP7|ATPL_THEEB	1626982	1.72e-05	39.062
sp|Q0AUC8|ATPL_SYNWW	1626982	2.29e-04	32.857
sp|A2BYI0|ATPL_PROM5	1626982	4.41e-05	39.683
sp|Q7V5S3|ATPL_PROMM	1626982	3.57e-05	39.683
sp|A4GGB0|ATPH_PHAVU	1626982	3.42e-06	44.444
sp|Q3BAQ5|ATPH_PHAAO	1626982	3.64e-06	44.444
sp|A1E9R9|ATPH_SORBI	1626982	4.07e-06	44.444
sp|Q3ZZU2|ATPL_DEHMC	1626982	2.23e-04	28.125
sp|P69195|ATPH_SOYBN	1626982	3.42e-06	44.444
sp|Q6WQW2|ATPH_CUCSA	1626982	5.90e-06	42.857
sp|A6H5F3|ATPH_CYCTA	1626982	3.49e-06	44.444
sp|P48086|ATPH_CYAPA	1626982	4.50e-05	41.270
sp|P69448|ATPH_WHEAT	1626982	4.07e-06	44.444
sp|A8W3H7|ATPH_CUSOB	1626982	1.70e-05	41.270
sp|B2X1U7|ATPH_OEDCA	1626982	9.82e-06	42.857
sp|A9BCE3|ATPL_PROM4	1626982	2.79e-05	39.683
sp|P0C2Z9|ATPH_ORYSA	1626982	4.07e-06	44.444
sp|A4QJS0|ATPH_OLIPU	1626982	3.56e-06	44.444
sp|B1X3Y2|ATPH_PAUCH	1626982	2.62e-06	39.437
sp|P41603|ATPH_PINTH	1626982	1.11e-06	46.032
sp|Q2MIB3|ATPH_SOLLC	1626982	3.64e-06	44.444
sp|A4QK05|ATPH_ARAHI	1626982	3.56e-06	44.444
sp|B1A922|ATPH_CARPA	1626982	3.64e-06	44.444
sp|Q7HKY1|ATPH_CALFG	1626982	3.64e-06	44.444
sp|Q6B8R2|ATPH_GRATL	1626982	2.52e-05	42.857
sp|B2Y1W0|ATPH_WELMI	1626982	9.88e-06	42.857
sp|A4QJI6|ATPH_AETGR	1626982	3.64e-06	44.444
sp|Q02851|ATPH_ANTSP	1626982	2.52e-05	42.857
sp|B3TN46|ATPH_BRADI	1626982	4.07e-06	44.444
sp|Q1ACN0|ATPH_CHAVU	1626982	7.96e-06	42.857
sp|A4QL06|ATPH_DRANE	1626982	3.56e-06	44.444
sp|Q4G3A1|ATPH_EMIHU	1626982	2.54e-05	41.270
sp|B2XWN6|ATPH_FAGEA	1626982	3.64e-06	44.444
sp|Q5JDR9|VATC_THEKO	1276260	4.46e-05	19.757
sp|B6YV12|VATC_THEON	1276260	2.68e-06	20.700
sp|O06502|VATC_DESSY	1276260	4.04e-06	22.190
sp|O57726|VATC_PYRHO	1080372	1.30e-04	20.528
sp|Q32RS6|ATPH_STAPU	1626982	5.67e-06	42.857
sp|A5FRR4|ATPL_DEHMB	1626982	2.23e-04	28.125
sp|B0JWU7|ATPL_MICAN	1626982	3.02e-05	39.683
sp|Q4FGF0|ATPH_NUPAD	1626982	3.64e-06	44.444
sp|A3PEU3|ATPL_PROM0	1626982	4.41e-05	39.683
sp|P06286|ATPH_TOBAC	1626982	3.64e-06	44.444
sp|O66564|ATPL_AQUAE	1626982	1.44e-05	37.143
sp|A6MM23|ATPH_BUXMI	1626982	3.64e-06	44.444
sp|Q8MA07|ATPH_CHAGL	1626982	7.48e-06	42.857
sp|A4QK92|ATPH_BARVE	1626982	3.64e-06	44.444
sp|A8SE66|ATPH_CERDE	1626982	2.31e-06	43.056
sp|Q7U8W9|ATPL_SYNPX	1626982	2.25e-06	42.857
sp|P08212|ATPH_PEA	1626982	3.49e-06	44.444
sp|A8W3B1|ATPH_CUSEX	1626982	3.64e-06	44.444
sp|B2LMI5|ATPH_GUIAB	1626982	3.64e-06	44.444
sp|Q4FGF2|ATPH_ACOAM	1626982	3.64e-06	44.444
sp|Q37304|ATPH_CHLRE	1626982	1.13e-04	39.683
sp|O78479|ATPH_GUITH	1626982	2.79e-06	42.857
sp|Q42969|ATPH_OCHNE	1626982	2.49e-05	41.270
sp|Q09G59|ATPH_PLAOC	1626982	3.64e-06	44.444
sp|A4GYP5|ATPH_POPTR	1626982	3.64e-06	44.444
sp|Q06J70|ATPH_BIGNA	1626982	1.16e-05	39.683
sp|Q3M9V6|ATPL_ANAVT	1626982	2.05e-05	40.625
sp|Q19VA3|ATPH_CHLAT	1626982	4.62e-06	42.188
sp|Q3AZM5|ATPL_SYNS9	1626982	1.94e-06	42.857
sp|Q2RFX4|ATPL_MOOTA	1626982	1.94e-05	33.846
sp|P56297|ATPH_CHLVU	1626982	5.83e-05	41.270
sp|B1VKH8|ATPH_CRYJA	1626982	1.69e-06	44.444
sp|Q0P3K7|ATPH_OSTTA	1626982	1.58e-04	38.710
sp|Q6YXK1|ATPH_PHYPA	1626982	5.90e-06	42.857
sp|Q7HJJ2|ATPH_PSINU	1626982	3.64e-06	44.444
sp|Q1XDP1|ATPH_PYRYE	1626982	2.85e-05	42.857
sp|Q6ENW8|ATPH_SACOF	1626982	4.07e-06	44.444
sp|B7K5I4|ATPL_RIPO1	1626982	1.36e-04	39.683
sp|A6MMJ4|ATPH_DIOEL	1626982	3.64e-06	44.444
sp|Q1KXW7|ATPH_HELAN	1626982	3.64e-06	44.444
