sp|P05631|ATPG_BOVIN	1061751	3.49e-19	31.492
sp|P05631|ATPG_BOVIN	1061751	1.45e-15	43.158
sp|P35435|ATPG_RAT	1061751	1.11e-20	33.702
sp|P35435|ATPG_RAT	1061751	1.59e-13	40.000
sp|Q91VR2|ATPG_MOUSE	1061751	5.35e-19	32.597
sp|Q91VR2|ATPG_MOUSE	1061751	1.04e-15	41.053
sp|Q4R5B0|ATPG_MACFA	1061751	1.29e-18	31.343
sp|Q4R5B0|ATPG_MACFA	1061751	1.71e-14	42.708
sp|P0C1M0|ATPG_MAIZE	1061751	6.07e-07	25.263
sp|P26360|ATPG3_IPOBA	1061751	1.69e-14	28.218
sp|P26360|ATPG3_IPOBA	1061751	8.48e-10	32.222
sp|P36542|ATPG_HUMAN	1061751	1.28e-18	31.343
sp|P36542|ATPG_HUMAN	1061751	1.15e-14	41.053
sp|Q96250|ATPG3_ARATH	1061751	1.86e-10	31.159
sp|Q96250|ATPG3_ARATH	1061751	1.08e-09	33.684
sp|Q6C338|ATPG_YARLI	1061751	5.43e-27	31.892
sp|Q6C338|ATPG_YARLI	1061751	6.88e-14	36.634
sp|Q54DF1|ATPG_DICDI	1061751	1.49e-10	31.092
sp|Q54DF1|ATPG_DICDI	1061751	7.74e-10	27.119
sp|P49377|ATPG_KLULA	1061751	2.06e-22	32.432
sp|P49377|ATPG_KLULA	1061751	6.64e-15	36.735
sp|Q5RBS9|ATPG_PONAB	1061751	1.64e-18	30.846
sp|Q5RBS9|ATPG_PONAB	1061751	1.18e-14	41.053
sp|P38077|ATPG_YEAST	1061751	7.72e-25	32.292
sp|P38077|ATPG_YEAST	1061751	5.65e-15	35.238
sp|O01666|ATPG_DROME	1061751	1.54e-20	31.522
sp|O01666|ATPG_DROME	1061751	4.76e-17	41.509
sp|C0HK53|ATPG_PICAN	1061751	2.35e-25	33.155
sp|C0HK53|ATPG_PICAN	1061751	3.66e-15	36.170
sp|O74754|ATPG_SCHPO	1061751	2.32e-29	35.519
sp|O74754|ATPG_SCHPO	1061751	2.15e-15	36.559
