sp|Q99643|C560_HUMAN	1286787	2.39e-07	24.845
sp|Q8T2T5|C560_DICDI	1286787	4.90e-05	25.806
sp|Q9CZB0|C560_MOUSE	1286787	1.21e-06	26.667
sp|P35721|C560_MARPO	1623038	0.017	51.429
sp|D0VWV4|C560_PIG	1286787	5.32e-08	26.708
sp|P70097|C560_CRIGR	1286787	1.59e-09	30.000
sp|P48934|C560_CHOCR	1323855	0.004	29.487
sp|Q94523|SDHA_DROME	1702000	0.0	45.987
sp|P0AC41|SDHA_ECOLI	1702000	2.54e-138	40.884
sp|Q59662|SDHB_PARDE	1637323	7.54e-77	48.485
sp|Q9U3X4|SDHA_DICDI	1702000	0.0	45.955
sp|P0AC42|SDHA_ECOL6	1702000	2.54e-138	40.884
sp|P08066|SDHB_BACSU	1637323	5.92e-17	25.359
sp|Q9ZMP1|FRDB_HELPJ	1637323	1.89e-24	27.165
sp|Q1RGP3|SDHB_RICBR	1637323	7.36e-76	47.679
sp|Q9CQA3|SDHB_MOUSE	1688149	7.11e-84	50.622
sp|Q59661|SDHA_PARDE	1702000	2.97e-162	41.228
sp|P0AC50|FRDB_SHIFL	1637323	9.90e-33	30.579
sp|P9WN88|FRDB_MYCTO	1637323	1.78e-40	34.468
sp|P20921|FRDB_PROVU	1688149	2.00e-34	31.950
sp|Q7M827|MFRA_WOLSU	1702000	3.52e-80	29.916
sp|O62215|DHSD_CAEEL	1677752	2.23e-04	27.869
sp|Q9VCI5|DHSD_DROME	1677752	8.46e-05	28.283
sp|O35943|FRDA_MOUSE	1736527	1.71e-23	36.646
sp|Q8HXX9|FRDA_MACFA	1736527	5.32e-24	44.262
sp|P0AC48|FRDB_ECOL6	1637323	9.90e-33	30.579
sp|Q16595|FRDA_HUMAN	1736527	2.80e-23	44.538
sp|P00363|FRDA_ECOLI	1702000	1.42e-87	30.928
sp|P9WN90|FRDA_MYCTO	929275	2.78e-83	33.216
sp|Q05B87|FRDA_BOVIN	1736527	1.92e-24	45.378
sp|Q9CP59|FRDD_PASMU	930372	0.073	28.155
sp|P44894|FRDA_HAEIN	1702000	3.25e-88	30.104
sp|P35720|C560_BOVIN	1286787	1.87e-08	24.528
sp|V3TQ67|FRDA_SERS3	1702000	4.53e-87	31.083
sp|Q7M826|MFRB_WOLSU	1688149	4.23e-24	29.317
sp|Q9ZMP0|FRDA_HELPJ	1702000	7.60e-63	28.047
sp|Q9CXV1|DHSD_MOUSE	1677752	0.004	19.231
sp|P9WN91|FRDA_MYCTU	929275	2.78e-83	33.216
sp|P17596|FRDB_WOLSU	1688149	1.78e-24	27.311
sp|A8WT26|DHSD_CAEBR	1677752	5.25e-04	29.204
sp|P64175|FRDA_MYCBO	929275	2.78e-83	33.216
sp|O06913|FRDA_HELPY	1702000	1.49e-63	28.047
sp|P0AC47|FRDB_ECOLI	1637323	9.90e-33	30.579
sp|O06914|FRDB_HELPY	1637323	2.61e-24	26.772
sp|P44893|FRDB_HAEIN	1688149	2.85e-36	31.687
sp|P9WN89|FRDB_MYCTU	1637323	1.78e-40	34.468
sp|Q6PCT8|DHSD_RAT	1677752	0.005	23.016
sp|P0AC49|FRDB_ECO57	1637323	9.90e-33	30.579
sp|P20922|FRDA_PROVU	1702000	7.51e-89	32.200
sp|P17412|FRDA_WOLSU	1702000	7.70e-67	28.673
sp|P51054|SDHA_COXBU	1702000	4.21e-135	38.554
sp|Q3T189|SDHB_BOVIN	1688149	2.03e-83	50.622
sp|Q0QF01|SDHA_PIG	1702000	0.0	44.891
sp|P08065|SDHA_BACSU	929275	6.64e-56	29.242
sp|A8WPF0|SDHB_CAEBR	1637323	6.31e-79	43.820
sp|P21912|SDHB_HUMAN	1688149	8.98e-84	51.037
sp|B0BM36|SDHB_XENTR	1637323	9.51e-88	46.479
sp|Q8HXW3|SDHA_MACFA	1702000	0.0	44.724
sp|Q007T0|SDHB_PIG	1637323	4.47e-84	52.282
sp|Q68XS0|SDHB_RICTY	1637323	5.15e-75	46.311
sp|Q801S2|SDHAB_XENLA	1702000	0.0	45.729
sp|Q92JJ8|SDHB_RICCN	1637323	7.19e-77	47.600
sp|Q4UN71|SDHB_RICFE	1637323	2.30e-76	47.600
sp|P0AC43|SDHA_ECO57	1702000	2.54e-138	40.884
sp|Q8ZQU2|SDHB_SALTY	1637323	1.45e-68	44.118
sp|Q9ZEA1|SDHB_RICPR	1637323	1.37e-76	47.541
sp|Q09508|SDHA_CAEEL	1702000	5.47e-180	43.573
sp|Q92J97|SDHA_RICCN	1702000	0.0	45.704
sp|P80477|SDHB_PORPU	1637323	9.36e-70	44.492
sp|Q9YHT2|SDHB_CHICK	1688149	8.68e-83	50.207
sp|Q4UJM1|SDHA_RICFE	1702000	0.0	44.822
sp|Q920L2|SDHA_RAT	1702000	0.0	44.724
sp|Q7ZVF3|SDHA_DANRE	1702000	0.0	45.059
sp|P21801|SDHB_YEAST	1688149	4.94e-81	47.200
sp|P21914|SDHB_DROME	1637323	1.38e-84	44.840
sp|P31038|SDHA_RICPR	1702000	0.0	46.220
sp|Q68XN9|SDHA_RICTY	1702000	0.0	46.102
sp|Q5R616|SDHA_PONAB	1702000	0.0	44.891
sp|Q1RHB9|SDHA_RICBR	1702000	0.0	45.361
sp|P31039|SDHA_BOVIN	1702000	0.0	44.162
sp|P31040|SDHA_HUMAN	1702000	0.0	45.059
sp|Q8K2B3|SDHA_MOUSE	1702000	0.0	44.891
sp|Q9YHT1|SDHA_CHICK	1702000	0.0	45.059
sp|P51053|SDHB_COXBU	1637323	2.09e-65	40.586
sp|Q8ZQU3|SDHA_SALTY	1702000	1.24e-137	39.580
sp|G4V4G6|SDHA_SERS3	1702000	1.28e-136	41.392
sp|Q0QF17|SDHA_MESAU	1702000	3.30e-180	45.896
sp|P07014|SDHB_ECOLI	1637323	1.03e-69	45.148
sp|P80480|SDHB_RECAM	1688149	1.98e-81	50.000
sp|Q00711|SDHA_YEAST	1702000	0.0	45.533
sp|Q55CC2|SDHB_DICDI	1637323	3.79e-71	42.199
sp|Q09545|SDHB_CAEEL	1637323	4.19e-79	47.881
sp|P21913|SDHB_RAT	1688149	1.77e-84	51.667
sp|P48932|SDHB_CHOCR	1637323	8.31e-70	45.726
sp|Q28ED0|SDHA_XENTR	1702000	0.0	45.729
sp|Q6PA58|SDHAA_XENLA	1702000	0.0	44.891
sp|P48933|SDHB_CYACA	1688149	6.02e-70	46.320
sp|Q3B8J8|SDHB_XENLA	1688149	1.10e-87	51.867
sp|A5PL98|SDHB_DANRE	1688149	1.32e-82	49.356
