3HAD180|Neosp1|510925	627457	0.0	100.000
GLUK_syn|Neosp1|418480	1118276	0.0	100.000
GLUK_syn|Neosp1|428539	1113802	0.0	100.000
r_xylanase|Neosp1|637742	1134365	0.0	100.000
r_xylanase|Neosp1|703965	190824	0.0	73.412
r_xylanase|Neosp1|703965	190824	2.91e-132	68.035
r_xylanase|Neosp1|635637	1211372	0.0	91.049
r_xylanase|Neosp1|521040	1153483	0.0	87.173
r_xylanase|Neosp1|703837	45442	0.0	95.883
r_xylanase|Neosp1|701874	1108887	0.0	96.667
r_xylanase|Neosp1|709470	1122303	0.0	100.000
r_xylanase|Neosp1|707344	77901	0.0	99.572
r_xylanase|Neosp1|643553	1277896	0.0	43.337
r_xylanase|Neosp1|643553	1277896	2.26e-78	58.369
r_xylanase|Neosp1|708870	1268722	0.0	95.401
r_xylanase|Neosp1|708870	1268722	3.06e-09	57.895
r_xylanase|Neosp1|675487	1199310	1.45e-163	100.000
r_xylanase|Neosp1|675487	1199310	1.05e-66	100.000
r_xylanase|Neosp1|624439	1042041	0.0	46.463
r_xylanase|Neosp1|624439	1042041	1.72e-29	23.069
r_xylanase|Neosp1|624439	1042041	4.89e-19	24.175
r_xylanase|Neosp1|624439	1042041	0.002	22.785
r_xylanase|Neosp1|48012	1270164	0.0	94.947
r_xylanase|Neosp1|702048	1191684	1.07e-82	100.000
r_xylanase|Neosp1|702048	1191684	3.91e-47	100.000
r_xylanase|Neosp1|702048	1191684	7.55e-43	97.368
r_xylanase|Neosp1|698463	1032425	0.0	100.000
r_xylanase|Neosp1|673010	1022631	0.0	87.500
r_xylanase|Neosp1|407928	894485	0.0	92.391
r_xylanase|Neosp1|519210	1210555	0.0	94.885
r_xylanase|Neosp1|501649	910030	6.91e-61	94.253
r_xylanase|Neosp1|700555	1192704	0.0	100.000
r_xylanase|Neosp1|177889	170042	0.0	99.717
r_xylanase|Neosp1|699775	1120475	0.0	100.000
r_xylanase|Neosp1|709103	67430	0.0	97.765
r_xylanase|Neosp1|700366	889345	0.0	76.762
r_xylanase|Neosp1|50599	1178048	0.0	96.257
r_xylanase|Neosp1|177967	1204037	0.0	95.082
r_xylanase|Neosp1|177967	1204037	0.0	93.760
r_xylanase|Neosp1|177967	1204037	0.0	93.279
r_xylanase|Neosp1|177967	1204037	0.0	100.000
r_xylanase|Neosp1|177967	1204037	0.0	96.383
r_xylanase|Neosp1|177967	1204037	0.0	92.938
r_xylanase|Neosp1|177967	1204037	8.12e-46	98.137
r_xylanase|Neosp1|706903	1195451	0.0	89.231
r_xylanase|Neosp1|644130	1283806	0.0	80.225
r_xylanase|Neosp1|644130	1283806	2.75e-35	26.521
r_xylanase|Neosp1|644130	1283806	0.002	26.630
r_xylanase|Neosp1|663591	540416	0.0	69.186
r_xylanase|Neosp1|666470	1268107	0.0	59.024
r_xylanase|Neosp1|666470	1268107	0.0	57.471
r_xylanase|Neosp1|666470	1268107	0.0	55.949
r_xylanase|Neosp1|666470	1268107	0.0	57.554
r_xylanase|Neosp1|666470	1268107	0.0	51.596
r_xylanase|Neosp1|666470	1268107	0.0	54.011
r_xylanase|Neosp1|666470	1268107	6.46e-161	48.173
r_xylanase|Neosp1|666470	1268107	4.49e-157	49.128
r_xylanase|Neosp1|666470	1268107	1.81e-152	46.781
r_xylanase|Neosp1|666470	1268107	3.89e-138	42.898
r_xylanase|Neosp1|666470	1268107	1.18e-127	36.766
r_xylanase|Neosp1|666470	1268107	3.50e-122	42.185
r_xylanase|Neosp1|666470	1268107	8.66e-116	36.763
r_xylanase|Neosp1|666470	1268107	9.24e-115	39.867
r_xylanase|Neosp1|666470	1268107	2.70e-104	39.245
r_xylanase|Neosp1|666470	1268107	5.89e-09	35.455
FFSD|Neosp1|670294	907759	0.0	93.945
FFSD|Neosp1|413466	1196472	0.0	100.000
FFSD|Neosp1|413467	926111	0.0	98.996
FFSD|Neosp1|670298	926111	0.0	94.922
FFSD|Neosp1|413400	926111	0.0	99.398
FFSD|Neosp1|413535	907759	0.0	97.791
FFSD|Neosp1|413368	907759	0.0	97.590
FFSD|Neosp1|383260	907762	0.0	98.594
FFSD|Neosp1|507958	1196472	0.0	97.556
FFSD|Neosp1|702545	907759	0.0	98.444
FFSD|Neosp1|413475	1196472	0.0	98.594
OGMEACPD|Neosp1|510925	627457	0.0	100.000
3HAD60|Neosp1|510925	627457	0.0	100.000
BUPN|Neosp1|507751	1177101	0.0	99.630
IPPMIa|Neosp1|706724	1035109	5.07e-123	74.725
IPPMIa|Neosp1|706724	1035109	1.62e-34	100.000
3HAD140|Neosp1|510925	627457	0.0	100.000
MITKP|Neosp1|706424	323262	0.0	100.000
MITKP|Neosp1|667924	1058568	0.0	100.000
MI145PP|Neosp1|676239	1202115	0.0	100.000
MI145PP|Neosp1|501264	1269691	0.0	99.087
MI145PP|Neosp1|510565	1269691	0.0	67.437
MI145PP|Neosp1|676938	1207845	0.0	99.862
MI145PP|Neosp1|676938	1207845	0.0	90.418
MI145PP|Neosp1|393949	1058541	0.0	99.606
MI145PP|Neosp1|451273	1271340	0.0	100.000
BILIRBU|Neosp1|703879	1134204	0.0	99.485
BILIRBU|Neosp1|205767	357192	0.0	100.000
ARAI|Neosp1|637949	930857	0.0	96.373
ARAI|Neosp1|669729	1281706	0.0	99.805
ARAI|Neosp1|514405	1275701	0.0	98.619
ARAI|Neosp1|669732	1281700	0.0	100.000
ARAI|Neosp1|662408	1279732	0.0	99.802
ARAI|Neosp1|706771	1268724	0.0	96.024
ARAI|Neosp1|455592	936165	0.0	99.795
ARAI|Neosp1|703751	1268653	0.0	99.801
ARAI|Neosp1|458146	917123	0.0	98.721
ARAI|Neosp1|500901	1192394	4.21e-144	99.497
ARAI|Neosp1|500901	1192394	8.52e-71	100.000
ARAI|Neosp1|709519	1087264	0.0	99.602
ARAI|Neosp1|461961	913139	0.0	100.000
ARAI|Neosp1|419902	609579	0.0	91.700
ARAI|Neosp1|458855	1274580	0.0	92.460
ARAI|Neosp1|701877	1075763	0.0	99.801
ARAI|Neosp1|700375	1268724	0.0	96.421
ARAI|Neosp1|673647	609579	0.0	100.000
ARAI|Neosp1|385233	1189299	0.0	100.000
ARAI|Neosp1|378777	917123	0.0	99.787
ARAI|Neosp1|708013	1087264	0.0	99.602
ARAI|Neosp1|706567	1053062	0.0	99.656
ARAI|Neosp1|450407	916404	0.0	99.788
ARAI|Neosp1|462026	916404	0.0	100.000
ARAI|Neosp1|456894	1063595	0.0	100.000
ARAI|Neosp1|669734	128848	0.0	100.000
ARAI|Neosp1|669727	1281706	0.0	94.553
ARAI|Neosp1|460616	925119	0.0	100.000
ARAI|Neosp1|669724	1207071	0.0	99.805
ARAI|Neosp1|697352	1039142	0.0	100.000
ARAI|Neosp1|674298	1278235	0.0	99.606
ARAI|Neosp1|461981	913150	0.0	100.000
ARAI|Neosp1|675892	1279732	0.0	99.802
ARAI|Neosp1|455570	936165	0.0	99.795
ARAI|Neosp1|460621	925119	0.0	99.585
ARAI|Neosp1|669728	1281700	0.0	99.805
ARAI|Neosp1|649073	64644	0.0	90.644
ARAI|Neosp1|669730	1281700	0.0	95.331
ARAI|Neosp1|448343	930857	0.0	100.000
ARAI|Neosp1|461988	913150	0.0	99.376
ARAI|Neosp1|423521	923727	0.0	100.000
ARAI|Neosp1|675896	1279732	0.0	99.605
ARAI|Neosp1|448349	930857	0.0	100.000
ARAI|Neosp1|395181	930828	0.0	100.000
ARAI|Neosp1|461498	1035028	0.0	100.000
ARAI|Neosp1|703224	1052508	0.0	99.348
ARAI|Neosp1|675894	1279732	0.0	100.000
ARAI|Neosp1|423452	923727	0.0	100.000
ARAI|Neosp1|393146	1072308	0.0	100.000
ARAI|Neosp1|665248	1075763	0.0	100.000
ARAI|Neosp1|701804	1268653	0.0	100.000
ARAI|Neosp1|465213	1268724	0.0	95.030
ARAI|Neosp1|644752	927073	0.0	97.292
ARAI|Neosp1|673828	1268724	0.0	97.802
ARAI|Neosp1|675044	1275701	0.0	98.225
ARAI|Neosp1|673830	1195859	0.0	98.419
ARAI|Neosp1|675051	1201906	0.0	100.000
ARAI|Neosp1|674304	1204061	0.0	99.803
ARAI|Neosp1|388311	896142	0.0	99.574
ARAI|Neosp1|448346	930857	0.0	100.000
ARAI|Neosp1|679404	1075763	0.0	98.012
ARAI|Neosp1|434397	917123	0.0	99.787
ARAI|Neosp1|699024	1254421	0.0	99.606
ARAI|Neosp1|513355	1278235	0.0	99.606
ARAI|Neosp1|703742	1268653	0.0	99.801
ARAI|Neosp1|701806	1268653	0.0	100.000
ARAI|Neosp1|466439	916404	0.0	100.000
ARAI|Neosp1|381867	908964	0.0	100.000
ARAI|Neosp1|455214	916404	0.0	100.000
ARAI|Neosp1|442935	917123	0.0	99.787
ARAI|Neosp1|455204	916404	0.0	100.000
ARAI|Neosp1|267210	1075763	0.0	99.602
ARAI|Neosp1|703727	993812	0.0	100.000
ARAI|Neosp1|388307	915239	0.0	99.787
ARAI|Neosp1|409010	912668	0.0	97.830
ARAI|Neosp1|388295	915239	0.0	100.000
ARAI|Neosp1|662078	609579	0.0	100.000
ARAI|Neosp1|464541	936999	0.0	99.789
ARAI|Neosp1|403149	917123	0.0	99.787
ARAI|Neosp1|460330	923727	0.0	100.000
ARAI|Neosp1|450398	916404	0.0	99.576
ARAI|Neosp1|460610	925119	0.0	100.000
ARAI|Neosp1|673646	609579	0.0	99.802
ARAI|Neosp1|456374	1031137	0.0	100.000
ARAI|Neosp1|395261	930857	0.0	92.641
ARAI|Neosp1|666731	1276843	0.0	100.000
ARAI|Neosp1|707593	1196173	0.0	100.000
ARAI|Neosp1|466570	916404	0.0	100.000
ARAI|Neosp1|465803	1072307	0.0	100.000
ARAI|Neosp1|709089	1189299	0.0	90.179
ARAI|Neosp1|674303	1204061	0.0	99.606
ARAI|Neosp1|705775	1208324	0.0	100.000
ARAI|Neosp1|675053	1275701	0.0	100.000
ARAI|Neosp1|669731	1281706	0.0	99.222
ARAI|Neosp1|674297	1278235	0.0	99.408
ARAI|Neosp1|674296	1278235	0.0	100.000
ARAI|Neosp1|675891	1279732	0.0	100.000
ARAI|Neosp1|669432	1275078	0.0	98.211
ARAI|Neosp1|448352	930857	0.0	100.000
ARAI|Neosp1|389810	1283978	0.0	92.095
ARAI|Neosp1|393142	1201272	0.0	99.604
ARAI|Neosp1|465211	1268724	0.0	95.030
ARAI|Neosp1|455201	916404	0.0	100.000
ARAI|Neosp1|637955	1275078	0.0	97.217
ARAI|Neosp1|455566	936165	0.0	99.384
ARAI|Neosp1|411466	936165	0.0	99.384
ARAI|Neosp1|455007	927292	0.0	100.000
ARAI|Neosp1|450401	916404	0.0	99.788
ARAI|Neosp1|461955	913150	0.0	99.584
ARAI|Neosp1|411508	936165	0.0	99.179
ARAI|Neosp1|500078	1196354	0.0	99.208
GACMTRc|Neosp1|457141	1123317	0.0	100.000
GACMTRc|Neosp1|383139	1029244	0.0	100.000
3HAD160|Neosp1|510925	627457	0.0	100.000
FA160ACPHi|Neosp1|510925	627457	0.0	100.000
APRAUR|Neosp1|669594	1082622	0.0	100.000
ASNS1|Neosp1|376853	1067601	0.0	100.000
ACS2|Neosp1|507563	1200426	5.92e-156	100.000
ACS2|Neosp1|641308	1241701	4.75e-143	48.643
ACS2|Neosp1|641308	1241701	2.99e-110	41.788
ACS2|Neosp1|641308	1241701	3.77e-90	40.263
ACS2|Neosp1|641308	1241701	6.23e-60	36.340
ACS2|Neosp1|641308	1241701	5.30e-59	37.037
ACS2|Neosp1|641308	1241701	4.44e-10	27.350
ACS2|Neosp1|641308	1241701	1.58e-06	38.095
ME1|Neosp1|386454	1088090	0.0	97.107
ME1|Neosp1|458540	1088090	0.0	100.000
EX_ca2_e|Neosp1|451548	1003774	0.0	100.000
EX_ca2_e|Neosp1|392966	1271994	0.0	100.000
EX_ca2_e|Neosp1|461398	565950	0.0	100.000
EX_ca2_e|Neosp1|460136	1199336	0.0	100.000
EX_ca2_e|Neosp1|431692	910980	0.0	97.023
EX_ca2_e|Neosp1|385125	992980	0.0	99.916
EX_ca2_e|Neosp1|379315	892178	0.0	99.700
EX_ca2_e|Neosp1|507616	1046586	0.0	100.000
EX_ca2_e|Neosp1|666987	1059700	0.0	99.900
EX_ca2_e|Neosp1|337205	1038239	0.0	89.614
EX_ca2_e|Neosp1|522778	924160	0.0	95.474
EX_ca2_e|Neosp1|669526	1071166	0.0	100.000
EX_ca2_e|Neosp1|666111	1071166	0.0	88.257
r_cellulase|Neosp1|668729	896226	0.0	99.873
r_cellulase|Neosp1|453694	1205126	0.0	99.789
r_cellulase|Neosp1|388629	932163	0.0	100.000
r_cellulase|Neosp1|230365	922115	0.0	96.324
r_cellulase|Neosp1|230365	922115	9.88e-156	98.800
r_cellulase|Neosp1|375096	915356	0.0	99.819
r_cellulase|Neosp1|410842	1179678	0.0	89.454
r_cellulase|Neosp1|410842	1179678	0.0	89.454
r_cellulase|Neosp1|447807	1194949	0.0	99.815
r_cellulase|Neosp1|704850	263640	0.0	100.000
r_cellulase|Neosp1|393138	922908	0.0	99.499
r_cellulase|Neosp1|696953	905164	0.0	98.335
r_cellulase|Neosp1|522750	1179678	0.0	100.000
r_cellulase|Neosp1|389665	1197023	0.0	100.000
r_cellulase|Neosp1|705678	1275318	0.0	94.087
r_cellulase|Neosp1|382173	1190303	0.0	100.000
r_cellulase|Neosp1|390877	922902	0.0	99.500
r_cellulase|Neosp1|704451	1278173	0.0	100.000
r_cellulase|Neosp1|389999	1129882	0.0	99.743
r_cellulase|Neosp1|699964	932362	0.0	99.696
r_cellulase|Neosp1|664792	1274778	0.0	95.630
r_cellulase|Neosp1|664792	1274778	0.0	96.273
r_cellulase|Neosp1|664792	1274778	0.023	52.632
r_cellulase|Neosp1|462502	1274739	0.0	98.957
r_cellulase|Neosp1|393333	477340	0.0	98.639
r_cellulase|Neosp1|393333	477340	2.10e-44	84.211
FA140ACPHi|Neosp1|510925	627457	0.0	100.000
FA180ACPH|Neosp1|510925	627457	0.0	100.000
ACODA|Neosp1|499031	2191	0.0	99.676
ACODA|Neosp1|678182	1125434	0.0	100.000
OPMEACPD|Neosp1|510925	627457	0.0	100.000
3HAD40|Neosp1|510925	627457	0.0	100.000
UDPGNP|Neosp1|703879	1134204	0.0	99.485
UDPGNP|Neosp1|205767	357192	0.0	100.000
IPPMIb|Neosp1|706724	1035109	5.07e-123	74.725
IPPMIb|Neosp1|706724	1035109	1.62e-34	100.000
FASC200ACP|Neosp1|510925	627457	0.0	100.000
r_R01498|Neosp1|698488	1032843	0.0	100.000
GALT|Neosp1|709297	989595	0.0	99.607
3HAD120|Neosp1|510925	627457	0.0	100.000
3HAD80|Neosp1|510925	627457	0.0	100.000
3HAD100|Neosp1|510925	627457	0.0	100.000
RAFH|Neosp1|670294	907759	0.0	93.945
RAFH|Neosp1|413466	1196472	0.0	100.000
RAFH|Neosp1|413467	926111	0.0	98.996
RAFH|Neosp1|670298	926111	0.0	94.922
RAFH|Neosp1|413400	926111	0.0	99.398
RAFH|Neosp1|413535	907759	0.0	97.791
RAFH|Neosp1|413368	907759	0.0	97.590
RAFH|Neosp1|383260	907762	0.0	98.594
RAFH|Neosp1|507958	1196472	0.0	97.556
RAFH|Neosp1|702545	907759	0.0	98.444
RAFH|Neosp1|413475	1196472	0.0	98.594
LYSDC|Neosp1|678679	1201874	0.0	99.459
LYSDC|Neosp1|678679	1201874	7.81e-108	100.000
LYSDC|Neosp1|678679	1201874	1.97e-16	25.735
LYSDC|Neosp1|665241	20639	0.0	87.603
LYSDC|Neosp1|29437	131901	0.0	99.467
LYSDC|Neosp1|663808	1039706	0.0	99.852
LYSDC|Neosp1|499814	1203185	0.0	100.000
LYSDC|Neosp1|664537	1012983	0.0	96.330
LYSDC|Neosp1|519832	1153483	0.0	99.934
LYSDC|Neosp1|519832	1153483	0.0	99.891
LYSDC|Neosp1|516951	1091035	0.0	76.901
LYSDC|Neosp1|516951	1091035	3.78e-07	83.333
LYSDC|Neosp1|517842	1013969	0.0	100.000
LYSDC|Neosp1|678681	1254102	0.0	87.521
3HAD180|Anasp1|245209	1206811	0.0	90.717
3OAR80|Anasp1|327590	1047731	7.27e-145	75.494
GLUK_syn|Anasp1|205459	1113802	0.0	92.431
r_xylanase|Anasp1|331039	1201968	0.0	54.220
r_xylanase|Anasp1|271905	1090564	4.13e-14	30.769
r_xylanase|Anasp1|327423	1201968	0.0	54.220
r_xylanase|Anasp1|264435	1022631	1.87e-131	52.328
r_xylanase|Anasp1|325346	77901	0.0	43.333
r_xylanase|Anasp1|326309	1268949	6.14e-26	74.336
r_xylanase|Anasp1|251333	1042041	0.0	44.651
r_xylanase|Anasp1|251333	1042041	6.69e-23	24.463
r_xylanase|Anasp1|251333	1042041	1.37e-19	25.429
r_xylanase|Anasp1|328936	1216388	0.0	49.337
r_xylanase|Anasp1|328936	1216388	0.011	28.986
r_xylanase|Anasp1|328936	1216388	0.025	27.500
r_xylanase|Anasp1|327142	1166650	3.58e-19	63.750
r_xylanase|Anasp1|273262	1042041	0.0	43.551
r_xylanase|Anasp1|273262	1042041	2.03e-20	23.423
r_xylanase|Anasp1|273262	1042041	7.95e-18	26.544
r_xylanase|Anasp1|330292	638949	1.82e-137	41.738
r_xylanase|Anasp1|328568	1139764	0.0	66.004
r_xylanase|Anasp1|327760	913362	2.20e-42	31.602
r_xylanase|Anasp1|105274	1267036	0.0	75.034
r_xylanase|Anasp1|105274	1267036	0.0	76.461
r_xylanase|Anasp1|105274	1267036	2.06e-120	86.878
r_xylanase|Anasp1|105274	1267036	1.21e-118	85.973
r_xylanase|Anasp1|105274	1267036	2.84e-117	78.008
r_xylanase|Anasp1|80272	1092296	7.77e-11	56.061
r_xylanase|Anasp1|80272	1092296	2.04e-05	66.667
r_xylanase|Anasp1|80272	1092296	6.16e-05	47.977
r_xylanase|Anasp1|325061	230503	1.58e-07	51.220
r_xylanase|Anasp1|325061	230503	3.49e-07	45.455
r_xylanase|Anasp1|293683	147196	1.34e-169	81.818
r_xylanase|Anasp1|293683	147196	5.11e-50	51.301
r_xylanase|Anasp1|295313	1102346	0.0	91.347
r_xylanase|Anasp1|327759	1194374	2.27e-15	32.794
r_xylanase|Anasp1|327759	1194374	2.16e-08	36.994
r_xylanase|Anasp1|327759	1194374	5.98e-05	27.917
r_xylanase|Anasp1|296269	996682	3.27e-44	63.203
FFSD|Anasp1|295308	926111	2.11e-52	31.496
FFSD|Anasp1|235369	926111	3.36e-51	31.225
OGMEACPD|Anasp1|245209	1206811	0.0	90.717
3HAD60|Anasp1|245209	1206811	0.0	90.717
3HAD140|Anasp1|245209	1206811	0.0	90.717
MITKP|Anasp1|271945	1058568	0.0	68.677
MI145PP|Anasp1|280779	1269691	0.0	74.786
MI145PP|Anasp1|139007	1106791	0.0	68.241
BILIRBU|Anasp1|290396	357192	2.53e-139	53.351
ARAI|Anasp1|327825	1031137	0.0	88.710
ARAI|Anasp1|232931	931330	0.0	67.879
ARAI|Anasp1|231027	1035028	0.0	76.087
ARAI|Anasp1|324845	609579	0.0	71.068
ARAI|Anasp1|233233	931330	0.0	68.432
ARAI|Anasp1|330997	538360	0.0	66.194
ARAI|Anasp1|325090	538360	0.0	65.789
ARAI|Anasp1|286401	912668	0.0	54.021
ARAI|Anasp1|301219	927292	0.0	64.440
ARAI|Anasp1|231088	1063595	0.0	57.253
ARAI|Anasp1|296144	1196173	0.0	73.814
ARAI|Anasp1|185340	128889	3.64e-103	34.940
ARAI|Anasp1|330003	1039142	2.28e-111	33.547
ARAI|Anasp1|325088	538360	0.0	65.789
ARAI|Anasp1|325089	538360	0.0	65.789
ARAI|Anasp1|324252	538360	0.0	65.587
ARAI|Anasp1|270107	1283978	0.0	62.727
ARAI|Anasp1|329298	538360	0.0	66.194
ARAI|Anasp1|330764	538360	0.0	66.194
ARAI|Anasp1|225429	1039142	7.01e-90	38.142
ARAI|Anasp1|225429	1039142	7.57e-12	37.755
ARAI|Anasp1|325108	538360	0.0	65.992
ARAI|Anasp1|234773	912668	0.0	57.353
ARAI|Anasp1|325087	538360	0.0	65.789
GACMTRc|Anasp1|223068	1123317	0.0	94.767
3HAD160|Anasp1|245209	1206811	0.0	90.717
FA160ACPHi|Anasp1|245209	1206811	0.0	90.717
OPMEACPR|Anasp1|327590	1047731	7.27e-145	75.494
APRAUR|Anasp1|265217	1082622	8.00e-148	72.917
ASNS1|Anasp1|218044	1067601	0.0	76.124
PYDXOR|Anasp1|242500	1189367	0.0	82.036
3OAR100|Anasp1|327590	1047731	7.27e-145	75.494
3OAR60|Anasp1|327590	1047731	7.27e-145	75.494
ACS2|Anasp1|231391	1223840	2.04e-144	51.072
ACS2|Anasp1|231391	1223840	3.49e-143	51.176
ACS2|Anasp1|231391	1223840	7.98e-139	51.272
ACS2|Anasp1|231391	1223840	2.53e-135	50.487
ACS2|Anasp1|231391	1223840	1.06e-131	48.627
ACS2|Anasp1|231391	1223840	1.07e-131	45.898
ACS2|Anasp1|231391	1223840	1.95e-129	49.027
ACS2|Anasp1|231391	1223840	7.66e-128	48.532
ACS2|Anasp1|231391	1223840	1.06e-125	47.104
ACS2|Anasp1|231391	1223840	1.98e-117	46.979
ACS2|Anasp1|231391	1223840	1.74e-114	47.348
ACS2|Anasp1|231391	1223840	1.04e-56	50.000
ACS2|Anasp1|231391	1223840	3.99e-53	30.128
ACS2|Anasp1|231391	1223840	8.63e-52	53.552
ACS2|Anasp1|226276	1223840	4.09e-159	56.701
ACS2|Anasp1|226276	1223840	1.28e-158	56.289
ACS2|Anasp1|226276	1223840	8.12e-150	55.602
ACS2|Anasp1|226276	1223840	4.65e-147	57.261
ACS2|Anasp1|226276	1223840	8.21e-143	51.553
ACS2|Anasp1|226276	1223840	1.27e-140	53.814
ACS2|Anasp1|226276	1223840	2.56e-139	53.942
ACS2|Anasp1|226276	1223840	3.55e-132	53.689
ACS2|Anasp1|226276	1223840	1.20e-131	50.308
ACS2|Anasp1|226276	1223840	3.15e-129	52.292
ACS2|Anasp1|226276	1223840	8.06e-124	49.896
ACS2|Anasp1|226276	1223840	2.99e-84	57.818
ACS2|Anasp1|226276	1223840	7.28e-71	34.818
ACS2|Anasp1|226276	1223840	2.57e-33	53.285
ACS2|Anasp1|226276	1223840	8.33e-06	35.714
ME1|Anasp1|330901	1088090	0.0	88.065
3OAR160|Anasp1|327590	1047731	7.27e-145	75.494
EX_ca2_e|Anasp1|298222	1271994	0.0	88.270
EX_ca2_e|Anasp1|222497	1059700	0.0	88.338
EX_ca2_e|Anasp1|218687	924160	0.0	84.486
EX_ca2_e|Anasp1|209921	892178	0.0	85.530
EX_ca2_e|Anasp1|202085	910980	0.0	83.899
3OAR40|Anasp1|327590	1047731	7.27e-145	75.494
r_cellulase|Anasp1|290943	1197023	0.0	87.179
r_cellulase|Anasp1|330119	1193591	0.0	70.578
r_cellulase|Anasp1|330119	1193591	1.46e-05	48.980
r_cellulase|Anasp1|325628	108620	0.0	77.007
r_cellulase|Anasp1|297137	1179678	0.0	78.928
r_cellulase|Anasp1|181257	1190410	5.66e-139	85.116
r_cellulase|Anasp1|330579	1190680	0.0	67.699
r_cellulase|Anasp1|247211	1208510	0.0	77.034
r_cellulase|Anasp1|210869	905164	0.0	83.639
r_cellulase|Anasp1|293207	932163	0.0	75.288
r_cellulase|Anasp1|266647	1839	0.0	83.871
r_cellulase|Anasp1|288883	1193116	0.0	71.032
r_cellulase|Anasp1|288883	1193116	0.0	81.299
r_cellulase|Anasp1|269310	1275318	0.0	88.046
r_cellulase|Anasp1|291700	896226	0.0	86.341
r_cellulase|Anasp1|297143	1190303	0.0	74.465
r_cellulase|Anasp1|297143	1190303	0.0	74.465
r_cellulase|Anasp1|291171	922902	0.0	78.536
r_cellulase|Anasp1|291171	922902	6.58e-05	47.727
r_cellulase|Anasp1|291170	922908	0.0	79.975
r_cellulase|Anasp1|291170	922908	6.42e-21	50.526
r_cellulase|Anasp1|324557	932362	4.46e-160	78.662
r_cellulase|Anasp1|250394	1206479	0.0	51.396
FA140ACPHi|Anasp1|245209	1206811	0.0	90.717
FA180ACPH|Anasp1|245209	1206811	0.0	90.717
ACODA|Anasp1|292923	1125434	0.0	80.617
3OAR120|Anasp1|327590	1047731	7.27e-145	75.494
OPMEACPD|Anasp1|245209	1206811	0.0	90.717
3HAD40|Anasp1|245209	1206811	0.0	90.717
UDPGNP|Anasp1|290396	357192	2.53e-139	53.351
3OAR140|Anasp1|327590	1047731	7.27e-145	75.494
FASC200ACP|Anasp1|245209	1206811	0.0	90.717
3HAD120|Anasp1|245209	1206811	0.0	90.717
3HAD80|Anasp1|245209	1206811	0.0	90.717
3HAD100|Anasp1|245209	1206811	0.0	90.717
3OAR180|Anasp1|327590	1047731	7.27e-145	75.494
RAFH|Anasp1|295308	926111	2.11e-52	31.496
RAFH|Anasp1|235369	926111	3.36e-51	31.225
LYSDC|Anasp1|265560	265044	2.50e-88	41.293
LYSDC|Anasp1|288238	1253419	2.76e-178	49.103
LYSDC|Anasp1|298560	991951	0.0	33.642
LYSDC|Anasp1|298434	1210175	4.15e-121	63.763
LYSDC|Anasp1|298434	1210175	1.59e-99	66.807
LYSDC|Anasp1|329953	1108959	0.0	44.714
LYSDC|Anasp1|264408	1284253	0.0	42.095
LYSDC|Anasp1|264408	1284253	4.77e-170	40.812
LYSDC|Anasp1|264408	1284253	1.00e-168	39.490
LYSDC|Anasp1|264408	1284253	1.38e-153	39.811
LYSDC|Anasp1|264408	1284253	5.28e-152	38.033
LYSDC|Anasp1|264408	1284253	2.35e-110	38.112
LYSDC|Anasp1|264408	1284253	2.79e-85	39.482
LYSDC|Anasp1|266570	1271047	0.0	57.760
3HAD180|Pirfi3|83739	1206811	0.0	89.588
GLUK_syn|Pirfi3|355739	1269708	0.0	93.684
GLUK_syn|Pirfi3|278900	1113802	0.0	91.703
GLUK_syn|Pirfi3|319461	1043798	0.0	74.160
r_xylanase|Pirfi3|221902	1153829	0.0	72.379
r_xylanase|Pirfi3|413993	1046956	9.83e-117	48.951
r_xylanase|Pirfi3|413993	1046956	2.40e-28	55.789
r_xylanase|Pirfi3|95360	1092296	8.10e-07	48.252
r_xylanase|Pirfi3|95360	1092296	1.20e-06	48.227
r_xylanase|Pirfi3|95360	1092296	1.99e-06	48.921
r_xylanase|Pirfi3|95360	1092296	5.02e-06	47.482
r_xylanase|Pirfi3|95360	1092296	1.21e-04	77.273
r_xylanase|Pirfi3|95360	1092296	1.21e-04	77.273
r_xylanase|Pirfi3|126265	638949	0.0	49.904
r_xylanase|Pirfi3|126265	638949	1.36e-126	42.558
r_xylanase|Pirfi3|126265	638949	1.23e-71	39.676
r_xylanase|Pirfi3|373466	1197364	0.0	58.410
r_xylanase|Pirfi3|373466	1197364	1.61e-30	51.230
r_xylanase|Pirfi3|368773	325724	8.49e-82	30.173
r_xylanase|Pirfi3|368773	325724	2.23e-04	26.994
r_xylanase|Pirfi3|35533	562542	0.0	52.727
r_xylanase|Pirfi3|357241	67430	7.21e-166	47.594
r_xylanase|Pirfi3|584857	1054572	0.0	67.444
r_xylanase|Pirfi3|396700	1180661	3.20e-116	88.462
r_xylanase|Pirfi3|242996	1153829	0.0	72.213
r_xylanase|Pirfi3|65495	659010	2.34e-146	79.779
r_xylanase|Pirfi3|586989	1201968	0.0	50.306
r_xylanase|Pirfi3|336707	931631	0.0	77.455
r_xylanase|Pirfi3|235543	1153829	0.0	71.880
r_xylanase|Pirfi3|152308	1269915	4.62e-130	40.568
r_xylanase|Pirfi3|152308	1269915	5.27e-12	33.061
r_xylanase|Pirfi3|588111	1264971	4.49e-47	36.709
r_xylanase|Pirfi3|189146	194684	4.64e-34	36.166
r_xylanase|Pirfi3|189146	194684	4.85e-32	36.452
r_xylanase|Pirfi3|189146	194684	3.17e-31	35.346
r_xylanase|Pirfi3|189146	194684	3.67e-31	34.559
r_xylanase|Pirfi3|189146	194684	4.10e-31	36.015
r_xylanase|Pirfi3|189146	194684	1.04e-30	35.674
r_xylanase|Pirfi3|189146	194684	3.43e-29	35.259
r_xylanase|Pirfi3|189146	194684	4.78e-26	34.641
r_xylanase|Pirfi3|189146	194684	4.48e-20	33.415
r_xylanase|Pirfi3|189146	194684	1.79e-10	30.519
r_xylanase|Pirfi3|582548	300520	2.07e-55	38.381
r_xylanase|Pirfi3|582688	1054595	1.77e-155	53.131
r_xylanase|Pirfi3|289676	1045051	1.28e-75	52.717
OGMEACPD|Pirfi3|83739	1206811	0.0	89.588
3HAD60|Pirfi3|83739	1206811	0.0	89.588
3HAD140|Pirfi3|83739	1206811	0.0	89.588
MITKP|Pirfi3|587874	1058568	0.0	62.370
MI145PP|Pirfi3|586342	1197327	0.0	76.229
MI145PP|Pirfi3|413563	1269691	0.0	75.096
MI145PP|Pirfi3|414184	1202115	0.0	70.805
MI145PP|Pirfi3|375801	1058541	0.0	71.505
ARAI|Pirfi3|362578	912347	0.0	80.800
ARAI|Pirfi3|417022	1254421	0.0	75.982
ARAI|Pirfi3|407641	1254421	0.0	78.185
ARAI|Pirfi3|357193	912347	0.0	80.800
ARAI|Pirfi3|340139	912347	0.0	80.800
ARAI|Pirfi3|412897	1254421	3.51e-149	74.237
ARAI|Pirfi3|412897	1254421	2.82e-62	78.472
ARAI|Pirfi3|585548	1254421	8.32e-137	49.626
ARAI|Pirfi3|585548	1254421	1.63e-21	49.533
ARAI|Pirfi3|345627	908964	0.0	74.111
ARAI|Pirfi3|586812	1196173	0.0	77.207
ARAI|Pirfi3|345625	927292	0.0	70.175
ARAI|Pirfi3|364251	912347	0.0	80.800
ARAI|Pirfi3|398655	1031137	0.0	87.138
ARAI|Pirfi3|415026	1208324	0.0	58.692
ARAI|Pirfi3|364255	912347	0.0	80.800
GACMTRc|Pirfi3|580449	1029244	0.0	93.410
3HAD160|Pirfi3|83739	1206811	0.0	89.588
FA160ACPHi|Pirfi3|83739	1206811	0.0	89.588
APRAUR|Pirfi3|402221	1082622	9.83e-142	72.401
ASNS1|Pirfi3|343740	1067601	0.0	76.287
PYDXOR|Pirfi3|583937	995807	0.0	82.175
ACS2|Pirfi3|295197	1241701	4.07e-135	48.866
ACS2|Pirfi3|295197	1241701	6.40e-127	43.954
ACS2|Pirfi3|295197	1241701	7.93e-43	30.242
ME1|Pirfi3|402829	1088090	0.0	87.342
ME1|Pirfi3|362684	1088090	0.0	73.284
EX_ca2_e|Pirfi3|344953	1059700	0.0	88.689
EX_ca2_e|Pirfi3|321117	892178	0.0	88.107
EX_ca2_e|Pirfi3|334641	1003774	0.0	86.423
EX_ca2_e|Pirfi3|407693	1059700	0.0	81.250
EX_ca2_e|Pirfi3|364581	1071166	0.0	82.637
EX_ca2_e|Pirfi3|335083	1038239	0.0	83.727
EX_ca2_e|Pirfi3|584333	1271994	0.0	88.749
EX_ca2_e|Pirfi3|409422	924160	0.0	82.568
r_cellulase|Pirfi3|579562	1275318	0.0	86.100
r_cellulase|Pirfi3|339336	1064022	0.0	83.434
r_cellulase|Pirfi3|98289	1130662	0.0	60.169
r_cellulase|Pirfi3|98289	1130662	2.06e-25	53.846
r_cellulase|Pirfi3|579858	1205126	0.0	76.344
r_cellulase|Pirfi3|361759	922902	0.0	77.875
r_cellulase|Pirfi3|582544	932362	1.77e-161	83.713
r_cellulase|Pirfi3|413870	922630	0.0	73.034
r_cellulase|Pirfi3|274718	932163	0.0	76.712
r_cellulase|Pirfi3|412872	1274739	0.0	81.352
r_cellulase|Pirfi3|580333	1190303	0.0	80.305
r_cellulase|Pirfi3|414561	108620	0.0	82.803
r_cellulase|Pirfi3|414561	108620	3.01e-05	54.545
r_cellulase|Pirfi3|66541	1197023	0.0	86.300
r_cellulase|Pirfi3|318558	1179678	0.0	79.061
r_cellulase|Pirfi3|318558	1179678	0.0	79.061
r_cellulase|Pirfi3|131965	111956	0.0	83.509
r_cellulase|Pirfi3|408244	932163	0.0	76.712
r_cellulase|Pirfi3|305430	922908	0.0	82.565
r_cellulase|Pirfi3|338687	905164	0.0	79.771
r_cellulase|Pirfi3|582545	932362	1.84e-166	78.779
r_cellulase|Pirfi3|353029	1193116	0.0	79.727
r_cellulase|Pirfi3|580498	896226	0.0	79.850
FA140ACPHi|Pirfi3|83739	1206811	0.0	89.588
FA180ACPH|Pirfi3|83739	1206811	0.0	89.588
ACODA|Pirfi3|580661	1125434	0.0	71.744
OPMEACPD|Pirfi3|83739	1206811	0.0	89.588
3HAD40|Pirfi3|83739	1206811	0.0	89.588
FASC200ACP|Pirfi3|83739	1206811	0.0	89.588
3HAD120|Pirfi3|83739	1206811	0.0	89.588
3HAD80|Pirfi3|83739	1206811	0.0	89.588
3HAD100|Pirfi3|83739	1206811	0.0	89.588
LYSDC|Pirfi3|179495	1199706	9.35e-153	58.427
LYSDC|Pirfi3|346512	1139080	0.0	55.363
LYSDC|Pirfi3|444092	3170	2.79e-20	39.552
LYSDC|Pirfi3|360677	1007875	1.68e-169	56.513
ACOATA|Pirfi3|411080	157600	0.0	85.847
ACOATA|Pirfi3|411080	157600	1.15e-50	68.927
ACOATA|Pirfi3|411080	157600	1.06e-49	68.927
ACOATA|Pirfi3|411080	157600	7.15e-49	69.318
ACOATA|Pirfi3|411080	157600	9.68e-49	69.231
ACOATA|Pirfi3|411080	157600	2.61e-48	68.750
ACOATA|Pirfi3|411080	157600	5.15e-45	66.667
ACOATA|Pirfi3|411080	157600	8.65e-19	58.571
3OAR80|PirE2|38102	1206811	0.0	91.136
3OAR80|PirE2|38102	1206811	0.0	88.632
GLUK_syn|PirE2|45058	1113802	0.0	92.890
GLYAT|PirE2|62926	1269451	1.69e-145	62.983
r_xylanase|PirE2|12369	1108887	0.0	58.171
r_xylanase|PirE2|59545	1280003	0.0	52.482
r_xylanase|PirE2|16901	325724	8.18e-107	31.533
r_xylanase|PirE2|16901	325724	1.20e-06	45.455
r_xylanase|PirE2|16901	325724	3.62e-04	41.304
r_xylanase|PirE2|16901	325724	4.70e-04	45.652
r_xylanase|PirE2|15797	1022631	5.18e-138	51.750
r_xylanase|PirE2|62580	77901	0.0	43.485
r_xylanase|PirE2|62580	77901	2.61e-60	40.271
r_xylanase|PirE2|62778	998009	0.0	53.467
r_xylanase|PirE2|63698	1232881	0.0	70.938
r_xylanase|PirE2|13154	1025239	3.35e-107	37.794
r_xylanase|PirE2|13099	1273244	1.78e-43	41.063
r_xylanase|PirE2|18213	932004	0.0	75.208
r_xylanase|PirE2|11543	1169063	1.03e-39	30.717
r_xylanase|PirE2|12903	1276224	2.20e-73	36.049
r_xylanase|PirE2|69430	1177503	1.65e-06	26.389
r_xylanase|PirE2|67419	541196	2.02e-12	25.234
r_xylanase|PirE2|65349	1200602	1.56e-06	95.238
r_xylanase|PirE2|69887	1051953	0.0	49.647
r_xylanase|PirE2|56944	1076419	3.09e-100	54.777
r_xylanase|PirE2|15662	1125018	4.86e-69	39.947
r_xylanase|PirE2|60383	1180661	1.23e-119	90.110
r_xylanase|PirE2|44046	1267035	0.0	72.144
r_xylanase|PirE2|44046	1267035	2.16e-127	84.000
r_xylanase|PirE2|69766	1266607	1.26e-06	41.475
r_xylanase|PirE2|69766	1266607	1.43e-06	42.927
r_xylanase|PirE2|69766	1266607	3.17e-06	35.938
r_xylanase|PirE2|69766	1266607	6.67e-06	42.105
r_xylanase|PirE2|69766	1266607	1.43e-04	39.604
r_xylanase|PirE2|20774	1045051	5.69e-92	55.978
r_xylanase|PirE2|70000	1042041	2.96e-56	28.030
r_xylanase|PirE2|70000	1042041	5.04e-43	26.904
r_xylanase|PirE2|70000	1042041	4.16e-24	24.606
r_xylanase|PirE2|70000	1042041	1.38e-18	23.434
r_xylanase|PirE2|70000	1042041	7.96e-11	24.638
r_xylanase|PirE2|70000	1042041	1.10e-10	34.783
r_xylanase|PirE2|70000	1042041	0.039	27.734
r_xylanase|PirE2|20231	1054572	0.0	68.638
r_xylanase|PirE2|65248	1079460	3.99e-20	26.055
r_xylanase|PirE2|65248	1079460	1.09e-18	23.448
r_xylanase|PirE2|65248	1079460	1.24e-10	22.407
r_xylanase|PirE2|65248	1079460	5.14e-10	23.655
r_xylanase|PirE2|65248	1079460	1.75e-07	24.407
r_xylanase|PirE2|65248	1079460	1.37e-06	25.704
r_xylanase|PirE2|65248	1079460	6.23e-04	23.779
r_xylanase|PirE2|65248	1079460	0.097	23.171
r_R01500|PirE2|8694	357192	2.31e-145	55.256
TMDK1|PirE2|3014	1191578	0.046	38.636
FFSD|PirE2|15666	926111	6.23e-49	31.673
MI145PP|PirE2|1378	1269691	0.0	72.634
MI145PP|PirE2|68708	1202115	0.0	70.728
MI145PP|PirE2|37867	1197327	0.0	73.730
BILIRBU|PirE2|12016	1134204	0.0	74.805
ARAI|PirE2|21637	1031137	0.0	87.884
ARAI|PirE2|43585	933546	7.07e-62	29.932
ARAI|PirE2|29267	1072308	0.0	63.043
ARAI|PirE2|16510	1035028	5.26e-177	53.503
ARAI|PirE2|57453	1072308	0.0	77.535
ARAI|PirE2|20612	908964	0.0	75.692
ARAI|PirE2|47016	912347	3.72e-162	48.017
ARAI|PirE2|20524	1196173	0.0	68.952
ARAI|PirE2|34666	538360	0.0	79.839
OPMEACPR|PirE2|38102	1206811	0.0	91.136
OPMEACPR|PirE2|38102	1206811	0.0	88.632
INDPYRD|PirE2|64921	1281718	4.61e-147	63.218
PYDXOR|PirE2|40675	995807	0.0	83.686
3OAR100|PirE2|38102	1206811	0.0	91.136
3OAR100|PirE2|38102	1206811	0.0	88.632
DHAK|PirE2|3014	1191578	0.046	38.636
ARAT|PirE2|21743	897618	1.14e-147	80.556
3OAR60|PirE2|38102	1206811	0.0	91.136
3OAR60|PirE2|38102	1206811	0.0	88.632
ACS2|PirE2|14185	1223840	0.0	40.852
ACS2|PirE2|14185	1223840	0.0	40.137
ACS2|PirE2|14185	1223840	0.0	40.255
ACS2|PirE2|14185	1223840	0.0	38.583
ACS2|PirE2|14185	1223840	0.0	40.234
ACS2|PirE2|14185	1223840	0.0	39.084
ACS2|PirE2|14185	1223840	0.0	39.865
ACS2|PirE2|14185	1223840	0.0	38.169
ACS2|PirE2|14185	1223840	0.0	39.845
ACS2|PirE2|14185	1223840	0.0	39.591
ACS2|PirE2|14185	1223840	0.0	38.425
ACS2|PirE2|14185	1223840	0.0	41.126
ACS2|PirE2|14185	1223840	5.33e-111	37.500
ACS2|PirE2|14185	1223840	7.00e-24	29.918
ACS2|PirE2|14185	1223840	0.072	33.333
ACS2|PirE2|7101	1223840	0.0	38.289
ACS2|PirE2|7101	1223840	0.0	36.612
ACS2|PirE2|7101	1223840	0.0	36.047
ACS2|PirE2|7101	1223840	0.0	36.093
ACS2|PirE2|7101	1223840	0.0	36.214
ACS2|PirE2|7101	1223840	0.0	35.537
ACS2|PirE2|7101	1223840	0.0	35.974
ACS2|PirE2|7101	1223840	0.0	35.314
ACS2|PirE2|7101	1223840	0.0	35.532
ACS2|PirE2|7101	1223840	0.0	35.561
ACS2|PirE2|7101	1223840	0.0	33.686
ACS2|PirE2|7101	1223840	2.66e-118	45.908
ACS2|PirE2|7101	1223840	2.57e-105	32.913
ACS2|PirE2|7101	1223840	8.86e-64	29.257
ACS2|PirE2|7101	1223840	4.49e-18	23.869
ACS2|PirE2|7101	1223840	2.08e-05	34.667
ACS2|PirE2|19080	1223840	0.0	52.354
ACS2|PirE2|19080	1223840	0.0	51.557
ACS2|PirE2|19080	1223840	0.0	50.685
ACS2|PirE2|19080	1223840	0.0	50.400
ACS2|PirE2|19080	1223840	0.0	49.714
ACS2|PirE2|19080	1223840	0.0	50.634
ACS2|PirE2|19080	1223840	0.0	49.255
ACS2|PirE2|19080	1223840	0.0	49.943
ACS2|PirE2|19080	1223840	0.0	46.575
ACS2|PirE2|19080	1223840	0.0	48.692
ACS2|PirE2|19080	1223840	0.0	47.526
ACS2|PirE2|19080	1223840	0.0	46.538
ACS2|PirE2|19080	1223840	7.28e-114	35.151
ACS2|PirE2|19080	1223840	8.57e-08	30.000
ACS2|PirE2|19080	1223840	3.60e-06	39.437
ACS2|PirE2|8019	1141712	1.03e-173	85.714
ACS2|PirE2|19411	1223840	0.0	48.936
ACS2|PirE2|19411	1223840	0.0	51.196
ACS2|PirE2|19411	1223840	0.0	48.706
ACS2|PirE2|19411	1223840	1.58e-178	48.632
ACS2|PirE2|19411	1223840	3.64e-178	48.710
ACS2|PirE2|19411	1223840	8.74e-178	49.017
ACS2|PirE2|19411	1223840	1.20e-166	45.909
ACS2|PirE2|19411	1223840	1.89e-166	46.061
ACS2|PirE2|19411	1223840	2.70e-166	46.246
ACS2|PirE2|19411	1223840	6.37e-154	45.127
ACS2|PirE2|19411	1223840	1.28e-149	42.814
ACS2|PirE2|19411	1223840	4.28e-147	50.382
ACS2|PirE2|19411	1223840	9.76e-115	34.887
ACS2|PirE2|19411	1223840	8.59e-08	46.377
ACS2|PirE2|19411	1223840	9.32e-07	38.028
ACS2|PirE2|3964	1277286	7.22e-134	52.874
ACS2|PirE2|3964	1277286	6.32e-122	47.516
ACS2|PirE2|3964	1277286	1.94e-117	45.259
ACS2|PirE2|3964	1277286	7.52e-116	47.545
ACS2|PirE2|3964	1277286	5.46e-115	47.321
ACS2|PirE2|3964	1277286	2.45e-114	46.889
ACS2|PirE2|3964	1277286	1.64e-112	46.652
ACS2|PirE2|3964	1277286	4.36e-110	45.770
ACS2|PirE2|3964	1277286	4.02e-109	46.652
ACS2|PirE2|3964	1277286	5.24e-105	43.469
ACS2|PirE2|3964	1277286	2.66e-47	29.978
ME1|PirE2|20452	1088090	0.0	87.884
3OAR160|PirE2|38102	1206811	0.0	91.136
3OAR160|PirE2|38102	1206811	0.0	88.632
NTRLASE|PirE2|63972	1177101	7.06e-153	76.336
EX_ca2_e|PirE2|66426	924160	0.0	75.816
EX_ca2_e|PirE2|68207	1046586	0.0	87.665
EX_ca2_e|PirE2|21450	1038239	0.0	84.159
EX_ca2_e|PirE2|19856	1271994	0.0	87.731
EX_ca2_e|PirE2|22887	565950	0.0	85.676
EX_ca2_e|PirE2|64041	1059700	0.0	85.872
3OAR40|PirE2|38102	1206811	0.0	91.136
3OAR40|PirE2|38102	1206811	0.0	88.632
r_cellulase|PirE2|51495	905164	0.0	79.087
r_cellulase|PirE2|28950	932362	2.21e-129	78.899
r_cellulase|PirE2|46068	896226	0.0	81.876
r_cellulase|PirE2|41122	915356	0.0	78.549
r_cellulase|PirE2|16243	922902	0.0	79.184
r_cellulase|PirE2|4644	896226	0.0	71.672
r_cellulase|PirE2|18503	1096015	0.0	89.726
r_cellulase|PirE2|18503	1096015	0.0	89.680
r_cellulase|PirE2|18503	1096015	2.33e-41	97.333
r_cellulase|PirE2|51652	922908	0.0	82.973
r_cellulase|PirE2|43263	1193591	0.0	94.536
r_cellulase|PirE2|17473	932163	0.0	78.129
r_cellulase|PirE2|6172	922630	5.30e-177	66.000
r_cellulase|PirE2|40867	1179678	0.0	78.454
r_cellulase|PirE2|40867	1179678	0.0	78.454
r_cellulase|PirE2|49206	924171	3.32e-151	87.391
r_cellulase|PirE2|7990	1197023	0.0	92.650
r_cellulase|PirE2|7990	1197023	3.45e-09	58.140
r_cellulase|PirE2|43644	896226	0.0	72.314
r_cellulase|PirE2|67746	926155	0.0	82.307
r_cellulase|PirE2|19014	926155	0.0	81.758
r_cellulase|PirE2|39405	607154	0.0	74.576
r_cellulase|PirE2|42118	1274739	0.0	83.705
r_cellulase|PirE2|20181	1190303	0.0	80.332
ACODA|PirE2|58798	1125434	0.0	72.026
3OAR120|PirE2|38102	1206811	0.0	91.136
3OAR120|PirE2|38102	1206811	0.0	88.632
UDPGNP|PirE2|12016	1134204	0.0	74.805
3OAR140|PirE2|38102	1206811	0.0	91.136
3OAR140|PirE2|38102	1206811	0.0	88.632
DURIK1|PirE2|3014	1191578	0.046	38.636
3OAR180|PirE2|38102	1206811	0.0	91.136
3OAR180|PirE2|38102	1206811	0.0	88.632
RAFH|PirE2|15666	926111	6.23e-49	31.673
LYSDC|PirE2|12265	1270773	0.0	42.620
LYSDC|PirE2|60474	1123775	3.91e-124	38.313
LYSDC|PirE2|11144	1107763	0.0	80.973
LYSDC|PirE2|61668	1271538	0.0	65.840
LYSDC|PirE2|13300	1139075	2.98e-128	47.773
LYSDC|PirE2|5796	1139075	1.63e-99	43.145
LYSDC|PirE2|18125	1280228	2.12e-55	39.564
LYSDC|PirE2|6841	1284253	2.80e-177	37.465
LYSDC|PirE2|6841	1284253	2.32e-167	37.610
LYSDC|PirE2|6841	1284253	1.28e-163	36.742
LYSDC|PirE2|6841	1284253	7.06e-158	35.836
LYSDC|PirE2|6841	1284253	8.35e-153	35.682
LYSDC|PirE2|6841	1284253	1.07e-126	34.198
LYSDC|PirE2|6841	1284253	1.17e-87	37.757
LYSDC|PirE2|6841	1284253	6.77e-82	31.134
LYSDC|PirE2|6841	1284253	1.44e-67	37.624
LYSDC|PirE2|17026	13716	6.70e-141	31.447
LYSDC|PirE2|17026	13716	1.79e-138	29.573
LYSDC|PirE2|17026	13716	1.55e-118	33.595
LYSDC|PirE2|17026	13716	7.48e-75	28.526
LYSDC|PirE2|56958	1139072	1.93e-40	50.370
LYSDC|PirE2|56958	1139072	1.72e-16	52.326
LYSDC|PirE2|5053	90842	1.40e-78	39.474
LYSDC|PirE2|2541	1122845	4.74e-49	48.889
LYSDC|PirE2|5495	7833	6.90e-44	43.913
LYSDC|PirE2|2942	1282760	0.0	78.635
LYSDC|PirE2|2942	1282760	3.19e-31	42.211
LYSDC|PirE2|16116	1284253	5.39e-159	42.711
LYSDC|PirE2|16116	1284253	5.67e-148	39.927
LYSDC|PirE2|16116	1284253	6.79e-135	41.307
LYSDC|PirE2|16116	1284253	6.87e-123	35.345
LYSDC|PirE2|16116	1284253	7.87e-118	35.913
LYSDC|PirE2|16116	1284253	5.37e-108	37.328
LYSDC|PirE2|16116	1284253	5.29e-77	32.669
LYSDC|PirE2|16116	1284253	1.97e-73	42.697
3HAD180|Orpsp1|1178294	912509	0.0	93.488
GLYAT|Orpsp1|1180388	1269451	4.88e-145	73.401
GLYAT|Orpsp1|1184156	1269451	7.30e-177	72.652
r_xylanase|Orpsp1|1189333	77901	0.0	47.694
r_xylanase|Orpsp1|1185857	394714	0.0	68.182
r_xylanase|Orpsp1|1189091	1234219	0.0	70.374
r_xylanase|Orpsp1|1189091	1234219	4.00e-18	65.672
r_xylanase|Orpsp1|1180567	903612	2.55e-72	46.199
r_xylanase|Orpsp1|1180567	903612	1.02e-36	61.622
r_xylanase|Orpsp1|1180567	903612	6.66e-27	61.184
r_xylanase|Orpsp1|1178405	1244394	2.44e-158	67.877
r_xylanase|Orpsp1|1178405	1244394	2.92e-157	67.598
r_xylanase|Orpsp1|1178405	1244394	1.27e-156	67.318
r_xylanase|Orpsp1|1178405	1244394	1.27e-156	67.318
r_xylanase|Orpsp1|1178405	1244394	2.25e-156	63.265
r_xylanase|Orpsp1|1178405	1244394	2.71e-156	67.039
r_xylanase|Orpsp1|1178405	1244394	6.96e-156	66.760
r_xylanase|Orpsp1|1178405	1244394	1.59e-155	66.760
r_xylanase|Orpsp1|1178405	1244394	2.41e-155	66.760
r_xylanase|Orpsp1|1178405	1244394	5.12e-153	66.201
r_xylanase|Orpsp1|1178405	1244394	6.62e-93	75.130
r_xylanase|Orpsp1|1178405	1244394	3.09e-33	52.344
r_xylanase|Orpsp1|1179610	1163517	0.0	89.840
r_xylanase|Orpsp1|1179820	1153829	0.0	69.586
r_xylanase|Orpsp1|1174388	932961	0.0	80.952
r_xylanase|Orpsp1|1174388	932961	7.86e-162	66.923
r_xylanase|Orpsp1|1183673	115356	1.97e-46	51.590
r_xylanase|Orpsp1|1175866	1045051	0.0	70.849
r_xylanase|Orpsp1|1189284	1099932	0.0	54.724
r_xylanase|Orpsp1|1179286	1223047	0.0	33.608
r_xylanase|Orpsp1|1179286	1223047	1.79e-05	26.699
r_xylanase|Orpsp1|1179286	1223047	0.013	22.596
r_xylanase|Orpsp1|1188320	583858	5.10e-86	45.652
r_xylanase|Orpsp1|1183738	1273615	1.02e-37	32.252
r_xylanase|Orpsp1|1183738	1273615	1.29e-23	31.172
r_xylanase|Orpsp1|1183738	1273615	4.60e-06	28.782
r_xylanase|Orpsp1|1183738	1273615	4.17e-05	25.207
r_xylanase|Orpsp1|1183738	1273615	0.003	22.654
r_xylanase|Orpsp1|1185140	1223047	0.0	32.397
r_xylanase|Orpsp1|1185140	1223047	2.64e-18	22.048
r_xylanase|Orpsp1|1185140	1223047	8.66e-05	24.668
r_xylanase|Orpsp1|1185140	1223047	2.27e-04	23.674
r_xylanase|Orpsp1|1174332	1206016	1.61e-64	68.790
r_xylanase|Orpsp1|1190100	1108887	0.0	57.647
r_xylanase|Orpsp1|1185834	1134563	3.09e-42	36.406
r_xylanase|Orpsp1|1185834	1134563	1.58e-34	36.199
r_xylanase|Orpsp1|1185834	1134563	2.41e-32	34.259
r_xylanase|Orpsp1|1185834	1134563	1.32e-16	33.540
r_xylanase|Orpsp1|1174400	1167750	0.0	68.269
r_xylanase|Orpsp1|1183128	1167750	0.0	68.269
r_xylanase|Orpsp1|1180265	1206265	0.0	69.521
FFSD|Orpsp1|1175963	1196472	3.00e-51	31.412
OGMEACPD|Orpsp1|1178294	912509	0.0	93.488
3HAD60|Orpsp1|1178294	912509	0.0	93.488
3HAD140|Orpsp1|1178294	912509	0.0	93.488
MITKP|Orpsp1|1180750	1058568	0.0	76.351
MI145PP|Orpsp1|1183976	25020	0.0	64.865
MI145PP|Orpsp1|1180183	1202115	0.0	79.860
MI145PP|Orpsp1|1181825	1269691	0.0	68.609
BILIRBU|Orpsp1|1176234	1134204	0.0	76.684
ARAI|Orpsp1|1192744	1208324	0.0	75.810
ARAI|Orpsp1|1187392	1207071	0.0	86.965
ARAI|Orpsp1|1188744	993812	0.0	75.930
ARAI|Orpsp1|1182993	1031137	0.0	88.566
ARAI|Orpsp1|1180123	1275078	0.0	86.215
ARAI|Orpsp1|1192901	538360	3.43e-160	44.508
ARAI|Orpsp1|1185733	1072308	0.0	64.583
ARAI|Orpsp1|1176381	1278235	2.66e-164	57.500
ARAI|Orpsp1|1176381	1278235	2.75e-19	50.000
ARAI|Orpsp1|1189152	1063595	0.0	83.235
ARAI|Orpsp1|1183023	1275078	0.0	85.885
ARAI|Orpsp1|1184653	1063595	0.0	77.806
ARAI|Orpsp1|1187279	1039142	2.77e-118	35.040
ARAI|Orpsp1|1187272	64635	1.02e-136	49.219
ARAI|Orpsp1|1176908	1204061	6.19e-177	49.016
ARAI|Orpsp1|1178130	538360	2.10e-151	50.000
3HAD160|Orpsp1|1178294	912509	0.0	93.488
FA160ACPHi|Orpsp1|1178294	912509	0.0	93.488
INDPYRD|Orpsp1|1187773	1284490	0.0	94.022
ACS2|Orpsp1|1178182	1223840	6.01e-128	39.260
ACS2|Orpsp1|1178182	1223840	6.93e-122	38.617
ACS2|Orpsp1|1178182	1223840	8.42e-121	40.264
ACS2|Orpsp1|1178182	1223840	1.50e-118	36.402
ACS2|Orpsp1|1178182	1223840	1.06e-117	37.048
ACS2|Orpsp1|1178182	1223840	1.65e-111	38.277
ACS2|Orpsp1|1178182	1223840	8.21e-111	36.494
ACS2|Orpsp1|1178182	1223840	2.74e-110	36.415
ACS2|Orpsp1|1178182	1223840	4.66e-109	35.765
ACS2|Orpsp1|1178182	1223840	2.24e-106	36.467
ACS2|Orpsp1|1178182	1223840	1.27e-94	34.900
ACS2|Orpsp1|1178182	1223840	6.43e-86	34.175
ACS2|Orpsp1|1178182	1223840	1.29e-31	30.588
ACS2|Orpsp1|1178182	1223840	7.67e-16	27.000
ACS2|Orpsp1|1187345	1223840	1.01e-153	44.838
ACS2|Orpsp1|1187345	1223840	1.06e-152	44.395
ACS2|Orpsp1|1187345	1223840	2.19e-147	43.888
ACS2|Orpsp1|1187345	1223840	3.60e-143	42.711
ACS2|Orpsp1|1187345	1223840	2.99e-142	43.001
ACS2|Orpsp1|1187345	1223840	3.05e-137	44.222
ACS2|Orpsp1|1187345	1223840	6.45e-135	40.441
ACS2|Orpsp1|1187345	1223840	1.50e-132	42.291
ACS2|Orpsp1|1187345	1223840	3.42e-132	41.679
ACS2|Orpsp1|1187345	1223840	2.00e-128	41.279
ACS2|Orpsp1|1187345	1223840	3.16e-128	39.884
ACS2|Orpsp1|1187345	1223840	1.45e-110	44.234
ACS2|Orpsp1|1187345	1223840	2.59e-36	32.258
ACS2|Orpsp1|1187345	1223840	7.42e-25	28.819
ACS2|Orpsp1|1187345	1223840	0.005	31.169
ACS2|Orpsp1|1174504	1252257	2.02e-110	36.240
ACS2|Orpsp1|1174504	1252257	7.42e-110	32.823
ACS2|Orpsp1|1174504	1252257	9.98e-105	33.247
ACS2|Orpsp1|1174504	1252257	1.30e-104	33.677
ACS2|Orpsp1|1174504	1252257	1.35e-104	33.808
ACS2|Orpsp1|1174504	1252257	2.16e-103	32.987
ACS2|Orpsp1|1174504	1252257	2.99e-102	33.241
ACS2|Orpsp1|1174504	1252257	3.36e-101	33.743
ACS2|Orpsp1|1174504	1252257	1.65e-98	33.288
ACS2|Orpsp1|1174504	1252257	1.75e-98	31.856
ACS2|Orpsp1|1174504	1252257	9.72e-37	26.598
ACS2|Orpsp1|1179173	1223840	1.39e-114	44.423
ACS2|Orpsp1|1179173	1223840	1.21e-113	44.231
ACS2|Orpsp1|1179173	1223840	6.46e-107	43.212
ACS2|Orpsp1|1179173	1223840	4.46e-106	42.337
ACS2|Orpsp1|1179173	1223840	9.17e-101	43.585
ACS2|Orpsp1|1179173	1223840	5.47e-100	41.553
ACS2|Orpsp1|1179173	1223840	1.64e-97	40.837
ACS2|Orpsp1|1179173	1223840	2.24e-96	39.429
ACS2|Orpsp1|1179173	1223840	7.80e-94	40.270
ACS2|Orpsp1|1179173	1223840	2.66e-92	41.865
ACS2|Orpsp1|1179173	1223840	2.52e-85	39.181
ACS2|Orpsp1|1179173	1223840	3.28e-84	39.641
ACS2|Orpsp1|1179173	1223840	4.23e-21	28.405
ACS2|Orpsp1|1179173	1223840	1.84e-12	32.903
ACS2|Orpsp1|1188561	1223840	0.0	47.485
ACS2|Orpsp1|1188561	1223840	0.0	47.602
ACS2|Orpsp1|1188561	1223840	0.0	48.113
ACS2|Orpsp1|1188561	1223840	0.0	46.073
ACS2|Orpsp1|1188561	1223840	0.0	46.809
ACS2|Orpsp1|1188561	1223840	0.0	46.699
ACS2|Orpsp1|1188561	1223840	0.0	44.653
ACS2|Orpsp1|1188561	1223840	0.0	43.688
ACS2|Orpsp1|1188561	1223840	0.0	45.294
ACS2|Orpsp1|1188561	1223840	2.53e-178	43.126
ACS2|Orpsp1|1188561	1223840	7.44e-177	42.254
ACS2|Orpsp1|1188561	1223840	2.75e-174	42.773
ACS2|Orpsp1|1188561	1223840	1.64e-66	33.210
ACS2|Orpsp1|1188561	1223840	9.40e-22	31.950
ACS2|Orpsp1|1188561	1223840	0.026	32.857
ACS2|Orpsp1|1180870	1223840	0.0	48.508
ACS2|Orpsp1|1180870	1223840	0.0	49.157
ACS2|Orpsp1|1180870	1223840	0.0	48.768
ACS2|Orpsp1|1180870	1223840	0.0	47.098
ACS2|Orpsp1|1180870	1223840	0.0	48.450
ACS2|Orpsp1|1180870	1223840	0.0	48.191
ACS2|Orpsp1|1180870	1223840	0.0	47.280
ACS2|Orpsp1|1180870	1223840	0.0	47.150
ACS2|Orpsp1|1180870	1223840	0.0	46.968
ACS2|Orpsp1|1180870	1223840	0.0	45.548
ACS2|Orpsp1|1180870	1223840	8.45e-169	43.717
ACS2|Orpsp1|1180870	1223840	7.73e-166	43.450
ACS2|Orpsp1|1180870	1223840	6.67e-125	35.173
ACS2|Orpsp1|1176430	1223840	8.02e-159	46.479
ACS2|Orpsp1|1176430	1223840	3.29e-157	45.514
ACS2|Orpsp1|1176430	1223840	3.99e-148	41.656
ACS2|Orpsp1|1176430	1223840	1.23e-144	42.653
ACS2|Orpsp1|1176430	1223840	7.66e-129	40.548
ACS2|Orpsp1|1176430	1223840	2.58e-92	55.723
ACS2|Orpsp1|1176430	1223840	1.64e-86	53.776
ACS2|Orpsp1|1176430	1223840	1.67e-86	53.474
ACS2|Orpsp1|1176430	1223840	3.91e-82	52.000
ACS2|Orpsp1|1176430	1223840	7.39e-76	51.051
ACS2|Orpsp1|1176430	1223840	2.64e-75	48.943
ACS2|Orpsp1|1176430	1223840	4.76e-73	47.273
ACS2|Orpsp1|1176430	1223840	7.55e-73	44.444
ACS2|Orpsp1|1176430	1223840	3.44e-66	43.443
ACS2|Orpsp1|1176430	1223840	1.44e-64	43.316
ACS2|Orpsp1|1176430	1223840	1.01e-61	31.947
ACS2|Orpsp1|1176430	1223840	4.78e-31	33.333
ACS2|Orpsp1|1176430	1223840	5.56e-24	29.345
ACS2|Orpsp1|1176430	1223840	2.47e-23	28.571
ACS2|Orpsp1|1176430	1223840	3.76e-23	28.022
ACS2|Orpsp1|1176430	1223840	3.76e-23	28.022
ACS2|Orpsp1|1176430	1223840	5.23e-23	28.297
ACS2|Orpsp1|1176430	1223840	7.40e-23	28.297
ACS2|Orpsp1|1176430	1223840	2.36e-22	28.297
ACS2|Orpsp1|1176430	1223840	8.46e-22	27.945
ACS2|Orpsp1|1176430	1223840	9.13e-22	29.446
ACS2|Orpsp1|1176430	1223840	5.96e-15	25.378
ACS2|Orpsp1|1176430	1223840	4.19e-13	26.531
ACS2|Orpsp1|1176430	1223840	2.03e-12	24.926
ACS2|Orpsp1|1176430	1223840	8.46e-09	33.908
ACS2|Orpsp1|1187077	1223840	0.0	47.222
ACS2|Orpsp1|1187077	1223840	0.0	46.844
ACS2|Orpsp1|1187077	1223840	0.0	47.778
ACS2|Orpsp1|1187077	1223840	0.0	47.143
ACS2|Orpsp1|1187077	1223840	0.0	45.645
ACS2|Orpsp1|1187077	1223840	0.0	45.949
ACS2|Orpsp1|1187077	1223840	0.0	45.304
ACS2|Orpsp1|1187077	1223840	0.0	44.000
ACS2|Orpsp1|1187077	1223840	0.0	43.300
ACS2|Orpsp1|1187077	1223840	0.0	43.333
ACS2|Orpsp1|1187077	1223840	0.0	43.854
ACS2|Orpsp1|1187077	1223840	0.0	44.568
ACS2|Orpsp1|1187077	1223840	3.70e-72	32.156
ACS2|Orpsp1|1187077	1223840	3.34e-31	32.722
ACS2|Orpsp1|1187077	1223840	3.83e-05	34.375
ACS2|Orpsp1|1182220	1223840	2.92e-99	45.119
ACS2|Orpsp1|1182220	1223840	3.08e-97	44.469
ACS2|Orpsp1|1182220	1223840	3.26e-91	42.576
ACS2|Orpsp1|1182220	1223840	2.14e-89	42.949
ACS2|Orpsp1|1182220	1223840	6.95e-88	41.575
ACS2|Orpsp1|1182220	1223840	9.52e-87	39.479
ACS2|Orpsp1|1182220	1223840	7.32e-85	39.693
ACS2|Orpsp1|1182220	1223840	1.83e-83	41.176
ACS2|Orpsp1|1182220	1223840	1.34e-82	41.892
ACS2|Orpsp1|1182220	1223840	2.32e-80	39.309
ACS2|Orpsp1|1182220	1223840	2.16e-72	39.693
ACS2|Orpsp1|1182220	1223840	1.52e-57	44.918
ACS2|Orpsp1|1182220	1223840	4.34e-21	26.866
ACS2|Orpsp1|1182220	1223840	9.71e-07	38.356
ACS2|Orpsp1|1180184	1223840	0.0	48.199
ACS2|Orpsp1|1180184	1223840	0.0	48.379
ACS2|Orpsp1|1180184	1223840	0.0	47.559
ACS2|Orpsp1|1180184	1223840	0.0	48.125
ACS2|Orpsp1|1180184	1223840	0.0	47.613
ACS2|Orpsp1|1180184	1223840	0.0	47.559
ACS2|Orpsp1|1180184	1223840	0.0	44.769
ACS2|Orpsp1|1180184	1223840	0.0	46.883
ACS2|Orpsp1|1180184	1223840	0.0	47.309
ACS2|Orpsp1|1180184	1223840	0.0	46.375
ACS2|Orpsp1|1180184	1223840	1.25e-175	46.381
ACS2|Orpsp1|1180184	1223840	1.85e-166	44.025
ACS2|Orpsp1|1180184	1223840	8.67e-94	35.082
ACS2|Orpsp1|1179962	1223840	0.0	46.652
ACS2|Orpsp1|1179962	1223840	0.0	47.231
ACS2|Orpsp1|1179962	1223840	0.0	47.283
ACS2|Orpsp1|1179962	1223840	0.0	45.659
ACS2|Orpsp1|1179962	1223840	0.0	47.397
ACS2|Orpsp1|1179962	1223840	0.0	46.623
ACS2|Orpsp1|1179962	1223840	0.0	46.355
ACS2|Orpsp1|1179962	1223840	0.0	46.095
ACS2|Orpsp1|1179962	1223840	0.0	46.137
ACS2|Orpsp1|1179962	1223840	0.0	45.336
ACS2|Orpsp1|1179962	1223840	0.0	43.730
ACS2|Orpsp1|1179962	1223840	0.0	42.979
ACS2|Orpsp1|1179962	1223840	1.87e-130	35.561
ACS2|Orpsp1|1184530	1223840	5.44e-145	41.878
ACS2|Orpsp1|1184530	1223840	1.65e-139	42.297
ACS2|Orpsp1|1184530	1223840	1.04e-132	39.914
ACS2|Orpsp1|1184530	1223840	2.15e-132	38.624
ACS2|Orpsp1|1184530	1223840	2.58e-132	39.940
ACS2|Orpsp1|1184530	1223840	3.58e-132	42.121
ACS2|Orpsp1|1184530	1223840	2.94e-129	40.057
ACS2|Orpsp1|1184530	1223840	7.01e-129	38.048
ACS2|Orpsp1|1184530	1223840	3.41e-127	39.545
ACS2|Orpsp1|1184530	1223840	3.94e-123	39.076
ACS2|Orpsp1|1184530	1223840	6.30e-123	41.223
ACS2|Orpsp1|1184530	1223840	8.76e-113	38.450
ACS2|Orpsp1|1184530	1223840	8.51e-31	30.794
ACS2|Orpsp1|1184530	1223840	2.75e-21	29.433
ACS2|Orpsp1|1178902	1277286	0.0	46.308
ACS2|Orpsp1|1178902	1277286	0.0	44.889
ACS2|Orpsp1|1178902	1277286	0.0	44.947
ACS2|Orpsp1|1178902	1277286	0.0	44.444
ACS2|Orpsp1|1178902	1277286	0.0	44.585
ACS2|Orpsp1|1178902	1277286	0.0	44.304
ACS2|Orpsp1|1178902	1277286	0.0	42.155
ACS2|Orpsp1|1178902	1277286	0.0	41.916
ACS2|Orpsp1|1178902	1277286	0.0	41.298
ACS2|Orpsp1|1178902	1277286	0.0	43.347
ACS2|Orpsp1|1178902	1277286	1.58e-67	31.220
ACS2|Orpsp1|1178902	1277286	1.15e-28	32.861
ACS2|Orpsp1|1190229	1223840	1.38e-109	44.958
ACS2|Orpsp1|1190229	1223840	4.04e-108	44.538
ACS2|Orpsp1|1190229	1223840	6.93e-100	42.767
ACS2|Orpsp1|1190229	1223840	2.69e-94	45.977
ACS2|Orpsp1|1190229	1223840	5.31e-94	41.719
ACS2|Orpsp1|1190229	1223840	2.66e-93	41.667
ACS2|Orpsp1|1190229	1223840	9.11e-90	39.749
ACS2|Orpsp1|1190229	1223840	2.88e-86	39.832
ACS2|Orpsp1|1190229	1223840	5.49e-85	41.138
ACS2|Orpsp1|1190229	1223840	3.51e-78	37.190
ACS2|Orpsp1|1190229	1223840	9.30e-75	39.579
ACS2|Orpsp1|1190229	1223840	7.70e-62	44.224
ACS2|Orpsp1|1190229	1223840	1.48e-22	28.966
ACS2|Orpsp1|1190229	1223840	1.23e-12	41.053
ACS2|Orpsp1|1174371	1223840	0.0	43.326
ACS2|Orpsp1|1174371	1223840	0.0	43.142
ACS2|Orpsp1|1174371	1223840	0.0	42.249
ACS2|Orpsp1|1174371	1223840	0.0	42.058
ACS2|Orpsp1|1174371	1223840	0.0	42.558
ACS2|Orpsp1|1174371	1223840	0.0	41.594
ACS2|Orpsp1|1174371	1223840	0.0	41.914
ACS2|Orpsp1|1174371	1223840	0.0	41.158
ACS2|Orpsp1|1174371	1223840	0.0	39.155
ACS2|Orpsp1|1174371	1223840	0.0	41.975
ACS2|Orpsp1|1174371	1223840	1.20e-178	41.063
ACS2|Orpsp1|1174371	1223840	1.06e-172	40.400
ACS2|Orpsp1|1174371	1223840	4.29e-89	31.772
ACS2|Orpsp1|1174371	1223840	9.44e-07	26.984
ACS2|Orpsp1|1174371	1223840	0.002	30.000
ACS2|Orpsp1|1186776	1223840	2.97e-136	48.387
ACS2|Orpsp1|1186776	1223840	1.60e-135	48.577
ACS2|Orpsp1|1186776	1223840	1.12e-127	48.582
ACS2|Orpsp1|1186776	1223840	1.01e-121	47.477
ACS2|Orpsp1|1186776	1223840	3.44e-121	46.226
ACS2|Orpsp1|1186776	1223840	5.75e-119	46.591
ACS2|Orpsp1|1186776	1223840	7.87e-116	42.992
ACS2|Orpsp1|1186776	1223840	4.79e-114	44.382
ACS2|Orpsp1|1186776	1223840	4.62e-111	45.180
ACS2|Orpsp1|1186776	1223840	7.03e-107	44.278
ACS2|Orpsp1|1186776	1223840	2.38e-106	42.056
ACS2|Orpsp1|1186776	1223840	2.08e-72	47.546
ACS2|Orpsp1|1186776	1223840	1.08e-30	29.348
ACS2|Orpsp1|1186776	1223840	3.11e-25	48.855
EX_ca2_e|Orpsp1|1175854	1071166	0.0	90.389
EX_ca2_e|Orpsp1|1183080	892178	0.0	87.975
EX_ca2_e|Orpsp1|1177555	892178	0.0	88.656
EX_ca2_e|Orpsp1|1176780	924160	0.0	88.843
EX_ca2_e|Orpsp1|1186520	1046586	0.0	92.651
EX_ca2_e|Orpsp1|1177548	565950	0.0	89.403
EX_ca2_e|Orpsp1|1185251	892178	0.0	89.750
r_cellulase|Orpsp1|1190098	1205126	0.0	84.989
r_cellulase|Orpsp1|1181446	108620	0.0	68.849
r_cellulase|Orpsp1|1175103	108620	0.0	75.112
r_cellulase|Orpsp1|1175103	108620	1.26e-04	44.186
r_cellulase|Orpsp1|1182381	1278173	0.0	86.472
r_cellulase|Orpsp1|1182381	1278173	9.94e-07	63.636
r_cellulase|Orpsp1|1181857	924171	0.0	86.503
r_cellulase|Orpsp1|1183575	932163	0.0	86.688
r_cellulase|Orpsp1|1179202	896226	3.69e-177	70.637
r_cellulase|Orpsp1|1179202	896226	1.03e-97	65.909
r_cellulase|Orpsp1|1182044	1197023	0.0	92.389
r_cellulase|Orpsp1|1182044	1197023	7.66e-11	62.222
r_cellulase|Orpsp1|1182044	1197023	2.69e-05	51.282
r_cellulase|Orpsp1|1183432	1197023	0.0	90.608
r_cellulase|Orpsp1|1183432	1197023	3.26e-10	62.222
r_cellulase|Orpsp1|1179777	1275318	0.0	95.203
r_cellulase|Orpsp1|1183019	905164	0.0	84.937
r_cellulase|Orpsp1|1183019	905164	0.0	84.937
r_cellulase|Orpsp1|1188503	915356	0.0	66.237
r_cellulase|Orpsp1|1188503	915356	5.96e-28	47.586
r_cellulase|Orpsp1|1188503	915356	4.92e-12	50.847
r_cellulase|Orpsp1|1178301	930321	0.0	67.013
r_cellulase|Orpsp1|1177599	1179678	0.0	86.381
FA140ACPHi|Orpsp1|1178294	912509	0.0	93.488
FA180ACPH|Orpsp1|1178294	912509	0.0	93.488
OPMEACPD|Orpsp1|1178294	912509	0.0	93.488
GUAD|Orpsp1|1191004	1062152	3.36e-14	30.263
3HAD40|Orpsp1|1178294	912509	0.0	93.488
UDPGNP|Orpsp1|1187634	1074581	0.0	82.824
UDPGNP|Orpsp1|1176234	1134204	0.0	76.684
FASC200ACP|Orpsp1|1178294	912509	0.0	93.488
3HAD120|Orpsp1|1178294	912509	0.0	93.488
3HAD80|Orpsp1|1178294	912509	0.0	93.488
3HAD100|Orpsp1|1178294	912509	0.0	93.488
RAFH|Orpsp1|1175963	1196472	3.00e-51	31.412
LYSDC|Orpsp1|1184607	1205848	3.85e-37	28.435
LYSDC|Orpsp1|1189418	1011356	1.75e-80	59.924
LYSDC|Orpsp1|1189418	1011356	1.22e-07	36.975
LYSDC|Orpsp1|1189418	1011356	5.32e-05	29.412
LYSDC|Orpsp1|1191591	1240718	1.06e-25	46.774
LYSDC|Orpsp1|1174424	1099396	0.0	69.966
LYSDC|Orpsp1|1181677	1104080	0.0	77.297
LYSDC|Orpsp1|1174751	276389	3.76e-30	39.901
LYSDC|Orpsp1|1188938	1205527	4.40e-67	44.688
LYSDC|Orpsp1|1188938	1205527	3.42e-38	39.749
LYSDC|Orpsp1|1188938	1205527	1.06e-35	38.889
LYSDC|Orpsp1|1188938	1205527	6.38e-33	44.828
LYSDC|Orpsp1|1188938	1205527	1.11e-12	35.981
LYSDC|Orpsp1|1189420	1079460	3.36e-34	25.374
LYSDC|Orpsp1|1189420	1079460	1.02e-28	27.058
LYSDC|Orpsp1|1189420	1079460	1.29e-21	25.436
LYSDC|Orpsp1|1189420	1079460	2.28e-14	25.069
LYSDC|Orpsp1|1189420	1079460	3.12e-06	27.843
LYSDC|Orpsp1|1187110	1267181	7.18e-136	47.414
LYSDC|Orpsp1|1187110	1267181	8.74e-128	43.718
LYSDC|Orpsp1|1187110	1267181	7.12e-107	39.460
LYSDC|Orpsp1|1187110	1267181	2.91e-102	39.130
LYSDC|Orpsp1|1187110	1267181	2.19e-88	36.568
LYSDC|Orpsp1|1187110	1267181	2.90e-87	39.226
LYSDC|Orpsp1|1187110	1267181	3.76e-85	36.395
LYSDC|Orpsp1|1187110	1267181	3.29e-72	36.348
LYSDC|Orpsp1|1187110	1267181	2.23e-69	39.046
LYSDC|Orpsp1|1187110	1267181	3.44e-69	33.276
LYSDC|Orpsp1|1187110	1267181	4.21e-38	34.853
LYSDC|Orpsp1|1187110	1267181	2.77e-21	36.782
LYSDC|Orpsp1|1187110	1267181	1.29e-13	33.548
LYSDC|Orpsp1|1192934	1244882	9.71e-11	37.688
LYSDC|Orpsp1|1182882	1206532	7.24e-95	35.532
LYSDC|Orpsp1|1182882	1206532	1.45e-90	31.394
LYSDC|Orpsp1|1182882	1206532	2.62e-29	51.938
LYSDC|Orpsp1|1189114	1250344	5.66e-23	32.143
LYSDC|Orpsp1|1190420	991951	2.19e-100	52.785
LYSDC|Orpsp1|1182987	1042041	0.0	54.609
LYSDC|Orpsp1|1182987	1042041	2.10e-49	26.704
LYSDC|Orpsp1|1182987	1042041	4.45e-12	24.175
LYSDC|Orpsp1|1174758	1265428	3.52e-109	67.089
LYSDC|Orpsp1|1190210	1030822	2.71e-17	48.649
LYSDC|Orpsp1|1188536	1143215	4.81e-62	42.075
LYSDC|Orpsp1|1188536	1143215	2.13e-61	42.697
LYSDC|Orpsp1|1188536	1143215	2.06e-55	41.108
LYSDC|Orpsp1|1188536	1143215	5.55e-53	38.764
LYSDC|Orpsp1|1188536	1143215	7.53e-53	38.874
LYSDC|Orpsp1|1188536	1143215	4.18e-52	39.554
LYSDC|Orpsp1|1188536	1143215	2.99e-49	37.568
LYSDC|Orpsp1|1188536	1143215	3.77e-47	39.888
LYSDC|Orpsp1|1188536	1143215	2.19e-46	38.298
LYSDC|Orpsp1|1188536	1143215	1.77e-39	38.413
LYSDC|Orpsp1|1188536	1143215	4.47e-21	40.964
LYSDC|Orpsp1|1186950	1171362	3.28e-138	60.417
LYSDC|Orpsp1|1189952	229698	2.15e-22	28.779
LYSDC|Orpsp1|1189952	229698	9.14e-07	28.758
LYSDC|Orpsp1|1189481	1074559	9.09e-170	64.151
LYSDC|Orpsp1|1184570	1225049	3.40e-14	44.186
LYSDC|Orpsp1|1187236	1034220	1.06e-31	51.493
LYSDC|Orpsp1|1187236	1034220	0.036	29.600
LYSDC|Orpsp1|1181623	1250344	1.18e-34	37.946
LYSDC|Orpsp1|1181623	1250344	3.09e-05	46.875
LYSDC|Orpsp1|1184303	1122570	0.0	75.119
LYSDC|Orpsp1|1174403	1205527	6.52e-57	49.071
LYSDC|Orpsp1|1174403	1205527	1.50e-31	36.437
LYSDC|Orpsp1|1174403	1205527	3.51e-29	37.255
LYSDC|Orpsp1|1174403	1205527	5.50e-27	37.017
LYSDC|Orpsp1|1174403	1205527	3.35e-25	34.272
LYSDC|Orpsp1|1174403	1205527	1.12e-24	42.000
LYSDC|Orpsp1|1174403	1205527	5.52e-11	28.846
