sp|P0A836|SUCC_ECOLI	1647584	2.86e-119	46.530
sp|P53597|SUCA_HUMAN	1276456	3.01e-144	65.749
sp|P13086|SUCA_RAT	1276456	6.30e-145	65.749
sp|P0AGE9|SUCD_ECOLI	1276456	4.61e-111	59.727
sp|O19069|SUCA_PIG	1276456	4.15e-143	66.055
sp|Q9P2R7|SUCB1_HUMAN	1636158	0.0	60.964
sp|P36967|SUCA_DICDI	1276456	3.72e-133	64.798
sp|Q94522|SUCA_DROME	1276456	2.33e-144	68.874
sp|P68209|SUCA1_ARATH	1276456	7.94e-128	65.436
sp|P53598|SUCA_YEAST	1276456	1.09e-116	59.062
sp|Q9WUM5|SUCA_MOUSE	1276456	3.02e-143	65.443
sp|Q84LB6|SUCB_SOLLC	1636158	4.36e-143	49.642
sp|P53593|SUCC_PSEAE	1636158	4.78e-112	44.643
sp|Q8LAD2|SUCA2_ARATH	1276456	3.34e-127	65.101
sp|O82662|SUCB_ARATH	1647584	5.85e-145	51.069
sp|P53312|SUCB_YEAST	1647584	8.55e-166	56.423
sp|Q8GTQ9|SUCA1_SOLLC	1276456	4.35e-130	64.765
sp|Q9YGD2|SUCA_COLLI	1276456	4.87e-141	69.608
sp|Q9YI37|SUCB1_COLLI	1636158	0.0	60.488
sp|Q6DQL1|SUCA2_SOLLC	1276456	1.80e-127	64.646
sp|Q9Z2I9|SUCB1_MOUSE	1636158	0.0	60.000
sp|Q51567|SUCD_PSEAE	1276456	7.10e-114	62.245
sp|Q58DR8|SUCA_BOVIN	1276456	1.30e-141	65.138
sp|P53596|SUCA_CAEEL	1276456	2.48e-137	67.881
sp|Q148D5|SUCB1_BOVIN	1636158	0.0	60.482
sp|O13750|SUCA_SCHPO	1276456	1.34e-138	64.688
sp|O97580|SUCB1_PIG	1636158	0.0	60.482
sp|P53588|SUCB1_CAEEL	1647584	6.23e-171	57.421
sp|Q55AI5|SUCB1_DICDI	1647584	0.0	57.175
sp|Q6K9N6|SUCB_ORYSJ	1647584	1.40e-141	50.605
sp|B3FHP0|SUCB_BLAHN	1647584	3.51e-142	52.381
sp|P80886|SUCC_BACSU	1636158	3.79e-123	47.059
sp|Q4R517|SUCB1_MACFA	1636158	0.0	60.482
sp|P80865|SUCD_BACSU	1276456	1.52e-111	57.333
sp|O94415|SUCB_SCHPO	1636158	4.66e-167	52.668
sp|Q03184|SUCB_TRIVA	1636158	2.33e-134	50.127
sp|P9WGC7|SUCD_MYCTU	1276456	2.78e-73	45.455
sp|P9WGC5|SUCC_MYCTU	1647584	2.43e-79	36.908
sp|Q9P567|SUCB_NEUCR	1647584	0.0	59.579
sp|Q9P727|SUCA_NEUCR	1276456	6.89e-142	66.667
sp|P53401|SUCA3_TRIVA	1276456	4.28e-94	53.035
sp|Q7UKI3|SUCC_RHOBA	1647584	4.36e-106	46.036
sp|O87840|SUCC2_STRCO	1647584	2.14e-83	36.049
sp|Q6ZL94|SUCA_ORYSJ	1276456	7.12e-132	65.552
sp|Q9HPP1|SUCC_HALSA	1647584	2.37e-64	33.165
sp|P53587|SUCB_NEOFR	1636158	0.0	98.169
sp|O67546|SUCC_AQUAE	1647584	3.91e-102	42.494
sp|Q89X60|SUCC_BRADU	1647584	3.38e-123	46.819
sp|Q8EFN8|SUCC_SHEON	1647584	2.53e-110	45.153
sp|Q8A9M7|SUCC_BACTN	1636158	2.71e-90	41.129
sp|Q8ZH00|SUCC_YERPE	1647584	1.80e-119	46.530
sp|Q9RUY3|SUCC_DEIRA	1636158	4.80e-78	40.299
sp|Q9KY56|SUCC1_STRCO	1647584	3.24e-82	38.107
sp|P66869|SUCC_SALTY	1647584	8.21e-120	46.530
sp|Q74EA5|SUCC_GEOSL	1647584	9.43e-113	43.734
sp|A9WJ74|SUCC_CHLAA	1647584	2.02e-94	43.583
sp|Q9KQB5|SUCC_VIBCH	1636158	1.59e-116	46.173
sp|P45101|SUCC_HAEIN	1647584	9.88e-111	43.878
sp|Q9JZP4|SUCC_NEIMB	1636158	3.31e-113	45.685
sp|Q2FZ37|SUCC_STAA8	1647584	8.04e-120	46.292
sp|P53400|SUCA2_TRIVA	1276456	7.37e-94	52.716
sp|P53592|SUCC_COXBU	1636158	1.03e-117	45.202
sp|Q8P676|SUCC_XANCP	1647584	8.36e-125	48.718
sp|Q8F746|SUCC_LEPIN	1647584	1.65e-111	44.304
sp|B3FHT4|SUCA_BLAHN	1276456	1.78e-139	65.300
sp|P53399|SUCA1_TRIVA	1276456	2.05e-92	54.849
sp|O84828|SUCC_CHLTR	1636158	3.16e-89	39.394
sp|Q819X0|SUCC_BACCR	1636158	5.80e-124	48.849
sp|P45102|SUCD_HAEIN	1276456	1.27e-111	59.932
sp|P53591|SUCD_COXBU	1276456	3.63e-117	59.450
sp|Q57663|SUCC_METJA	1647584	1.01e-63	32.741
sp|Q58643|SUCD_METJA	1276456	6.28e-77	47.857
sp|Q8ZVF3|SUCC_PYRAE	1647584	1.24e-80	38.557
sp|O67547|SUCD_AQUAE	1276456	3.82e-97	54.895
sp|Q8NMK7|SUCC_CORGL	1647584	1.68e-78	36.973
sp|P0A838|SUCC_ECO57	1647584	2.86e-119	46.530
sp|P0A839|SUCC_SHIFL	1647584	2.86e-119	46.530
sp|P0A837|SUCC_ECOL6	1647584	2.86e-119	46.530
sp|Q5NHF3|SUCC_FRATT	1636158	9.64e-118	47.315
sp|O28732|SUCC1_ARCFU	1636158	7.31e-80	37.531
sp|P86226|SUCB1_MESAU	1636158	1.10e-59	37.602
sp|Q883Z4|SUCC_PSESM	1636158	4.53e-112	45.153
sp|Q8KFE7|SUCC_CHLTE	1636158	7.94e-117	46.939
sp|A0R3M4|SUCC_MYCS2	1647584	2.24e-78	36.658
sp|Q8UC60|SUCC_AGRFC	1647584	3.68e-117	46.465
sp|Q9Z5H8|SUCC_MYCLE	1647584	2.73e-73	35.961
sp|A4XV90|SUCC_PSEMY	1636158	1.41e-114	45.408
sp|C5C916|SUCC_MICLC	1647584	5.06e-90	39.152
sp|O05966|SUCC_RICPR	1636158	3.94e-121	47.949
sp|A8M469|SUCC_SALAI	1647584	1.87e-81	37.221
sp|A1UQV9|SUCC_BARBK	1647584	1.14e-121	46.684
sp|Q13UH9|SUCC_PARXL	1647584	7.97e-121	46.565
sp|B7J4G8|SUCC_ACIF2	1636158	4.41e-111	45.802
sp|Q9AB94|SUCC_CAUVC	1647584	1.88e-124	47.583
sp|Q7NZ47|SUCC_CHRVO	1636158	6.77e-115	45.897
sp|A6UDP2|SUCC_SINMW	1647584	9.39e-124	47.194
sp|Q73FW3|SUCC_WOLPM	1636158	6.10e-121	44.529
sp|Q1D6I9|SUCC_MYXXD	1636158	4.99e-123	48.329
sp|A0KJK9|SUCC_AERHH	1636158	1.41e-111	44.133
sp|P66867|SUCC_BRUME	1647584	4.66e-126	48.724
sp|Q63WW2|SUCC_BURPS	1647584	1.83e-122	46.939
sp|Q4KFY6|SUCC_PSEF5	1636158	1.73e-113	45.408
sp|Q49X32|SUCC_STAS1	1647584	3.56e-121	47.059
sp|A4IM83|SUCC_GEOTN	1636158	3.85e-122	47.059
sp|Q88FB2|SUCC_PSEPK	1636158	9.16e-112	44.898
sp|C5BL83|SUCC_TERTT	1636158	5.76e-118	46.939
sp|Q6FYD1|SUCC_BARQU	1647584	2.08e-119	46.173
sp|B2UMH5|SUCC_AKKM8	1636158	1.94e-135	50.643
sp|A8A8L8|SUCC_IGNH4	1647584	6.90e-77	35.714
sp|Q6G1M1|SUCC_BARHE	1647584	1.62e-122	46.939
sp|Q5E6M6|SUCC_ALIF1	1636158	1.83e-111	44.133
sp|Q5WFP4|SUCC_BACSK	1636158	6.03e-126	48.601
sp|B1JAV3|SUCC_PSEPW	1636158	8.49e-112	44.898
sp|Q3IGW5|SUCC_PSEHT	1636158	4.55e-114	46.684
sp|B2GM49|SUCC_KOCRD	1647584	2.34e-84	37.905
sp|Q5QU21|SUCC_IDILO	1636158	3.17e-112	45.153
sp|Q6NDB7|SUCC_RHOPA	1636158	3.33e-126	47.959
sp|B1W3P6|SUCC_STRGG	1647584	1.11e-73	36.139
sp|Q87RE8|SUCC_VIBPA	1636158	1.16e-117	46.173
sp|C6DCD6|SUCC_PECCP	1647584	1.19e-116	46.015
sp|Q2RV33|SUCC_RHORT	1636158	6.38e-119	47.074
sp|Q81WK0|SUCC_BACAN	1636158	8.94e-125	48.849
sp|B2UGE2|SUCC_RALPJ	1647584	7.62e-126	48.724
sp|A6WXE8|SUCC_OCHA4	1647584	1.12e-123	48.214
sp|B6JE33|SUCC_OLICO	1636158	3.94e-122	45.802
sp|Q4L5U8|SUCC_STAHJ	1647584	1.61e-121	46.547
sp|A8FD73|SUCC_BACP2	1636158	4.51e-128	48.338
sp|Q9Z6T6|SUCC_CHLPN	1636158	1.84e-91	36.990
sp|A4YKC6|SUCC_BRASO	1647584	1.84e-124	47.074
sp|C1DM53|SUCC_AZOVD	1647584	1.54e-115	45.408
sp|C1CV60|SUCC_DEIDV	1636158	4.61e-77	38.992
sp|A6GY30|SUCC_FLAPJ	1636158	1.32e-103	44.110
sp|Q2JFA7|SUCC_FRACC	1647584	4.27e-84	39.348
sp|A6VZ30|SUCC_MARMS	1636158	1.85e-115	45.918
sp|Q2SD35|SUCC_HAHCH	1636158	3.44e-115	45.918
sp|Q2GEF1|SUCC_NEOSM	1636158	5.44e-118	45.431
sp|B9L5I6|SUCC_NAUPA	1636158	1.15e-109	44.081
sp|B8CR00|SUCC_SHEPW	1636158	2.41e-111	44.898
sp|A8FX46|SUCC_SHESH	1647584	5.31e-111	44.388
sp|Q080X8|SUCC_SHEFN	1647584	5.86e-111	45.153
sp|Q2KYF7|SUCC_BORA1	1647584	5.53e-129	49.235
sp|Q65SV1|SUCC_MANSM	1636158	1.65e-118	46.173
sp|Q0C5F3|SUCC_HYPNA	1647584	2.17e-114	44.529
sp|Q7N6V5|SUCC_PHOLL	1647584	6.06e-118	45.758
sp|Q0S533|SUCC_RHOJR	1647584	2.65e-72	35.750
sp|Q68WU5|SUCC_RICTY	1636158	4.74e-120	47.692
sp|A1SWX6|SUCC_PSYIN	1636158	7.36e-116	45.128
sp|B4ST72|SUCC_STRM5	1647584	2.90e-127	49.231
sp|Q30RQ3|SUCC_SULDN	1636158	1.03e-101	41.266
sp|Q3YSV6|SUCC_EHRCJ	1636158	8.93e-112	44.051
sp|B2AHC1|SUCC_CUPTR	1647584	8.31e-126	48.469
sp|Q2GFL7|SUCC_EHRCR	1636158	1.87e-111	44.304
sp|B4ESR1|SUCC_PROMH	1647584	2.00e-119	46.429
sp|Q9EYG9|SUCC_RHIME	1647584	2.29e-123	47.704
sp|Q2J3G9|SUCC_RHOP2	1636158	4.58e-124	47.194
sp|Q92I21|SUCC_RICCN	1636158	3.86e-121	47.692
sp|A5EX54|SUCC_DICNV	1647584	4.80e-111	44.216
sp|Q2N695|SUCC_ERYLH	1636158	2.71e-119	46.429
sp|Q3SVK4|SUCC_NITWN	1636158	5.07e-123	45.802
sp|B5ZSR9|SUCC_RHILW	1647584	9.38e-118	46.717
sp|Q07UX6|SUCC_RHOP5	1636158	8.41e-130	48.469
sp|Q7M9A6|SUCC_WOLSU	1636158	2.41e-118	46.819
sp|B2FRS3|SUCC_STRMK	1647584	2.90e-127	49.231
sp|B0TJP8|SUCC_SHEHH	1647584	1.90e-109	44.898
sp|A1S5I0|SUCC_SHEAM	1647584	2.66e-109	44.643
sp|Q2S3H9|SUCC_SALRD	1647584	1.03e-114	45.408
sp|A4VKQ1|SUCC_PSEU5	1636158	4.15e-109	43.112
sp|A1RTB8|SUCC_PYRIL	1647584	1.53e-78	37.562
sp|Q4ULQ7|SUCC_RICFE	1636158	2.45e-119	47.179
sp|A5VB78|SUCC_SPHWW	1636158	2.08e-124	47.959
sp|Q5HPU5|SUCC_STAEQ	1647584	2.63e-120	46.036
sp|Q3SKM1|SUCC_THIDA	1636158	6.18e-107	42.564
sp|B7VI35|SUCC_VIBTL	1636158	5.49e-116	45.663
sp|Q0VPF7|SUCC_ALCBS	1636158	4.02e-116	45.897
sp|C1DB55|SUCC_LARHH	1636158	2.39e-113	45.897
sp|A7HT39|SUCC_PARL1	1636158	2.43e-124	47.949
sp|A4SND2|SUCC_AERS4	1636158	2.45e-110	43.622
sp|Q2GJ42|SUCC_ANAPZ	1647584	2.17e-105	42.967
sp|Q7VVU5|SUCC_BORPE	1647584	4.77e-124	48.329
sp|Q62MG7|SUCC_BURMA	1647584	1.83e-122	46.939
sp|B8GCC9|SUCC_CHLAD	1647584	1.71e-92	42.513
sp|C5BEM7|SUCC_EDWI9	1647584	6.74e-115	44.730
sp|C5BZT2|SUCC_BEUC1	1647584	8.08e-82	38.144
sp|Q6D7G2|SUCC_PECAS	1647584	1.54e-116	45.663
sp|B3EN95|SUCC_CHLPB	1636158	2.13e-118	47.194
sp|B8GYZ1|SUCC_CAUVN	1647584	1.88e-124	47.583
sp|Q5L593|SUCC_CHLAB	1636158	2.79e-88	37.500
sp|A9BQA5|SUCC_DELAS	1647584	8.62e-121	47.179
sp|C1A8X8|SUCC_GEMAT	1647584	2.44e-92	41.832
sp|A6TKJ3|SUCC_ALKMQ	1636158	1.65e-122	46.250
sp|Q65JP0|SUCC_BACLD	1636158	3.52e-124	47.570
sp|A6Q391|SUCC_NITSB	1636158	9.51e-117	45.293
sp|Q3IZ84|SUCC_RHOS4	1636158	2.73e-130	49.873
sp|Q13DR5|SUCC_RHOPS	1636158	1.14e-126	48.214
sp|A0LIY8|SUCC_SYNFM	1647584	5.13e-106	43.766
sp|B1ZP17|SUCC_OPITP	1647584	9.89e-131	49.616
sp|Q4FP29|SUCC_PELUB	1636158	4.21e-117	44.924
sp|A1TZS9|SUCC_MARHV	1636158	1.17e-120	47.959
sp|Q1I7L3|SUCC_PSEE4	1636158	8.49e-112	44.898
sp|Q3INN3|SUCC_NATPD	1647584	1.23e-66	34.010
sp|A1JRB6|SUCC_YERE8	1647584	2.83e-119	46.787
sp|B9MHW0|SUCC_ACIET	1647584	5.16e-123	48.205
sp|A7GRG6|SUCC_BACCN	1636158	2.57e-127	49.105
sp|B9JTS8|SUCC_AGRVS	1647584	1.21e-120	46.173
sp|Q21IW6|SUCC_SACD2	1636158	2.92e-116	46.173
sp|Q4FVH9|SUCC_PSYA2	1636158	1.79e-113	46.410
sp|A5V080|SUCC_ROSS1	1647584	1.34e-96	42.640
sp|Q5GSB6|SUCC_WOLTR	1636158	5.12e-118	44.615
sp|P66871|SUCC_STAAM	1647584	8.04e-120	46.292
sp|Q6F8L4|SUCC_ACIAD	1636158	3.58e-113	45.641
sp|Q122H7|SUCC_POLSJ	1647584	1.15e-121	47.815
sp|Q4ZUW7|SUCC_PSEU2	1636158	4.43e-112	45.153
sp|Q98EC5|SUCC_RHILO	1647584	4.39e-120	47.727
sp|B3E7B3|SUCC_GEOLS	1636158	3.98e-110	44.051
sp|A1TW81|SUCC_ACIAC	1647584	4.06e-123	48.329
sp|Q0A5K0|SUCC_ALKEH	1636158	5.25e-119	46.292
sp|A8MM16|SUCC_ALKOO	1636158	1.03e-111	43.478
sp|Q2G3G8|SUCC_NOVAD	1636158	5.83e-125	47.449
sp|A9GD65|SUCC_SORC5	1647584	4.83e-104	44.472
sp|Q5NMF5|SUCC_ZYMMO	1647584	6.39e-109	44.501
sp|A1KAU3|SUCC_AZOSB	1647584	4.07e-120	47.044
sp|C0ZFB3|SUCC_BREBN	1636158	1.03e-120	46.547
sp|C4L610|SUCC_EXISA	1636158	1.66e-127	49.616
sp|A1R3M0|SUCC_PAEAT	1647584	6.63e-85	37.656
sp|Q1H031|SUCC_METFK	1636158	2.51e-112	46.530
sp|A8EYY8|SUCC_RICCK	1636158	1.81e-119	46.410
sp|B6IP72|SUCC_RHOCS	1636158	8.17e-121	47.704
sp|Q6MGW1|SUCC_BDEBA	1647584	1.30e-124	48.586
sp|A4SDL6|SUCC_CHLPM	1636158	7.71e-125	48.985
sp|Q6A6Y0|SUCC_CUTAK	1647584	3.50e-82	37.562
sp|Q482S1|SUCC_COLP3	1636158	1.38e-114	45.663
sp|A7GYI5|SUCC_CAMC5	1636158	5.90e-101	43.687
sp|A7MQX5|SUCC_CROS8	1647584	2.43e-118	46.015
sp|B3QWF8|SUCC_CHLT3	1647584	1.67e-113	45.663
sp|B0TZ23|SUCC_FRAP2	1636158	2.22e-117	46.803
sp|A5F6G6|SUCC_VIBC3	1636158	1.59e-116	46.173
sp|A1SMQ5|SUCC_NOCSJ	1647584	1.01e-92	40.943
sp|Q15UW6|SUCC_PSEA6	1636158	2.55e-120	46.939
sp|A8GNF5|SUCC_RICAH	1636158	1.33e-116	47.301
sp|Q5P7A7|SUCC_AROAE	1636158	8.22e-114	45.244
sp|A8ZRW7|SUCC_DESOH	1647584	1.66e-111	43.734
sp|Q6ARL2|SUCC_DESPS	1647584	2.08e-104	42.347
sp|A4W879|SUCC_ENT38	1647584	1.41e-120	46.530
sp|B2VBR6|SUCC_ERWT9	1647584	2.21e-119	46.684
sp|Q9CNZ0|SUCC_PASMU	1636158	2.00e-117	46.429
sp|B9EBC7|SUCC_MACCJ	1636158	1.88e-120	46.547
sp|Q21RF9|SUCC_RHOFT	1647584	3.52e-117	46.787
sp|C1AWW6|SUCC_RHOOB	1647584	9.59e-73	36.000
sp|A4WNM6|SUCC_RHOS5	1636158	4.80e-130	49.873
sp|A9MJL9|SUCC_SALAR	1647584	2.33e-119	46.530
sp|A1BE51|SUCC_CHLPD	1647584	8.93e-115	46.939
sp|A3M887|SUCC_ACIBT	1636158	2.71e-115	46.410
sp|Q5PBI8|SUCC_ANAMM	1636158	5.65e-110	44.784
sp|B0VEF2|SUCC_ACIBY	1636158	2.71e-115	46.410
sp|B7IUJ5|SUCC_BACC2	1636158	1.28e-124	48.849
sp|A9AFT3|SUCC_BURM1	1647584	1.81e-121	46.939
sp|Q5HVN3|SUCC_CAMJR	1636158	1.96e-102	43.432
sp|B6IZ97|SUCC_COXB2	1636158	1.17e-117	45.202
sp|A9KBQ4|SUCC_COXBN	1636158	1.42e-117	44.949
sp|A5CU44|SUCC_CLAM3	1647584	1.44e-83	37.750
sp|C4ZWK2|SUCC_ECOBW	1647584	2.86e-119	46.530
sp|Q1CFM0|SUCC_YERPN	1647584	1.80e-119	46.530
sp|Q0HJQ4|SUCC_SHESM	1647584	2.11e-111	45.153
sp|B2K8F1|SUCC_YERPB	1647584	1.80e-119	46.530
sp|Q3BQ83|SUCC_XANC5	1647584	6.44e-125	48.974
sp|Q5HPU4|SUCD_STAEQ	1276456	3.09e-105	55.363
sp|Q9AKE1|SUCD_RICTY	1276456	1.08e-119	62.671
sp|B0KNW8|SUCC_PSEPG	1636158	2.53e-113	45.408
sp|B4TBD7|SUCC_SALHS	1647584	8.21e-120	46.530
sp|B5BC72|SUCC_SALPK	1647584	8.21e-120	46.530
sp|B1LLG1|SUCC_ECOSM	1647584	2.86e-119	46.530
sp|B7HLG9|SUCC_BACC7	1636158	1.35e-124	48.849
sp|A0RHK9|SUCC_BACAH	1636158	1.35e-124	48.849
sp|A6VPM2|SUCC_ACTSZ	1636158	7.79e-114	45.663
sp|A1V6W8|SUCC_BURMS	1647584	1.83e-122	46.939
sp|A8FKV6|SUCC_CAMJ8	1636158	2.69e-101	43.164
sp|Q31FV4|SUCC_HYDCU	1636158	7.61e-114	44.133
sp|B4RCH3|SUCC_PHEZH	1647584	5.33e-126	47.462
sp|Q1B3V2|SUCC_MYCSS	1647584	6.41e-78	36.409
sp|Q57RL3|SUCC_SALCH	1647584	8.21e-120	46.530
sp|C3PNF9|SUCC_RICAE	1636158	1.14e-120	47.692
sp|A7FKR4|SUCC_YERP3	1647584	1.80e-119	46.530
sp|Q255N7|SUCC_CHLFF	1636158	2.68e-86	36.709
sp|B7N9W6|SUCC_ECOLU	1647584	2.86e-119	46.530
sp|P0AGF0|SUCD_ECOL6	1276456	4.61e-111	59.727
sp|A3N693|SUCC_BURP6	1647584	1.83e-122	46.939
sp|Q9PHY1|SUCC_CAMJE	1636158	1.96e-102	43.432
sp|Q3KKL8|SUCC_CHLTA	1636158	3.16e-89	39.394
sp|B1X6Q8|SUCC_ECODH	1647584	2.86e-119	46.530
sp|A7ZXY8|SUCC_ECOHS	1647584	2.86e-119	46.530
sp|B1IY02|SUCC_ECOLC	1647584	2.86e-119	46.530
sp|Q2A253|SUCC_FRATH	1636158	2.68e-117	46.803
sp|Q5FH54|SUCC_EHRRG	1636158	6.81e-109	43.038
sp|Q2W063|SUCC_MAGSA	1647584	5.69e-124	48.980
sp|B5XZD1|SUCC_KLEP3	1647584	2.14e-118	46.015
sp|A9M4F8|SUCC_NEIM0	1636158	1.48e-112	45.431
sp|A8GS29|SUCC_RICRS	1636158	3.86e-121	47.949
sp|A9L532|SUCC_SHEB9	1647584	1.72e-111	45.153
sp|Q8DFQ1|SUCC_VIBVU	1636158	1.61e-117	46.173
sp|B2HXG0|SUCC_ACIBC	1636158	2.71e-115	46.410
sp|B7M5P1|SUCC_ECO8A	1647584	2.05e-119	46.530
sp|B6I7Z9|SUCC_ECOSE	1647584	2.86e-119	46.530
sp|C0PWE7|SUCC_SALPC	1647584	8.21e-120	46.530
sp|P0AGF1|SUCD_ECO57	1276456	4.61e-111	59.727
sp|A1WD26|SUCC_ACISJ	1647584	5.16e-123	48.205
sp|B1JY14|SUCC_BURCC	1647584	3.76e-120	46.684
sp|A9VT74|SUCC_BACMK	1636158	3.22e-125	49.361
sp|Q39D96|SUCC_BURL3	1647584	1.10e-121	47.194
sp|P66868|SUCC_BRUSU	1647584	4.66e-126	48.724
sp|A3MH60|SUCC_BURM7	1647584	1.83e-122	46.939
sp|Q57AX2|SUCC_BRUAB	1647584	4.66e-126	48.724
sp|A2S8U3|SUCC_BURM9	1647584	1.83e-122	46.939
sp|Q2T0U7|SUCC_BURTA	1647584	3.91e-123	47.194
sp|Q3ATR4|SUCC_CHLCH	1636158	4.85e-118	47.194
sp|C0QLM0|SUCC_DESAH	1647584	3.98e-111	44.588
sp|B9LB77|SUCC_CHLSY	1647584	2.02e-94	43.583
sp|B0B950|SUCC_CHLT2	1636158	1.68e-88	39.295
sp|A5FHX8|SUCC_FLAJ1	1636158	7.54e-102	44.110
sp|B2SDM1|SUCC_FRATM	1636158	8.10e-117	46.803
sp|Q5HC25|SUCC_EHRRW	1636158	5.98e-109	43.038
sp|A0Q5H4|SUCC_FRATN	1636158	1.51e-117	47.059
sp|Q0BKS4|SUCC_FRATO	1636158	1.09e-117	47.059
sp|A8LAW3|SUCC_FRASN	1647584	3.87e-86	39.348
sp|Q1QQR3|SUCC_NITHX	1636158	1.28e-125	47.074
sp|B4SEH6|SUCC_PELPB	1647584	2.16e-117	47.449
sp|Q6AD57|SUCC_LEIXX	1647584	4.50e-86	39.250
sp|B4U901|SUCC_HYDS0	1647584	2.00e-103	43.003
sp|B0UUF3|SUCC_HISS2	1636158	1.08e-122	45.153
sp|B0BXJ5|SUCC_RICRO	1636158	3.86e-121	47.949
sp|Q1RH55|SUCC_RICBR	1636158	8.57e-123	48.462
sp|B3CME9|SUCC_WOLPP	1636158	5.35e-118	44.872
sp|Q2P5E6|SUCC_XANOM	1647584	9.02e-125	49.231
sp|Q9PAH1|SUCC_XYLFA	1647584	3.18e-121	46.447
sp|Q4UXU0|SUCC_XANC8	1647584	8.36e-125	48.718
sp|C4L8V5|SUCC_TOLAT	1636158	2.30e-113	44.304
sp|Q7MMN3|SUCC_VIBVY	1636158	2.74e-117	46.173
sp|Q92I22|SUCD_RICCN	1276456	9.71e-123	63.699
sp|P99070|SUCD_STAAN	1276456	5.26e-110	57.383
sp|B5FNF9|SUCC_SALDC	1647584	6.06e-120	46.530
sp|Q5PCM7|SUCC_SALPA	1647584	8.21e-120	46.530
sp|B5QWG8|SUCC_SALEP	1647584	8.21e-120	46.530
sp|P66870|SUCC_SALTI	1647584	8.21e-120	46.530
sp|Q822A1|SUCC_CHLCV	1636158	8.43e-93	39.031
sp|A7ZJA8|SUCC_ECO24	1647584	2.86e-119	46.530
sp|B3EFL3|SUCC_CHLL2	1647584	2.57e-121	47.716
sp|Q9PL99|SUCC_CHLMU	1636158	1.67e-85	36.735
sp|B7LAD4|SUCC_ECO55	1647584	2.86e-119	46.530
sp|Q5L0N7|SUCC_GEOKA	1636158	2.61e-121	46.547
sp|Q5V4Q4|SUCC_HALMA	1647584	3.21e-62	33.249
sp|A5UIW0|SUCC_HAEIG	1647584	3.30e-111	43.878
sp|A1APQ8|SUCC_PELPD	1647584	1.35e-105	41.985
sp|Q0AKU3|SUCC_MARMM	1647584	7.24e-116	46.465
sp|Q5YPP8|SUCC_NOCFA	1647584	6.22e-75	36.000
sp|B4S612|SUCC_PROA2	1647584	1.64e-119	47.959
sp|A1KTM6|SUCC_NEIMF	1636158	1.23e-113	45.939
sp|A6V7K5|SUCC_PSEA7	1636158	1.02e-111	44.643
sp|C4K0K1|SUCC_RICPU	1636158	2.85e-120	47.692
sp|A3MWQ7|SUCC_PYRCJ	1647584	1.04e-74	37.065
sp|A5ISD0|SUCC_STAA9	1647584	8.04e-120	46.292
sp|P66872|SUCC_STAAW	1647584	8.04e-120	46.292
sp|B1JG57|SUCC_YERPY	1647584	1.80e-119	46.530
sp|C0R4N4|SUCC_WOLWR	1636158	5.91e-119	44.529
sp|B2I9R4|SUCC_XYLF2	1647584	2.37e-121	46.447
sp|Q2FHJ3|SUCC_STAA3	1647584	8.04e-120	46.292
sp|A6Q7S7|SUCC_SULNB	1636158	7.92e-117	45.939
sp|A3MZH0|SUCC_ACTP2	1636158	6.47e-118	44.898
sp|Q6HEX9|SUCC_BACHK	1636158	1.35e-124	48.849
sp|B4UDP4|SUCC_ANASK	1636158	2.00e-119	47.328
sp|C0RFH1|SUCC_BRUMB	1647584	4.66e-126	48.724
sp|B4EBY6|SUCC_BURCJ	1647584	9.66e-121	46.684
sp|Q9JUT0|SUCC_NEIMA	1636158	6.80e-114	45.939
sp|B8HDC2|SUCC_PSECP	1647584	6.70e-84	37.157
sp|Q28U74|SUCC_JANSC	1636158	2.89e-124	47.837
sp|A9IKE3|SUCC_BORPD	1647584	6.53e-128	49.100
sp|B8JAE0|SUCC_ANAD2	1636158	2.00e-119	47.328
sp|B0T3D1|SUCC_CAUSK	1636158	1.87e-123	48.223
sp|B1XRZ4|SUCC_POLNS	1647584	1.08e-125	49.357
sp|Q053V6|SUCC_LEPBL	1647584	3.19e-113	45.063
sp|A1UL96|SUCC_MYCSK	1647584	6.41e-78	36.409
sp|Q3A7Y4|SUCC_PELCD	1647584	6.14e-101	41.282
sp|A0LZD4|SUCC_GRAFK	1636158	4.42e-104	43.781
sp|A9MTQ2|SUCC_SALPB	1647584	8.21e-120	46.530
sp|Q7U0Z0|SUCD_MYCBO	1276456	3.03e-73	45.455
sp|B4RYG2|SUCC_ALTMD	1636158	1.77e-113	45.408
sp|B0CIT0|SUCC_BRUSI	1647584	4.66e-126	48.724
sp|Q5LCW4|SUCC_BACFN	1647584	9.26e-84	38.710
sp|Q3JVL5|SUCC_BURP1	1647584	1.83e-122	46.939
sp|A7H4K9|SUCC_CAMJD	1636158	1.97e-101	43.164
sp|Q1BTW6|SUCC_BURCA	1647584	3.76e-120	46.684
sp|Q11CV8|SUCC_CHESB	1647584	1.72e-120	46.684
sp|B0BAS9|SUCC_CHLTB	1636158	1.68e-88	39.295
sp|Q0KE75|SUCC_CUPNH	1647584	2.85e-124	48.214
sp|B6J8N7|SUCC_COXB1	1636158	4.35e-118	45.202
sp|B7NMS9|SUCC_ECO7I	1647584	2.86e-119	46.530
sp|C5D8V2|SUCC_GEOSW	1636158	6.45e-125	47.570
sp|Q4QLA3|SUCC_HAEI8	1647584	4.74e-109	43.622
sp|B5YQR7|SUCC_ECO5E	1647584	2.86e-119	46.530
sp|Q3KFU6|SUCC_PSEPF	1636158	4.34e-112	44.898
sp|B4SZE2|SUCC_SALNS	1647584	8.21e-120	46.530
sp|A0KA72|SUCC_BURCH	1647584	3.76e-120	46.684
sp|B3GX29|SUCC_ACTP7	1636158	4.01e-118	44.898
sp|B9IVC5|SUCC_BACCQ	1636158	1.35e-124	48.849
sp|B0BTV5|SUCC_ACTPJ	1636158	8.77e-118	44.898
sp|A9IZV3|SUCC_BART1	1647584	6.03e-121	46.429
sp|A0RPE8|SUCC_CAMFF	1647584	5.38e-104	41.624
sp|B7HDV9|SUCC_BACC4	1636158	9.75e-125	48.849
sp|B2S880|SUCC_BRUA1	1647584	4.66e-126	48.724
sp|B4RL77|SUCC_NEIG2	1636158	1.39e-113	45.939
sp|B0R5U5|SUCC_HALS3	1647584	2.37e-64	33.165
sp|C0QQH3|SUCC_PERMH	1647584	6.87e-124	48.092
sp|Q1IJS5|SUCC_KORVE	1647584	1.36e-114	45.226
sp|Q021N6|SUCC_SOLUE	1636158	3.02e-110	45.918
sp|B4TQ53|SUCC_SALSV	1647584	8.21e-120	46.530
sp|B3QPP2|SUCC_CHLP8	1636158	1.28e-119	48.214
sp|A5W114|SUCC_PSEP1	1636158	9.16e-112	44.898
sp|B5R689|SUCC_SALG2	1647584	8.21e-120	46.530
sp|B7I6T2|SUCC_ACIB5	1636158	2.71e-115	46.410
sp|B6EHV6|SUCC_ALISL	1636158	7.43e-111	44.643
sp|Q9KA20|SUCC_BACHD	1636158	1.93e-125	48.338
sp|A5VSQ3|SUCC_BRUO2	1647584	4.66e-126	48.724
sp|Q636J0|SUCC_BACCZ	1636158	1.35e-124	48.849
sp|B1YVY6|SUCC_BURA4	1647584	1.37e-120	46.684
sp|A1VYP2|SUCC_CAMJJ	1636158	1.65e-103	43.700
sp|Q1IZE7|SUCC_DEIGD	1636158	1.33e-77	38.693
sp|Q14IV5|SUCC_FRAT1	1636158	9.64e-118	47.315
sp|O27115|SUCC_METTH	1636158	4.22e-69	32.908
sp|B1YIL7|SUCC_EXIS2	1636158	1.09e-124	49.105
sp|A0QBP0|SUCC_MYCA1	1647584	5.09e-79	37.406
sp|B8F4Q2|SUCC_HAEPS	1647584	5.86e-117	46.173
sp|Q7U0Z1|SUCC_MYCBO	1647584	6.70e-80	37.157
sp|A4G230|SUCC_HERAR	1636158	4.52e-118	46.056
sp|C1ALT7|SUCC_MYCBT	1647584	6.70e-80	37.157
sp|A6T6F6|SUCC_KLEP7	1647584	2.14e-118	46.015
sp|B2SYE8|SUCC_PARPJ	1647584	1.31e-119	46.173
sp|B9LRR0|SUCC_HALLT	1647584	1.17e-64	33.668
sp|A5IH21|SUCC_LEGPC	1647584	8.46e-117	46.015
sp|Q1QEK5|SUCC_PSYCK	1636158	1.38e-114	46.923
sp|Q1AWI8|SUCC_RUBXD	1636158	1.80e-81	36.041
sp|Q2NUM2|SUCC_SODGM	1647584	5.47e-114	45.244
sp|B2TUB2|SUCC_SHIB3	1647584	1.68e-118	46.272
sp|A4Y7Q5|SUCC_SHEPC	1647584	1.31e-110	44.643
sp|A6WPA4|SUCC_SHEB8	1647584	1.72e-111	45.153
sp|Q12M63|SUCC_SHEDO	1647584	6.48e-112	45.153
sp|Q8PHL5|SUCC_XANAC	1647584	3.14e-125	49.231
sp|Q1RH56|SUCD_RICBR	1276456	7.16e-125	63.356
sp|Q6GHI9|SUCD_STAAR	1276456	6.76e-110	57.383
sp|A9R2F2|SUCC_YERPG	1647584	1.80e-119	46.530
sp|C3P5N7|SUCC_BACAA	1636158	8.94e-125	48.849
sp|C1F2F2|SUCC_ACIC5	1647584	9.69e-114	44.810
sp|A7NDR1|SUCC_FRATF	1636158	2.68e-117	46.803
sp|C4K7D7|SUCC_HAMD5	1636158	4.91e-110	45.103
sp|Q48K68|SUCC_PSE14	1636158	5.34e-113	45.153
sp|A4FP60|SUCC_SACEN	1647584	8.03e-83	38.500
sp|Q21CW8|SUCC_RHOPB	1636158	1.50e-128	48.092
sp|A5WC33|SUCC_PSYWF	1647584	1.88e-117	48.205
sp|A3D5J3|SUCC_SHEB5	1647584	1.72e-111	45.153
sp|Q87A98|SUCC_XYLFT	1647584	2.37e-121	46.447
sp|A3DLR9|SUCC_STAMF	1636158	2.13e-73	35.714
sp|Q2YXM1|SUCC_STAAB	1647584	2.00e-119	46.036
sp|Q5HGI7|SUCC_STAAC	1647584	8.04e-120	46.292
sp|Q0T6W6|SUCC_SHIF8	1647584	2.31e-118	46.272
sp|Q3Z476|SUCC_SHISS	1647584	2.86e-119	46.530
sp|B8GN38|SUCC_THISH	1636158	5.36e-112	43.445
sp|B8E770|SUCC_SHEB2	1647584	1.72e-111	45.153
sp|B2HED1|SUCC_MYCMM	1647584	2.64e-77	36.409
sp|B3CTW0|SUCC_ORITI	1636158	1.43e-113	46.667
sp|A1TEP3|SUCC_MYCVP	1647584	5.95e-80	37.157
sp|A1AZH7|SUCC_PARDP	1636158	1.55e-133	50.382
sp|C3K6N0|SUCC_PSEFS	1636158	1.53e-112	45.153
sp|A1AVI3|SUCC_RUTMC	1647584	2.92e-112	42.602
sp|A8GUV0|SUCC_RICB8	1636158	2.59e-123	48.718
sp|B5EZG1|SUCC_SALA4	1647584	8.21e-120	46.530
sp|A7NNW3|SUCC_ROSCS	1647584	5.62e-94	42.132
sp|B9KNB3|SUCC_RHOSK	1636158	2.73e-130	49.873
sp|A8F1K7|SUCC_RICM5	1636158	8.52e-121	47.436
sp|B9DPG0|SUCC_STACT	1647584	1.16e-121	46.582
sp|Q8CPH5|SUCC_STAES	1647584	2.63e-120	46.036
sp|Q6GHJ0|SUCC_STAAR	1647584	7.13e-120	46.292
sp|P99507|SUCB1_CANLF	1636158	0.032	60.000
sp|B5FC28|SUCC_ALIFM	1636158	1.83e-111	44.133
sp|A7Z4M9|SUCC_BACVZ	1636158	7.92e-124	47.315
sp|Q0BC71|SUCC_BURCM	1647584	1.37e-120	46.684
sp|Q2IIC1|SUCC_ANADE	1636158	3.64e-119	47.074
sp|Q5WZ04|SUCC_LEGPL	1647584	8.46e-117	46.015
sp|A5UCR4|SUCC_HAEIE	1647584	7.78e-111	43.878
sp|A3Q5P5|SUCC_MYCSJ	1647584	6.41e-78	36.409
sp|Q5F878|SUCC_NEIG1	1636158	1.04e-112	45.685
sp|C1A3F2|SUCC_RHOE4	1647584	3.85e-72	35.910
sp|Q2K3F0|SUCC_RHIEC	1647584	1.92e-117	46.717
sp|B3Q760|SUCC_RHOPT	1636158	3.33e-126	47.959
sp|Q1MAW1|SUCC_RHIL3	1647584	1.59e-116	46.465
sp|Q8Y1Y3|SUCC_RALSO	1647584	5.77e-124	47.959
sp|A9WKU9|SUCC_RENSM	1647584	1.00e-77	36.658
sp|Q6G9W8|SUCC_STAAS	1647584	8.04e-120	46.292
sp|Q324I4|SUCC_SHIBS	1647584	1.68e-118	46.272
sp|Q66DA0|SUCC_YERPS	1647584	1.80e-119	46.530
sp|O28098|SUCD2_ARCFU	1276456	1.98e-87	47.945
sp|A3QDH6|SUCC_SHELP	1636158	5.79e-111	45.153
sp|A1WLG5|SUCC_VEREI	1647584	2.09e-118	47.315
sp|A8H3H6|SUCC_SHEPA	1636158	2.50e-110	44.643
sp|Q8NX01|SUCD_STAAW	1276456	5.56e-110	57.383
sp|O08371|SUCD_RICPR	1276456	6.86e-122	63.356
sp|Q8CPH4|SUCD_STAES	1276456	5.32e-105	55.363
sp|P66866|SUCD_STAAM	1276456	5.26e-110	57.383
sp|B0VSL0|SUCC_ACIBS	1636158	4.17e-114	46.154
sp|B9JCF4|SUCC_AGRRK	1647584	9.59e-119	46.565
sp|A9M8R2|SUCC_BRUC2	1647584	4.66e-126	48.724
sp|A0LRU4|SUCC_ACIC1	1647584	2.12e-75	35.236
sp|Q1LTZ4|SUCC_BAUCH	1636158	1.91e-98	40.051
sp|A4IZC2|SUCC_FRATW	1636158	9.85e-117	46.803
sp|P9WGC4|SUCC_MYCTO	1647584	2.43e-79	36.908
sp|Q02K73|SUCC_PSEAB	1636158	8.52e-113	44.898
sp|A1KH85|SUCC_MYCBP	1647584	6.70e-80	37.157
sp|Q6LTB5|SUCC_PHOPR	1636158	2.62e-110	43.878
sp|Q3B5J6|SUCC_PELLD	1636158	5.24e-122	48.223
sp|A5U0Z1|SUCC_MYCTA	1647584	2.43e-79	36.908
sp|A4WL16|SUCC_PYRAR	1647584	1.03e-79	38.653
sp|A7N158|SUCC_VIBCB	1636158	1.82e-118	46.429
sp|B1KPH0|SUCC_SHEWM	1636158	3.57e-109	44.388
sp|A8GB83|SUCC_SERP5	1647584	2.38e-118	46.530
sp|O26663|SUCD_METTH	1276456	1.05e-82	46.780
sp|A4SZY0|SUCC_POLAQ	1647584	2.61e-126	49.357
sp|P9WGC6|SUCD_MYCTO	1276456	2.78e-73	45.455
sp|A4XBE5|SUCC_SALTO	1647584	2.50e-79	37.221
sp|O28097|SUCC2_ARCFU	1647584	1.01e-78	36.816
sp|Q6MBM7|SUCC_PARUW	1647584	5.22e-105	39.747
sp|B0SAP0|SUCC_LEPBA	1636158	3.44e-106	43.401
sp|A0PWD1|SUCC_MYCUA	1647584	2.70e-77	36.409
sp|B1MJJ0|SUCC_MYCA9	1647584	5.14e-79	37.500
sp|Q0I3A8|SUCC_HAES1	1636158	3.23e-121	44.898
sp|Q72PA2|SUCC_LEPIC	1647584	1.65e-111	44.304
sp|A4T6V7|SUCC_MYCGI	1647584	1.02e-77	36.409
sp|A4TNT8|SUCC_YERPP	1647584	1.80e-119	46.530
sp|Q32IK3|SUCC_SHIDS	1647584	3.06e-118	46.272
sp|A6QGE5|SUCC_STAAE	1647584	8.04e-120	46.292
sp|B2ST87|SUCC_XANOP	1647584	9.02e-125	49.231
sp|Q0HW00|SUCC_SHESR	1647584	2.11e-111	45.153
sp|A1RIT3|SUCC_SHESW	1647584	1.31e-110	44.643
sp|Q6G9W7|SUCD_STAAS	1276456	5.56e-110	57.383
sp|Q4ULQ8|SUCD_RICFE	1276456	2.34e-125	65.068
sp|Q5HGI6|SUCD_STAAC	1276456	5.26e-110	57.383
sp|Q7W789|SUCC_BORPA	1647584	4.77e-124	48.329
sp|C1EP60|SUCC_BACC3	1636158	1.35e-124	48.849
sp|A5E936|SUCC_BRASB	1647584	3.56e-125	47.074
sp|A0JT43|SUCC_ARTS2	1647584	2.93e-85	37.905
sp|A7I2F2|SUCC_CAMHC	1647584	1.53e-101	42.640
sp|Q64U25|SUCC_BACFR	1647584	9.26e-84	38.710
sp|A1VUC0|SUCC_POLNA	1647584	1.98e-122	48.072
sp|B7UVD3|SUCC_PSEA8	1636158	4.78e-112	44.643
sp|A5CC52|SUCC_ORITB	1636158	2.77e-113	46.667
sp|Q04QS3|SUCC_LEPBJ	1647584	3.19e-113	45.063
sp|A9B0I2|SUCC_HERA2	1647584	4.19e-87	40.204
sp|A6SUY3|SUCC_JANMA	1636158	2.04e-116	45.802
sp|Q5X7K6|SUCC_LEGPA	1647584	3.22e-117	46.272
sp|A8Z3S5|SUCC_STAAT	1647584	8.04e-120	46.292
sp|A0KVX6|SUCC_SHESA	1647584	2.11e-111	45.153
sp|Q5H2H4|SUCC_XANOR	1647584	9.02e-125	49.231
sp|A6U164|SUCC_STAA2	1647584	8.04e-120	46.292
sp|B0U5F8|SUCC_XYLFM	1647584	2.40e-121	46.787
sp|B7GXK7|SUCC_ACIB3	1636158	2.71e-115	46.410
sp|B5EMG2|SUCC_ACIF5	1636158	4.41e-111	45.802
sp|Q7WKM5|SUCC_BORBR	1647584	4.77e-124	48.329
sp|C3L791|SUCC_BACAC	1636158	8.94e-125	48.849
sp|A5FYZ9|SUCC_ACICJ	1647584	6.62e-125	49.620
sp|A1WZ92|SUCC_HALHL	1636158	1.16e-114	44.584
sp|A3PN13|SUCC_RHOS1	1636158	2.73e-130	49.873
sp|B3PQ90|SUCC_RHIE6	1647584	6.62e-117	46.717
sp|C3LP35|SUCC_VIBCM	1636158	1.59e-116	46.173
sp|A7X1L8|SUCC_STAA1	1647584	8.04e-120	46.292
sp|Q1CAG1|SUCC_YERPA	1647584	1.80e-119	46.530
sp|O28733|SUCD1_ARCFU	1276456	1.66e-90	49.658
sp|P99071|SUCC_STAAN	1647584	8.04e-120	46.292
sp|B2V8I4|SUCC_SULSY	1647584	1.44e-123	47.837
sp|B0RPQ9|SUCC_XANCB	1647584	7.42e-125	48.718
sp|Q732N4|SUCC_BACC1	1636158	1.35e-124	48.849
sp|A3NRX7|SUCC_BURP0	1647584	1.83e-122	46.939
sp|A4JHJ8|SUCC_BURVG	1647584	1.66e-121	46.939
sp|Q475M1|SUCC_CUPPJ	1647584	9.67e-123	47.704
sp|B8D5I6|SUCC_DESA1	1636158	4.17e-84	38.191
sp|A9N8R8|SUCC_COXBR	1636158	4.35e-118	45.202
sp|B8FLW6|SUCC_DESAL	1636158	1.51e-113	45.570
sp|Q47AN8|SUCC_DECAR	1636158	1.30e-123	47.815
sp|B8ZU00|SUCC_MYCLB	1647584	2.73e-73	35.961
